[0.009s] Invoking command in '/home/robot_ws/build/robot_core': CMAKE_PREFIX_PATH=${CMAKE_PREFIX_PATH}:/opt/ros/humble /usr/bin/cmake --build /home/robot_ws/build/robot_core -- -j16 -l16
[0.051s] Built target ament_cmake_python_copy_src
[0.443s] running egg_info
[0.443s] writing src.egg-info/PKG-INFO
[0.443s] writing dependency_links to src.egg-info/dependency_links.txt
[0.443s] writing top-level names to src.egg-info/top_level.txt
[0.445s] reading manifest file 'src.egg-info/SOURCES.txt'
[0.445s] writing manifest file 'src.egg-info/SOURCES.txt'
[0.476s] Built target ament_cmake_python_build_src_egg
[0.506s] Invoked command in '/home/robot_ws/build/robot_core' returned '0': CMAKE_PREFIX_PATH=${CMAKE_PREFIX_PATH}:/opt/ros/humble /usr/bin/cmake --build /home/robot_ws/build/robot_core -- -j16 -l16
[0.615s] Invoking command in '/home/robot_ws/build/robot_core': CMAKE_PREFIX_PATH=${CMAKE_PREFIX_PATH}:/opt/ros/humble /usr/bin/cmake --install /home/robot_ws/build/robot_core
[0.642s] -- Install configuration: ""
[0.645s] -- Up-to-date: /home/robot_ws/install/robot_core/share/robot_core/environment/pythonpath.sh
[0.647s] -- Up-to-date: /home/robot_ws/install/robot_core/share/robot_core/environment/pythonpath.dsv
[0.648s] -- Up-to-date: /home/robot_ws/install/robot_core/local/lib/python3.10/dist-packages/src-0.0.0-py3.10.egg-info
[0.649s] -- Installing: /home/robot_ws/install/robot_core/local/lib/python3.10/dist-packages/src-0.0.0-py3.10.egg-info/top_level.txt
[0.649s] -- Installing: /home/robot_ws/install/robot_core/local/lib/python3.10/dist-packages/src-0.0.0-py3.10.egg-info/SOURCES.txt
[0.650s] -- Installing: /home/robot_ws/install/robot_core/local/lib/python3.10/dist-packages/src-0.0.0-py3.10.egg-info/PKG-INFO
[0.651s] -- Installing: /home/robot_ws/install/robot_core/local/lib/python3.10/dist-packages/src-0.0.0-py3.10.egg-info/dependency_links.txt
[0.651s] -- Up-to-date: /home/robot_ws/install/robot_core/local/lib/python3.10/dist-packages/src
[0.653s] -- Up-to-date: /home/robot_ws/install/robot_core/local/lib/python3.10/dist-packages/src/__init__.py
[0.655s] -- Up-to-date: /home/robot_ws/install/robot_core/local/lib/python3.10/dist-packages/src/joy.py
[0.775s] Listing '/home/robot_ws/install/robot_core/local/lib/python3.10/dist-packages/src'...
[0.788s] -- Up-to-date: /home/robot_ws/install/robot_core/share/robot_core/src
[0.788s] -- Up-to-date: /home/robot_ws/install/robot_core/share/robot_core/src/__init__.py
[0.788s] -- Up-to-date: /home/robot_ws/install/robot_core/share/robot_core/src/joy.py
[0.788s] -- Up-to-date: /home/robot_ws/install/robot_core/share/robot_core/launch
[0.788s] -- Up-to-date: /home/robot_ws/install/robot_core/share/robot_core/launch/joy.launch.py
[0.788s] -- Up-to-date: /home/robot_ws/install/robot_core/share/robot_core/config
[0.788s] -- Up-to-date: /home/robot_ws/install/robot_core/share/robot_core/config/joystick.yaml
[0.789s] -- Up-to-date: /home/robot_ws/install/robot_core/lib/robot_core/joy.py
[0.789s] -- Up-to-date: /home/robot_ws/install/robot_core/lib/robot_core/robot_core
[0.789s] -- Up-to-date: /home/robot_ws/install/robot_core/lib/robot_core/robot_core/ps4 copy.py
[0.789s] -- Up-to-date: /home/robot_ws/install/robot_core/lib/robot_core/robot_core/__init__.py
[0.789s] -- Installing: /home/robot_ws/install/robot_core/lib/robot_core/robot_core/ps4.py
[0.789s] -- Up-to-date: /home/robot_ws/install/robot_core/share/ament_index/resource_index/package_run_dependencies/robot_core
[0.789s] -- Up-to-date: /home/robot_ws/install/robot_core/share/ament_index/resource_index/parent_prefix_path/robot_core
[0.789s] -- Up-to-date: /home/robot_ws/install/robot_core/share/robot_core/environment/ament_prefix_path.sh
[0.789s] -- Up-to-date: /home/robot_ws/install/robot_core/share/robot_core/environment/ament_prefix_path.dsv
[0.789s] -- Up-to-date: /home/robot_ws/install/robot_core/share/robot_core/environment/path.sh
[0.789s] -- Up-to-date: /home/robot_ws/install/robot_core/share/robot_core/environment/path.dsv
[0.790s] -- Up-to-date: /home/robot_ws/install/robot_core/share/robot_core/local_setup.bash
[0.790s] -- Up-to-date: /home/robot_ws/install/robot_core/share/robot_core/local_setup.sh
[0.790s] -- Up-to-date: /home/robot_ws/install/robot_core/share/robot_core/local_setup.zsh
[0.790s] -- Up-to-date: /home/robot_ws/install/robot_core/share/robot_core/local_setup.dsv
[0.791s] -- Installing: /home/robot_ws/install/robot_core/share/robot_core/package.dsv
[0.791s] -- Up-to-date: /home/robot_ws/install/robot_core/share/ament_index/resource_index/packages/robot_core
[0.791s] -- Up-to-date: /home/robot_ws/install/robot_core/share/robot_core/cmake/robot_coreConfig.cmake
[0.791s] -- Up-to-date: /home/robot_ws/install/robot_core/share/robot_core/cmake/robot_coreConfig-version.cmake
[0.791s] -- Up-to-date: /home/robot_ws/install/robot_core/share/robot_core/package.xml
[0.791s] Invoked command in '/home/robot_ws/build/robot_core' returned '0': CMAKE_PREFIX_PATH=${CMAKE_PREFIX_PATH}:/opt/ros/humble /usr/bin/cmake --install /home/robot_ws/build/robot_core
