[0.016s] Invoking command in '/home/robot_ws/build/ds4_driver_msgs': CMAKE_PREFIX_PATH=${CMAKE_PREFIX_PATH}:/opt/ros/humble /usr/bin/cmake --build /home/robot_ws/build/ds4_driver_msgs -- -j16 -l16
[0.071s] [ 10%] Built target ds4_driver_msgs__rosidl_generator_c
[0.083s] [ 12%] Built target ds4_driver_msgs__cpp
[0.125s] [ 12%] Built target ament_cmake_python_copy_ds4_driver_msgs
[0.213s] [ 23%] Built target ds4_driver_msgs__rosidl_typesupport_introspection_c
[0.222s] [ 34%] Built target ds4_driver_msgs__rosidl_typesupport_c
[0.229s] [ 52%] Built target ds4_driver_msgs__rosidl_typesupport_fastrtps_c
[0.235s] [ 56%] Built target ds4_driver_msgs__rosidl_typesupport_cpp
[0.242s] [ 67%] Built target ds4_driver_msgs__rosidl_typesupport_fastrtps_cpp
[0.251s] [ 78%] Built target ds4_driver_msgs__rosidl_typesupport_introspection_cpp
[0.279s] [ 78%] Built target ds4_driver_msgs
[0.298s] [ 80%] Built target ds4_driver_msgs__py
[0.319s] [ 89%] Built target ds4_driver_msgs__rosidl_generator_py
[0.426s] [ 92%] Built target ds4_driver_msgs__rosidl_typesupport_fastrtps_c__pyext
[0.451s] [100%] Built target ds4_driver_msgs__rosidl_typesupport_c__pyext
[0.451s] [100%] Built target ds4_driver_msgs__rosidl_typesupport_introspection_c__pyext
[1.027s] running egg_info
[1.027s] writing ds4_driver_msgs.egg-info/PKG-INFO
[1.028s] writing dependency_links to ds4_driver_msgs.egg-info/dependency_links.txt
[1.028s] writing top-level names to ds4_driver_msgs.egg-info/top_level.txt
[1.030s] reading manifest file 'ds4_driver_msgs.egg-info/SOURCES.txt'
[1.031s] writing manifest file 'ds4_driver_msgs.egg-info/SOURCES.txt'
[1.055s] [100%] Built target ament_cmake_python_build_ds4_driver_msgs_egg
[1.093s] Invoked command in '/home/robot_ws/build/ds4_driver_msgs' returned '0': CMAKE_PREFIX_PATH=${CMAKE_PREFIX_PATH}:/opt/ros/humble /usr/bin/cmake --build /home/robot_ws/build/ds4_driver_msgs -- -j16 -l16
[1.205s] Invoking command in '/home/robot_ws/build/ds4_driver_msgs': CMAKE_PREFIX_PATH=${CMAKE_PREFIX_PATH}:/opt/ros/humble /usr/bin/cmake --install /home/robot_ws/build/ds4_driver_msgs
[1.210s] -- Install configuration: ""
[1.210s] -- Up-to-date: /home/robot_ws/install/ds4_driver_msgs/share/ament_index/resource_index/rosidl_interfaces/ds4_driver_msgs
[1.210s] -- Up-to-date: /home/robot_ws/install/ds4_driver_msgs/include/ds4_driver_msgs/ds4_driver_msgs
[1.210s] -- Up-to-date: /home/robot_ws/install/ds4_driver_msgs/include/ds4_driver_msgs/ds4_driver_msgs/msg
[1.210s] -- Up-to-date: /home/robot_ws/install/ds4_driver_msgs/include/ds4_driver_msgs/ds4_driver_msgs/msg/feedback.h
[1.211s] -- Up-to-date: /home/robot_ws/install/ds4_driver_msgs/include/ds4_driver_msgs/ds4_driver_msgs/msg/detail
[1.211s] -- Up-to-date: /home/robot_ws/install/ds4_driver_msgs/include/ds4_driver_msgs/ds4_driver_msgs/msg/detail/feedback__type_support.h
[1.211s] -- Up-to-date: /home/robot_ws/install/ds4_driver_msgs/include/ds4_driver_msgs/ds4_driver_msgs/msg/detail/trackpad__type_support.h
[1.211s] -- Up-to-date: /home/robot_ws/install/ds4_driver_msgs/include/ds4_driver_msgs/ds4_driver_msgs/msg/detail/report__struct.h
[1.211s] -- Up-to-date: /home/robot_ws/install/ds4_driver_msgs/include/ds4_driver_msgs/ds4_driver_msgs/msg/detail/status__functions.c
[1.211s] -- Up-to-date: /home/robot_ws/install/ds4_driver_msgs/include/ds4_driver_msgs/ds4_driver_msgs/msg/detail/report__type_support.h
[1.211s] -- Up-to-date: /home/robot_ws/install/ds4_driver_msgs/include/ds4_driver_msgs/ds4_driver_msgs/msg/detail/report__functions.h
[1.211s] -- Up-to-date: /home/robot_ws/install/ds4_driver_msgs/include/ds4_driver_msgs/ds4_driver_msgs/msg/detail/status__type_support.h
[1.211s] -- Up-to-date: /home/robot_ws/install/ds4_driver_msgs/include/ds4_driver_msgs/ds4_driver_msgs/msg/detail/trackpad__struct.h
[1.211s] -- Up-to-date: /home/robot_ws/install/ds4_driver_msgs/include/ds4_driver_msgs/ds4_driver_msgs/msg/detail/report__functions.c
[1.212s] -- Up-to-date: /home/robot_ws/install/ds4_driver_msgs/include/ds4_driver_msgs/ds4_driver_msgs/msg/detail/feedback__functions.h
[1.212s] -- Up-to-date: /home/robot_ws/install/ds4_driver_msgs/include/ds4_driver_msgs/ds4_driver_msgs/msg/detail/trackpad__functions.h
[1.212s] -- Up-to-date: /home/robot_ws/install/ds4_driver_msgs/include/ds4_driver_msgs/ds4_driver_msgs/msg/detail/feedback__struct.h
[1.212s] -- Up-to-date: /home/robot_ws/install/ds4_driver_msgs/include/ds4_driver_msgs/ds4_driver_msgs/msg/detail/status__struct.h
[1.212s] -- Up-to-date: /home/robot_ws/install/ds4_driver_msgs/include/ds4_driver_msgs/ds4_driver_msgs/msg/detail/status__functions.h
[1.212s] -- Up-to-date: /home/robot_ws/install/ds4_driver_msgs/include/ds4_driver_msgs/ds4_driver_msgs/msg/detail/trackpad__functions.c
[1.212s] -- Up-to-date: /home/robot_ws/install/ds4_driver_msgs/include/ds4_driver_msgs/ds4_driver_msgs/msg/detail/feedback__functions.c
[1.212s] -- Up-to-date: /home/robot_ws/install/ds4_driver_msgs/include/ds4_driver_msgs/ds4_driver_msgs/msg/status.h
[1.212s] -- Up-to-date: /home/robot_ws/install/ds4_driver_msgs/include/ds4_driver_msgs/ds4_driver_msgs/msg/trackpad.h
[1.212s] -- Up-to-date: /home/robot_ws/install/ds4_driver_msgs/include/ds4_driver_msgs/ds4_driver_msgs/msg/report.h
[1.212s] -- Up-to-date: /home/robot_ws/install/ds4_driver_msgs/include/ds4_driver_msgs/ds4_driver_msgs/msg/rosidl_generator_c__visibility_control.h
[1.212s] -- Up-to-date: /home/robot_ws/install/ds4_driver_msgs/share/ds4_driver_msgs/environment/library_path.sh
[1.213s] -- Up-to-date: /home/robot_ws/install/ds4_driver_msgs/share/ds4_driver_msgs/environment/library_path.dsv
[1.213s] -- Up-to-date: /home/robot_ws/install/ds4_driver_msgs/lib/libds4_driver_msgs__rosidl_generator_c.so
[1.213s] -- Up-to-date: /home/robot_ws/install/ds4_driver_msgs/include/ds4_driver_msgs/ds4_driver_msgs
[1.213s] -- Up-to-date: /home/robot_ws/install/ds4_driver_msgs/include/ds4_driver_msgs/ds4_driver_msgs/msg
[1.213s] -- Up-to-date: /home/robot_ws/install/ds4_driver_msgs/include/ds4_driver_msgs/ds4_driver_msgs/msg/detail
[1.213s] -- Up-to-date: /home/robot_ws/install/ds4_driver_msgs/include/ds4_driver_msgs/ds4_driver_msgs/msg/detail/feedback__rosidl_typesupport_fastrtps_c.h
[1.213s] -- Up-to-date: /home/robot_ws/install/ds4_driver_msgs/include/ds4_driver_msgs/ds4_driver_msgs/msg/detail/report__rosidl_typesupport_fastrtps_c.h
[1.213s] -- Up-to-date: /home/robot_ws/install/ds4_driver_msgs/include/ds4_driver_msgs/ds4_driver_msgs/msg/detail/status__rosidl_typesupport_fastrtps_c.h
[1.213s] -- Up-to-date: /home/robot_ws/install/ds4_driver_msgs/include/ds4_driver_msgs/ds4_driver_msgs/msg/detail/trackpad__rosidl_typesupport_fastrtps_c.h
[1.213s] -- Up-to-date: /home/robot_ws/install/ds4_driver_msgs/include/ds4_driver_msgs/ds4_driver_msgs/msg/rosidl_typesupport_fastrtps_c__visibility_control.h
[1.213s] -- Up-to-date: /home/robot_ws/install/ds4_driver_msgs/lib/libds4_driver_msgs__rosidl_typesupport_fastrtps_c.so
[1.213s] -- Up-to-date: /home/robot_ws/install/ds4_driver_msgs/include/ds4_driver_msgs/ds4_driver_msgs
[1.213s] -- Up-to-date: /home/robot_ws/install/ds4_driver_msgs/include/ds4_driver_msgs/ds4_driver_msgs/msg
[1.213s] -- Up-to-date: /home/robot_ws/install/ds4_driver_msgs/include/ds4_driver_msgs/ds4_driver_msgs/msg/detail
[1.213s] -- Up-to-date: /home/robot_ws/install/ds4_driver_msgs/include/ds4_driver_msgs/ds4_driver_msgs/msg/detail/status__builder.hpp
[1.214s] -- Up-to-date: /home/robot_ws/install/ds4_driver_msgs/include/ds4_driver_msgs/ds4_driver_msgs/msg/detail/status__traits.hpp
[1.214s] -- Up-to-date: /home/robot_ws/install/ds4_driver_msgs/include/ds4_driver_msgs/ds4_driver_msgs/msg/detail/feedback__traits.hpp
[1.214s] -- Up-to-date: /home/robot_ws/install/ds4_driver_msgs/include/ds4_driver_msgs/ds4_driver_msgs/msg/detail/status__struct.hpp
[1.214s] -- Up-to-date: /home/robot_ws/install/ds4_driver_msgs/include/ds4_driver_msgs/ds4_driver_msgs/msg/detail/report__struct.hpp
[1.214s] -- Up-to-date: /home/robot_ws/install/ds4_driver_msgs/include/ds4_driver_msgs/ds4_driver_msgs/msg/detail/feedback__builder.hpp
[1.214s] -- Up-to-date: /home/robot_ws/install/ds4_driver_msgs/include/ds4_driver_msgs/ds4_driver_msgs/msg/detail/report__builder.hpp
[1.214s] -- Up-to-date: /home/robot_ws/install/ds4_driver_msgs/include/ds4_driver_msgs/ds4_driver_msgs/msg/detail/report__traits.hpp
[1.214s] -- Up-to-date: /home/robot_ws/install/ds4_driver_msgs/include/ds4_driver_msgs/ds4_driver_msgs/msg/detail/trackpad__struct.hpp
[1.214s] -- Up-to-date: /home/robot_ws/install/ds4_driver_msgs/include/ds4_driver_msgs/ds4_driver_msgs/msg/detail/trackpad__builder.hpp
[1.214s] -- Up-to-date: /home/robot_ws/install/ds4_driver_msgs/include/ds4_driver_msgs/ds4_driver_msgs/msg/detail/feedback__struct.hpp
[1.214s] -- Up-to-date: /home/robot_ws/install/ds4_driver_msgs/include/ds4_driver_msgs/ds4_driver_msgs/msg/detail/trackpad__traits.hpp
[1.214s] -- Up-to-date: /home/robot_ws/install/ds4_driver_msgs/include/ds4_driver_msgs/ds4_driver_msgs/msg/status.hpp
[1.214s] -- Up-to-date: /home/robot_ws/install/ds4_driver_msgs/include/ds4_driver_msgs/ds4_driver_msgs/msg/trackpad.hpp
[1.214s] -- Up-to-date: /home/robot_ws/install/ds4_driver_msgs/include/ds4_driver_msgs/ds4_driver_msgs/msg/report.hpp
[1.214s] -- Up-to-date: /home/robot_ws/install/ds4_driver_msgs/include/ds4_driver_msgs/ds4_driver_msgs/msg/feedback.hpp
[1.214s] -- Up-to-date: /home/robot_ws/install/ds4_driver_msgs/include/ds4_driver_msgs/ds4_driver_msgs
[1.215s] -- Up-to-date: /home/robot_ws/install/ds4_driver_msgs/include/ds4_driver_msgs/ds4_driver_msgs/msg
[1.215s] -- Up-to-date: /home/robot_ws/install/ds4_driver_msgs/include/ds4_driver_msgs/ds4_driver_msgs/msg/detail
[1.215s] -- Up-to-date: /home/robot_ws/install/ds4_driver_msgs/include/ds4_driver_msgs/ds4_driver_msgs/msg/detail/trackpad__rosidl_typesupport_fastrtps_cpp.hpp
[1.215s] -- Up-to-date: /home/robot_ws/install/ds4_driver_msgs/include/ds4_driver_msgs/ds4_driver_msgs/msg/detail/feedback__rosidl_typesupport_fastrtps_cpp.hpp
[1.215s] -- Up-to-date: /home/robot_ws/install/ds4_driver_msgs/include/ds4_driver_msgs/ds4_driver_msgs/msg/detail/dds_fastrtps
[1.215s] -- Up-to-date: /home/robot_ws/install/ds4_driver_msgs/include/ds4_driver_msgs/ds4_driver_msgs/msg/detail/report__rosidl_typesupport_fastrtps_cpp.hpp
[1.215s] -- Up-to-date: /home/robot_ws/install/ds4_driver_msgs/include/ds4_driver_msgs/ds4_driver_msgs/msg/detail/status__rosidl_typesupport_fastrtps_cpp.hpp
[1.215s] -- Up-to-date: /home/robot_ws/install/ds4_driver_msgs/include/ds4_driver_msgs/ds4_driver_msgs/msg/rosidl_typesupport_fastrtps_cpp__visibility_control.h
[1.215s] -- Up-to-date: /home/robot_ws/install/ds4_driver_msgs/lib/libds4_driver_msgs__rosidl_typesupport_fastrtps_cpp.so
[1.215s] -- Up-to-date: /home/robot_ws/install/ds4_driver_msgs/include/ds4_driver_msgs/ds4_driver_msgs
[1.215s] -- Up-to-date: /home/robot_ws/install/ds4_driver_msgs/include/ds4_driver_msgs/ds4_driver_msgs/msg
[1.215s] -- Up-to-date: /home/robot_ws/install/ds4_driver_msgs/include/ds4_driver_msgs/ds4_driver_msgs/msg/detail
[1.215s] -- Up-to-date: /home/robot_ws/install/ds4_driver_msgs/include/ds4_driver_msgs/ds4_driver_msgs/msg/detail/trackpad__rosidl_typesupport_introspection_c.h
[1.215s] -- Up-to-date: /home/robot_ws/install/ds4_driver_msgs/include/ds4_driver_msgs/ds4_driver_msgs/msg/detail/report__rosidl_typesupport_introspection_c.h
[1.215s] -- Up-to-date: /home/robot_ws/install/ds4_driver_msgs/include/ds4_driver_msgs/ds4_driver_msgs/msg/detail/report__type_support.c
[1.215s] -- Up-to-date: /home/robot_ws/install/ds4_driver_msgs/include/ds4_driver_msgs/ds4_driver_msgs/msg/detail/status__rosidl_typesupport_introspection_c.h
[1.216s] -- Up-to-date: /home/robot_ws/install/ds4_driver_msgs/include/ds4_driver_msgs/ds4_driver_msgs/msg/detail/trackpad__type_support.c
[1.216s] -- Up-to-date: /home/robot_ws/install/ds4_driver_msgs/include/ds4_driver_msgs/ds4_driver_msgs/msg/detail/feedback__rosidl_typesupport_introspection_c.h
[1.216s] -- Up-to-date: /home/robot_ws/install/ds4_driver_msgs/include/ds4_driver_msgs/ds4_driver_msgs/msg/detail/status__type_support.c
[1.216s] -- Up-to-date: /home/robot_ws/install/ds4_driver_msgs/include/ds4_driver_msgs/ds4_driver_msgs/msg/detail/feedback__type_support.c
[1.216s] -- Up-to-date: /home/robot_ws/install/ds4_driver_msgs/include/ds4_driver_msgs/ds4_driver_msgs/msg/rosidl_typesupport_introspection_c__visibility_control.h
[1.216s] -- Up-to-date: /home/robot_ws/install/ds4_driver_msgs/lib/libds4_driver_msgs__rosidl_typesupport_introspection_c.so
[1.216s] -- Up-to-date: /home/robot_ws/install/ds4_driver_msgs/lib/libds4_driver_msgs__rosidl_typesupport_c.so
[1.216s] -- Up-to-date: /home/robot_ws/install/ds4_driver_msgs/include/ds4_driver_msgs/ds4_driver_msgs
[1.216s] -- Up-to-date: /home/robot_ws/install/ds4_driver_msgs/include/ds4_driver_msgs/ds4_driver_msgs/msg
[1.216s] -- Up-to-date: /home/robot_ws/install/ds4_driver_msgs/include/ds4_driver_msgs/ds4_driver_msgs/msg/detail
[1.216s] -- Up-to-date: /home/robot_ws/install/ds4_driver_msgs/include/ds4_driver_msgs/ds4_driver_msgs/msg/detail/status__type_support.cpp
[1.216s] -- Up-to-date: /home/robot_ws/install/ds4_driver_msgs/include/ds4_driver_msgs/ds4_driver_msgs/msg/detail/report__type_support.cpp
[1.216s] -- Up-to-date: /home/robot_ws/install/ds4_driver_msgs/include/ds4_driver_msgs/ds4_driver_msgs/msg/detail/trackpad__rosidl_typesupport_introspection_cpp.hpp
[1.216s] -- Up-to-date: /home/robot_ws/install/ds4_driver_msgs/include/ds4_driver_msgs/ds4_driver_msgs/msg/detail/trackpad__type_support.cpp
[1.216s] -- Up-to-date: /home/robot_ws/install/ds4_driver_msgs/include/ds4_driver_msgs/ds4_driver_msgs/msg/detail/status__rosidl_typesupport_introspection_cpp.hpp
[1.216s] -- Up-to-date: /home/robot_ws/install/ds4_driver_msgs/include/ds4_driver_msgs/ds4_driver_msgs/msg/detail/feedback__rosidl_typesupport_introspection_cpp.hpp
[1.217s] -- Up-to-date: /home/robot_ws/install/ds4_driver_msgs/include/ds4_driver_msgs/ds4_driver_msgs/msg/detail/report__rosidl_typesupport_introspection_cpp.hpp
[1.217s] -- Up-to-date: /home/robot_ws/install/ds4_driver_msgs/include/ds4_driver_msgs/ds4_driver_msgs/msg/detail/feedback__type_support.cpp
[1.217s] -- Up-to-date: /home/robot_ws/install/ds4_driver_msgs/lib/libds4_driver_msgs__rosidl_typesupport_introspection_cpp.so
[1.217s] -- Up-to-date: /home/robot_ws/install/ds4_driver_msgs/lib/libds4_driver_msgs__rosidl_typesupport_cpp.so
[1.217s] -- Up-to-date: /home/robot_ws/install/ds4_driver_msgs/share/ds4_driver_msgs/environment/pythonpath.sh
[1.217s] -- Up-to-date: /home/robot_ws/install/ds4_driver_msgs/share/ds4_driver_msgs/environment/pythonpath.dsv
[1.217s] -- Up-to-date: /home/robot_ws/install/ds4_driver_msgs/local/lib/python3.10/dist-packages/ds4_driver_msgs-0.0.0-py3.10.egg-info
[1.217s] -- Installing: /home/robot_ws/install/ds4_driver_msgs/local/lib/python3.10/dist-packages/ds4_driver_msgs-0.0.0-py3.10.egg-info/top_level.txt
[1.217s] -- Installing: /home/robot_ws/install/ds4_driver_msgs/local/lib/python3.10/dist-packages/ds4_driver_msgs-0.0.0-py3.10.egg-info/SOURCES.txt
[1.217s] -- Installing: /home/robot_ws/install/ds4_driver_msgs/local/lib/python3.10/dist-packages/ds4_driver_msgs-0.0.0-py3.10.egg-info/PKG-INFO
[1.217s] -- Installing: /home/robot_ws/install/ds4_driver_msgs/local/lib/python3.10/dist-packages/ds4_driver_msgs-0.0.0-py3.10.egg-info/dependency_links.txt
[1.217s] -- Up-to-date: /home/robot_ws/install/ds4_driver_msgs/local/lib/python3.10/dist-packages/ds4_driver_msgs
[1.217s] -- Up-to-date: /home/robot_ws/install/ds4_driver_msgs/local/lib/python3.10/dist-packages/ds4_driver_msgs/ds4_driver_msgs_s__rosidl_typesupport_introspection_c.cpython-310-x86_64-linux-gnu.so
[1.217s] -- Up-to-date: /home/robot_ws/install/ds4_driver_msgs/local/lib/python3.10/dist-packages/ds4_driver_msgs/__init__.py
[1.217s] -- Up-to-date: /home/robot_ws/install/ds4_driver_msgs/local/lib/python3.10/dist-packages/ds4_driver_msgs/_ds4_driver_msgs_s.ep.rosidl_typesupport_fastrtps_c.c
[1.218s] -- Up-to-date: /home/robot_ws/install/ds4_driver_msgs/local/lib/python3.10/dist-packages/ds4_driver_msgs/ds4_driver_msgs_s__rosidl_typesupport_fastrtps_c.cpython-310-x86_64-linux-gnu.so
[1.218s] -- Up-to-date: /home/robot_ws/install/ds4_driver_msgs/local/lib/python3.10/dist-packages/ds4_driver_msgs/_ds4_driver_msgs_s.ep.rosidl_typesupport_c.c
[1.218s] -- Up-to-date: /home/robot_ws/install/ds4_driver_msgs/local/lib/python3.10/dist-packages/ds4_driver_msgs/_ds4_driver_msgs_s.ep.rosidl_typesupport_introspection_c.c
[1.218s] -- Up-to-date: /home/robot_ws/install/ds4_driver_msgs/local/lib/python3.10/dist-packages/ds4_driver_msgs/ds4_driver_msgs_s__rosidl_typesupport_c.cpython-310-x86_64-linux-gnu.so
[1.218s] -- Up-to-date: /home/robot_ws/install/ds4_driver_msgs/local/lib/python3.10/dist-packages/ds4_driver_msgs/msg
[1.218s] -- Up-to-date: /home/robot_ws/install/ds4_driver_msgs/local/lib/python3.10/dist-packages/ds4_driver_msgs/msg/_feedback_s.c
[1.218s] -- Up-to-date: /home/robot_ws/install/ds4_driver_msgs/local/lib/python3.10/dist-packages/ds4_driver_msgs/msg/__init__.py
[1.218s] -- Up-to-date: /home/robot_ws/install/ds4_driver_msgs/local/lib/python3.10/dist-packages/ds4_driver_msgs/msg/_trackpad.py
[1.218s] -- Up-to-date: /home/robot_ws/install/ds4_driver_msgs/local/lib/python3.10/dist-packages/ds4_driver_msgs/msg/_feedback.py
[1.218s] -- Up-to-date: /home/robot_ws/install/ds4_driver_msgs/local/lib/python3.10/dist-packages/ds4_driver_msgs/msg/_trackpad_s.c
[1.218s] -- Up-to-date: /home/robot_ws/install/ds4_driver_msgs/local/lib/python3.10/dist-packages/ds4_driver_msgs/msg/_status.py
[1.218s] -- Up-to-date: /home/robot_ws/install/ds4_driver_msgs/local/lib/python3.10/dist-packages/ds4_driver_msgs/msg/_report.py
[1.218s] -- Up-to-date: /home/robot_ws/install/ds4_driver_msgs/local/lib/python3.10/dist-packages/ds4_driver_msgs/msg/_report_s.c
[1.218s] -- Up-to-date: /home/robot_ws/install/ds4_driver_msgs/local/lib/python3.10/dist-packages/ds4_driver_msgs/msg/_status_s.c
[1.218s] -- Up-to-date: /home/robot_ws/install/ds4_driver_msgs/local/lib/python3.10/dist-packages/ds4_driver_msgs/libds4_driver_msgs__rosidl_generator_py.so
[1.232s] Listing '/home/robot_ws/install/ds4_driver_msgs/local/lib/python3.10/dist-packages/ds4_driver_msgs'...
[1.233s] Listing '/home/robot_ws/install/ds4_driver_msgs/local/lib/python3.10/dist-packages/ds4_driver_msgs/msg'...
[1.235s] -- Up-to-date: /home/robot_ws/install/ds4_driver_msgs/local/lib/python3.10/dist-packages/ds4_driver_msgs/ds4_driver_msgs_s__rosidl_typesupport_fastrtps_c.cpython-310-x86_64-linux-gnu.so
[1.235s] -- Up-to-date: /home/robot_ws/install/ds4_driver_msgs/local/lib/python3.10/dist-packages/ds4_driver_msgs/ds4_driver_msgs_s__rosidl_typesupport_introspection_c.cpython-310-x86_64-linux-gnu.so
[1.235s] -- Up-to-date: /home/robot_ws/install/ds4_driver_msgs/local/lib/python3.10/dist-packages/ds4_driver_msgs/ds4_driver_msgs_s__rosidl_typesupport_c.cpython-310-x86_64-linux-gnu.so
[1.236s] -- Up-to-date: /home/robot_ws/install/ds4_driver_msgs/lib/libds4_driver_msgs__rosidl_generator_py.so
[1.236s] -- Up-to-date: /home/robot_ws/install/ds4_driver_msgs/share/ds4_driver_msgs/msg/Feedback.idl
[1.236s] -- Up-to-date: /home/robot_ws/install/ds4_driver_msgs/share/ds4_driver_msgs/msg/Status.idl
[1.236s] -- Up-to-date: /home/robot_ws/install/ds4_driver_msgs/share/ds4_driver_msgs/msg/Report.idl
[1.236s] -- Up-to-date: /home/robot_ws/install/ds4_driver_msgs/share/ds4_driver_msgs/msg/Trackpad.idl
[1.236s] -- Up-to-date: /home/robot_ws/install/ds4_driver_msgs/share/ds4_driver_msgs/msg/Feedback.msg
[1.236s] -- Up-to-date: /home/robot_ws/install/ds4_driver_msgs/share/ds4_driver_msgs/msg/Status.msg
[1.236s] -- Up-to-date: /home/robot_ws/install/ds4_driver_msgs/share/ds4_driver_msgs/msg/Report.msg
[1.237s] -- Up-to-date: /home/robot_ws/install/ds4_driver_msgs/share/ds4_driver_msgs/msg/Trackpad.msg
[1.238s] -- Up-to-date: /home/robot_ws/install/ds4_driver_msgs/share/ament_index/resource_index/package_run_dependencies/ds4_driver_msgs
[1.239s] -- Up-to-date: /home/robot_ws/install/ds4_driver_msgs/share/ament_index/resource_index/parent_prefix_path/ds4_driver_msgs
[1.239s] -- Up-to-date: /home/robot_ws/install/ds4_driver_msgs/share/ds4_driver_msgs/environment/ament_prefix_path.sh
[1.240s] -- Up-to-date: /home/robot_ws/install/ds4_driver_msgs/share/ds4_driver_msgs/environment/ament_prefix_path.dsv
[1.240s] -- Up-to-date: /home/robot_ws/install/ds4_driver_msgs/share/ds4_driver_msgs/environment/path.sh
[1.241s] -- Up-to-date: /home/robot_ws/install/ds4_driver_msgs/share/ds4_driver_msgs/environment/path.dsv
[1.242s] -- Up-to-date: /home/robot_ws/install/ds4_driver_msgs/share/ds4_driver_msgs/local_setup.bash
[1.242s] -- Up-to-date: /home/robot_ws/install/ds4_driver_msgs/share/ds4_driver_msgs/local_setup.sh
[1.243s] -- Up-to-date: /home/robot_ws/install/ds4_driver_msgs/share/ds4_driver_msgs/local_setup.zsh
[1.243s] -- Up-to-date: /home/robot_ws/install/ds4_driver_msgs/share/ds4_driver_msgs/local_setup.dsv
[1.244s] -- Installing: /home/robot_ws/install/ds4_driver_msgs/share/ds4_driver_msgs/package.dsv
[1.245s] -- Up-to-date: /home/robot_ws/install/ds4_driver_msgs/share/ament_index/resource_index/packages/ds4_driver_msgs
[1.247s] -- Up-to-date: /home/robot_ws/install/ds4_driver_msgs/share/ds4_driver_msgs/cmake/export_ds4_driver_msgs__rosidl_generator_cExport.cmake
[1.248s] -- Up-to-date: /home/robot_ws/install/ds4_driver_msgs/share/ds4_driver_msgs/cmake/export_ds4_driver_msgs__rosidl_generator_cExport-noconfig.cmake
[1.250s] -- Up-to-date: /home/robot_ws/install/ds4_driver_msgs/share/ds4_driver_msgs/cmake/export_ds4_driver_msgs__rosidl_typesupport_fastrtps_cExport.cmake
[1.250s] -- Up-to-date: /home/robot_ws/install/ds4_driver_msgs/share/ds4_driver_msgs/cmake/export_ds4_driver_msgs__rosidl_typesupport_fastrtps_cExport-noconfig.cmake
[1.250s] -- Up-to-date: /home/robot_ws/install/ds4_driver_msgs/share/ds4_driver_msgs/cmake/export_ds4_driver_msgs__rosidl_generator_cppExport.cmake
[1.250s] -- Up-to-date: /home/robot_ws/install/ds4_driver_msgs/share/ds4_driver_msgs/cmake/export_ds4_driver_msgs__rosidl_typesupport_fastrtps_cppExport.cmake
[1.250s] -- Up-to-date: /home/robot_ws/install/ds4_driver_msgs/share/ds4_driver_msgs/cmake/export_ds4_driver_msgs__rosidl_typesupport_fastrtps_cppExport-noconfig.cmake
[1.250s] -- Up-to-date: /home/robot_ws/install/ds4_driver_msgs/share/ds4_driver_msgs/cmake/ds4_driver_msgs__rosidl_typesupport_introspection_cExport.cmake
[1.250s] -- Up-to-date: /home/robot_ws/install/ds4_driver_msgs/share/ds4_driver_msgs/cmake/ds4_driver_msgs__rosidl_typesupport_introspection_cExport-noconfig.cmake
[1.251s] -- Up-to-date: /home/robot_ws/install/ds4_driver_msgs/share/ds4_driver_msgs/cmake/ds4_driver_msgs__rosidl_typesupport_cExport.cmake
[1.251s] -- Up-to-date: /home/robot_ws/install/ds4_driver_msgs/share/ds4_driver_msgs/cmake/ds4_driver_msgs__rosidl_typesupport_cExport-noconfig.cmake
[1.251s] -- Up-to-date: /home/robot_ws/install/ds4_driver_msgs/share/ds4_driver_msgs/cmake/ds4_driver_msgs__rosidl_typesupport_introspection_cppExport.cmake
[1.251s] -- Up-to-date: /home/robot_ws/install/ds4_driver_msgs/share/ds4_driver_msgs/cmake/ds4_driver_msgs__rosidl_typesupport_introspection_cppExport-noconfig.cmake
[1.251s] -- Up-to-date: /home/robot_ws/install/ds4_driver_msgs/share/ds4_driver_msgs/cmake/ds4_driver_msgs__rosidl_typesupport_cppExport.cmake
[1.251s] -- Up-to-date: /home/robot_ws/install/ds4_driver_msgs/share/ds4_driver_msgs/cmake/ds4_driver_msgs__rosidl_typesupport_cppExport-noconfig.cmake
[1.251s] -- Up-to-date: /home/robot_ws/install/ds4_driver_msgs/share/ds4_driver_msgs/cmake/export_ds4_driver_msgs__rosidl_generator_pyExport.cmake
[1.251s] -- Up-to-date: /home/robot_ws/install/ds4_driver_msgs/share/ds4_driver_msgs/cmake/export_ds4_driver_msgs__rosidl_generator_pyExport-noconfig.cmake
[1.251s] -- Up-to-date: /home/robot_ws/install/ds4_driver_msgs/share/ds4_driver_msgs/cmake/rosidl_cmake-extras.cmake
[1.252s] -- Up-to-date: /home/robot_ws/install/ds4_driver_msgs/share/ds4_driver_msgs/cmake/ament_cmake_export_dependencies-extras.cmake
[1.253s] -- Up-to-date: /home/robot_ws/install/ds4_driver_msgs/share/ds4_driver_msgs/cmake/ament_cmake_export_include_directories-extras.cmake
[1.253s] -- Up-to-date: /home/robot_ws/install/ds4_driver_msgs/share/ds4_driver_msgs/cmake/ament_cmake_export_libraries-extras.cmake
[1.253s] -- Up-to-date: /home/robot_ws/install/ds4_driver_msgs/share/ds4_driver_msgs/cmake/ament_cmake_export_targets-extras.cmake
[1.254s] -- Up-to-date: /home/robot_ws/install/ds4_driver_msgs/share/ds4_driver_msgs/cmake/rosidl_cmake_export_typesupport_targets-extras.cmake
[1.254s] -- Up-to-date: /home/robot_ws/install/ds4_driver_msgs/share/ds4_driver_msgs/cmake/rosidl_cmake_export_typesupport_libraries-extras.cmake
[1.254s] -- Up-to-date: /home/robot_ws/install/ds4_driver_msgs/share/ds4_driver_msgs/cmake/ds4_driver_msgsConfig.cmake
[1.254s] -- Up-to-date: /home/robot_ws/install/ds4_driver_msgs/share/ds4_driver_msgs/cmake/ds4_driver_msgsConfig-version.cmake
[1.254s] -- Up-to-date: /home/robot_ws/install/ds4_driver_msgs/share/ds4_driver_msgs/package.xml
[1.254s] Invoked command in '/home/robot_ws/build/ds4_driver_msgs' returned '0': CMAKE_PREFIX_PATH=${CMAKE_PREFIX_PATH}:/opt/ros/humble /usr/bin/cmake --install /home/robot_ws/build/ds4_driver_msgs
