[0.064s] DEBUG:colcon:Command line arguments: ['/usr/bin/colcon', 'build']
[0.065s] DEBUG:colcon:Parsed command line arguments: Namespace(log_base=None, log_level=None, verb_name='build', build_base='build', install_base='install', merge_install=False, symlink_install=False, test_result_base=None, continue_on_error=False, executor='parallel', parallel_workers=16, event_handlers=None, ignore_user_meta=False, metas=['./colcon.meta'], base_paths=['.'], packages_ignore=None, packages_ignore_regex=None, paths=None, packages_up_to=None, packages_up_to_regex=None, packages_above=None, packages_above_and_dependencies=None, packages_above_depth=None, packages_select_by_dep=None, packages_skip_by_dep=None, packages_skip_up_to=None, packages_select_build_failed=False, packages_skip_build_finished=False, packages_select_test_failures=False, packages_skip_test_passed=False, packages_select=None, packages_skip=None, packages_select_regex=None, packages_skip_regex=None, packages_start=None, packages_end=None, cmake_args=None, cmake_target=None, cmake_target_skip_unavailable=False, cmake_clean_cache=False, cmake_clean_first=False, cmake_force_configure=False, ament_cmake_args=None, catkin_cmake_args=None, catkin_skip_building_tests=False, mixin_files=None, mixin=None, verb_parser=<colcon_mixin.mixin.mixin_argument.MixinArgumentDecorator object at 0x7d4768b3cee0>, verb_extension=<colcon_core.verb.build.BuildVerb object at 0x7d4768b3c820>, main=<bound method BuildVerb.main of <colcon_core.verb.build.BuildVerb object at 0x7d4768b3c820>>, mixin_verb=('build',))
[0.143s] Level 1:colcon.colcon_core.package_discovery:discover_packages(colcon_meta) check parameters
[0.143s] Level 1:colcon.colcon_core.package_discovery:discover_packages(recursive) check parameters
[0.143s] Level 1:colcon.colcon_core.package_discovery:discover_packages(ignore) check parameters
[0.143s] Level 1:colcon.colcon_core.package_discovery:discover_packages(path) check parameters
[0.143s] Level 1:colcon.colcon_core.package_discovery:discover_packages(colcon_meta) discover
[0.144s] Level 1:colcon.colcon_core.package_discovery:discover_packages(recursive) discover
[0.144s] INFO:colcon.colcon_core.package_discovery:Crawling recursively for packages in '/home/robot_ws'
[0.144s] Level 1:colcon.colcon_core.package_identification:_identify(.) by extensions ['ignore', 'ignore_ament_install']
[0.144s] Level 1:colcon.colcon_core.package_identification:_identify(.) by extension 'ignore'
[0.144s] Level 1:colcon.colcon_core.package_identification:_identify(.) by extension 'ignore_ament_install'
[0.144s] Level 1:colcon.colcon_core.package_identification:_identify(.) by extensions ['colcon_pkg']
[0.144s] Level 1:colcon.colcon_core.package_identification:_identify(.) by extension 'colcon_pkg'
[0.144s] Level 1:colcon.colcon_core.package_identification:_identify(.) by extensions ['colcon_meta']
[0.144s] Level 1:colcon.colcon_core.package_identification:_identify(.) by extension 'colcon_meta'
[0.144s] Level 1:colcon.colcon_core.package_identification:_identify(.) by extensions ['ros']
[0.144s] Level 1:colcon.colcon_core.package_identification:_identify(.) by extension 'ros'
[0.151s] Level 1:colcon.colcon_core.package_identification:_identify(.) by extensions ['cmake', 'python']
[0.151s] Level 1:colcon.colcon_core.package_identification:_identify(.) by extension 'cmake'
[0.151s] Level 1:colcon.colcon_core.package_identification:_identify(.) by extension 'python'
[0.151s] Level 1:colcon.colcon_core.package_identification:_identify(.) by extensions ['python_setup_py']
[0.151s] Level 1:colcon.colcon_core.package_identification:_identify(.) by extension 'python_setup_py'
[0.151s] Level 1:colcon.colcon_core.package_identification:_identify(build) by extensions ['ignore', 'ignore_ament_install']
[0.151s] Level 1:colcon.colcon_core.package_identification:_identify(build) by extension 'ignore'
[0.151s] Level 1:colcon.colcon_core.package_identification:_identify(build) ignored
[0.151s] Level 1:colcon.colcon_core.package_identification:_identify(install) by extensions ['ignore', 'ignore_ament_install']
[0.152s] Level 1:colcon.colcon_core.package_identification:_identify(install) by extension 'ignore'
[0.152s] Level 1:colcon.colcon_core.package_identification:_identify(install) ignored
[0.152s] Level 1:colcon.colcon_core.package_identification:_identify(log) by extensions ['ignore', 'ignore_ament_install']
[0.152s] Level 1:colcon.colcon_core.package_identification:_identify(log) by extension 'ignore'
[0.152s] Level 1:colcon.colcon_core.package_identification:_identify(log) ignored
[0.152s] Level 1:colcon.colcon_core.package_identification:_identify(src) by extensions ['ignore', 'ignore_ament_install']
[0.152s] Level 1:colcon.colcon_core.package_identification:_identify(src) by extension 'ignore'
[0.152s] Level 1:colcon.colcon_core.package_identification:_identify(src) by extension 'ignore_ament_install'
[0.152s] Level 1:colcon.colcon_core.package_identification:_identify(src) by extensions ['colcon_pkg']
[0.152s] Level 1:colcon.colcon_core.package_identification:_identify(src) by extension 'colcon_pkg'
[0.152s] Level 1:colcon.colcon_core.package_identification:_identify(src) by extensions ['colcon_meta']
[0.152s] Level 1:colcon.colcon_core.package_identification:_identify(src) by extension 'colcon_meta'
[0.152s] Level 1:colcon.colcon_core.package_identification:_identify(src) by extensions ['ros']
[0.152s] Level 1:colcon.colcon_core.package_identification:_identify(src) by extension 'ros'
[0.152s] Level 1:colcon.colcon_core.package_identification:_identify(src) by extensions ['cmake', 'python']
[0.152s] Level 1:colcon.colcon_core.package_identification:_identify(src) by extension 'cmake'
[0.152s] Level 1:colcon.colcon_core.package_identification:_identify(src) by extension 'python'
[0.152s] Level 1:colcon.colcon_core.package_identification:_identify(src) by extensions ['python_setup_py']
[0.152s] Level 1:colcon.colcon_core.package_identification:_identify(src) by extension 'python_setup_py'
[0.152s] Level 1:colcon.colcon_core.package_identification:_identify(src/ds4_driver) by extensions ['ignore', 'ignore_ament_install']
[0.152s] Level 1:colcon.colcon_core.package_identification:_identify(src/ds4_driver) by extension 'ignore'
[0.152s] Level 1:colcon.colcon_core.package_identification:_identify(src/ds4_driver) by extension 'ignore_ament_install'
[0.152s] Level 1:colcon.colcon_core.package_identification:_identify(src/ds4_driver) by extensions ['colcon_pkg']
[0.152s] Level 1:colcon.colcon_core.package_identification:_identify(src/ds4_driver) by extension 'colcon_pkg'
[0.152s] Level 1:colcon.colcon_core.package_identification:_identify(src/ds4_driver) by extensions ['colcon_meta']
[0.152s] Level 1:colcon.colcon_core.package_identification:_identify(src/ds4_driver) by extension 'colcon_meta'
[0.152s] Level 1:colcon.colcon_core.package_identification:_identify(src/ds4_driver) by extensions ['ros']
[0.152s] Level 1:colcon.colcon_core.package_identification:_identify(src/ds4_driver) by extension 'ros'
[0.152s] Level 1:colcon.colcon_core.package_identification:_identify(src/ds4_driver) by extensions ['cmake', 'python']
[0.152s] Level 1:colcon.colcon_core.package_identification:_identify(src/ds4_driver) by extension 'cmake'
[0.152s] Level 1:colcon.colcon_core.package_identification:_identify(src/ds4_driver) by extension 'python'
[0.152s] Level 1:colcon.colcon_core.package_identification:_identify(src/ds4_driver) by extensions ['python_setup_py']
[0.152s] Level 1:colcon.colcon_core.package_identification:_identify(src/ds4_driver) by extension 'python_setup_py'
[0.152s] Level 1:colcon.colcon_core.package_identification:_identify(src/ds4_driver/docker) by extensions ['ignore', 'ignore_ament_install']
[0.152s] Level 1:colcon.colcon_core.package_identification:_identify(src/ds4_driver/docker) by extension 'ignore'
[0.152s] Level 1:colcon.colcon_core.package_identification:_identify(src/ds4_driver/docker) by extension 'ignore_ament_install'
[0.152s] Level 1:colcon.colcon_core.package_identification:_identify(src/ds4_driver/docker) by extensions ['colcon_pkg']
[0.152s] Level 1:colcon.colcon_core.package_identification:_identify(src/ds4_driver/docker) by extension 'colcon_pkg'
[0.152s] Level 1:colcon.colcon_core.package_identification:_identify(src/ds4_driver/docker) by extensions ['colcon_meta']
[0.152s] Level 1:colcon.colcon_core.package_identification:_identify(src/ds4_driver/docker) by extension 'colcon_meta'
[0.153s] Level 1:colcon.colcon_core.package_identification:_identify(src/ds4_driver/docker) by extensions ['ros']
[0.153s] Level 1:colcon.colcon_core.package_identification:_identify(src/ds4_driver/docker) by extension 'ros'
[0.153s] Level 1:colcon.colcon_core.package_identification:_identify(src/ds4_driver/docker) by extensions ['cmake', 'python']
[0.153s] Level 1:colcon.colcon_core.package_identification:_identify(src/ds4_driver/docker) by extension 'cmake'
[0.153s] Level 1:colcon.colcon_core.package_identification:_identify(src/ds4_driver/docker) by extension 'python'
[0.153s] Level 1:colcon.colcon_core.package_identification:_identify(src/ds4_driver/docker) by extensions ['python_setup_py']
[0.153s] Level 1:colcon.colcon_core.package_identification:_identify(src/ds4_driver/docker) by extension 'python_setup_py'
[0.153s] Level 1:colcon.colcon_core.package_identification:_identify(src/ds4_driver/ds4_driver) by extensions ['ignore', 'ignore_ament_install']
[0.153s] Level 1:colcon.colcon_core.package_identification:_identify(src/ds4_driver/ds4_driver) by extension 'ignore'
[0.153s] Level 1:colcon.colcon_core.package_identification:_identify(src/ds4_driver/ds4_driver) by extension 'ignore_ament_install'
[0.153s] Level 1:colcon.colcon_core.package_identification:_identify(src/ds4_driver/ds4_driver) by extensions ['colcon_pkg']
[0.153s] Level 1:colcon.colcon_core.package_identification:_identify(src/ds4_driver/ds4_driver) by extension 'colcon_pkg'
[0.153s] Level 1:colcon.colcon_core.package_identification:_identify(src/ds4_driver/ds4_driver) by extensions ['colcon_meta']
[0.153s] Level 1:colcon.colcon_core.package_identification:_identify(src/ds4_driver/ds4_driver) by extension 'colcon_meta'
[0.153s] Level 1:colcon.colcon_core.package_identification:_identify(src/ds4_driver/ds4_driver) by extensions ['ros']
[0.153s] Level 1:colcon.colcon_core.package_identification:_identify(src/ds4_driver/ds4_driver) by extension 'ros'
[0.156s] DEBUG:colcon.colcon_core.package_identification:Package 'src/ds4_driver/ds4_driver' with type 'ros.ament_cmake' and name 'ds4_driver'
[0.156s] Level 1:colcon.colcon_core.package_identification:_identify(src/ds4_driver/ds4_driver_msgs) by extensions ['ignore', 'ignore_ament_install']
[0.156s] Level 1:colcon.colcon_core.package_identification:_identify(src/ds4_driver/ds4_driver_msgs) by extension 'ignore'
[0.156s] Level 1:colcon.colcon_core.package_identification:_identify(src/ds4_driver/ds4_driver_msgs) by extension 'ignore_ament_install'
[0.156s] Level 1:colcon.colcon_core.package_identification:_identify(src/ds4_driver/ds4_driver_msgs) by extensions ['colcon_pkg']
[0.156s] Level 1:colcon.colcon_core.package_identification:_identify(src/ds4_driver/ds4_driver_msgs) by extension 'colcon_pkg'
[0.156s] Level 1:colcon.colcon_core.package_identification:_identify(src/ds4_driver/ds4_driver_msgs) by extensions ['colcon_meta']
[0.156s] Level 1:colcon.colcon_core.package_identification:_identify(src/ds4_driver/ds4_driver_msgs) by extension 'colcon_meta'
[0.156s] Level 1:colcon.colcon_core.package_identification:_identify(src/ds4_driver/ds4_driver_msgs) by extensions ['ros']
[0.156s] Level 1:colcon.colcon_core.package_identification:_identify(src/ds4_driver/ds4_driver_msgs) by extension 'ros'
[0.157s] DEBUG:colcon.colcon_core.package_identification:Package 'src/ds4_driver/ds4_driver_msgs' with type 'ros.ament_cmake' and name 'ds4_driver_msgs'
[0.157s] Level 1:colcon.colcon_core.package_identification:_identify(src/robot_core) by extensions ['ignore', 'ignore_ament_install']
[0.157s] Level 1:colcon.colcon_core.package_identification:_identify(src/robot_core) by extension 'ignore'
[0.157s] Level 1:colcon.colcon_core.package_identification:_identify(src/robot_core) by extension 'ignore_ament_install'
[0.157s] Level 1:colcon.colcon_core.package_identification:_identify(src/robot_core) by extensions ['colcon_pkg']
[0.157s] Level 1:colcon.colcon_core.package_identification:_identify(src/robot_core) by extension 'colcon_pkg'
[0.157s] Level 1:colcon.colcon_core.package_identification:_identify(src/robot_core) by extensions ['colcon_meta']
[0.157s] Level 1:colcon.colcon_core.package_identification:_identify(src/robot_core) by extension 'colcon_meta'
[0.157s] Level 1:colcon.colcon_core.package_identification:_identify(src/robot_core) by extensions ['ros']
[0.157s] Level 1:colcon.colcon_core.package_identification:_identify(src/robot_core) by extension 'ros'
[0.157s] DEBUG:colcon.colcon_core.package_identification:Package 'src/robot_core' with type 'ros.ament_cmake' and name 'robot_core'
[0.157s] Level 1:colcon.colcon_core.package_identification:_identify(src/robot_description) by extensions ['ignore', 'ignore_ament_install']
[0.157s] Level 1:colcon.colcon_core.package_identification:_identify(src/robot_description) by extension 'ignore'
[0.157s] Level 1:colcon.colcon_core.package_identification:_identify(src/robot_description) by extension 'ignore_ament_install'
[0.157s] Level 1:colcon.colcon_core.package_identification:_identify(src/robot_description) by extensions ['colcon_pkg']
[0.157s] Level 1:colcon.colcon_core.package_identification:_identify(src/robot_description) by extension 'colcon_pkg'
[0.157s] Level 1:colcon.colcon_core.package_identification:_identify(src/robot_description) by extensions ['colcon_meta']
[0.157s] Level 1:colcon.colcon_core.package_identification:_identify(src/robot_description) by extension 'colcon_meta'
[0.157s] Level 1:colcon.colcon_core.package_identification:_identify(src/robot_description) by extensions ['ros']
[0.157s] Level 1:colcon.colcon_core.package_identification:_identify(src/robot_description) by extension 'ros'
[0.158s] DEBUG:colcon.colcon_core.package_identification:Package 'src/robot_description' with type 'ros.ament_cmake' and name 'robot_description'
[0.158s] Level 1:colcon.colcon_core.package_discovery:discover_packages(recursive) using defaults
[0.158s] Level 1:colcon.colcon_core.package_discovery:discover_packages(ignore) discover
[0.158s] Level 1:colcon.colcon_core.package_discovery:discover_packages(ignore) using defaults
[0.158s] Level 1:colcon.colcon_core.package_discovery:discover_packages(path) discover
[0.158s] Level 1:colcon.colcon_core.package_discovery:discover_packages(path) using defaults
[0.170s] Level 5:colcon.colcon_core.verb:set package 'ds4_driver_msgs' build argument 'cmake_args' from command line to 'None'
[0.170s] Level 5:colcon.colcon_core.verb:set package 'ds4_driver_msgs' build argument 'cmake_target' from command line to 'None'
[0.170s] Level 5:colcon.colcon_core.verb:set package 'ds4_driver_msgs' build argument 'cmake_target_skip_unavailable' from command line to 'False'
[0.170s] Level 5:colcon.colcon_core.verb:set package 'ds4_driver_msgs' build argument 'cmake_clean_cache' from command line to 'False'
[0.170s] Level 5:colcon.colcon_core.verb:set package 'ds4_driver_msgs' build argument 'cmake_clean_first' from command line to 'False'
[0.170s] Level 5:colcon.colcon_core.verb:set package 'ds4_driver_msgs' build argument 'cmake_force_configure' from command line to 'False'
[0.170s] Level 5:colcon.colcon_core.verb:set package 'ds4_driver_msgs' build argument 'ament_cmake_args' from command line to 'None'
[0.170s] Level 5:colcon.colcon_core.verb:set package 'ds4_driver_msgs' build argument 'catkin_cmake_args' from command line to 'None'
[0.170s] Level 5:colcon.colcon_core.verb:set package 'ds4_driver_msgs' build argument 'catkin_skip_building_tests' from command line to 'False'
[0.170s] DEBUG:colcon.colcon_core.verb:Building package 'ds4_driver_msgs' with the following arguments: {'ament_cmake_args': None, 'build_base': '/home/robot_ws/build/ds4_driver_msgs', 'catkin_cmake_args': None, 'catkin_skip_building_tests': False, 'cmake_args': None, 'cmake_clean_cache': False, 'cmake_clean_first': False, 'cmake_force_configure': False, 'cmake_target': None, 'cmake_target_skip_unavailable': False, 'install_base': '/home/robot_ws/install/ds4_driver_msgs', 'merge_install': False, 'path': '/home/robot_ws/src/ds4_driver/ds4_driver_msgs', 'symlink_install': False, 'test_result_base': None}
[0.171s] Level 5:colcon.colcon_core.verb:set package 'robot_core' build argument 'cmake_args' from command line to 'None'
[0.171s] Level 5:colcon.colcon_core.verb:set package 'robot_core' build argument 'cmake_target' from command line to 'None'
[0.171s] Level 5:colcon.colcon_core.verb:set package 'robot_core' build argument 'cmake_target_skip_unavailable' from command line to 'False'
[0.171s] Level 5:colcon.colcon_core.verb:set package 'robot_core' build argument 'cmake_clean_cache' from command line to 'False'
[0.171s] Level 5:colcon.colcon_core.verb:set package 'robot_core' build argument 'cmake_clean_first' from command line to 'False'
[0.171s] Level 5:colcon.colcon_core.verb:set package 'robot_core' build argument 'cmake_force_configure' from command line to 'False'
[0.171s] Level 5:colcon.colcon_core.verb:set package 'robot_core' build argument 'ament_cmake_args' from command line to 'None'
[0.171s] Level 5:colcon.colcon_core.verb:set package 'robot_core' build argument 'catkin_cmake_args' from command line to 'None'
[0.171s] Level 5:colcon.colcon_core.verb:set package 'robot_core' build argument 'catkin_skip_building_tests' from command line to 'False'
[0.171s] DEBUG:colcon.colcon_core.verb:Building package 'robot_core' with the following arguments: {'ament_cmake_args': None, 'build_base': '/home/robot_ws/build/robot_core', 'catkin_cmake_args': None, 'catkin_skip_building_tests': False, 'cmake_args': None, 'cmake_clean_cache': False, 'cmake_clean_first': False, 'cmake_force_configure': False, 'cmake_target': None, 'cmake_target_skip_unavailable': False, 'install_base': '/home/robot_ws/install/robot_core', 'merge_install': False, 'path': '/home/robot_ws/src/robot_core', 'symlink_install': False, 'test_result_base': None}
[0.171s] Level 5:colcon.colcon_core.verb:set package 'robot_description' build argument 'cmake_args' from command line to 'None'
[0.171s] Level 5:colcon.colcon_core.verb:set package 'robot_description' build argument 'cmake_target' from command line to 'None'
[0.171s] Level 5:colcon.colcon_core.verb:set package 'robot_description' build argument 'cmake_target_skip_unavailable' from command line to 'False'
[0.171s] Level 5:colcon.colcon_core.verb:set package 'robot_description' build argument 'cmake_clean_cache' from command line to 'False'
[0.171s] Level 5:colcon.colcon_core.verb:set package 'robot_description' build argument 'cmake_clean_first' from command line to 'False'
[0.171s] Level 5:colcon.colcon_core.verb:set package 'robot_description' build argument 'cmake_force_configure' from command line to 'False'
[0.171s] Level 5:colcon.colcon_core.verb:set package 'robot_description' build argument 'ament_cmake_args' from command line to 'None'
[0.171s] Level 5:colcon.colcon_core.verb:set package 'robot_description' build argument 'catkin_cmake_args' from command line to 'None'
[0.171s] Level 5:colcon.colcon_core.verb:set package 'robot_description' build argument 'catkin_skip_building_tests' from command line to 'False'
[0.171s] DEBUG:colcon.colcon_core.verb:Building package 'robot_description' with the following arguments: {'ament_cmake_args': None, 'build_base': '/home/robot_ws/build/robot_description', 'catkin_cmake_args': None, 'catkin_skip_building_tests': False, 'cmake_args': None, 'cmake_clean_cache': False, 'cmake_clean_first': False, 'cmake_force_configure': False, 'cmake_target': None, 'cmake_target_skip_unavailable': False, 'install_base': '/home/robot_ws/install/robot_description', 'merge_install': False, 'path': '/home/robot_ws/src/robot_description', 'symlink_install': False, 'test_result_base': None}
[0.171s] Level 5:colcon.colcon_core.verb:set package 'ds4_driver' build argument 'cmake_args' from command line to 'None'
[0.171s] Level 5:colcon.colcon_core.verb:set package 'ds4_driver' build argument 'cmake_target' from command line to 'None'
[0.171s] Level 5:colcon.colcon_core.verb:set package 'ds4_driver' build argument 'cmake_target_skip_unavailable' from command line to 'False'
[0.171s] Level 5:colcon.colcon_core.verb:set package 'ds4_driver' build argument 'cmake_clean_cache' from command line to 'False'
[0.171s] Level 5:colcon.colcon_core.verb:set package 'ds4_driver' build argument 'cmake_clean_first' from command line to 'False'
[0.171s] Level 5:colcon.colcon_core.verb:set package 'ds4_driver' build argument 'cmake_force_configure' from command line to 'False'
[0.171s] Level 5:colcon.colcon_core.verb:set package 'ds4_driver' build argument 'ament_cmake_args' from command line to 'None'
[0.171s] Level 5:colcon.colcon_core.verb:set package 'ds4_driver' build argument 'catkin_cmake_args' from command line to 'None'
[0.171s] Level 5:colcon.colcon_core.verb:set package 'ds4_driver' build argument 'catkin_skip_building_tests' from command line to 'False'
[0.171s] DEBUG:colcon.colcon_core.verb:Building package 'ds4_driver' with the following arguments: {'ament_cmake_args': None, 'build_base': '/home/robot_ws/build/ds4_driver', 'catkin_cmake_args': None, 'catkin_skip_building_tests': False, 'cmake_args': None, 'cmake_clean_cache': False, 'cmake_clean_first': False, 'cmake_force_configure': False, 'cmake_target': None, 'cmake_target_skip_unavailable': False, 'install_base': '/home/robot_ws/install/ds4_driver', 'merge_install': False, 'path': '/home/robot_ws/src/ds4_driver/ds4_driver', 'symlink_install': False, 'test_result_base': None}
[0.171s] INFO:colcon.colcon_core.executor:Executing jobs using 'parallel' executor
[0.173s] DEBUG:colcon.colcon_parallel_executor.executor.parallel:run_until_complete
[0.174s] INFO:colcon.colcon_ros.task.ament_cmake.build:Building ROS package in '/home/robot_ws/src/ds4_driver/ds4_driver_msgs' with build type 'ament_cmake'
[0.174s] INFO:colcon.colcon_cmake.task.cmake.build:Building CMake package in '/home/robot_ws/src/ds4_driver/ds4_driver_msgs'
[0.176s] INFO:colcon.colcon_core.plugin_system:Skipping extension 'colcon_core.shell.bat': Not used on non-Windows systems
[0.176s] INFO:colcon.colcon_core.shell:Skip shell extension 'powershell' for command environment: Not usable outside of PowerShell
[0.176s] DEBUG:colcon.colcon_core.shell:Skip shell extension 'dsv' for command environment
[0.179s] INFO:colcon.colcon_ros.task.ament_cmake.build:Building ROS package in '/home/robot_ws/src/robot_core' with build type 'ament_cmake'
[0.179s] INFO:colcon.colcon_cmake.task.cmake.build:Building CMake package in '/home/robot_ws/src/robot_core'
[0.179s] INFO:colcon.colcon_core.shell:Skip shell extension 'powershell' for command environment: Not usable outside of PowerShell
[0.179s] DEBUG:colcon.colcon_core.shell:Skip shell extension 'dsv' for command environment
[0.182s] INFO:colcon.colcon_ros.task.ament_cmake.build:Building ROS package in '/home/robot_ws/src/robot_description' with build type 'ament_cmake'
[0.182s] INFO:colcon.colcon_cmake.task.cmake.build:Building CMake package in '/home/robot_ws/src/robot_description'
[0.183s] INFO:colcon.colcon_core.shell:Skip shell extension 'powershell' for command environment: Not usable outside of PowerShell
[0.183s] DEBUG:colcon.colcon_core.shell:Skip shell extension 'dsv' for command environment
[0.187s] DEBUG:colcon.colcon_core.event_handler.log_command:Invoking command in '/home/robot_ws/build/ds4_driver_msgs': CMAKE_PREFIX_PATH=${CMAKE_PREFIX_PATH}:/opt/ros/humble /usr/bin/cmake --build /home/robot_ws/build/ds4_driver_msgs -- -j16 -l16
[0.189s] DEBUG:colcon.colcon_core.event_handler.log_command:Invoking command in '/home/robot_ws/build/robot_core': CMAKE_PREFIX_PATH=${CMAKE_PREFIX_PATH}:/opt/ros/humble /usr/bin/cmake --build /home/robot_ws/build/robot_core -- -j16 -l16
[0.193s] DEBUG:colcon.colcon_core.event_handler.log_command:Invoking command in '/home/robot_ws/build/robot_description': CMAKE_PREFIX_PATH=${CMAKE_PREFIX_PATH}:/opt/ros/humble /usr/bin/cmake --build /home/robot_ws/build/robot_description -- -j16 -l16
[0.434s] DEBUG:colcon.colcon_core.event_handler.log_command:Invoked command in '/home/robot_ws/build/robot_core' returned '0': CMAKE_PREFIX_PATH=${CMAKE_PREFIX_PATH}:/opt/ros/humble /usr/bin/cmake --build /home/robot_ws/build/robot_core -- -j16 -l16
[0.435s] DEBUG:colcon.colcon_core.event_handler.log_command:Invoked command in '/home/robot_ws/build/ds4_driver_msgs' returned '0': CMAKE_PREFIX_PATH=${CMAKE_PREFIX_PATH}:/opt/ros/humble /usr/bin/cmake --build /home/robot_ws/build/ds4_driver_msgs -- -j16 -l16
[0.449s] DEBUG:colcon.colcon_core.event_handler.log_command:Invoked command in '/home/robot_ws/build/robot_description' returned '0': CMAKE_PREFIX_PATH=${CMAKE_PREFIX_PATH}:/opt/ros/humble /usr/bin/cmake --build /home/robot_ws/build/robot_description -- -j16 -l16
[0.461s] DEBUG:colcon.colcon_core.event_handler.log_command:Invoking command in '/home/robot_ws/build/robot_core': CMAKE_PREFIX_PATH=${CMAKE_PREFIX_PATH}:/opt/ros/humble /usr/bin/cmake --install /home/robot_ws/build/robot_core
[0.475s] DEBUG:colcon.colcon_core.event_handler.log_command:Invoking command in '/home/robot_ws/build/robot_description': CMAKE_PREFIX_PATH=${CMAKE_PREFIX_PATH}:/opt/ros/humble /usr/bin/cmake --install /home/robot_ws/build/robot_description
[0.505s] Level 1:colcon.colcon_core.environment:create_environment_scripts_only(robot_core)
[0.507s] DEBUG:colcon.colcon_core.event_handler.log_command:Invoked command in '/home/robot_ws/build/robot_core' returned '0': CMAKE_PREFIX_PATH=${CMAKE_PREFIX_PATH}:/opt/ros/humble /usr/bin/cmake --install /home/robot_ws/build/robot_core
[0.510s] Level 1:colcon.colcon_core.environment:checking '/home/robot_ws/install/robot_core' for CMake module files
[0.510s] Level 1:colcon.colcon_core.environment:checking '/home/robot_ws/install/robot_core' for CMake config files
[0.511s] Level 1:colcon.colcon_core.shell:create_environment_hook('robot_core', 'cmake_prefix_path')
[0.511s] INFO:colcon.colcon_core.shell:Creating environment hook '/home/robot_ws/install/robot_core/share/robot_core/hook/cmake_prefix_path.ps1'
[0.511s] INFO:colcon.colcon_core.shell:Creating environment descriptor '/home/robot_ws/install/robot_core/share/robot_core/hook/cmake_prefix_path.dsv'
[0.512s] INFO:colcon.colcon_core.shell:Creating environment hook '/home/robot_ws/install/robot_core/share/robot_core/hook/cmake_prefix_path.sh'
[0.513s] Level 1:colcon.colcon_core.environment:checking '/home/robot_ws/install/robot_core/lib'
[0.513s] Level 1:colcon.colcon_core.environment:checking '/home/robot_ws/install/robot_core/bin'
[0.513s] Level 1:colcon.colcon_core.environment:checking '/home/robot_ws/install/robot_core/lib/pkgconfig/robot_core.pc'
[0.515s] Level 1:colcon.colcon_core.environment:checking '/home/robot_ws/install/robot_core/lib/python3.10/site-packages'
[0.515s] Level 1:colcon.colcon_core.environment:checking '/home/robot_ws/install/robot_core/bin'
[0.516s] INFO:colcon.colcon_core.shell:Creating package script '/home/robot_ws/install/robot_core/share/robot_core/package.ps1'
[0.517s] INFO:colcon.colcon_core.shell:Creating package descriptor '/home/robot_ws/install/robot_core/share/robot_core/package.dsv'
[0.517s] INFO:colcon.colcon_core.shell:Creating package script '/home/robot_ws/install/robot_core/share/robot_core/package.sh'
[0.518s] INFO:colcon.colcon_core.shell:Creating package script '/home/robot_ws/install/robot_core/share/robot_core/package.bash'
[0.519s] INFO:colcon.colcon_core.shell:Creating package script '/home/robot_ws/install/robot_core/share/robot_core/package.zsh'
[0.519s] Level 1:colcon.colcon_core.environment:create_file_with_runtime_dependencies(/home/robot_ws/install/robot_core/share/colcon-core/packages/robot_core)
[0.522s] Level 1:colcon.colcon_core.environment:create_environment_scripts_only(robot_description)
[0.522s] Level 1:colcon.colcon_core.environment:checking '/home/robot_ws/install/robot_description' for CMake module files
[0.522s] DEBUG:colcon.colcon_core.event_handler.log_command:Invoked command in '/home/robot_ws/build/robot_description' returned '0': CMAKE_PREFIX_PATH=${CMAKE_PREFIX_PATH}:/opt/ros/humble /usr/bin/cmake --install /home/robot_ws/build/robot_description
[0.523s] Level 1:colcon.colcon_core.environment:checking '/home/robot_ws/install/robot_description' for CMake config files
[0.524s] Level 1:colcon.colcon_core.shell:create_environment_hook('robot_description', 'cmake_prefix_path')
[0.524s] INFO:colcon.colcon_core.shell:Creating environment hook '/home/robot_ws/install/robot_description/share/robot_description/hook/cmake_prefix_path.ps1'
[0.524s] INFO:colcon.colcon_core.shell:Creating environment descriptor '/home/robot_ws/install/robot_description/share/robot_description/hook/cmake_prefix_path.dsv'
[0.525s] INFO:colcon.colcon_core.shell:Creating environment hook '/home/robot_ws/install/robot_description/share/robot_description/hook/cmake_prefix_path.sh'
[0.525s] Level 1:colcon.colcon_core.environment:checking '/home/robot_ws/install/robot_description/bin'
[0.525s] Level 1:colcon.colcon_core.environment:checking '/home/robot_ws/install/robot_description/lib/pkgconfig/robot_description.pc'
[0.526s] Level 1:colcon.colcon_core.environment:checking '/home/robot_ws/install/robot_description/lib/python3.10/site-packages'
[0.526s] Level 1:colcon.colcon_core.environment:checking '/home/robot_ws/install/robot_description/bin'
[0.526s] INFO:colcon.colcon_core.shell:Creating package script '/home/robot_ws/install/robot_description/share/robot_description/package.ps1'
[0.527s] INFO:colcon.colcon_core.shell:Creating package descriptor '/home/robot_ws/install/robot_description/share/robot_description/package.dsv'
[0.527s] INFO:colcon.colcon_core.shell:Creating package script '/home/robot_ws/install/robot_description/share/robot_description/package.sh'
[0.527s] INFO:colcon.colcon_core.shell:Creating package script '/home/robot_ws/install/robot_description/share/robot_description/package.bash'
[0.528s] INFO:colcon.colcon_core.shell:Creating package script '/home/robot_ws/install/robot_description/share/robot_description/package.zsh'
[0.528s] Level 1:colcon.colcon_core.environment:create_file_with_runtime_dependencies(/home/robot_ws/install/robot_description/share/colcon-core/packages/robot_description)
[0.540s] DEBUG:colcon.colcon_core.event_handler.log_command:Invoking command in '/home/robot_ws/build/ds4_driver_msgs': CMAKE_PREFIX_PATH=${CMAKE_PREFIX_PATH}:/opt/ros/humble /usr/bin/cmake --install /home/robot_ws/build/ds4_driver_msgs
[0.543s] Level 1:colcon.colcon_core.environment:create_environment_scripts_only(robot_core)
[0.543s] Level 1:colcon.colcon_core.environment:checking '/home/robot_ws/install/robot_core' for CMake module files
[0.544s] Level 1:colcon.colcon_core.environment:checking '/home/robot_ws/install/robot_core' for CMake config files
[0.544s] Level 1:colcon.colcon_core.shell:create_environment_hook('robot_core', 'cmake_prefix_path')
[0.545s] INFO:colcon.colcon_core.shell:Creating environment hook '/home/robot_ws/install/robot_core/share/robot_core/hook/cmake_prefix_path.ps1'
[0.545s] INFO:colcon.colcon_core.shell:Creating environment descriptor '/home/robot_ws/install/robot_core/share/robot_core/hook/cmake_prefix_path.dsv'
[0.545s] INFO:colcon.colcon_core.shell:Creating environment hook '/home/robot_ws/install/robot_core/share/robot_core/hook/cmake_prefix_path.sh'
[0.546s] Level 1:colcon.colcon_core.environment:checking '/home/robot_ws/install/robot_core/lib'
[0.546s] Level 1:colcon.colcon_core.environment:checking '/home/robot_ws/install/robot_core/bin'
[0.546s] Level 1:colcon.colcon_core.environment:checking '/home/robot_ws/install/robot_core/lib/pkgconfig/robot_core.pc'
[0.546s] Level 1:colcon.colcon_core.environment:checking '/home/robot_ws/install/robot_core/lib/python3.10/site-packages'
[0.547s] Level 1:colcon.colcon_core.environment:checking '/home/robot_ws/install/robot_core/bin'
[0.547s] INFO:colcon.colcon_core.shell:Creating package script '/home/robot_ws/install/robot_core/share/robot_core/package.ps1'
[0.548s] INFO:colcon.colcon_core.shell:Creating package descriptor '/home/robot_ws/install/robot_core/share/robot_core/package.dsv'
[0.548s] INFO:colcon.colcon_core.shell:Creating package script '/home/robot_ws/install/robot_core/share/robot_core/package.sh'
[0.549s] INFO:colcon.colcon_core.shell:Creating package script '/home/robot_ws/install/robot_core/share/robot_core/package.bash'
[0.549s] INFO:colcon.colcon_core.shell:Creating package script '/home/robot_ws/install/robot_core/share/robot_core/package.zsh'
[0.550s] Level 1:colcon.colcon_core.environment:create_file_with_runtime_dependencies(/home/robot_ws/install/robot_core/share/colcon-core/packages/robot_core)
[0.552s] Level 1:colcon.colcon_core.environment:create_environment_scripts_only(robot_description)
[0.552s] Level 1:colcon.colcon_core.environment:checking '/home/robot_ws/install/robot_description' for CMake module files
[0.553s] Level 1:colcon.colcon_core.environment:checking '/home/robot_ws/install/robot_description' for CMake config files
[0.556s] Level 1:colcon.colcon_core.shell:create_environment_hook('robot_description', 'cmake_prefix_path')
[0.556s] INFO:colcon.colcon_core.shell:Creating environment hook '/home/robot_ws/install/robot_description/share/robot_description/hook/cmake_prefix_path.ps1'
[0.556s] INFO:colcon.colcon_core.shell:Creating environment descriptor '/home/robot_ws/install/robot_description/share/robot_description/hook/cmake_prefix_path.dsv'
[0.557s] INFO:colcon.colcon_core.shell:Creating environment hook '/home/robot_ws/install/robot_description/share/robot_description/hook/cmake_prefix_path.sh'
[0.557s] Level 1:colcon.colcon_core.environment:checking '/home/robot_ws/install/robot_description/bin'
[0.557s] Level 1:colcon.colcon_core.environment:checking '/home/robot_ws/install/robot_description/lib/pkgconfig/robot_description.pc'
[0.557s] Level 1:colcon.colcon_core.environment:checking '/home/robot_ws/install/robot_description/lib/python3.10/site-packages'
[0.557s] Level 1:colcon.colcon_core.environment:checking '/home/robot_ws/install/robot_description/bin'
[0.557s] INFO:colcon.colcon_core.shell:Creating package script '/home/robot_ws/install/robot_description/share/robot_description/package.ps1'
[0.558s] INFO:colcon.colcon_core.shell:Creating package descriptor '/home/robot_ws/install/robot_description/share/robot_description/package.dsv'
[0.558s] INFO:colcon.colcon_core.shell:Creating package script '/home/robot_ws/install/robot_description/share/robot_description/package.sh'
[0.558s] INFO:colcon.colcon_core.shell:Creating package script '/home/robot_ws/install/robot_description/share/robot_description/package.bash'
[0.558s] INFO:colcon.colcon_core.shell:Creating package script '/home/robot_ws/install/robot_description/share/robot_description/package.zsh'
[0.558s] Level 1:colcon.colcon_core.environment:create_file_with_runtime_dependencies(/home/robot_ws/install/robot_description/share/colcon-core/packages/robot_description)
[0.600s] Level 1:colcon.colcon_core.environment:create_environment_scripts_only(ds4_driver_msgs)
[0.600s] DEBUG:colcon.colcon_core.event_handler.log_command:Invoked command in '/home/robot_ws/build/ds4_driver_msgs' returned '0': CMAKE_PREFIX_PATH=${CMAKE_PREFIX_PATH}:/opt/ros/humble /usr/bin/cmake --install /home/robot_ws/build/ds4_driver_msgs
[0.600s] Level 1:colcon.colcon_core.environment:checking '/home/robot_ws/install/ds4_driver_msgs' for CMake module files
[0.601s] Level 1:colcon.colcon_core.environment:checking '/home/robot_ws/install/ds4_driver_msgs' for CMake config files
[0.601s] Level 1:colcon.colcon_core.shell:create_environment_hook('ds4_driver_msgs', 'cmake_prefix_path')
[0.601s] INFO:colcon.colcon_core.shell:Creating environment hook '/home/robot_ws/install/ds4_driver_msgs/share/ds4_driver_msgs/hook/cmake_prefix_path.ps1'
[0.601s] INFO:colcon.colcon_core.shell:Creating environment descriptor '/home/robot_ws/install/ds4_driver_msgs/share/ds4_driver_msgs/hook/cmake_prefix_path.dsv'
[0.602s] INFO:colcon.colcon_core.shell:Creating environment hook '/home/robot_ws/install/ds4_driver_msgs/share/ds4_driver_msgs/hook/cmake_prefix_path.sh'
[0.602s] Level 1:colcon.colcon_core.environment:checking '/home/robot_ws/install/ds4_driver_msgs/lib'
[0.602s] Level 1:colcon.colcon_core.shell:create_environment_hook('ds4_driver_msgs', 'ld_library_path_lib')
[0.602s] INFO:colcon.colcon_core.shell:Creating environment hook '/home/robot_ws/install/ds4_driver_msgs/share/ds4_driver_msgs/hook/ld_library_path_lib.ps1'
[0.602s] INFO:colcon.colcon_core.shell:Creating environment descriptor '/home/robot_ws/install/ds4_driver_msgs/share/ds4_driver_msgs/hook/ld_library_path_lib.dsv'
[0.602s] INFO:colcon.colcon_core.shell:Creating environment hook '/home/robot_ws/install/ds4_driver_msgs/share/ds4_driver_msgs/hook/ld_library_path_lib.sh'
[0.603s] Level 1:colcon.colcon_core.environment:checking '/home/robot_ws/install/ds4_driver_msgs/bin'
[0.603s] Level 1:colcon.colcon_core.environment:checking '/home/robot_ws/install/ds4_driver_msgs/lib/pkgconfig/ds4_driver_msgs.pc'
[0.603s] Level 1:colcon.colcon_core.environment:checking '/home/robot_ws/install/ds4_driver_msgs/lib/python3.10/site-packages'
[0.603s] Level 1:colcon.colcon_core.environment:checking '/home/robot_ws/install/ds4_driver_msgs/bin'
[0.603s] INFO:colcon.colcon_core.shell:Creating package script '/home/robot_ws/install/ds4_driver_msgs/share/ds4_driver_msgs/package.ps1'
[0.604s] INFO:colcon.colcon_core.shell:Creating package descriptor '/home/robot_ws/install/ds4_driver_msgs/share/ds4_driver_msgs/package.dsv'
[0.604s] INFO:colcon.colcon_core.shell:Creating package script '/home/robot_ws/install/ds4_driver_msgs/share/ds4_driver_msgs/package.sh'
[0.604s] INFO:colcon.colcon_core.shell:Creating package script '/home/robot_ws/install/ds4_driver_msgs/share/ds4_driver_msgs/package.bash'
[0.604s] INFO:colcon.colcon_core.shell:Creating package script '/home/robot_ws/install/ds4_driver_msgs/share/ds4_driver_msgs/package.zsh'
[0.605s] Level 1:colcon.colcon_core.environment:create_file_with_runtime_dependencies(/home/robot_ws/install/ds4_driver_msgs/share/colcon-core/packages/ds4_driver_msgs)
[0.707s] Level 1:colcon.colcon_core.environment:create_environment_scripts_only(ds4_driver_msgs)
[0.708s] Level 1:colcon.colcon_core.environment:checking '/home/robot_ws/install/ds4_driver_msgs' for CMake module files
[0.709s] Level 1:colcon.colcon_core.environment:checking '/home/robot_ws/install/ds4_driver_msgs' for CMake config files
[0.709s] Level 1:colcon.colcon_core.shell:create_environment_hook('ds4_driver_msgs', 'cmake_prefix_path')
[0.709s] INFO:colcon.colcon_core.shell:Creating environment hook '/home/robot_ws/install/ds4_driver_msgs/share/ds4_driver_msgs/hook/cmake_prefix_path.ps1'
[0.710s] INFO:colcon.colcon_core.shell:Creating environment descriptor '/home/robot_ws/install/ds4_driver_msgs/share/ds4_driver_msgs/hook/cmake_prefix_path.dsv'
[0.710s] INFO:colcon.colcon_core.shell:Creating environment hook '/home/robot_ws/install/ds4_driver_msgs/share/ds4_driver_msgs/hook/cmake_prefix_path.sh'
[0.710s] Level 1:colcon.colcon_core.environment:checking '/home/robot_ws/install/ds4_driver_msgs/lib'
[0.710s] Level 1:colcon.colcon_core.shell:create_environment_hook('ds4_driver_msgs', 'ld_library_path_lib')
[0.710s] INFO:colcon.colcon_core.shell:Creating environment hook '/home/robot_ws/install/ds4_driver_msgs/share/ds4_driver_msgs/hook/ld_library_path_lib.ps1'
[0.711s] INFO:colcon.colcon_core.shell:Creating environment descriptor '/home/robot_ws/install/ds4_driver_msgs/share/ds4_driver_msgs/hook/ld_library_path_lib.dsv'
[0.711s] INFO:colcon.colcon_core.shell:Creating environment hook '/home/robot_ws/install/ds4_driver_msgs/share/ds4_driver_msgs/hook/ld_library_path_lib.sh'
[0.711s] Level 1:colcon.colcon_core.environment:checking '/home/robot_ws/install/ds4_driver_msgs/bin'
[0.711s] Level 1:colcon.colcon_core.environment:checking '/home/robot_ws/install/ds4_driver_msgs/lib/pkgconfig/ds4_driver_msgs.pc'
[0.711s] Level 1:colcon.colcon_core.environment:checking '/home/robot_ws/install/ds4_driver_msgs/lib/python3.10/site-packages'
[0.711s] Level 1:colcon.colcon_core.environment:checking '/home/robot_ws/install/ds4_driver_msgs/bin'
[0.711s] INFO:colcon.colcon_core.shell:Creating package script '/home/robot_ws/install/ds4_driver_msgs/share/ds4_driver_msgs/package.ps1'
[0.712s] INFO:colcon.colcon_core.shell:Creating package descriptor '/home/robot_ws/install/ds4_driver_msgs/share/ds4_driver_msgs/package.dsv'
[0.712s] INFO:colcon.colcon_core.shell:Creating package script '/home/robot_ws/install/ds4_driver_msgs/share/ds4_driver_msgs/package.sh'
[0.712s] INFO:colcon.colcon_core.shell:Creating package script '/home/robot_ws/install/ds4_driver_msgs/share/ds4_driver_msgs/package.bash'
[0.712s] INFO:colcon.colcon_core.shell:Creating package script '/home/robot_ws/install/ds4_driver_msgs/share/ds4_driver_msgs/package.zsh'
[0.712s] Level 1:colcon.colcon_core.environment:create_file_with_runtime_dependencies(/home/robot_ws/install/ds4_driver_msgs/share/colcon-core/packages/ds4_driver_msgs)
[0.713s] INFO:colcon.colcon_ros.task.ament_cmake.build:Building ROS package in '/home/robot_ws/src/ds4_driver/ds4_driver' with build type 'ament_cmake'
[0.713s] INFO:colcon.colcon_cmake.task.cmake.build:Building CMake package in '/home/robot_ws/src/ds4_driver/ds4_driver'
[0.713s] INFO:colcon.colcon_core.shell:Skip shell extension 'powershell' for command environment: Not usable outside of PowerShell
[0.713s] DEBUG:colcon.colcon_core.shell:Skip shell extension 'dsv' for command environment
[0.722s] DEBUG:colcon.colcon_core.event_handler.log_command:Invoking command in '/home/robot_ws/build/ds4_driver': CMAKE_PREFIX_PATH=/home/robot_ws/install/ds4_driver_msgs:/home/robot_ws/install/robot_description:/home/robot_ws/install/robot_core:/home/robot_ws/install/ds4_driver:/opt/ros/humble /usr/bin/cmake --build /home/robot_ws/build/ds4_driver -- -j16 -l16
[0.960s] DEBUG:colcon.colcon_core.event_handler.log_command:Invoked command in '/home/robot_ws/build/ds4_driver' returned '0': CMAKE_PREFIX_PATH=/home/robot_ws/install/ds4_driver_msgs:/home/robot_ws/install/robot_description:/home/robot_ws/install/robot_core:/home/robot_ws/install/ds4_driver:/opt/ros/humble /usr/bin/cmake --build /home/robot_ws/build/ds4_driver -- -j16 -l16
[0.981s] DEBUG:colcon.colcon_core.event_handler.log_command:Invoking command in '/home/robot_ws/build/ds4_driver': CMAKE_PREFIX_PATH=/home/robot_ws/install/ds4_driver_msgs:/home/robot_ws/install/robot_description:/home/robot_ws/install/robot_core:/home/robot_ws/install/ds4_driver:/opt/ros/humble /usr/bin/cmake --install /home/robot_ws/build/ds4_driver
[1.018s] Level 1:colcon.colcon_core.environment:create_environment_scripts_only(ds4_driver)
[1.018s] Level 1:colcon.colcon_core.environment:checking '/home/robot_ws/install/ds4_driver' for CMake module files
[1.019s] DEBUG:colcon.colcon_core.event_handler.log_command:Invoked command in '/home/robot_ws/build/ds4_driver' returned '0': CMAKE_PREFIX_PATH=/home/robot_ws/install/ds4_driver_msgs:/home/robot_ws/install/robot_description:/home/robot_ws/install/robot_core:/home/robot_ws/install/ds4_driver:/opt/ros/humble /usr/bin/cmake --install /home/robot_ws/build/ds4_driver
[1.019s] Level 1:colcon.colcon_core.environment:checking '/home/robot_ws/install/ds4_driver' for CMake config files
[1.019s] Level 1:colcon.colcon_core.shell:create_environment_hook('ds4_driver', 'cmake_prefix_path')
[1.020s] INFO:colcon.colcon_core.shell:Creating environment hook '/home/robot_ws/install/ds4_driver/share/ds4_driver/hook/cmake_prefix_path.ps1'
[1.021s] INFO:colcon.colcon_core.shell:Creating environment descriptor '/home/robot_ws/install/ds4_driver/share/ds4_driver/hook/cmake_prefix_path.dsv'
[1.021s] INFO:colcon.colcon_core.shell:Creating environment hook '/home/robot_ws/install/ds4_driver/share/ds4_driver/hook/cmake_prefix_path.sh'
[1.022s] Level 1:colcon.colcon_core.environment:checking '/home/robot_ws/install/ds4_driver/lib'
[1.022s] Level 1:colcon.colcon_core.environment:checking '/home/robot_ws/install/ds4_driver/bin'
[1.022s] Level 1:colcon.colcon_core.environment:checking '/home/robot_ws/install/ds4_driver/lib/pkgconfig/ds4_driver.pc'
[1.023s] Level 1:colcon.colcon_core.environment:checking '/home/robot_ws/install/ds4_driver/lib/python3.10/site-packages'
[1.023s] Level 1:colcon.colcon_core.environment:checking '/home/robot_ws/install/ds4_driver/bin'
[1.023s] INFO:colcon.colcon_core.shell:Creating package script '/home/robot_ws/install/ds4_driver/share/ds4_driver/package.ps1'
[1.024s] INFO:colcon.colcon_core.shell:Creating package descriptor '/home/robot_ws/install/ds4_driver/share/ds4_driver/package.dsv'
[1.024s] INFO:colcon.colcon_core.shell:Creating package script '/home/robot_ws/install/ds4_driver/share/ds4_driver/package.sh'
[1.025s] INFO:colcon.colcon_core.shell:Creating package script '/home/robot_ws/install/ds4_driver/share/ds4_driver/package.bash'
[1.025s] INFO:colcon.colcon_core.shell:Creating package script '/home/robot_ws/install/ds4_driver/share/ds4_driver/package.zsh'
[1.025s] Level 1:colcon.colcon_core.environment:create_file_with_runtime_dependencies(/home/robot_ws/install/ds4_driver/share/colcon-core/packages/ds4_driver)
[1.047s] Level 1:colcon.colcon_core.environment:create_environment_scripts_only(ds4_driver)
[1.048s] Level 1:colcon.colcon_core.environment:checking '/home/robot_ws/install/ds4_driver' for CMake module files
[1.048s] Level 1:colcon.colcon_core.environment:checking '/home/robot_ws/install/ds4_driver' for CMake config files
[1.048s] Level 1:colcon.colcon_core.shell:create_environment_hook('ds4_driver', 'cmake_prefix_path')
[1.048s] INFO:colcon.colcon_core.shell:Creating environment hook '/home/robot_ws/install/ds4_driver/share/ds4_driver/hook/cmake_prefix_path.ps1'
[1.049s] INFO:colcon.colcon_core.shell:Creating environment descriptor '/home/robot_ws/install/ds4_driver/share/ds4_driver/hook/cmake_prefix_path.dsv'
[1.049s] INFO:colcon.colcon_core.shell:Creating environment hook '/home/robot_ws/install/ds4_driver/share/ds4_driver/hook/cmake_prefix_path.sh'
[1.049s] Level 1:colcon.colcon_core.environment:checking '/home/robot_ws/install/ds4_driver/lib'
[1.049s] Level 1:colcon.colcon_core.environment:checking '/home/robot_ws/install/ds4_driver/bin'
[1.049s] Level 1:colcon.colcon_core.environment:checking '/home/robot_ws/install/ds4_driver/lib/pkgconfig/ds4_driver.pc'
[1.049s] Level 1:colcon.colcon_core.environment:checking '/home/robot_ws/install/ds4_driver/lib/python3.10/site-packages'
[1.049s] Level 1:colcon.colcon_core.environment:checking '/home/robot_ws/install/ds4_driver/bin'
[1.049s] INFO:colcon.colcon_core.shell:Creating package script '/home/robot_ws/install/ds4_driver/share/ds4_driver/package.ps1'
[1.050s] INFO:colcon.colcon_core.shell:Creating package descriptor '/home/robot_ws/install/ds4_driver/share/ds4_driver/package.dsv'
[1.050s] INFO:colcon.colcon_core.shell:Creating package script '/home/robot_ws/install/ds4_driver/share/ds4_driver/package.sh'
[1.050s] INFO:colcon.colcon_core.shell:Creating package script '/home/robot_ws/install/ds4_driver/share/ds4_driver/package.bash'
[1.050s] INFO:colcon.colcon_core.shell:Creating package script '/home/robot_ws/install/ds4_driver/share/ds4_driver/package.zsh'
[1.051s] Level 1:colcon.colcon_core.environment:create_file_with_runtime_dependencies(/home/robot_ws/install/ds4_driver/share/colcon-core/packages/ds4_driver)
[1.051s] DEBUG:colcon.colcon_parallel_executor.executor.parallel:closing loop
[1.051s] DEBUG:colcon.colcon_parallel_executor.executor.parallel:loop closed
[1.051s] DEBUG:colcon.colcon_parallel_executor.executor.parallel:run_until_complete finished with '0'
[1.051s] DEBUG:colcon.colcon_core.event_reactor:joining thread
[1.069s] INFO:colcon.colcon_core.plugin_system:Skipping extension 'colcon_notification.desktop_notification.notify_send': Could not find 'notify-send'
[1.069s] INFO:colcon.colcon_core.plugin_system:Skipping extension 'colcon_notification.desktop_notification.terminal_notifier': Not used on non-Darwin systems
[1.069s] INFO:colcon.colcon_core.plugin_system:Skipping extension 'colcon_notification.desktop_notification.win32': Not used on non-Windows systems
[1.069s] INFO:colcon.colcon_notification.desktop_notification:Sending desktop notification using 'notify2'
[1.073s] DEBUG:colcon.colcon_notification.desktop_notification.notify2:Failed to initialize notify2: org.freedesktop.DBus.Error.Spawn.ExecFailed: /usr/bin/dbus-launch terminated abnormally without any error message
[1.074s] DEBUG:colcon.colcon_core.event_reactor:joined thread
[1.074s] INFO:colcon.colcon_core.shell:Creating prefix script '/home/robot_ws/install/local_setup.ps1'
[1.075s] INFO:colcon.colcon_core.shell:Creating prefix util module '/home/robot_ws/install/_local_setup_util_ps1.py'
[1.076s] INFO:colcon.colcon_core.shell:Creating prefix chain script '/home/robot_ws/install/setup.ps1'
[1.077s] INFO:colcon.colcon_core.shell:Creating prefix script '/home/robot_ws/install/local_setup.sh'
[1.077s] INFO:colcon.colcon_core.shell:Creating prefix util module '/home/robot_ws/install/_local_setup_util_sh.py'
[1.077s] INFO:colcon.colcon_core.shell:Creating prefix chain script '/home/robot_ws/install/setup.sh'
[1.078s] INFO:colcon.colcon_core.shell:Creating prefix script '/home/robot_ws/install/local_setup.bash'
[1.078s] INFO:colcon.colcon_core.shell:Creating prefix chain script '/home/robot_ws/install/setup.bash'
[1.079s] INFO:colcon.colcon_core.shell:Creating prefix script '/home/robot_ws/install/local_setup.zsh'
[1.079s] INFO:colcon.colcon_core.shell:Creating prefix chain script '/home/robot_ws/install/setup.zsh'
