[0.000000] (-) TimerEvent: {}
[0.000102] (ds4_driver_msgs) JobQueued: {'identifier': 'ds4_driver_msgs', 'dependencies': OrderedDict()}
[0.000134] (robot_core) JobQueued: {'identifier': 'robot_core', 'dependencies': OrderedDict()}
[0.000144] (robot_description) JobQueued: {'identifier': 'robot_description', 'dependencies': OrderedDict()}
[0.000152] (ds4_driver) JobQueued: {'identifier': 'ds4_driver', 'dependencies': OrderedDict([('ds4_driver_msgs', '/home/robot_ws/install/ds4_driver_msgs')])}
[0.000163] (ds4_driver_msgs) JobStarted: {'identifier': 'ds4_driver_msgs'}
[0.008628] (robot_core) JobStarted: {'identifier': 'robot_core'}
[0.011729] (robot_description) JobStarted: {'identifier': 'robot_description'}
[0.015621] (ds4_driver_msgs) JobProgress: {'identifier': 'ds4_driver_msgs', 'progress': 'cmake'}
[0.016505] (ds4_driver_msgs) JobProgress: {'identifier': 'ds4_driver_msgs', 'progress': 'build'}
[0.017193] (ds4_driver_msgs) Command: {'cmd': ['/usr/bin/cmake', '--build', '/home/robot_ws/build/ds4_driver_msgs', '--', '-j16', '-l16'], 'cwd': '/home/robot_ws/build/ds4_driver_msgs', 'env': OrderedDict([('HOSTNAME', 'entity014'), ('SHLVL', '1'), ('LD_LIBRARY_PATH', '/home/robot_ws/install/ds4_driver_msgs/lib:/usr/lib/x86_64-linux-gnu/gazebo-11/plugins:/opt/ros/humble/opt/rviz_ogre_vendor/lib:/opt/ros/humble/lib/x86_64-linux-gnu:/opt/ros/humble/lib'), ('HOME', '/home'), ('ROS_PYTHON_VERSION', '3'), ('COLCON_PREFIX_PATH', '/home/robot_ws/install'), ('ROS_DISTRO', 'humble'), ('_', '/usr/bin/colcon'), ('ROS_VERSION', '2'), ('NVIDIA_DRIVER_CAPABILITIES', 'all'), ('TERM', 'xterm'), ('ROS_LOCALHOST_ONLY', '0'), ('QT_X11_NO_MITSHM', '1'), ('PATH', '/opt/ros/humble/bin:/usr/local/sbin:/usr/local/bin:/usr/sbin:/usr/bin:/sbin:/bin'), ('XDG_RUNTIME_DIR', '/tmp/runtime-root'), ('DISPLAY', ':0'), ('LANG', 'C.UTF-8'), ('RMW_IMPLEMENTATION', 'rmw_cyclonedds_cpp'), ('ROS_DOMAIN_ID', '10'), ('AMENT_PREFIX_PATH', '/home/robot_ws/install/robot_description:/home/robot_ws/install/robot_core:/home/robot_ws/install/ds4_driver:/home/robot_ws/install/ds4_driver_msgs:/opt/ros/humble'), ('NO_AT_BRIDGE', '1'), ('PWD', '/home/robot_ws/build/ds4_driver_msgs'), ('LC_ALL', 'C.UTF-8'), ('PYTHONPATH', '/home/robot_ws/install/robot_description/local/lib/python3.10/dist-packages:/home/robot_ws/install/robot_core/local/lib/python3.10/dist-packages:/home/robot_ws/install/ds4_driver/local/lib/python3.10/dist-packages:/home/robot_ws/install/ds4_driver_msgs/local/lib/python3.10/dist-packages:/opt/ros/humble/lib/python3.10/site-packages:/opt/ros/humble/local/lib/python3.10/dist-packages'), ('COLCON', '1'), ('CMAKE_PREFIX_PATH', '/home/robot_ws/install/robot_description:/home/robot_ws/install/robot_core:/home/robot_ws/install/ds4_driver:/home/robot_ws/install/ds4_driver_msgs:/opt/ros/humble')]), 'shell': False}
[0.019886] (robot_core) JobProgress: {'identifier': 'robot_core', 'progress': 'cmake'}
[0.020604] (robot_core) JobProgress: {'identifier': 'robot_core', 'progress': 'build'}
[0.020784] (robot_core) Command: {'cmd': ['/usr/bin/cmake', '--build', '/home/robot_ws/build/robot_core', '--', '-j16', '-l16'], 'cwd': '/home/robot_ws/build/robot_core', 'env': OrderedDict([('HOSTNAME', 'entity014'), ('SHLVL', '1'), ('LD_LIBRARY_PATH', '/home/robot_ws/install/ds4_driver_msgs/lib:/usr/lib/x86_64-linux-gnu/gazebo-11/plugins:/opt/ros/humble/opt/rviz_ogre_vendor/lib:/opt/ros/humble/lib/x86_64-linux-gnu:/opt/ros/humble/lib'), ('HOME', '/home'), ('ROS_PYTHON_VERSION', '3'), ('COLCON_PREFIX_PATH', '/home/robot_ws/install'), ('ROS_DISTRO', 'humble'), ('_', '/usr/bin/colcon'), ('ROS_VERSION', '2'), ('NVIDIA_DRIVER_CAPABILITIES', 'all'), ('TERM', 'xterm'), ('ROS_LOCALHOST_ONLY', '0'), ('QT_X11_NO_MITSHM', '1'), ('PATH', '/opt/ros/humble/bin:/usr/local/sbin:/usr/local/bin:/usr/sbin:/usr/bin:/sbin:/bin'), ('XDG_RUNTIME_DIR', '/tmp/runtime-root'), ('DISPLAY', ':0'), ('LANG', 'C.UTF-8'), ('RMW_IMPLEMENTATION', 'rmw_cyclonedds_cpp'), ('ROS_DOMAIN_ID', '10'), ('AMENT_PREFIX_PATH', '/home/robot_ws/install/robot_description:/home/robot_ws/install/robot_core:/home/robot_ws/install/ds4_driver:/home/robot_ws/install/ds4_driver_msgs:/opt/ros/humble'), ('NO_AT_BRIDGE', '1'), ('PWD', '/home/robot_ws/build/robot_core'), ('LC_ALL', 'C.UTF-8'), ('PYTHONPATH', '/home/robot_ws/install/robot_description/local/lib/python3.10/dist-packages:/home/robot_ws/install/robot_core/local/lib/python3.10/dist-packages:/home/robot_ws/install/ds4_driver/local/lib/python3.10/dist-packages:/home/robot_ws/install/ds4_driver_msgs/local/lib/python3.10/dist-packages:/opt/ros/humble/lib/python3.10/site-packages:/opt/ros/humble/local/lib/python3.10/dist-packages'), ('COLCON', '1'), ('CMAKE_PREFIX_PATH', '/home/robot_ws/install/robot_description:/home/robot_ws/install/robot_core:/home/robot_ws/install/ds4_driver:/home/robot_ws/install/ds4_driver_msgs:/opt/ros/humble')]), 'shell': False}
[0.023454] (robot_description) JobProgress: {'identifier': 'robot_description', 'progress': 'cmake'}
[0.024375] (robot_description) JobProgress: {'identifier': 'robot_description', 'progress': 'build'}
[0.024965] (robot_description) Command: {'cmd': ['/usr/bin/cmake', '--build', '/home/robot_ws/build/robot_description', '--', '-j16', '-l16'], 'cwd': '/home/robot_ws/build/robot_description', 'env': OrderedDict([('HOSTNAME', 'entity014'), ('SHLVL', '1'), ('LD_LIBRARY_PATH', '/home/robot_ws/install/ds4_driver_msgs/lib:/usr/lib/x86_64-linux-gnu/gazebo-11/plugins:/opt/ros/humble/opt/rviz_ogre_vendor/lib:/opt/ros/humble/lib/x86_64-linux-gnu:/opt/ros/humble/lib'), ('HOME', '/home'), ('ROS_PYTHON_VERSION', '3'), ('COLCON_PREFIX_PATH', '/home/robot_ws/install'), ('ROS_DISTRO', 'humble'), ('_', '/usr/bin/colcon'), ('ROS_VERSION', '2'), ('NVIDIA_DRIVER_CAPABILITIES', 'all'), ('TERM', 'xterm'), ('ROS_LOCALHOST_ONLY', '0'), ('QT_X11_NO_MITSHM', '1'), ('PATH', '/opt/ros/humble/bin:/usr/local/sbin:/usr/local/bin:/usr/sbin:/usr/bin:/sbin:/bin'), ('XDG_RUNTIME_DIR', '/tmp/runtime-root'), ('DISPLAY', ':0'), ('LANG', 'C.UTF-8'), ('RMW_IMPLEMENTATION', 'rmw_cyclonedds_cpp'), ('ROS_DOMAIN_ID', '10'), ('AMENT_PREFIX_PATH', '/home/robot_ws/install/robot_description:/home/robot_ws/install/robot_core:/home/robot_ws/install/ds4_driver:/home/robot_ws/install/ds4_driver_msgs:/opt/ros/humble'), ('NO_AT_BRIDGE', '1'), ('PWD', '/home/robot_ws/build/robot_description'), ('LC_ALL', 'C.UTF-8'), ('PYTHONPATH', '/home/robot_ws/install/robot_description/local/lib/python3.10/dist-packages:/home/robot_ws/install/robot_core/local/lib/python3.10/dist-packages:/home/robot_ws/install/ds4_driver/local/lib/python3.10/dist-packages:/home/robot_ws/install/ds4_driver_msgs/local/lib/python3.10/dist-packages:/opt/ros/humble/lib/python3.10/site-packages:/opt/ros/humble/local/lib/python3.10/dist-packages'), ('COLCON', '1'), ('CMAKE_PREFIX_PATH', '/home/robot_ws/install/robot_description:/home/robot_ws/install/robot_core:/home/robot_ws/install/ds4_driver:/home/robot_ws/install/ds4_driver_msgs:/opt/ros/humble')]), 'shell': False}
[0.099702] (-) TimerEvent: {}
[0.125820] (robot_description) StdoutLine: {'line': b'Built target ament_cmake_python_copy_src\n'}
[0.127713] (ds4_driver_msgs) StdoutLine: {'line': b'[  1%] Built target ds4_driver_msgs__cpp\n'}
[0.133178] (robot_core) StdoutLine: {'line': b'Built target ament_cmake_python_copy_src\n'}
[0.141531] (ds4_driver_msgs) StdoutLine: {'line': b'[  1%] Built target ament_cmake_python_copy_ds4_driver_msgs\n'}
[0.144079] (ds4_driver_msgs) StdoutLine: {'line': b'[ 12%] Built target ds4_driver_msgs__rosidl_generator_c\n'}
[0.199203] (ds4_driver_msgs) StdoutLine: {'line': b'[ 23%] Built target ds4_driver_msgs__rosidl_typesupport_introspection_cpp\n'}
[0.200056] (-) TimerEvent: {}
[0.206180] (ds4_driver_msgs) StdoutLine: {'line': b'[ 34%] Built target ds4_driver_msgs__rosidl_typesupport_cpp\n'}
[0.210123] (ds4_driver_msgs) StdoutLine: {'line': b'[ 45%] Built target ds4_driver_msgs__rosidl_typesupport_fastrtps_cpp\n'}
[0.231939] (ds4_driver_msgs) StdoutLine: {'line': b'[ 56%] Built target ds4_driver_msgs__rosidl_typesupport_introspection_c\n'}
[0.235788] (ds4_driver_msgs) StdoutLine: {'line': b'[ 67%] Built target ds4_driver_msgs__rosidl_typesupport_fastrtps_c\n'}
[0.240438] (ds4_driver_msgs) StdoutLine: {'line': b'[ 78%] Built target ds4_driver_msgs__rosidl_typesupport_c\n'}
[0.262264] (ds4_driver_msgs) StdoutLine: {'line': b'[ 78%] Built target ds4_driver_msgs\n'}
[0.291006] (ds4_driver_msgs) StdoutLine: {'line': b'[ 80%] Built target ds4_driver_msgs__py\n'}
[0.300318] (-) TimerEvent: {}
[0.328133] (ds4_driver_msgs) StdoutLine: {'line': b'[ 89%] Built target ds4_driver_msgs__rosidl_generator_py\n'}
[0.400634] (-) TimerEvent: {}
[0.471446] (ds4_driver_msgs) StdoutLine: {'line': b'[ 96%] Built target ds4_driver_msgs__rosidl_typesupport_fastrtps_c__pyext\n'}
[0.472532] (ds4_driver_msgs) StdoutLine: {'line': b'[ 96%] Built target ds4_driver_msgs__rosidl_typesupport_introspection_c__pyext\n'}
[0.474081] (ds4_driver_msgs) StdoutLine: {'line': b'[100%] Built target ds4_driver_msgs__rosidl_typesupport_c__pyext\n'}
[0.500938] (-) TimerEvent: {}
[0.592526] (ds4_driver_msgs) StdoutLine: {'line': b'running egg_info\n'}
[0.593166] (ds4_driver_msgs) StdoutLine: {'line': b'writing ds4_driver_msgs.egg-info/PKG-INFO\n'}
[0.593458] (ds4_driver_msgs) StdoutLine: {'line': b'writing dependency_links to ds4_driver_msgs.egg-info/dependency_links.txt\n'}
[0.593586] (ds4_driver_msgs) StdoutLine: {'line': b'writing top-level names to ds4_driver_msgs.egg-info/top_level.txt\n'}
[0.595440] (ds4_driver_msgs) StdoutLine: {'line': b"reading manifest file 'ds4_driver_msgs.egg-info/SOURCES.txt'\n"}
[0.595979] (ds4_driver_msgs) StdoutLine: {'line': b"writing manifest file 'ds4_driver_msgs.egg-info/SOURCES.txt'\n"}
[0.601007] (-) TimerEvent: {}
[0.610745] (robot_core) StdoutLine: {'line': b'running egg_info\n'}
[0.611196] (robot_core) StdoutLine: {'line': b'writing src.egg-info/PKG-INFO\n'}
[0.611545] (robot_core) StdoutLine: {'line': b'writing dependency_links to src.egg-info/dependency_links.txt\n'}
[0.611727] (robot_core) StdoutLine: {'line': b'writing top-level names to src.egg-info/top_level.txt\n'}
[0.612976] (robot_core) StdoutLine: {'line': b"reading manifest file 'src.egg-info/SOURCES.txt'\n"}
[0.613612] (robot_core) StdoutLine: {'line': b"writing manifest file 'src.egg-info/SOURCES.txt'\n"}
[0.618467] (ds4_driver_msgs) StdoutLine: {'line': b'[100%] Built target ament_cmake_python_build_ds4_driver_msgs_egg\n'}
[0.628232] (ds4_driver_msgs) CommandEnded: {'returncode': 0}
[0.635037] (robot_core) StdoutLine: {'line': b'Built target ament_cmake_python_build_src_egg\n'}
[0.645626] (robot_core) CommandEnded: {'returncode': 0}
[0.651481] (robot_description) StdoutLine: {'line': b'running egg_info\n'}
[0.651759] (robot_description) StdoutLine: {'line': b'writing src.egg-info/PKG-INFO\n'}
[0.651977] (robot_description) StdoutLine: {'line': b'writing dependency_links to src.egg-info/dependency_links.txt\n'}
[0.652257] (robot_description) StdoutLine: {'line': b'writing top-level names to src.egg-info/top_level.txt\n'}
[0.653144] (robot_description) StdoutLine: {'line': b"reading manifest file 'src.egg-info/SOURCES.txt'\n"}
[0.653784] (robot_description) StdoutLine: {'line': b"writing manifest file 'src.egg-info/SOURCES.txt'\n"}
[0.665912] (robot_core) JobProgress: {'identifier': 'robot_core', 'progress': 'install'}
[0.673475] (robot_core) Command: {'cmd': ['/usr/bin/cmake', '--install', '/home/robot_ws/build/robot_core'], 'cwd': '/home/robot_ws/build/robot_core', 'env': OrderedDict([('HOSTNAME', 'entity014'), ('SHLVL', '1'), ('LD_LIBRARY_PATH', '/home/robot_ws/install/ds4_driver_msgs/lib:/usr/lib/x86_64-linux-gnu/gazebo-11/plugins:/opt/ros/humble/opt/rviz_ogre_vendor/lib:/opt/ros/humble/lib/x86_64-linux-gnu:/opt/ros/humble/lib'), ('HOME', '/home'), ('ROS_PYTHON_VERSION', '3'), ('COLCON_PREFIX_PATH', '/home/robot_ws/install'), ('ROS_DISTRO', 'humble'), ('_', '/usr/bin/colcon'), ('ROS_VERSION', '2'), ('NVIDIA_DRIVER_CAPABILITIES', 'all'), ('TERM', 'xterm'), ('ROS_LOCALHOST_ONLY', '0'), ('QT_X11_NO_MITSHM', '1'), ('PATH', '/opt/ros/humble/bin:/usr/local/sbin:/usr/local/bin:/usr/sbin:/usr/bin:/sbin:/bin'), ('XDG_RUNTIME_DIR', '/tmp/runtime-root'), ('DISPLAY', ':0'), ('LANG', 'C.UTF-8'), ('RMW_IMPLEMENTATION', 'rmw_cyclonedds_cpp'), ('ROS_DOMAIN_ID', '10'), ('AMENT_PREFIX_PATH', '/home/robot_ws/install/robot_description:/home/robot_ws/install/robot_core:/home/robot_ws/install/ds4_driver:/home/robot_ws/install/ds4_driver_msgs:/opt/ros/humble'), ('NO_AT_BRIDGE', '1'), ('PWD', '/home/robot_ws/build/robot_core'), ('LC_ALL', 'C.UTF-8'), ('PYTHONPATH', '/home/robot_ws/install/robot_description/local/lib/python3.10/dist-packages:/home/robot_ws/install/robot_core/local/lib/python3.10/dist-packages:/home/robot_ws/install/ds4_driver/local/lib/python3.10/dist-packages:/home/robot_ws/install/ds4_driver_msgs/local/lib/python3.10/dist-packages:/opt/ros/humble/lib/python3.10/site-packages:/opt/ros/humble/local/lib/python3.10/dist-packages'), ('COLCON', '1'), ('CMAKE_PREFIX_PATH', '/home/robot_ws/install/robot_description:/home/robot_ws/install/robot_core:/home/robot_ws/install/ds4_driver:/home/robot_ws/install/ds4_driver_msgs:/opt/ros/humble')]), 'shell': False}
[0.680607] (robot_description) StdoutLine: {'line': b'Built target ament_cmake_python_build_src_egg\n'}
[0.682185] (robot_core) StdoutLine: {'line': b'-- Install configuration: ""\n'}
[0.682549] (robot_core) StdoutLine: {'line': b'-- Up-to-date: /home/robot_ws/install/robot_core/share/robot_core/environment/pythonpath.sh\n'}
[0.682773] (robot_core) StdoutLine: {'line': b'-- Up-to-date: /home/robot_ws/install/robot_core/share/robot_core/environment/pythonpath.dsv\n'}
[0.682920] (robot_core) StdoutLine: {'line': b'-- Up-to-date: /home/robot_ws/install/robot_core/local/lib/python3.10/dist-packages/src-0.0.0-py3.10.egg-info\n'}
[0.683018] (robot_core) StdoutLine: {'line': b'-- Installing: /home/robot_ws/install/robot_core/local/lib/python3.10/dist-packages/src-0.0.0-py3.10.egg-info/top_level.txt\n'}
[0.683203] (robot_core) StdoutLine: {'line': b'-- Installing: /home/robot_ws/install/robot_core/local/lib/python3.10/dist-packages/src-0.0.0-py3.10.egg-info/SOURCES.txt\n'}
[0.683276] (robot_core) StdoutLine: {'line': b'-- Installing: /home/robot_ws/install/robot_core/local/lib/python3.10/dist-packages/src-0.0.0-py3.10.egg-info/PKG-INFO\n'}
[0.683447] (robot_core) StdoutLine: {'line': b'-- Installing: /home/robot_ws/install/robot_core/local/lib/python3.10/dist-packages/src-0.0.0-py3.10.egg-info/dependency_links.txt\n'}
[0.683534] (robot_core) StdoutLine: {'line': b'-- Up-to-date: /home/robot_ws/install/robot_core/local/lib/python3.10/dist-packages/src\n'}
[0.683738] (robot_core) StdoutLine: {'line': b'-- Up-to-date: /home/robot_ws/install/robot_core/local/lib/python3.10/dist-packages/src/__init__.py\n'}
[0.683847] (robot_core) StdoutLine: {'line': b'-- Up-to-date: /home/robot_ws/install/robot_core/local/lib/python3.10/dist-packages/src/joy copy 2.py\n'}
[0.683934] (robot_core) StdoutLine: {'line': b'-- Up-to-date: /home/robot_ws/install/robot_core/local/lib/python3.10/dist-packages/src/joy.py\n'}
[0.690863] (robot_description) CommandEnded: {'returncode': 0}
[0.701085] (-) TimerEvent: {}
[0.711310] (robot_description) JobProgress: {'identifier': 'robot_description', 'progress': 'install'}
[0.711526] (robot_description) Command: {'cmd': ['/usr/bin/cmake', '--install', '/home/robot_ws/build/robot_description'], 'cwd': '/home/robot_ws/build/robot_description', 'env': OrderedDict([('HOSTNAME', 'entity014'), ('SHLVL', '1'), ('LD_LIBRARY_PATH', '/home/robot_ws/install/ds4_driver_msgs/lib:/usr/lib/x86_64-linux-gnu/gazebo-11/plugins:/opt/ros/humble/opt/rviz_ogre_vendor/lib:/opt/ros/humble/lib/x86_64-linux-gnu:/opt/ros/humble/lib'), ('HOME', '/home'), ('ROS_PYTHON_VERSION', '3'), ('COLCON_PREFIX_PATH', '/home/robot_ws/install'), ('ROS_DISTRO', 'humble'), ('_', '/usr/bin/colcon'), ('ROS_VERSION', '2'), ('NVIDIA_DRIVER_CAPABILITIES', 'all'), ('TERM', 'xterm'), ('ROS_LOCALHOST_ONLY', '0'), ('QT_X11_NO_MITSHM', '1'), ('PATH', '/opt/ros/humble/bin:/usr/local/sbin:/usr/local/bin:/usr/sbin:/usr/bin:/sbin:/bin'), ('XDG_RUNTIME_DIR', '/tmp/runtime-root'), ('DISPLAY', ':0'), ('LANG', 'C.UTF-8'), ('RMW_IMPLEMENTATION', 'rmw_cyclonedds_cpp'), ('ROS_DOMAIN_ID', '10'), ('AMENT_PREFIX_PATH', '/home/robot_ws/install/robot_description:/home/robot_ws/install/robot_core:/home/robot_ws/install/ds4_driver:/home/robot_ws/install/ds4_driver_msgs:/opt/ros/humble'), ('NO_AT_BRIDGE', '1'), ('PWD', '/home/robot_ws/build/robot_description'), ('LC_ALL', 'C.UTF-8'), ('PYTHONPATH', '/home/robot_ws/install/robot_description/local/lib/python3.10/dist-packages:/home/robot_ws/install/robot_core/local/lib/python3.10/dist-packages:/home/robot_ws/install/ds4_driver/local/lib/python3.10/dist-packages:/home/robot_ws/install/ds4_driver_msgs/local/lib/python3.10/dist-packages:/opt/ros/humble/lib/python3.10/site-packages:/opt/ros/humble/local/lib/python3.10/dist-packages'), ('COLCON', '1'), ('CMAKE_PREFIX_PATH', '/home/robot_ws/install/robot_description:/home/robot_ws/install/robot_core:/home/robot_ws/install/ds4_driver:/home/robot_ws/install/ds4_driver_msgs:/opt/ros/humble')]), 'shell': False}
[0.719917] (robot_description) StdoutLine: {'line': b'-- Install configuration: ""\n'}
[0.720229] (robot_description) StdoutLine: {'line': b'-- Up-to-date: /home/robot_ws/install/robot_description/share/robot_description/environment/pythonpath.sh\n'}
[0.720337] (robot_description) StdoutLine: {'line': b'-- Up-to-date: /home/robot_ws/install/robot_description/share/robot_description/environment/pythonpath.dsv\n'}
[0.720449] (robot_description) StdoutLine: {'line': b'-- Up-to-date: /home/robot_ws/install/robot_description/local/lib/python3.10/dist-packages/src-0.0.0-py3.10.egg-info\n'}
[0.720553] (robot_description) StdoutLine: {'line': b'-- Installing: /home/robot_ws/install/robot_description/local/lib/python3.10/dist-packages/src-0.0.0-py3.10.egg-info/top_level.txt\n'}
[0.720629] (robot_description) StdoutLine: {'line': b'-- Installing: /home/robot_ws/install/robot_description/local/lib/python3.10/dist-packages/src-0.0.0-py3.10.egg-info/SOURCES.txt\n'}
[0.720710] (robot_description) StdoutLine: {'line': b'-- Installing: /home/robot_ws/install/robot_description/local/lib/python3.10/dist-packages/src-0.0.0-py3.10.egg-info/PKG-INFO\n'}
[0.720813] (robot_description) StdoutLine: {'line': b'-- Installing: /home/robot_ws/install/robot_description/local/lib/python3.10/dist-packages/src-0.0.0-py3.10.egg-info/dependency_links.txt\n'}
[0.720942] (robot_description) StdoutLine: {'line': b'-- Up-to-date: /home/robot_ws/install/robot_description/local/lib/python3.10/dist-packages/src\n'}
[0.721088] (robot_description) StdoutLine: {'line': b'-- Up-to-date: /home/robot_ws/install/robot_description/local/lib/python3.10/dist-packages/src/__init__.py\n'}
[0.721155] (robot_core) StdoutLine: {'line': b"Listing '/home/robot_ws/install/robot_core/local/lib/python3.10/dist-packages/src'...\n"}
[0.725060] (robot_core) StdoutLine: {'line': b'-- Up-to-date: /home/robot_ws/install/robot_core/share/robot_core/src\n'}
[0.725192] (robot_core) StdoutLine: {'line': b'-- Up-to-date: /home/robot_ws/install/robot_core/share/robot_core/src/__init__.py\n'}
[0.725272] (robot_core) StdoutLine: {'line': b'-- Up-to-date: /home/robot_ws/install/robot_core/share/robot_core/src/joy copy 2.py\n'}
[0.725366] (robot_core) StdoutLine: {'line': b'-- Up-to-date: /home/robot_ws/install/robot_core/share/robot_core/src/joy.py\n'}
[0.725577] (robot_core) StdoutLine: {'line': b'-- Up-to-date: /home/robot_ws/install/robot_core/share/robot_core/launch\n'}
[0.726257] (robot_core) StdoutLine: {'line': b'-- Up-to-date: /home/robot_ws/install/robot_core/share/robot_core/launch/joy.launch.py\n'}
[0.726994] (robot_core) StdoutLine: {'line': b'-- Up-to-date: /home/robot_ws/install/robot_core/share/robot_core/config\n'}
[0.728263] (robot_core) StdoutLine: {'line': b'-- Installing: /home/robot_ws/install/robot_core/share/robot_core/config/joystick.yaml\n'}
[0.730300] (robot_core) StdoutLine: {'line': b'-- Up-to-date: /home/robot_ws/install/robot_core/lib/robot_core/joy.py\n'}
[0.731238] (robot_core) StdoutLine: {'line': b'-- Up-to-date: /home/robot_ws/install/robot_core/lib/robot_core/robot_core\n'}
[0.732160] (robot_core) StdoutLine: {'line': b'-- Up-to-date: /home/robot_ws/install/robot_core/lib/robot_core/robot_core/__init__.py\n'}
[0.733378] (robot_core) StdoutLine: {'line': b'-- Up-to-date: /home/robot_ws/install/robot_core/lib/robot_core/robot_core/ps4.py\n'}
[0.734124] (robot_core) StdoutLine: {'line': b'-- Up-to-date: /home/robot_ws/install/robot_core/share/ament_index/resource_index/package_run_dependencies/robot_core\n'}
[0.734753] (robot_core) StdoutLine: {'line': b'-- Up-to-date: /home/robot_ws/install/robot_core/share/ament_index/resource_index/parent_prefix_path/robot_core\n'}
[0.735308] (robot_core) StdoutLine: {'line': b'-- Up-to-date: /home/robot_ws/install/robot_core/share/robot_core/environment/ament_prefix_path.sh\n'}
[0.735917] (robot_core) StdoutLine: {'line': b'-- Up-to-date: /home/robot_ws/install/robot_core/share/robot_core/environment/ament_prefix_path.dsv\n'}
[0.736465] (robot_core) StdoutLine: {'line': b'-- Up-to-date: /home/robot_ws/install/robot_core/share/robot_core/environment/path.sh\n'}
[0.737093] (robot_core) StdoutLine: {'line': b'-- Up-to-date: /home/robot_ws/install/robot_core/share/robot_core/environment/path.dsv\n'}
[0.737992] (robot_core) StdoutLine: {'line': b'-- Up-to-date: /home/robot_ws/install/robot_core/share/robot_core/local_setup.bash\n'}
[0.738204] (robot_core) StdoutLine: {'line': b'-- Up-to-date: /home/robot_ws/install/robot_core/share/robot_core/local_setup.sh\n'}
[0.738277] (robot_core) StdoutLine: {'line': b'-- Up-to-date: /home/robot_ws/install/robot_core/share/robot_core/local_setup.zsh\n'}
[0.738468] (robot_core) StdoutLine: {'line': b'-- Up-to-date: /home/robot_ws/install/robot_core/share/robot_core/local_setup.dsv\n'}
[0.738669] (robot_core) StdoutLine: {'line': b'-- Installing: /home/robot_ws/install/robot_core/share/robot_core/package.dsv\n'}
[0.738918] (robot_core) StdoutLine: {'line': b'-- Up-to-date: /home/robot_ws/install/robot_core/share/ament_index/resource_index/packages/robot_core\n'}
[0.739297] (robot_core) StdoutLine: {'line': b'-- Up-to-date: /home/robot_ws/install/robot_core/share/robot_core/cmake/robot_coreConfig.cmake\n'}
[0.739739] (robot_core) StdoutLine: {'line': b'-- Up-to-date: /home/robot_ws/install/robot_core/share/robot_core/cmake/robot_coreConfig-version.cmake\n'}
[0.739866] (robot_core) StdoutLine: {'line': b'-- Up-to-date: /home/robot_ws/install/robot_core/share/robot_core/package.xml\n'}
[0.739947] (robot_core) CommandEnded: {'returncode': 0}
[0.755797] (ds4_driver_msgs) JobProgress: {'identifier': 'ds4_driver_msgs', 'progress': 'install'}
[0.756307] (ds4_driver_msgs) Command: {'cmd': ['/usr/bin/cmake', '--install', '/home/robot_ws/build/ds4_driver_msgs'], 'cwd': '/home/robot_ws/build/ds4_driver_msgs', 'env': OrderedDict([('HOSTNAME', 'entity014'), ('SHLVL', '1'), ('LD_LIBRARY_PATH', '/home/robot_ws/install/ds4_driver_msgs/lib:/usr/lib/x86_64-linux-gnu/gazebo-11/plugins:/opt/ros/humble/opt/rviz_ogre_vendor/lib:/opt/ros/humble/lib/x86_64-linux-gnu:/opt/ros/humble/lib'), ('HOME', '/home'), ('ROS_PYTHON_VERSION', '3'), ('COLCON_PREFIX_PATH', '/home/robot_ws/install'), ('ROS_DISTRO', 'humble'), ('_', '/usr/bin/colcon'), ('ROS_VERSION', '2'), ('NVIDIA_DRIVER_CAPABILITIES', 'all'), ('TERM', 'xterm'), ('ROS_LOCALHOST_ONLY', '0'), ('QT_X11_NO_MITSHM', '1'), ('PATH', '/opt/ros/humble/bin:/usr/local/sbin:/usr/local/bin:/usr/sbin:/usr/bin:/sbin:/bin'), ('XDG_RUNTIME_DIR', '/tmp/runtime-root'), ('DISPLAY', ':0'), ('LANG', 'C.UTF-8'), ('RMW_IMPLEMENTATION', 'rmw_cyclonedds_cpp'), ('ROS_DOMAIN_ID', '10'), ('AMENT_PREFIX_PATH', '/home/robot_ws/install/robot_description:/home/robot_ws/install/robot_core:/home/robot_ws/install/ds4_driver:/home/robot_ws/install/ds4_driver_msgs:/opt/ros/humble'), ('NO_AT_BRIDGE', '1'), ('PWD', '/home/robot_ws/build/ds4_driver_msgs'), ('LC_ALL', 'C.UTF-8'), ('PYTHONPATH', '/home/robot_ws/install/robot_description/local/lib/python3.10/dist-packages:/home/robot_ws/install/robot_core/local/lib/python3.10/dist-packages:/home/robot_ws/install/ds4_driver/local/lib/python3.10/dist-packages:/home/robot_ws/install/ds4_driver_msgs/local/lib/python3.10/dist-packages:/opt/ros/humble/lib/python3.10/site-packages:/opt/ros/humble/local/lib/python3.10/dist-packages'), ('COLCON', '1'), ('CMAKE_PREFIX_PATH', '/home/robot_ws/install/robot_description:/home/robot_ws/install/robot_core:/home/robot_ws/install/ds4_driver:/home/robot_ws/install/ds4_driver_msgs:/opt/ros/humble')]), 'shell': False}
[0.757380] (robot_description) StdoutLine: {'line': b"Listing '/home/robot_ws/install/robot_description/local/lib/python3.10/dist-packages/src'...\n"}
[0.760182] (robot_description) StdoutLine: {'line': b'-- Up-to-date: /home/robot_ws/install/robot_description/share/robot_description/config\n'}
[0.760358] (robot_description) StdoutLine: {'line': b'-- Up-to-date: /home/robot_ws/install/robot_description/share/robot_description/launch\n'}
[0.760492] (robot_description) StdoutLine: {'line': b'-- Up-to-date: /home/robot_ws/install/robot_description/share/robot_description/src\n'}
[0.760571] (robot_description) StdoutLine: {'line': b'-- Up-to-date: /home/robot_ws/install/robot_description/share/robot_description/src/__init__.py\n'}
[0.760643] (robot_description) StdoutLine: {'line': b'-- Up-to-date: /home/robot_ws/install/robot_description/share/robot_description/urdf\n'}
[0.760711] (robot_description) StdoutLine: {'line': b'-- Up-to-date: /home/robot_ws/install/robot_description/share/robot_description/worlds\n'}
[0.760779] (robot_description) StdoutLine: {'line': b'-- Up-to-date: /home/robot_ws/install/robot_description/share/ament_index/resource_index/package_run_dependencies/robot_description\n'}
[0.760850] (robot_description) StdoutLine: {'line': b'-- Up-to-date: /home/robot_ws/install/robot_description/share/ament_index/resource_index/parent_prefix_path/robot_description\n'}
[0.761059] (robot_description) StdoutLine: {'line': b'-- Up-to-date: /home/robot_ws/install/robot_description/share/robot_description/environment/ament_prefix_path.sh\n'}
[0.761145] (robot_description) StdoutLine: {'line': b'-- Up-to-date: /home/robot_ws/install/robot_description/share/robot_description/environment/ament_prefix_path.dsv\n'}
[0.761219] (robot_description) StdoutLine: {'line': b'-- Up-to-date: /home/robot_ws/install/robot_description/share/robot_description/environment/path.sh\n'}
[0.761289] (robot_description) StdoutLine: {'line': b'-- Up-to-date: /home/robot_ws/install/robot_description/share/robot_description/environment/path.dsv\n'}
[0.761383] (robot_description) StdoutLine: {'line': b'-- Up-to-date: /home/robot_ws/install/robot_description/share/robot_description/local_setup.bash\n'}
[0.761458] (robot_description) StdoutLine: {'line': b'-- Up-to-date: /home/robot_ws/install/robot_description/share/robot_description/local_setup.sh\n'}
[0.761670] (robot_description) StdoutLine: {'line': b'-- Up-to-date: /home/robot_ws/install/robot_description/share/robot_description/local_setup.zsh\n'}
[0.762195] (robot_description) StdoutLine: {'line': b'-- Up-to-date: /home/robot_ws/install/robot_description/share/robot_description/local_setup.dsv\n'}
[0.763018] (robot_description) StdoutLine: {'line': b'-- Installing: /home/robot_ws/install/robot_description/share/robot_description/package.dsv\n'}
[0.765402] (robot_description) StdoutLine: {'line': b'-- Up-to-date: /home/robot_ws/install/robot_description/share/ament_index/resource_index/packages/robot_description\n'}
[0.774003] (robot_description) StdoutLine: {'line': b'-- Up-to-date: /home/robot_ws/install/robot_description/share/robot_description/cmake/robot_descriptionConfig.cmake\n'}
[0.774432] (robot_description) StdoutLine: {'line': b'-- Up-to-date: /home/robot_ws/install/robot_description/share/robot_description/cmake/robot_descriptionConfig-version.cmake\n'}
[0.776552] (robot_description) StdoutLine: {'line': b'-- Up-to-date: /home/robot_ws/install/robot_description/share/robot_description/package.xml\n'}
[0.777409] (robot_description) CommandEnded: {'returncode': 0}
[0.780069] (ds4_driver_msgs) StdoutLine: {'line': b'-- Install configuration: ""\n'}
[0.783365] (ds4_driver_msgs) StdoutLine: {'line': b'-- Up-to-date: /home/robot_ws/install/ds4_driver_msgs/share/ament_index/resource_index/rosidl_interfaces/ds4_driver_msgs\n'}
[0.785474] (ds4_driver_msgs) StdoutLine: {'line': b'-- Up-to-date: /home/robot_ws/install/ds4_driver_msgs/include/ds4_driver_msgs/ds4_driver_msgs\n'}
[0.787224] (ds4_driver_msgs) StdoutLine: {'line': b'-- Up-to-date: /home/robot_ws/install/ds4_driver_msgs/include/ds4_driver_msgs/ds4_driver_msgs/msg\n'}
[0.787438] (ds4_driver_msgs) StdoutLine: {'line': b'-- Up-to-date: /home/robot_ws/install/ds4_driver_msgs/include/ds4_driver_msgs/ds4_driver_msgs/msg/feedback.h\n'}
[0.787686] (ds4_driver_msgs) StdoutLine: {'line': b'-- Up-to-date: /home/robot_ws/install/ds4_driver_msgs/include/ds4_driver_msgs/ds4_driver_msgs/msg/detail\n'}
[0.787791] (ds4_driver_msgs) StdoutLine: {'line': b'-- Up-to-date: /home/robot_ws/install/ds4_driver_msgs/include/ds4_driver_msgs/ds4_driver_msgs/msg/detail/feedback__type_support.h\n'}
[0.787872] (ds4_driver_msgs) StdoutLine: {'line': b'-- Up-to-date: /home/robot_ws/install/ds4_driver_msgs/include/ds4_driver_msgs/ds4_driver_msgs/msg/detail/trackpad__type_support.h\n'}
[0.787973] (ds4_driver_msgs) StdoutLine: {'line': b'-- Up-to-date: /home/robot_ws/install/ds4_driver_msgs/include/ds4_driver_msgs/ds4_driver_msgs/msg/detail/report__struct.h\n'}
[0.788062] (ds4_driver_msgs) StdoutLine: {'line': b'-- Up-to-date: /home/robot_ws/install/ds4_driver_msgs/include/ds4_driver_msgs/ds4_driver_msgs/msg/detail/status__functions.c\n'}
[0.788150] (ds4_driver_msgs) StdoutLine: {'line': b'-- Up-to-date: /home/robot_ws/install/ds4_driver_msgs/include/ds4_driver_msgs/ds4_driver_msgs/msg/detail/report__type_support.h\n'}
[0.788224] (ds4_driver_msgs) StdoutLine: {'line': b'-- Up-to-date: /home/robot_ws/install/ds4_driver_msgs/include/ds4_driver_msgs/ds4_driver_msgs/msg/detail/report__functions.h\n'}
[0.788452] (ds4_driver_msgs) StdoutLine: {'line': b'-- Up-to-date: /home/robot_ws/install/ds4_driver_msgs/include/ds4_driver_msgs/ds4_driver_msgs/msg/detail/status__type_support.h\n'}
[0.788550] (ds4_driver_msgs) StdoutLine: {'line': b'-- Up-to-date: /home/robot_ws/install/ds4_driver_msgs/include/ds4_driver_msgs/ds4_driver_msgs/msg/detail/trackpad__struct.h\n'}
[0.788627] (ds4_driver_msgs) StdoutLine: {'line': b'-- Up-to-date: /home/robot_ws/install/ds4_driver_msgs/include/ds4_driver_msgs/ds4_driver_msgs/msg/detail/report__functions.c\n'}
[0.788700] (ds4_driver_msgs) StdoutLine: {'line': b'-- Up-to-date: /home/robot_ws/install/ds4_driver_msgs/include/ds4_driver_msgs/ds4_driver_msgs/msg/detail/feedback__functions.h\n'}
[0.788772] (ds4_driver_msgs) StdoutLine: {'line': b'-- Up-to-date: /home/robot_ws/install/ds4_driver_msgs/include/ds4_driver_msgs/ds4_driver_msgs/msg/detail/trackpad__functions.h\n'}
[0.788930] (ds4_driver_msgs) StdoutLine: {'line': b'-- Up-to-date: /home/robot_ws/install/ds4_driver_msgs/include/ds4_driver_msgs/ds4_driver_msgs/msg/detail/feedback__struct.h\n'}
[0.789022] (ds4_driver_msgs) StdoutLine: {'line': b'-- Up-to-date: /home/robot_ws/install/ds4_driver_msgs/include/ds4_driver_msgs/ds4_driver_msgs/msg/detail/status__struct.h\n'}
[0.789097] (ds4_driver_msgs) StdoutLine: {'line': b'-- Up-to-date: /home/robot_ws/install/ds4_driver_msgs/include/ds4_driver_msgs/ds4_driver_msgs/msg/detail/status__functions.h\n'}
[0.789173] (ds4_driver_msgs) StdoutLine: {'line': b'-- Up-to-date: /home/robot_ws/install/ds4_driver_msgs/include/ds4_driver_msgs/ds4_driver_msgs/msg/detail/trackpad__functions.c\n'}
[0.789255] (ds4_driver_msgs) StdoutLine: {'line': b'-- Up-to-date: /home/robot_ws/install/ds4_driver_msgs/include/ds4_driver_msgs/ds4_driver_msgs/msg/detail/feedback__functions.c\n'}
[0.789423] (ds4_driver_msgs) StdoutLine: {'line': b'-- Up-to-date: /home/robot_ws/install/ds4_driver_msgs/include/ds4_driver_msgs/ds4_driver_msgs/msg/status.h\n'}
[0.789519] (ds4_driver_msgs) StdoutLine: {'line': b'-- Up-to-date: /home/robot_ws/install/ds4_driver_msgs/include/ds4_driver_msgs/ds4_driver_msgs/msg/trackpad.h\n'}
[0.789601] (ds4_driver_msgs) StdoutLine: {'line': b'-- Up-to-date: /home/robot_ws/install/ds4_driver_msgs/include/ds4_driver_msgs/ds4_driver_msgs/msg/report.h\n'}
[0.789787] (ds4_driver_msgs) StdoutLine: {'line': b'-- Up-to-date: /home/robot_ws/install/ds4_driver_msgs/include/ds4_driver_msgs/ds4_driver_msgs/msg/rosidl_generator_c__visibility_control.h\n'}
[0.790072] (ds4_driver_msgs) StdoutLine: {'line': b'-- Up-to-date: /home/robot_ws/install/ds4_driver_msgs/share/ds4_driver_msgs/environment/library_path.sh\n'}
[0.790173] (ds4_driver_msgs) StdoutLine: {'line': b'-- Up-to-date: /home/robot_ws/install/ds4_driver_msgs/share/ds4_driver_msgs/environment/library_path.dsv\n'}
[0.790248] (ds4_driver_msgs) StdoutLine: {'line': b'-- Up-to-date: /home/robot_ws/install/ds4_driver_msgs/lib/libds4_driver_msgs__rosidl_generator_c.so\n'}
[0.790371] (ds4_driver_msgs) StdoutLine: {'line': b'-- Up-to-date: /home/robot_ws/install/ds4_driver_msgs/include/ds4_driver_msgs/ds4_driver_msgs\n'}
[0.790484] (ds4_driver_msgs) StdoutLine: {'line': b'-- Up-to-date: /home/robot_ws/install/ds4_driver_msgs/include/ds4_driver_msgs/ds4_driver_msgs/msg\n'}
[0.790559] (ds4_driver_msgs) StdoutLine: {'line': b'-- Up-to-date: /home/robot_ws/install/ds4_driver_msgs/include/ds4_driver_msgs/ds4_driver_msgs/msg/detail\n'}
[0.790644] (ds4_driver_msgs) StdoutLine: {'line': b'-- Up-to-date: /home/robot_ws/install/ds4_driver_msgs/include/ds4_driver_msgs/ds4_driver_msgs/msg/detail/feedback__rosidl_typesupport_fastrtps_c.h\n'}
[0.790733] (ds4_driver_msgs) StdoutLine: {'line': b'-- Up-to-date: /home/robot_ws/install/ds4_driver_msgs/include/ds4_driver_msgs/ds4_driver_msgs/msg/detail/report__rosidl_typesupport_fastrtps_c.h\n'}
[0.790806] (ds4_driver_msgs) StdoutLine: {'line': b'-- Up-to-date: /home/robot_ws/install/ds4_driver_msgs/include/ds4_driver_msgs/ds4_driver_msgs/msg/detail/status__rosidl_typesupport_fastrtps_c.h\n'}
[0.790877] (ds4_driver_msgs) StdoutLine: {'line': b'-- Up-to-date: /home/robot_ws/install/ds4_driver_msgs/include/ds4_driver_msgs/ds4_driver_msgs/msg/detail/trackpad__rosidl_typesupport_fastrtps_c.h\n'}
[0.790948] (ds4_driver_msgs) StdoutLine: {'line': b'-- Up-to-date: /home/robot_ws/install/ds4_driver_msgs/include/ds4_driver_msgs/ds4_driver_msgs/msg/rosidl_typesupport_fastrtps_c__visibility_control.h\n'}
[0.791021] (ds4_driver_msgs) StdoutLine: {'line': b'-- Up-to-date: /home/robot_ws/install/ds4_driver_msgs/lib/libds4_driver_msgs__rosidl_typesupport_fastrtps_c.so\n'}
[0.791102] (ds4_driver_msgs) StdoutLine: {'line': b'-- Up-to-date: /home/robot_ws/install/ds4_driver_msgs/include/ds4_driver_msgs/ds4_driver_msgs\n'}
[0.791184] (ds4_driver_msgs) StdoutLine: {'line': b'-- Up-to-date: /home/robot_ws/install/ds4_driver_msgs/include/ds4_driver_msgs/ds4_driver_msgs/msg\n'}
[0.791270] (ds4_driver_msgs) StdoutLine: {'line': b'-- Up-to-date: /home/robot_ws/install/ds4_driver_msgs/include/ds4_driver_msgs/ds4_driver_msgs/msg/detail\n'}
[0.791354] (ds4_driver_msgs) StdoutLine: {'line': b'-- Up-to-date: /home/robot_ws/install/ds4_driver_msgs/include/ds4_driver_msgs/ds4_driver_msgs/msg/detail/status__builder.hpp\n'}
[0.791462] (ds4_driver_msgs) StdoutLine: {'line': b'-- Up-to-date: /home/robot_ws/install/ds4_driver_msgs/include/ds4_driver_msgs/ds4_driver_msgs/msg/detail/status__traits.hpp\n'}
[0.791556] (ds4_driver_msgs) StdoutLine: {'line': b'-- Up-to-date: /home/robot_ws/install/ds4_driver_msgs/include/ds4_driver_msgs/ds4_driver_msgs/msg/detail/feedback__traits.hpp\n'}
[0.791624] (ds4_driver_msgs) StdoutLine: {'line': b'-- Up-to-date: /home/robot_ws/install/ds4_driver_msgs/include/ds4_driver_msgs/ds4_driver_msgs/msg/detail/status__struct.hpp\n'}
[0.791693] (ds4_driver_msgs) StdoutLine: {'line': b'-- Up-to-date: /home/robot_ws/install/ds4_driver_msgs/include/ds4_driver_msgs/ds4_driver_msgs/msg/detail/report__struct.hpp\n'}
[0.791786] (ds4_driver_msgs) StdoutLine: {'line': b'-- Up-to-date: /home/robot_ws/install/ds4_driver_msgs/include/ds4_driver_msgs/ds4_driver_msgs/msg/detail/feedback__builder.hpp\n'}
[0.791867] (ds4_driver_msgs) StdoutLine: {'line': b'-- Up-to-date: /home/robot_ws/install/ds4_driver_msgs/include/ds4_driver_msgs/ds4_driver_msgs/msg/detail/report__builder.hpp\n'}
[0.791956] (ds4_driver_msgs) StdoutLine: {'line': b'-- Up-to-date: /home/robot_ws/install/ds4_driver_msgs/include/ds4_driver_msgs/ds4_driver_msgs/msg/detail/report__traits.hpp\n'}
[0.792071] (ds4_driver_msgs) StdoutLine: {'line': b'-- Up-to-date: /home/robot_ws/install/ds4_driver_msgs/include/ds4_driver_msgs/ds4_driver_msgs/msg/detail/trackpad__struct.hpp\n'}
[0.792149] (ds4_driver_msgs) StdoutLine: {'line': b'-- Up-to-date: /home/robot_ws/install/ds4_driver_msgs/include/ds4_driver_msgs/ds4_driver_msgs/msg/detail/trackpad__builder.hpp\n'}
[0.792221] (ds4_driver_msgs) StdoutLine: {'line': b'-- Up-to-date: /home/robot_ws/install/ds4_driver_msgs/include/ds4_driver_msgs/ds4_driver_msgs/msg/detail/feedback__struct.hpp\n'}
[0.792305] (ds4_driver_msgs) StdoutLine: {'line': b'-- Up-to-date: /home/robot_ws/install/ds4_driver_msgs/include/ds4_driver_msgs/ds4_driver_msgs/msg/detail/trackpad__traits.hpp\n'}
[0.792436] (ds4_driver_msgs) StdoutLine: {'line': b'-- Up-to-date: /home/robot_ws/install/ds4_driver_msgs/include/ds4_driver_msgs/ds4_driver_msgs/msg/status.hpp\n'}
[0.792532] (ds4_driver_msgs) StdoutLine: {'line': b'-- Up-to-date: /home/robot_ws/install/ds4_driver_msgs/include/ds4_driver_msgs/ds4_driver_msgs/msg/trackpad.hpp\n'}
[0.792606] (ds4_driver_msgs) StdoutLine: {'line': b'-- Up-to-date: /home/robot_ws/install/ds4_driver_msgs/include/ds4_driver_msgs/ds4_driver_msgs/msg/report.hpp\n'}
[0.792678] (ds4_driver_msgs) StdoutLine: {'line': b'-- Up-to-date: /home/robot_ws/install/ds4_driver_msgs/include/ds4_driver_msgs/ds4_driver_msgs/msg/feedback.hpp\n'}
[0.792750] (ds4_driver_msgs) StdoutLine: {'line': b'-- Up-to-date: /home/robot_ws/install/ds4_driver_msgs/include/ds4_driver_msgs/ds4_driver_msgs\n'}
[0.792820] (ds4_driver_msgs) StdoutLine: {'line': b'-- Up-to-date: /home/robot_ws/install/ds4_driver_msgs/include/ds4_driver_msgs/ds4_driver_msgs/msg\n'}
[0.792924] (ds4_driver_msgs) StdoutLine: {'line': b'-- Up-to-date: /home/robot_ws/install/ds4_driver_msgs/include/ds4_driver_msgs/ds4_driver_msgs/msg/detail\n'}
[0.793010] (ds4_driver_msgs) StdoutLine: {'line': b'-- Up-to-date: /home/robot_ws/install/ds4_driver_msgs/include/ds4_driver_msgs/ds4_driver_msgs/msg/detail/trackpad__rosidl_typesupport_fastrtps_cpp.hpp\n'}
[0.793081] (ds4_driver_msgs) StdoutLine: {'line': b'-- Up-to-date: /home/robot_ws/install/ds4_driver_msgs/include/ds4_driver_msgs/ds4_driver_msgs/msg/detail/feedback__rosidl_typesupport_fastrtps_cpp.hpp\n'}
[0.793152] (ds4_driver_msgs) StdoutLine: {'line': b'-- Up-to-date: /home/robot_ws/install/ds4_driver_msgs/include/ds4_driver_msgs/ds4_driver_msgs/msg/detail/dds_fastrtps\n'}
[0.793222] (ds4_driver_msgs) StdoutLine: {'line': b'-- Up-to-date: /home/robot_ws/install/ds4_driver_msgs/include/ds4_driver_msgs/ds4_driver_msgs/msg/detail/report__rosidl_typesupport_fastrtps_cpp.hpp\n'}
[0.793292] (ds4_driver_msgs) StdoutLine: {'line': b'-- Up-to-date: /home/robot_ws/install/ds4_driver_msgs/include/ds4_driver_msgs/ds4_driver_msgs/msg/detail/status__rosidl_typesupport_fastrtps_cpp.hpp\n'}
[0.793746] (ds4_driver_msgs) StdoutLine: {'line': b'-- Up-to-date: /home/robot_ws/install/ds4_driver_msgs/include/ds4_driver_msgs/ds4_driver_msgs/msg/rosidl_typesupport_fastrtps_cpp__visibility_control.h\n'}
[0.793940] (ds4_driver_msgs) StdoutLine: {'line': b'-- Up-to-date: /home/robot_ws/install/ds4_driver_msgs/lib/libds4_driver_msgs__rosidl_typesupport_fastrtps_cpp.so\n'}
[0.794016] (ds4_driver_msgs) StdoutLine: {'line': b'-- Up-to-date: /home/robot_ws/install/ds4_driver_msgs/include/ds4_driver_msgs/ds4_driver_msgs\n'}
[0.794089] (ds4_driver_msgs) StdoutLine: {'line': b'-- Up-to-date: /home/robot_ws/install/ds4_driver_msgs/include/ds4_driver_msgs/ds4_driver_msgs/msg\n'}
[0.794163] (ds4_driver_msgs) StdoutLine: {'line': b'-- Up-to-date: /home/robot_ws/install/ds4_driver_msgs/include/ds4_driver_msgs/ds4_driver_msgs/msg/detail\n'}
[0.794476] (ds4_driver_msgs) StdoutLine: {'line': b'-- Up-to-date: /home/robot_ws/install/ds4_driver_msgs/include/ds4_driver_msgs/ds4_driver_msgs/msg/detail/trackpad__rosidl_typesupport_introspection_c.h\n'}
[0.794557] (ds4_driver_msgs) StdoutLine: {'line': b'-- Up-to-date: /home/robot_ws/install/ds4_driver_msgs/include/ds4_driver_msgs/ds4_driver_msgs/msg/detail/report__rosidl_typesupport_introspection_c.h\n'}
[0.794653] (ds4_driver_msgs) StdoutLine: {'line': b'-- Up-to-date: /home/robot_ws/install/ds4_driver_msgs/include/ds4_driver_msgs/ds4_driver_msgs/msg/detail/report__type_support.c\n'}
[0.794726] (ds4_driver_msgs) StdoutLine: {'line': b'-- Up-to-date: /home/robot_ws/install/ds4_driver_msgs/include/ds4_driver_msgs/ds4_driver_msgs/msg/detail/status__rosidl_typesupport_introspection_c.h\n'}
[0.794797] (ds4_driver_msgs) StdoutLine: {'line': b'-- Up-to-date: /home/robot_ws/install/ds4_driver_msgs/include/ds4_driver_msgs/ds4_driver_msgs/msg/detail/trackpad__type_support.c\n'}
[0.794891] (ds4_driver_msgs) StdoutLine: {'line': b'-- Up-to-date: /home/robot_ws/install/ds4_driver_msgs/include/ds4_driver_msgs/ds4_driver_msgs/msg/detail/feedback__rosidl_typesupport_introspection_c.h\n'}
[0.794965] (ds4_driver_msgs) StdoutLine: {'line': b'-- Up-to-date: /home/robot_ws/install/ds4_driver_msgs/include/ds4_driver_msgs/ds4_driver_msgs/msg/detail/status__type_support.c\n'}
[0.795035] (ds4_driver_msgs) StdoutLine: {'line': b'-- Up-to-date: /home/robot_ws/install/ds4_driver_msgs/include/ds4_driver_msgs/ds4_driver_msgs/msg/detail/feedback__type_support.c\n'}
[0.795210] (ds4_driver_msgs) StdoutLine: {'line': b'-- Up-to-date: /home/robot_ws/install/ds4_driver_msgs/include/ds4_driver_msgs/ds4_driver_msgs/msg/rosidl_typesupport_introspection_c__visibility_control.h\n'}
[0.795357] (ds4_driver_msgs) StdoutLine: {'line': b'-- Up-to-date: /home/robot_ws/install/ds4_driver_msgs/lib/libds4_driver_msgs__rosidl_typesupport_introspection_c.so\n'}
[0.795471] (ds4_driver_msgs) StdoutLine: {'line': b'-- Up-to-date: /home/robot_ws/install/ds4_driver_msgs/lib/libds4_driver_msgs__rosidl_typesupport_c.so\n'}
[0.795546] (ds4_driver_msgs) StdoutLine: {'line': b'-- Up-to-date: /home/robot_ws/install/ds4_driver_msgs/include/ds4_driver_msgs/ds4_driver_msgs\n'}
[0.795727] (ds4_driver_msgs) StdoutLine: {'line': b'-- Up-to-date: /home/robot_ws/install/ds4_driver_msgs/include/ds4_driver_msgs/ds4_driver_msgs/msg\n'}
[0.795852] (ds4_driver_msgs) StdoutLine: {'line': b'-- Up-to-date: /home/robot_ws/install/ds4_driver_msgs/include/ds4_driver_msgs/ds4_driver_msgs/msg/detail\n'}
[0.795928] (ds4_driver_msgs) StdoutLine: {'line': b'-- Up-to-date: /home/robot_ws/install/ds4_driver_msgs/include/ds4_driver_msgs/ds4_driver_msgs/msg/detail/status__type_support.cpp\n'}
[0.795999] (ds4_driver_msgs) StdoutLine: {'line': b'-- Up-to-date: /home/robot_ws/install/ds4_driver_msgs/include/ds4_driver_msgs/ds4_driver_msgs/msg/detail/report__type_support.cpp\n'}
[0.796068] (ds4_driver_msgs) StdoutLine: {'line': b'-- Up-to-date: /home/robot_ws/install/ds4_driver_msgs/include/ds4_driver_msgs/ds4_driver_msgs/msg/detail/trackpad__rosidl_typesupport_introspection_cpp.hpp\n'}
[0.796137] (ds4_driver_msgs) StdoutLine: {'line': b'-- Up-to-date: /home/robot_ws/install/ds4_driver_msgs/include/ds4_driver_msgs/ds4_driver_msgs/msg/detail/trackpad__type_support.cpp\n'}
[0.796206] (ds4_driver_msgs) StdoutLine: {'line': b'-- Up-to-date: /home/robot_ws/install/ds4_driver_msgs/include/ds4_driver_msgs/ds4_driver_msgs/msg/detail/status__rosidl_typesupport_introspection_cpp.hpp\n'}
[0.796278] (ds4_driver_msgs) StdoutLine: {'line': b'-- Up-to-date: /home/robot_ws/install/ds4_driver_msgs/include/ds4_driver_msgs/ds4_driver_msgs/msg/detail/feedback__rosidl_typesupport_introspection_cpp.hpp\n'}
[0.796394] (ds4_driver_msgs) StdoutLine: {'line': b'-- Up-to-date: /home/robot_ws/install/ds4_driver_msgs/include/ds4_driver_msgs/ds4_driver_msgs/msg/detail/report__rosidl_typesupport_introspection_cpp.hpp\n'}
[0.796632] (ds4_driver_msgs) StdoutLine: {'line': b'-- Up-to-date: /home/robot_ws/install/ds4_driver_msgs/include/ds4_driver_msgs/ds4_driver_msgs/msg/detail/feedback__type_support.cpp\n'}
[0.796715] (ds4_driver_msgs) StdoutLine: {'line': b'-- Up-to-date: /home/robot_ws/install/ds4_driver_msgs/lib/libds4_driver_msgs__rosidl_typesupport_introspection_cpp.so\n'}
[0.796788] (ds4_driver_msgs) StdoutLine: {'line': b'-- Up-to-date: /home/robot_ws/install/ds4_driver_msgs/lib/libds4_driver_msgs__rosidl_typesupport_cpp.so\n'}
[0.796924] (ds4_driver_msgs) StdoutLine: {'line': b'-- Up-to-date: /home/robot_ws/install/ds4_driver_msgs/share/ds4_driver_msgs/environment/pythonpath.sh\n'}
[0.797023] (ds4_driver_msgs) StdoutLine: {'line': b'-- Up-to-date: /home/robot_ws/install/ds4_driver_msgs/share/ds4_driver_msgs/environment/pythonpath.dsv\n'}
[0.797098] (ds4_driver_msgs) StdoutLine: {'line': b'-- Up-to-date: /home/robot_ws/install/ds4_driver_msgs/local/lib/python3.10/dist-packages/ds4_driver_msgs-0.0.0-py3.10.egg-info\n'}
[0.797170] (ds4_driver_msgs) StdoutLine: {'line': b'-- Installing: /home/robot_ws/install/ds4_driver_msgs/local/lib/python3.10/dist-packages/ds4_driver_msgs-0.0.0-py3.10.egg-info/top_level.txt\n'}
[0.797441] (ds4_driver_msgs) StdoutLine: {'line': b'-- Installing: /home/robot_ws/install/ds4_driver_msgs/local/lib/python3.10/dist-packages/ds4_driver_msgs-0.0.0-py3.10.egg-info/SOURCES.txt\n'}
[0.797553] (ds4_driver_msgs) StdoutLine: {'line': b'-- Installing: /home/robot_ws/install/ds4_driver_msgs/local/lib/python3.10/dist-packages/ds4_driver_msgs-0.0.0-py3.10.egg-info/PKG-INFO\n'}
[0.797627] (ds4_driver_msgs) StdoutLine: {'line': b'-- Installing: /home/robot_ws/install/ds4_driver_msgs/local/lib/python3.10/dist-packages/ds4_driver_msgs-0.0.0-py3.10.egg-info/dependency_links.txt\n'}
[0.797699] (ds4_driver_msgs) StdoutLine: {'line': b'-- Up-to-date: /home/robot_ws/install/ds4_driver_msgs/local/lib/python3.10/dist-packages/ds4_driver_msgs\n'}
[0.797769] (ds4_driver_msgs) StdoutLine: {'line': b'-- Up-to-date: /home/robot_ws/install/ds4_driver_msgs/local/lib/python3.10/dist-packages/ds4_driver_msgs/ds4_driver_msgs_s__rosidl_typesupport_introspection_c.cpython-310-x86_64-linux-gnu.so\n'}
[0.797841] (ds4_driver_msgs) StdoutLine: {'line': b'-- Up-to-date: /home/robot_ws/install/ds4_driver_msgs/local/lib/python3.10/dist-packages/ds4_driver_msgs/__init__.py\n'}
[0.797913] (ds4_driver_msgs) StdoutLine: {'line': b'-- Up-to-date: /home/robot_ws/install/ds4_driver_msgs/local/lib/python3.10/dist-packages/ds4_driver_msgs/_ds4_driver_msgs_s.ep.rosidl_typesupport_fastrtps_c.c\n'}
[0.797984] (ds4_driver_msgs) StdoutLine: {'line': b'-- Up-to-date: /home/robot_ws/install/ds4_driver_msgs/local/lib/python3.10/dist-packages/ds4_driver_msgs/ds4_driver_msgs_s__rosidl_typesupport_fastrtps_c.cpython-310-x86_64-linux-gnu.so\n'}
[0.798055] (ds4_driver_msgs) StdoutLine: {'line': b'-- Up-to-date: /home/robot_ws/install/ds4_driver_msgs/local/lib/python3.10/dist-packages/ds4_driver_msgs/_ds4_driver_msgs_s.ep.rosidl_typesupport_c.c\n'}
[0.798154] (ds4_driver_msgs) StdoutLine: {'line': b'-- Up-to-date: /home/robot_ws/install/ds4_driver_msgs/local/lib/python3.10/dist-packages/ds4_driver_msgs/_ds4_driver_msgs_s.ep.rosidl_typesupport_introspection_c.c\n'}
[0.798424] (ds4_driver_msgs) StdoutLine: {'line': b'-- Up-to-date: /home/robot_ws/install/ds4_driver_msgs/local/lib/python3.10/dist-packages/ds4_driver_msgs/ds4_driver_msgs_s__rosidl_typesupport_c.cpython-310-x86_64-linux-gnu.so\n'}
[0.798588] (ds4_driver_msgs) StdoutLine: {'line': b'-- Up-to-date: /home/robot_ws/install/ds4_driver_msgs/local/lib/python3.10/dist-packages/ds4_driver_msgs/msg\n'}
[0.798753] (ds4_driver_msgs) StdoutLine: {'line': b'-- Up-to-date: /home/robot_ws/install/ds4_driver_msgs/local/lib/python3.10/dist-packages/ds4_driver_msgs/msg/_feedback_s.c\n'}
[0.799097] (ds4_driver_msgs) StdoutLine: {'line': b'-- Up-to-date: /home/robot_ws/install/ds4_driver_msgs/local/lib/python3.10/dist-packages/ds4_driver_msgs/msg/__init__.py\n'}
[0.799832] (ds4_driver_msgs) StdoutLine: {'line': b'-- Up-to-date: /home/robot_ws/install/ds4_driver_msgs/local/lib/python3.10/dist-packages/ds4_driver_msgs/msg/_trackpad.py\n'}
[0.799913] (ds4_driver_msgs) StdoutLine: {'line': b'-- Up-to-date: /home/robot_ws/install/ds4_driver_msgs/local/lib/python3.10/dist-packages/ds4_driver_msgs/msg/_feedback.py\n'}
[0.799992] (ds4_driver_msgs) StdoutLine: {'line': b'-- Up-to-date: /home/robot_ws/install/ds4_driver_msgs/local/lib/python3.10/dist-packages/ds4_driver_msgs/msg/_trackpad_s.c\n'}
[0.800065] (ds4_driver_msgs) StdoutLine: {'line': b'-- Up-to-date: /home/robot_ws/install/ds4_driver_msgs/local/lib/python3.10/dist-packages/ds4_driver_msgs/msg/_status.py\n'}
[0.800163] (ds4_driver_msgs) StdoutLine: {'line': b'-- Up-to-date: /home/robot_ws/install/ds4_driver_msgs/local/lib/python3.10/dist-packages/ds4_driver_msgs/msg/_report.py\n'}
[0.800239] (ds4_driver_msgs) StdoutLine: {'line': b'-- Up-to-date: /home/robot_ws/install/ds4_driver_msgs/local/lib/python3.10/dist-packages/ds4_driver_msgs/msg/_report_s.c\n'}
[0.800309] (ds4_driver_msgs) StdoutLine: {'line': b'-- Up-to-date: /home/robot_ws/install/ds4_driver_msgs/local/lib/python3.10/dist-packages/ds4_driver_msgs/msg/_status_s.c\n'}
[0.800590] (ds4_driver_msgs) StdoutLine: {'line': b'-- Up-to-date: /home/robot_ws/install/ds4_driver_msgs/local/lib/python3.10/dist-packages/ds4_driver_msgs/libds4_driver_msgs__rosidl_generator_py.so\n'}
[0.801168] (-) TimerEvent: {}
[0.810359] (robot_core) JobEnded: {'identifier': 'robot_core', 'rc': 0}
[0.810876] (ds4_driver_msgs) StdoutLine: {'line': b"Listing '/home/robot_ws/install/ds4_driver_msgs/local/lib/python3.10/dist-packages/ds4_driver_msgs'...\n"}
[0.810940] (ds4_driver_msgs) StdoutLine: {'line': b"Listing '/home/robot_ws/install/ds4_driver_msgs/local/lib/python3.10/dist-packages/ds4_driver_msgs/msg'...\n"}
[0.813774] (ds4_driver_msgs) StdoutLine: {'line': b'-- Up-to-date: /home/robot_ws/install/ds4_driver_msgs/local/lib/python3.10/dist-packages/ds4_driver_msgs/ds4_driver_msgs_s__rosidl_typesupport_fastrtps_c.cpython-310-x86_64-linux-gnu.so\n'}
[0.814275] (ds4_driver_msgs) StdoutLine: {'line': b'-- Up-to-date: /home/robot_ws/install/ds4_driver_msgs/local/lib/python3.10/dist-packages/ds4_driver_msgs/ds4_driver_msgs_s__rosidl_typesupport_introspection_c.cpython-310-x86_64-linux-gnu.so\n'}
[0.814353] (ds4_driver_msgs) StdoutLine: {'line': b'-- Up-to-date: /home/robot_ws/install/ds4_driver_msgs/local/lib/python3.10/dist-packages/ds4_driver_msgs/ds4_driver_msgs_s__rosidl_typesupport_c.cpython-310-x86_64-linux-gnu.so\n'}
[0.814501] (ds4_driver_msgs) StdoutLine: {'line': b'-- Up-to-date: /home/robot_ws/install/ds4_driver_msgs/lib/libds4_driver_msgs__rosidl_generator_py.so\n'}
[0.814557] (ds4_driver_msgs) StdoutLine: {'line': b'-- Up-to-date: /home/robot_ws/install/ds4_driver_msgs/share/ds4_driver_msgs/msg/Feedback.idl\n'}
[0.814608] (ds4_driver_msgs) StdoutLine: {'line': b'-- Up-to-date: /home/robot_ws/install/ds4_driver_msgs/share/ds4_driver_msgs/msg/Status.idl\n'}
[0.814664] (ds4_driver_msgs) StdoutLine: {'line': b'-- Up-to-date: /home/robot_ws/install/ds4_driver_msgs/share/ds4_driver_msgs/msg/Report.idl\n'}
[0.814691] (ds4_driver_msgs) StdoutLine: {'line': b'-- Up-to-date: /home/robot_ws/install/ds4_driver_msgs/share/ds4_driver_msgs/msg/Trackpad.idl\n'}
[0.814718] (ds4_driver_msgs) StdoutLine: {'line': b'-- Up-to-date: /home/robot_ws/install/ds4_driver_msgs/share/ds4_driver_msgs/msg/Feedback.msg\n'}
[0.814773] (ds4_driver_msgs) StdoutLine: {'line': b'-- Up-to-date: /home/robot_ws/install/ds4_driver_msgs/share/ds4_driver_msgs/msg/Status.msg\n'}
[0.814800] (ds4_driver_msgs) StdoutLine: {'line': b'-- Up-to-date: /home/robot_ws/install/ds4_driver_msgs/share/ds4_driver_msgs/msg/Report.msg\n'}
[0.814826] (ds4_driver_msgs) StdoutLine: {'line': b'-- Up-to-date: /home/robot_ws/install/ds4_driver_msgs/share/ds4_driver_msgs/msg/Trackpad.msg\n'}
[0.814851] (ds4_driver_msgs) StdoutLine: {'line': b'-- Up-to-date: /home/robot_ws/install/ds4_driver_msgs/share/ament_index/resource_index/package_run_dependencies/ds4_driver_msgs\n'}
[0.814909] (ds4_driver_msgs) StdoutLine: {'line': b'-- Up-to-date: /home/robot_ws/install/ds4_driver_msgs/share/ament_index/resource_index/parent_prefix_path/ds4_driver_msgs\n'}
[0.814937] (ds4_driver_msgs) StdoutLine: {'line': b'-- Up-to-date: /home/robot_ws/install/ds4_driver_msgs/share/ds4_driver_msgs/environment/ament_prefix_path.sh\n'}
[0.814963] (ds4_driver_msgs) StdoutLine: {'line': b'-- Up-to-date: /home/robot_ws/install/ds4_driver_msgs/share/ds4_driver_msgs/environment/ament_prefix_path.dsv\n'}
[0.815006] (ds4_driver_msgs) StdoutLine: {'line': b'-- Up-to-date: /home/robot_ws/install/ds4_driver_msgs/share/ds4_driver_msgs/environment/path.sh\n'}
[0.815114] (ds4_driver_msgs) StdoutLine: {'line': b'-- Up-to-date: /home/robot_ws/install/ds4_driver_msgs/share/ds4_driver_msgs/environment/path.dsv\n'}
[0.815141] (ds4_driver_msgs) StdoutLine: {'line': b'-- Up-to-date: /home/robot_ws/install/ds4_driver_msgs/share/ds4_driver_msgs/local_setup.bash\n'}
[0.815166] (ds4_driver_msgs) StdoutLine: {'line': b'-- Up-to-date: /home/robot_ws/install/ds4_driver_msgs/share/ds4_driver_msgs/local_setup.sh\n'}
[0.815190] (ds4_driver_msgs) StdoutLine: {'line': b'-- Up-to-date: /home/robot_ws/install/ds4_driver_msgs/share/ds4_driver_msgs/local_setup.zsh\n'}
[0.815213] (ds4_driver_msgs) StdoutLine: {'line': b'-- Up-to-date: /home/robot_ws/install/ds4_driver_msgs/share/ds4_driver_msgs/local_setup.dsv\n'}
[0.815235] (ds4_driver_msgs) StdoutLine: {'line': b'-- Installing: /home/robot_ws/install/ds4_driver_msgs/share/ds4_driver_msgs/package.dsv\n'}
[0.815261] (ds4_driver_msgs) StdoutLine: {'line': b'-- Up-to-date: /home/robot_ws/install/ds4_driver_msgs/share/ament_index/resource_index/packages/ds4_driver_msgs\n'}
[0.815313] (ds4_driver_msgs) StdoutLine: {'line': b'-- Up-to-date: /home/robot_ws/install/ds4_driver_msgs/share/ds4_driver_msgs/cmake/export_ds4_driver_msgs__rosidl_generator_cExport.cmake\n'}
[0.815377] (ds4_driver_msgs) StdoutLine: {'line': b'-- Up-to-date: /home/robot_ws/install/ds4_driver_msgs/share/ds4_driver_msgs/cmake/export_ds4_driver_msgs__rosidl_generator_cExport-noconfig.cmake\n'}
[0.815505] (ds4_driver_msgs) StdoutLine: {'line': b'-- Up-to-date: /home/robot_ws/install/ds4_driver_msgs/share/ds4_driver_msgs/cmake/export_ds4_driver_msgs__rosidl_typesupport_fastrtps_cExport.cmake\n'}
[0.815555] (ds4_driver_msgs) StdoutLine: {'line': b'-- Up-to-date: /home/robot_ws/install/ds4_driver_msgs/share/ds4_driver_msgs/cmake/export_ds4_driver_msgs__rosidl_typesupport_fastrtps_cExport-noconfig.cmake\n'}
[0.815780] (ds4_driver_msgs) StdoutLine: {'line': b'-- Up-to-date: /home/robot_ws/install/ds4_driver_msgs/share/ds4_driver_msgs/cmake/export_ds4_driver_msgs__rosidl_generator_cppExport.cmake\n'}
[0.816026] (ds4_driver_msgs) StdoutLine: {'line': b'-- Up-to-date: /home/robot_ws/install/ds4_driver_msgs/share/ds4_driver_msgs/cmake/export_ds4_driver_msgs__rosidl_typesupport_fastrtps_cppExport.cmake\n'}
[0.816076] (ds4_driver_msgs) StdoutLine: {'line': b'-- Up-to-date: /home/robot_ws/install/ds4_driver_msgs/share/ds4_driver_msgs/cmake/export_ds4_driver_msgs__rosidl_typesupport_fastrtps_cppExport-noconfig.cmake\n'}
[0.816281] (ds4_driver_msgs) StdoutLine: {'line': b'-- Up-to-date: /home/robot_ws/install/ds4_driver_msgs/share/ds4_driver_msgs/cmake/ds4_driver_msgs__rosidl_typesupport_introspection_cExport.cmake\n'}
[0.816323] (ds4_driver_msgs) StdoutLine: {'line': b'-- Up-to-date: /home/robot_ws/install/ds4_driver_msgs/share/ds4_driver_msgs/cmake/ds4_driver_msgs__rosidl_typesupport_introspection_cExport-noconfig.cmake\n'}
[0.816552] (ds4_driver_msgs) StdoutLine: {'line': b'-- Up-to-date: /home/robot_ws/install/ds4_driver_msgs/share/ds4_driver_msgs/cmake/ds4_driver_msgs__rosidl_typesupport_cExport.cmake\n'}
[0.816600] (ds4_driver_msgs) StdoutLine: {'line': b'-- Up-to-date: /home/robot_ws/install/ds4_driver_msgs/share/ds4_driver_msgs/cmake/ds4_driver_msgs__rosidl_typesupport_cExport-noconfig.cmake\n'}
[0.816815] (ds4_driver_msgs) StdoutLine: {'line': b'-- Up-to-date: /home/robot_ws/install/ds4_driver_msgs/share/ds4_driver_msgs/cmake/ds4_driver_msgs__rosidl_typesupport_introspection_cppExport.cmake\n'}
[0.816868] (ds4_driver_msgs) StdoutLine: {'line': b'-- Up-to-date: /home/robot_ws/install/ds4_driver_msgs/share/ds4_driver_msgs/cmake/ds4_driver_msgs__rosidl_typesupport_introspection_cppExport-noconfig.cmake\n'}
[0.817082] (ds4_driver_msgs) StdoutLine: {'line': b'-- Up-to-date: /home/robot_ws/install/ds4_driver_msgs/share/ds4_driver_msgs/cmake/ds4_driver_msgs__rosidl_typesupport_cppExport.cmake\n'}
[0.817130] (ds4_driver_msgs) StdoutLine: {'line': b'-- Up-to-date: /home/robot_ws/install/ds4_driver_msgs/share/ds4_driver_msgs/cmake/ds4_driver_msgs__rosidl_typesupport_cppExport-noconfig.cmake\n'}
[0.817341] (ds4_driver_msgs) StdoutLine: {'line': b'-- Up-to-date: /home/robot_ws/install/ds4_driver_msgs/share/ds4_driver_msgs/cmake/export_ds4_driver_msgs__rosidl_generator_pyExport.cmake\n'}
[0.817373] (ds4_driver_msgs) StdoutLine: {'line': b'-- Up-to-date: /home/robot_ws/install/ds4_driver_msgs/share/ds4_driver_msgs/cmake/export_ds4_driver_msgs__rosidl_generator_pyExport-noconfig.cmake\n'}
[0.817420] (ds4_driver_msgs) StdoutLine: {'line': b'-- Up-to-date: /home/robot_ws/install/ds4_driver_msgs/share/ds4_driver_msgs/cmake/rosidl_cmake-extras.cmake\n'}
[0.817473] (ds4_driver_msgs) StdoutLine: {'line': b'-- Up-to-date: /home/robot_ws/install/ds4_driver_msgs/share/ds4_driver_msgs/cmake/ament_cmake_export_dependencies-extras.cmake\n'}
[0.817517] (ds4_driver_msgs) StdoutLine: {'line': b'-- Up-to-date: /home/robot_ws/install/ds4_driver_msgs/share/ds4_driver_msgs/cmake/ament_cmake_export_include_directories-extras.cmake\n'}
[0.817546] (ds4_driver_msgs) StdoutLine: {'line': b'-- Up-to-date: /home/robot_ws/install/ds4_driver_msgs/share/ds4_driver_msgs/cmake/ament_cmake_export_libraries-extras.cmake\n'}
[0.817572] (ds4_driver_msgs) StdoutLine: {'line': b'-- Up-to-date: /home/robot_ws/install/ds4_driver_msgs/share/ds4_driver_msgs/cmake/ament_cmake_export_targets-extras.cmake\n'}
[0.817598] (ds4_driver_msgs) StdoutLine: {'line': b'-- Up-to-date: /home/robot_ws/install/ds4_driver_msgs/share/ds4_driver_msgs/cmake/rosidl_cmake_export_typesupport_targets-extras.cmake\n'}
[0.817640] (ds4_driver_msgs) StdoutLine: {'line': b'-- Up-to-date: /home/robot_ws/install/ds4_driver_msgs/share/ds4_driver_msgs/cmake/rosidl_cmake_export_typesupport_libraries-extras.cmake\n'}
[0.817664] (ds4_driver_msgs) StdoutLine: {'line': b'-- Up-to-date: /home/robot_ws/install/ds4_driver_msgs/share/ds4_driver_msgs/cmake/ds4_driver_msgsConfig.cmake\n'}
[0.817687] (ds4_driver_msgs) StdoutLine: {'line': b'-- Up-to-date: /home/robot_ws/install/ds4_driver_msgs/share/ds4_driver_msgs/cmake/ds4_driver_msgsConfig-version.cmake\n'}
[0.817711] (ds4_driver_msgs) StdoutLine: {'line': b'-- Up-to-date: /home/robot_ws/install/ds4_driver_msgs/share/ds4_driver_msgs/package.xml\n'}
[0.819028] (ds4_driver_msgs) CommandEnded: {'returncode': 0}
[0.832365] (robot_description) JobEnded: {'identifier': 'robot_description', 'rc': 0}
[0.901372] (-) TimerEvent: {}
[0.925620] (ds4_driver_msgs) JobEnded: {'identifier': 'ds4_driver_msgs', 'rc': 0}
[0.926209] (ds4_driver) JobStarted: {'identifier': 'ds4_driver'}
[0.933967] (ds4_driver) JobProgress: {'identifier': 'ds4_driver', 'progress': 'cmake'}
[0.934527] (ds4_driver) JobProgress: {'identifier': 'ds4_driver', 'progress': 'build'}
[0.934648] (ds4_driver) Command: {'cmd': ['/usr/bin/cmake', '--build', '/home/robot_ws/build/ds4_driver', '--', '-j16', '-l16'], 'cwd': '/home/robot_ws/build/ds4_driver', 'env': OrderedDict([('HOSTNAME', 'entity014'), ('SHLVL', '1'), ('LD_LIBRARY_PATH', '/home/robot_ws/install/ds4_driver_msgs/lib:/usr/lib/x86_64-linux-gnu/gazebo-11/plugins:/opt/ros/humble/opt/rviz_ogre_vendor/lib:/opt/ros/humble/lib/x86_64-linux-gnu:/opt/ros/humble/lib'), ('HOME', '/home'), ('ROS_PYTHON_VERSION', '3'), ('COLCON_PREFIX_PATH', '/home/robot_ws/install'), ('ROS_DISTRO', 'humble'), ('_', '/usr/bin/colcon'), ('ROS_VERSION', '2'), ('NVIDIA_DRIVER_CAPABILITIES', 'all'), ('TERM', 'xterm'), ('ROS_LOCALHOST_ONLY', '0'), ('QT_X11_NO_MITSHM', '1'), ('PATH', '/opt/ros/humble/bin:/usr/local/sbin:/usr/local/bin:/usr/sbin:/usr/bin:/sbin:/bin'), ('XDG_RUNTIME_DIR', '/tmp/runtime-root'), ('DISPLAY', ':0'), ('LANG', 'C.UTF-8'), ('RMW_IMPLEMENTATION', 'rmw_cyclonedds_cpp'), ('ROS_DOMAIN_ID', '10'), ('AMENT_PREFIX_PATH', '/home/robot_ws/install/robot_description:/home/robot_ws/install/robot_core:/home/robot_ws/install/ds4_driver:/home/robot_ws/install/ds4_driver_msgs:/opt/ros/humble'), ('NO_AT_BRIDGE', '1'), ('PWD', '/home/robot_ws/build/ds4_driver'), ('LC_ALL', 'C.UTF-8'), ('PYTHONPATH', '/home/robot_ws/install/robot_description/local/lib/python3.10/dist-packages:/home/robot_ws/install/robot_core/local/lib/python3.10/dist-packages:/home/robot_ws/install/ds4_driver/local/lib/python3.10/dist-packages:/home/robot_ws/install/ds4_driver_msgs/local/lib/python3.10/dist-packages:/opt/ros/humble/lib/python3.10/site-packages:/opt/ros/humble/local/lib/python3.10/dist-packages'), ('COLCON', '1'), ('CMAKE_PREFIX_PATH', '/home/robot_ws/install/ds4_driver_msgs:/home/robot_ws/install/robot_description:/home/robot_ws/install/robot_core:/home/robot_ws/install/ds4_driver:/opt/ros/humble')]), 'shell': False}
[0.978284] (ds4_driver) StdoutLine: {'line': b'Built target ament_cmake_python_copy_ds4_driver\n'}
[1.001478] (-) TimerEvent: {}
[1.101782] (-) TimerEvent: {}
[1.104669] (ds4_driver) StdoutLine: {'line': b'running egg_info\n'}
[1.104994] (ds4_driver) StdoutLine: {'line': b'writing ds4_driver.egg-info/PKG-INFO\n'}
[1.105165] (ds4_driver) StdoutLine: {'line': b'writing dependency_links to ds4_driver.egg-info/dependency_links.txt\n'}
[1.105275] (ds4_driver) StdoutLine: {'line': b'writing top-level names to ds4_driver.egg-info/top_level.txt\n'}
[1.106448] (ds4_driver) StdoutLine: {'line': b"reading manifest file 'ds4_driver.egg-info/SOURCES.txt'\n"}
[1.106961] (ds4_driver) StdoutLine: {'line': b"writing manifest file 'ds4_driver.egg-info/SOURCES.txt'\n"}
[1.124745] (ds4_driver) StdoutLine: {'line': b'Built target ament_cmake_python_build_ds4_driver_egg\n'}
[1.132650] (ds4_driver) CommandEnded: {'returncode': 0}
[1.149001] (ds4_driver) JobProgress: {'identifier': 'ds4_driver', 'progress': 'install'}
[1.149270] (ds4_driver) Command: {'cmd': ['/usr/bin/cmake', '--install', '/home/robot_ws/build/ds4_driver'], 'cwd': '/home/robot_ws/build/ds4_driver', 'env': OrderedDict([('HOSTNAME', 'entity014'), ('SHLVL', '1'), ('LD_LIBRARY_PATH', '/home/robot_ws/install/ds4_driver_msgs/lib:/usr/lib/x86_64-linux-gnu/gazebo-11/plugins:/opt/ros/humble/opt/rviz_ogre_vendor/lib:/opt/ros/humble/lib/x86_64-linux-gnu:/opt/ros/humble/lib'), ('HOME', '/home'), ('ROS_PYTHON_VERSION', '3'), ('COLCON_PREFIX_PATH', '/home/robot_ws/install'), ('ROS_DISTRO', 'humble'), ('_', '/usr/bin/colcon'), ('ROS_VERSION', '2'), ('NVIDIA_DRIVER_CAPABILITIES', 'all'), ('TERM', 'xterm'), ('ROS_LOCALHOST_ONLY', '0'), ('QT_X11_NO_MITSHM', '1'), ('PATH', '/opt/ros/humble/bin:/usr/local/sbin:/usr/local/bin:/usr/sbin:/usr/bin:/sbin:/bin'), ('XDG_RUNTIME_DIR', '/tmp/runtime-root'), ('DISPLAY', ':0'), ('LANG', 'C.UTF-8'), ('RMW_IMPLEMENTATION', 'rmw_cyclonedds_cpp'), ('ROS_DOMAIN_ID', '10'), ('AMENT_PREFIX_PATH', '/home/robot_ws/install/robot_description:/home/robot_ws/install/robot_core:/home/robot_ws/install/ds4_driver:/home/robot_ws/install/ds4_driver_msgs:/opt/ros/humble'), ('NO_AT_BRIDGE', '1'), ('PWD', '/home/robot_ws/build/ds4_driver'), ('LC_ALL', 'C.UTF-8'), ('PYTHONPATH', '/home/robot_ws/install/robot_description/local/lib/python3.10/dist-packages:/home/robot_ws/install/robot_core/local/lib/python3.10/dist-packages:/home/robot_ws/install/ds4_driver/local/lib/python3.10/dist-packages:/home/robot_ws/install/ds4_driver_msgs/local/lib/python3.10/dist-packages:/opt/ros/humble/lib/python3.10/site-packages:/opt/ros/humble/local/lib/python3.10/dist-packages'), ('COLCON', '1'), ('CMAKE_PREFIX_PATH', '/home/robot_ws/install/ds4_driver_msgs:/home/robot_ws/install/robot_description:/home/robot_ws/install/robot_core:/home/robot_ws/install/ds4_driver:/opt/ros/humble')]), 'shell': False}
[1.156636] (ds4_driver) StdoutLine: {'line': b'-- Install configuration: ""\n'}
[1.156944] (ds4_driver) StdoutLine: {'line': b'-- Up-to-date: /home/robot_ws/install/ds4_driver/share/ds4_driver/environment/pythonpath.sh\n'}
[1.157168] (ds4_driver) StdoutLine: {'line': b'-- Up-to-date: /home/robot_ws/install/ds4_driver/share/ds4_driver/environment/pythonpath.dsv\n'}
[1.157271] (ds4_driver) StdoutLine: {'line': b'-- Up-to-date: /home/robot_ws/install/ds4_driver/local/lib/python3.10/dist-packages/ds4_driver-0.2.1-py3.10.egg-info\n'}
[1.157497] (ds4_driver) StdoutLine: {'line': b'-- Installing: /home/robot_ws/install/ds4_driver/local/lib/python3.10/dist-packages/ds4_driver-0.2.1-py3.10.egg-info/top_level.txt\n'}
[1.157556] (ds4_driver) StdoutLine: {'line': b'-- Installing: /home/robot_ws/install/ds4_driver/local/lib/python3.10/dist-packages/ds4_driver-0.2.1-py3.10.egg-info/SOURCES.txt\n'}
[1.157588] (ds4_driver) StdoutLine: {'line': b'-- Installing: /home/robot_ws/install/ds4_driver/local/lib/python3.10/dist-packages/ds4_driver-0.2.1-py3.10.egg-info/PKG-INFO\n'}
[1.157616] (ds4_driver) StdoutLine: {'line': b'-- Installing: /home/robot_ws/install/ds4_driver/local/lib/python3.10/dist-packages/ds4_driver-0.2.1-py3.10.egg-info/dependency_links.txt\n'}
[1.157640] (ds4_driver) StdoutLine: {'line': b'-- Up-to-date: /home/robot_ws/install/ds4_driver/local/lib/python3.10/dist-packages/ds4_driver\n'}
[1.157665] (ds4_driver) StdoutLine: {'line': b'-- Up-to-date: /home/robot_ws/install/ds4_driver/local/lib/python3.10/dist-packages/ds4_driver/__init__.py\n'}
[1.157690] (ds4_driver) StdoutLine: {'line': b'-- Up-to-date: /home/robot_ws/install/ds4_driver/local/lib/python3.10/dist-packages/ds4_driver/controller_ros.py\n'}
[1.157713] (ds4_driver) StdoutLine: {'line': b'-- Up-to-date: /home/robot_ws/install/ds4_driver/local/lib/python3.10/dist-packages/ds4_driver/logger.py\n'}
[1.157737] (ds4_driver) StdoutLine: {'line': b'-- Up-to-date: /home/robot_ws/install/ds4_driver/local/lib/python3.10/dist-packages/ds4_driver/controller.py\n'}
[1.176373] (ds4_driver) StdoutLine: {'line': b"Listing '/home/robot_ws/install/ds4_driver/local/lib/python3.10/dist-packages/ds4_driver'...\n"}
[1.178837] (ds4_driver) StdoutLine: {'line': b'-- Up-to-date: /home/robot_ws/install/ds4_driver/share/ds4_driver//config\n'}
[1.179010] (ds4_driver) StdoutLine: {'line': b'-- Up-to-date: /home/robot_ws/install/ds4_driver/share/ds4_driver//config/twist_6dof.yaml\n'}
[1.179046] (ds4_driver) StdoutLine: {'line': b'-- Up-to-date: /home/robot_ws/install/ds4_driver/share/ds4_driver//config/params.yaml\n'}
[1.179075] (ds4_driver) StdoutLine: {'line': b'-- Up-to-date: /home/robot_ws/install/ds4_driver/share/ds4_driver//config/twist_2dof.yaml\n'}
[1.179102] (ds4_driver) StdoutLine: {'line': b'-- Up-to-date: /home/robot_ws/install/ds4_driver/share/ds4_driver//launch\n'}
[1.179128] (ds4_driver) StdoutLine: {'line': b'-- Up-to-date: /home/robot_ws/install/ds4_driver/share/ds4_driver//launch/ds4_driver.launch.xml\n'}
[1.179154] (ds4_driver) StdoutLine: {'line': b'-- Up-to-date: /home/robot_ws/install/ds4_driver/share/ds4_driver//launch/demo.launch.xml\n'}
[1.179180] (ds4_driver) StdoutLine: {'line': b'-- Up-to-date: /home/robot_ws/install/ds4_driver/share/ds4_driver//launch/ds4_twist.launch.xml\n'}
[1.179205] (ds4_driver) StdoutLine: {'line': b'-- Up-to-date: /home/robot_ws/install/ds4_driver/lib/ds4_driver/demo.py\n'}
[1.179230] (ds4_driver) StdoutLine: {'line': b'-- Up-to-date: /home/robot_ws/install/ds4_driver/lib/ds4_driver/ds4_driver_node.py\n'}
[1.179257] (ds4_driver) StdoutLine: {'line': b'-- Up-to-date: /home/robot_ws/install/ds4_driver/lib/ds4_driver/ds4_twist_node.py\n'}
[1.179282] (ds4_driver) StdoutLine: {'line': b'-- Up-to-date: /home/robot_ws/install/ds4_driver/share/ament_index/resource_index/package_run_dependencies/ds4_driver\n'}
[1.179431] (ds4_driver) StdoutLine: {'line': b'-- Up-to-date: /home/robot_ws/install/ds4_driver/share/ament_index/resource_index/parent_prefix_path/ds4_driver\n'}
[1.179480] (ds4_driver) StdoutLine: {'line': b'-- Up-to-date: /home/robot_ws/install/ds4_driver/share/ds4_driver/environment/ament_prefix_path.sh\n'}
[1.179510] (ds4_driver) StdoutLine: {'line': b'-- Up-to-date: /home/robot_ws/install/ds4_driver/share/ds4_driver/environment/ament_prefix_path.dsv\n'}
[1.179536] (ds4_driver) StdoutLine: {'line': b'-- Up-to-date: /home/robot_ws/install/ds4_driver/share/ds4_driver/environment/path.sh\n'}
[1.179562] (ds4_driver) StdoutLine: {'line': b'-- Up-to-date: /home/robot_ws/install/ds4_driver/share/ds4_driver/environment/path.dsv\n'}
[1.179586] (ds4_driver) StdoutLine: {'line': b'-- Up-to-date: /home/robot_ws/install/ds4_driver/share/ds4_driver/local_setup.bash\n'}
[1.179610] (ds4_driver) StdoutLine: {'line': b'-- Up-to-date: /home/robot_ws/install/ds4_driver/share/ds4_driver/local_setup.sh\n'}
[1.179637] (ds4_driver) StdoutLine: {'line': b'-- Up-to-date: /home/robot_ws/install/ds4_driver/share/ds4_driver/local_setup.zsh\n'}
[1.179660] (ds4_driver) StdoutLine: {'line': b'-- Up-to-date: /home/robot_ws/install/ds4_driver/share/ds4_driver/local_setup.dsv\n'}
[1.179684] (ds4_driver) StdoutLine: {'line': b'-- Installing: /home/robot_ws/install/ds4_driver/share/ds4_driver/package.dsv\n'}
[1.179708] (ds4_driver) StdoutLine: {'line': b'-- Up-to-date: /home/robot_ws/install/ds4_driver/share/ament_index/resource_index/packages/ds4_driver\n'}
[1.179733] (ds4_driver) StdoutLine: {'line': b'-- Up-to-date: /home/robot_ws/install/ds4_driver/share/ds4_driver/cmake/ds4_driverConfig.cmake\n'}
[1.179758] (ds4_driver) StdoutLine: {'line': b'-- Up-to-date: /home/robot_ws/install/ds4_driver/share/ds4_driver/cmake/ds4_driverConfig-version.cmake\n'}
[1.179789] (ds4_driver) StdoutLine: {'line': b'-- Up-to-date: /home/robot_ws/install/ds4_driver/share/ds4_driver/package.xml\n'}
[1.181257] (ds4_driver) CommandEnded: {'returncode': 0}
[1.201974] (-) TimerEvent: {}
[1.204833] (ds4_driver) JobEnded: {'identifier': 'ds4_driver', 'rc': 0}
[1.205147] (-) EventReactorShutdown: {}
