[0.030s] Invoking command in '/home/robot_ws/build/robot_description': CMAKE_PREFIX_PATH=${CMAKE_PREFIX_PATH}:/opt/ros/humble /usr/bin/cmake --build /home/robot_ws/build/robot_description -- -j16 -l16
[0.133s] Built target ament_cmake_python_copy_src
[0.801s] running egg_info
[0.803s] writing src.egg-info/PKG-INFO
[0.803s] writing dependency_links to src.egg-info/dependency_links.txt
[0.803s] writing top-level names to src.egg-info/top_level.txt
[0.807s] reading manifest file 'src.egg-info/SOURCES.txt'
[0.809s] writing manifest file 'src.egg-info/SOURCES.txt'
[0.862s] Built target ament_cmake_python_build_src_egg
[0.882s] Invoked command in '/home/robot_ws/build/robot_description' returned '0': CMAKE_PREFIX_PATH=${CMAKE_PREFIX_PATH}:/opt/ros/humble /usr/bin/cmake --build /home/robot_ws/build/robot_description -- -j16 -l16
[0.960s] Invoking command in '/home/robot_ws/build/robot_description': CMAKE_PREFIX_PATH=${CMAKE_PREFIX_PATH}:/opt/ros/humble /usr/bin/cmake --install /home/robot_ws/build/robot_description
[0.972s] -- Install configuration: ""
[0.972s] -- Up-to-date: /home/robot_ws/install/robot_description/share/robot_description/environment/pythonpath.sh
[0.973s] -- Up-to-date: /home/robot_ws/install/robot_description/share/robot_description/environment/pythonpath.dsv
[0.973s] -- Up-to-date: /home/robot_ws/install/robot_description/local/lib/python3.10/dist-packages/src-0.0.0-py3.10.egg-info
[0.974s] -- Installing: /home/robot_ws/install/robot_description/local/lib/python3.10/dist-packages/src-0.0.0-py3.10.egg-info/top_level.txt
[0.974s] -- Installing: /home/robot_ws/install/robot_description/local/lib/python3.10/dist-packages/src-0.0.0-py3.10.egg-info/SOURCES.txt
[0.974s] -- Installing: /home/robot_ws/install/robot_description/local/lib/python3.10/dist-packages/src-0.0.0-py3.10.egg-info/PKG-INFO
[0.974s] -- Installing: /home/robot_ws/install/robot_description/local/lib/python3.10/dist-packages/src-0.0.0-py3.10.egg-info/dependency_links.txt
[0.974s] -- Up-to-date: /home/robot_ws/install/robot_description/local/lib/python3.10/dist-packages/src
[0.975s] -- Up-to-date: /home/robot_ws/install/robot_description/local/lib/python3.10/dist-packages/src/__init__.py
[1.038s] Listing '/home/robot_ws/install/robot_description/local/lib/python3.10/dist-packages/src'...
[1.046s] -- Up-to-date: /home/robot_ws/install/robot_description/share/robot_description/config
[1.046s] -- Up-to-date: /home/robot_ws/install/robot_description/share/robot_description/launch
[1.047s] -- Up-to-date: /home/robot_ws/install/robot_description/share/robot_description/src
[1.047s] -- Up-to-date: /home/robot_ws/install/robot_description/share/robot_description/src/__init__.py
[1.047s] -- Up-to-date: /home/robot_ws/install/robot_description/share/robot_description/urdf
[1.047s] -- Up-to-date: /home/robot_ws/install/robot_description/share/robot_description/worlds
[1.048s] -- Up-to-date: /home/robot_ws/install/robot_description/share/ament_index/resource_index/package_run_dependencies/robot_description
[1.048s] -- Up-to-date: /home/robot_ws/install/robot_description/share/ament_index/resource_index/parent_prefix_path/robot_description
[1.048s] -- Up-to-date: /home/robot_ws/install/robot_description/share/robot_description/environment/ament_prefix_path.sh
[1.048s] -- Up-to-date: /home/robot_ws/install/robot_description/share/robot_description/environment/ament_prefix_path.dsv
[1.048s] -- Up-to-date: /home/robot_ws/install/robot_description/share/robot_description/environment/path.sh
[1.049s] -- Up-to-date: /home/robot_ws/install/robot_description/share/robot_description/environment/path.dsv
[1.049s] -- Up-to-date: /home/robot_ws/install/robot_description/share/robot_description/local_setup.bash
[1.049s] -- Up-to-date: /home/robot_ws/install/robot_description/share/robot_description/local_setup.sh
[1.050s] -- Up-to-date: /home/robot_ws/install/robot_description/share/robot_description/local_setup.zsh
[1.050s] -- Up-to-date: /home/robot_ws/install/robot_description/share/robot_description/local_setup.dsv
[1.050s] -- Installing: /home/robot_ws/install/robot_description/share/robot_description/package.dsv
[1.052s] -- Up-to-date: /home/robot_ws/install/robot_description/share/ament_index/resource_index/packages/robot_description
[1.053s] -- Up-to-date: /home/robot_ws/install/robot_description/share/robot_description/cmake/robot_descriptionConfig.cmake
[1.053s] -- Up-to-date: /home/robot_ws/install/robot_description/share/robot_description/cmake/robot_descriptionConfig-version.cmake
[1.053s] -- Up-to-date: /home/robot_ws/install/robot_description/share/robot_description/package.xml
[1.054s] Invoked command in '/home/robot_ws/build/robot_description' returned '0': CMAKE_PREFIX_PATH=${CMAKE_PREFIX_PATH}:/opt/ros/humble /usr/bin/cmake --install /home/robot_ws/build/robot_description
