[0.010s] Invoking command in '/home/robot_ws/build/robot_core': CMAKE_PREFIX_PATH=/opt/ros/humble /usr/bin/cmake /home/robot_ws/src/robot_core -DCMAKE_INSTALL_PREFIX=/home/robot_ws/install/robot_core
[0.056s] -- The C compiler identification is GNU 11.4.0
[0.094s] -- The CXX compiler identification is GNU 11.4.0
[0.101s] -- Detecting C compiler ABI info
[0.158s] -- Detecting C compiler ABI info - done
[0.166s] -- Check for working C compiler: /usr/bin/cc - skipped
[0.166s] -- Detecting C compile features
[0.167s] -- Detecting C compile features - done
[0.170s] -- Detecting CXX compiler ABI info
[0.234s] -- Detecting CXX compiler ABI info - done
[0.238s] -- Check for working CXX compiler: /usr/bin/c++ - skipped
[0.238s] -- Detecting CXX compile features
[0.239s] -- Detecting CXX compile features - done
[0.241s] -- Found ament_cmake: 1.3.10 (/opt/ros/humble/share/ament_cmake/cmake)
[0.368s] -- Found Python3: /usr/bin/python3 (found version "3.10.12") found components: Interpreter 
[0.437s] -- Found rclpy: 3.3.14 (/opt/ros/humble/share/rclpy/cmake)
[0.505s] -- Found ament_lint_auto: 0.12.11 (/opt/ros/humble/share/ament_lint_auto/cmake)
[0.599s] -- Added test 'copyright' to check source files copyright and LICENSE
[0.600s] -- Added test 'flake8' to check Python code syntax and style conventions
[0.600s] -- Added test 'lint_cmake' to check CMake code style
[0.601s] -- Added test 'pep257' to check Python code against some of the docstring style conventions in PEP 257
[0.601s] -- Added test 'xmllint' to check XML markup files
[0.602s] -- Configuring done
[0.605s] -- Generating done
[0.605s] -- Build files have been written to: /home/robot_ws/build/robot_core
[0.609s] Invoked command in '/home/robot_ws/build/robot_core' returned '0': CMAKE_PREFIX_PATH=/opt/ros/humble /usr/bin/cmake /home/robot_ws/src/robot_core -DCMAKE_INSTALL_PREFIX=/home/robot_ws/install/robot_core
[0.610s] Invoking command in '/home/robot_ws/build/robot_core': CMAKE_PREFIX_PATH=/opt/ros/humble /usr/bin/cmake --build /home/robot_ws/build/robot_core -- -j16 -l16
[0.661s] Built target ament_cmake_python_copy_src
[0.809s] running egg_info
[0.809s] creating src.egg-info
[0.810s] writing src.egg-info/PKG-INFO
[0.810s] writing dependency_links to src.egg-info/dependency_links.txt
[0.810s] writing top-level names to src.egg-info/top_level.txt
[0.810s] writing manifest file 'src.egg-info/SOURCES.txt'
[0.812s] reading manifest file 'src.egg-info/SOURCES.txt'
[0.812s] writing manifest file 'src.egg-info/SOURCES.txt'
[0.833s] Built target ament_cmake_python_build_src_egg
[0.840s] Invoked command in '/home/robot_ws/build/robot_core' returned '0': CMAKE_PREFIX_PATH=/opt/ros/humble /usr/bin/cmake --build /home/robot_ws/build/robot_core -- -j16 -l16
[0.859s] Invoking command in '/home/robot_ws/build/robot_core': CMAKE_PREFIX_PATH=/opt/ros/humble /usr/bin/cmake --install /home/robot_ws/build/robot_core
[0.867s] -- Install configuration: ""
[0.867s] -- Installing: /home/robot_ws/install/robot_core/share/robot_core/environment/pythonpath.sh
[0.867s] -- Installing: /home/robot_ws/install/robot_core/share/robot_core/environment/pythonpath.dsv
[0.867s] -- Installing: /home/robot_ws/install/robot_core/local/lib/python3.10/dist-packages/src-0.0.0-py3.10.egg-info
[0.867s] -- Installing: /home/robot_ws/install/robot_core/local/lib/python3.10/dist-packages/src-0.0.0-py3.10.egg-info/top_level.txt
[0.867s] -- Installing: /home/robot_ws/install/robot_core/local/lib/python3.10/dist-packages/src-0.0.0-py3.10.egg-info/SOURCES.txt
[0.867s] -- Installing: /home/robot_ws/install/robot_core/local/lib/python3.10/dist-packages/src-0.0.0-py3.10.egg-info/PKG-INFO
[0.867s] -- Installing: /home/robot_ws/install/robot_core/local/lib/python3.10/dist-packages/src-0.0.0-py3.10.egg-info/dependency_links.txt
[0.867s] -- Installing: /home/robot_ws/install/robot_core/local/lib/python3.10/dist-packages/src
[0.867s] -- Installing: /home/robot_ws/install/robot_core/local/lib/python3.10/dist-packages/src/__init__.py
[0.868s] -- Installing: /home/robot_ws/install/robot_core/local/lib/python3.10/dist-packages/src/joy copy 2.py
[0.868s] -- Installing: /home/robot_ws/install/robot_core/local/lib/python3.10/dist-packages/src/joy.py
[0.894s] Listing '/home/robot_ws/install/robot_core/local/lib/python3.10/dist-packages/src'...
[0.894s] Compiling '/home/robot_ws/install/robot_core/local/lib/python3.10/dist-packages/src/__init__.py'...
[0.894s] Compiling '/home/robot_ws/install/robot_core/local/lib/python3.10/dist-packages/src/joy copy 2.py'...
[0.894s] Compiling '/home/robot_ws/install/robot_core/local/lib/python3.10/dist-packages/src/joy.py'...
[0.897s] -- Installing: /home/robot_ws/install/robot_core/share/robot_core/src
[0.897s] -- Installing: /home/robot_ws/install/robot_core/share/robot_core/src/__init__.py
[0.897s] -- Installing: /home/robot_ws/install/robot_core/share/robot_core/src/joy copy 2.py
[0.897s] -- Installing: /home/robot_ws/install/robot_core/share/robot_core/src/joy.py
[0.897s] -- Installing: /home/robot_ws/install/robot_core/share/robot_core/launch
[0.898s] -- Installing: /home/robot_ws/install/robot_core/share/robot_core/launch/joy.launch.py
[0.898s] -- Installing: /home/robot_ws/install/robot_core/share/robot_core/config
[0.898s] -- Installing: /home/robot_ws/install/robot_core/share/robot_core/config/joystick.yaml
[0.898s] -- Installing: /home/robot_ws/install/robot_core/lib/robot_core/joy.py
[0.898s] -- Installing: /home/robot_ws/install/robot_core/lib/robot_core/robot_core
[0.898s] -- Installing: /home/robot_ws/install/robot_core/lib/robot_core/robot_core/__init__.py
[0.898s] -- Installing: /home/robot_ws/install/robot_core/lib/robot_core/robot_core/ps4.py
[0.898s] -- Installing: /home/robot_ws/install/robot_core/share/ament_index/resource_index/package_run_dependencies/robot_core
[0.898s] -- Installing: /home/robot_ws/install/robot_core/share/ament_index/resource_index/parent_prefix_path/robot_core
[0.899s] -- Installing: /home/robot_ws/install/robot_core/share/robot_core/environment/ament_prefix_path.sh
[0.899s] -- Installing: /home/robot_ws/install/robot_core/share/robot_core/environment/ament_prefix_path.dsv
[0.899s] -- Installing: /home/robot_ws/install/robot_core/share/robot_core/environment/path.sh
[0.899s] -- Installing: /home/robot_ws/install/robot_core/share/robot_core/environment/path.dsv
[0.899s] -- Installing: /home/robot_ws/install/robot_core/share/robot_core/local_setup.bash
[0.899s] -- Installing: /home/robot_ws/install/robot_core/share/robot_core/local_setup.sh
[0.899s] -- Installing: /home/robot_ws/install/robot_core/share/robot_core/local_setup.zsh
[0.899s] -- Installing: /home/robot_ws/install/robot_core/share/robot_core/local_setup.dsv
[0.899s] -- Installing: /home/robot_ws/install/robot_core/share/robot_core/package.dsv
[0.900s] -- Installing: /home/robot_ws/install/robot_core/share/ament_index/resource_index/packages/robot_core
[0.900s] -- Installing: /home/robot_ws/install/robot_core/share/robot_core/cmake/robot_coreConfig.cmake
[0.900s] -- Installing: /home/robot_ws/install/robot_core/share/robot_core/cmake/robot_coreConfig-version.cmake
[0.900s] -- Installing: /home/robot_ws/install/robot_core/share/robot_core/package.xml
