[0.012s] Invoking command in '/home/robot_ws/build/ds4_driver_msgs': CMAKE_PREFIX_PATH=/opt/ros/humble /usr/bin/cmake --build /home/robot_ws/build/ds4_driver_msgs -- -j16 -l16
[0.055s] [  3%] Built target ds4_driver_msgs__cpp
[0.055s] [ 12%] Built target ds4_driver_msgs__rosidl_generator_c
[0.065s] [ 12%] Built target ament_cmake_python_copy_ds4_driver_msgs
[0.070s] [ 23%] Built target ds4_driver_msgs__rosidl_typesupport_introspection_c
[0.070s] [ 34%] Built target ds4_driver_msgs__rosidl_typesupport_c
[0.071s] [ 45%] Built target ds4_driver_msgs__rosidl_typesupport_fastrtps_c
[0.075s] [ 56%] Built target ds4_driver_msgs__rosidl_typesupport_cpp
[0.075s] [ 67%] Built target ds4_driver_msgs__rosidl_typesupport_introspection_cpp
[0.076s] [ 78%] Built target ds4_driver_msgs__rosidl_typesupport_fastrtps_cpp
[0.095s] [ 78%] Built target ds4_driver_msgs
[0.116s] [ 80%] Built target ds4_driver_msgs__py
[0.141s] [ 89%] Built target ds4_driver_msgs__rosidl_generator_py
[0.159s] [ 92%] Built target ds4_driver_msgs__rosidl_typesupport_introspection_c__pyext
[0.161s] [ 96%] Built target ds4_driver_msgs__rosidl_typesupport_c__pyext
[0.161s] [100%] Built target ds4_driver_msgs__rosidl_typesupport_fastrtps_c__pyext
[0.253s] running egg_info
[0.254s] writing ds4_driver_msgs.egg-info/PKG-INFO
[0.254s] writing dependency_links to ds4_driver_msgs.egg-info/dependency_links.txt
[0.254s] writing top-level names to ds4_driver_msgs.egg-info/top_level.txt
[0.256s] reading manifest file 'ds4_driver_msgs.egg-info/SOURCES.txt'
[0.256s] writing manifest file 'ds4_driver_msgs.egg-info/SOURCES.txt'
[0.277s] [100%] Built target ament_cmake_python_build_ds4_driver_msgs_egg
[0.292s] Invoked command in '/home/robot_ws/build/ds4_driver_msgs' returned '0': CMAKE_PREFIX_PATH=/opt/ros/humble /usr/bin/cmake --build /home/robot_ws/build/ds4_driver_msgs -- -j16 -l16
