[0.028s] Invoking command in '/home/robot_ws/build/robot_description': CMAKE_PREFIX_PATH=${CMAKE_PREFIX_PATH}:/opt/ros/humble /usr/bin/cmake --build /home/robot_ws/build/robot_description -- -j16 -l16
[0.125s] Built target ament_cmake_python_copy_src
[0.709s] running egg_info
[0.710s] writing src.egg-info/PKG-INFO
[0.711s] writing dependency_links to src.egg-info/dependency_links.txt
[0.711s] writing top-level names to src.egg-info/top_level.txt
[0.715s] reading manifest file 'src.egg-info/SOURCES.txt'
[0.716s] writing manifest file 'src.egg-info/SOURCES.txt'
[0.766s] Built target ament_cmake_python_build_src_egg
[0.787s] Invoked command in '/home/robot_ws/build/robot_description' returned '0': CMAKE_PREFIX_PATH=${CMAKE_PREFIX_PATH}:/opt/ros/humble /usr/bin/cmake --build /home/robot_ws/build/robot_description -- -j16 -l16
[0.840s] Invoking command in '/home/robot_ws/build/robot_description': CMAKE_PREFIX_PATH=${CMAKE_PREFIX_PATH}:/opt/ros/humble /usr/bin/cmake --install /home/robot_ws/build/robot_description
[0.856s] -- Install configuration: ""
[0.857s] -- Up-to-date: /home/robot_ws/install/robot_description/share/robot_description/environment/pythonpath.sh
[0.857s] -- Up-to-date: /home/robot_ws/install/robot_description/share/robot_description/environment/pythonpath.dsv
[0.857s] -- Up-to-date: /home/robot_ws/install/robot_description/local/lib/python3.10/dist-packages/src-0.0.0-py3.10.egg-info
[0.858s] -- Installing: /home/robot_ws/install/robot_description/local/lib/python3.10/dist-packages/src-0.0.0-py3.10.egg-info/top_level.txt
[0.858s] -- Installing: /home/robot_ws/install/robot_description/local/lib/python3.10/dist-packages/src-0.0.0-py3.10.egg-info/SOURCES.txt
[0.859s] -- Installing: /home/robot_ws/install/robot_description/local/lib/python3.10/dist-packages/src-0.0.0-py3.10.egg-info/PKG-INFO
[0.859s] -- Installing: /home/robot_ws/install/robot_description/local/lib/python3.10/dist-packages/src-0.0.0-py3.10.egg-info/dependency_links.txt
[0.859s] -- Up-to-date: /home/robot_ws/install/robot_description/local/lib/python3.10/dist-packages/src
[0.860s] -- Up-to-date: /home/robot_ws/install/robot_description/local/lib/python3.10/dist-packages/src/__init__.py
[0.937s] Listing '/home/robot_ws/install/robot_description/local/lib/python3.10/dist-packages/src'...
[0.946s] -- Up-to-date: /home/robot_ws/install/robot_description/share/robot_description/config
[0.946s] -- Up-to-date: /home/robot_ws/install/robot_description/share/robot_description/launch
[0.947s] -- Up-to-date: /home/robot_ws/install/robot_description/share/robot_description/src
[0.948s] -- Up-to-date: /home/robot_ws/install/robot_description/share/robot_description/src/__init__.py
[0.948s] -- Up-to-date: /home/robot_ws/install/robot_description/share/robot_description/urdf
[0.948s] -- Up-to-date: /home/robot_ws/install/robot_description/share/robot_description/worlds
[0.948s] -- Up-to-date: /home/robot_ws/install/robot_description/share/ament_index/resource_index/package_run_dependencies/robot_description
[0.949s] -- Up-to-date: /home/robot_ws/install/robot_description/share/ament_index/resource_index/parent_prefix_path/robot_description
[0.949s] -- Up-to-date: /home/robot_ws/install/robot_description/share/robot_description/environment/ament_prefix_path.sh
[0.949s] -- Up-to-date: /home/robot_ws/install/robot_description/share/robot_description/environment/ament_prefix_path.dsv
[0.949s] -- Up-to-date: /home/robot_ws/install/robot_description/share/robot_description/environment/path.sh
[0.950s] -- Up-to-date: /home/robot_ws/install/robot_description/share/robot_description/environment/path.dsv
[0.950s] -- Up-to-date: /home/robot_ws/install/robot_description/share/robot_description/local_setup.bash
[0.951s] -- Up-to-date: /home/robot_ws/install/robot_description/share/robot_description/local_setup.sh
[0.951s] -- Up-to-date: /home/robot_ws/install/robot_description/share/robot_description/local_setup.zsh
[0.951s] -- Up-to-date: /home/robot_ws/install/robot_description/share/robot_description/local_setup.dsv
[0.952s] -- Installing: /home/robot_ws/install/robot_description/share/robot_description/package.dsv
[0.952s] -- Up-to-date: /home/robot_ws/install/robot_description/share/ament_index/resource_index/packages/robot_description
[0.953s] -- Up-to-date: /home/robot_ws/install/robot_description/share/robot_description/cmake/robot_descriptionConfig.cmake
[0.953s] -- Up-to-date: /home/robot_ws/install/robot_description/share/robot_description/cmake/robot_descriptionConfig-version.cmake
[0.954s] -- Up-to-date: /home/robot_ws/install/robot_description/share/robot_description/package.xml
[0.961s] Invoked command in '/home/robot_ws/build/robot_description' returned '0': CMAKE_PREFIX_PATH=${CMAKE_PREFIX_PATH}:/opt/ros/humble /usr/bin/cmake --install /home/robot_ws/build/robot_description
