[0.009s] Invoking command in '/home/robot_ws/build/robot_description': CMAKE_PREFIX_PATH=${CMAKE_PREFIX_PATH}:/opt/ros/humble /usr/bin/cmake --build /home/robot_ws/build/robot_description -- -j16 -l16
[0.061s] Built target ament_cmake_python_copy_src
[0.436s] running egg_info
[0.436s] writing src.egg-info/PKG-INFO
[0.436s] writing dependency_links to src.egg-info/dependency_links.txt
[0.436s] writing top-level names to src.egg-info/top_level.txt
[0.438s] reading manifest file 'src.egg-info/SOURCES.txt'
[0.438s] writing manifest file 'src.egg-info/SOURCES.txt'
[0.459s] Built target ament_cmake_python_build_src_egg
[0.469s] Invoked command in '/home/robot_ws/build/robot_description' returned '0': CMAKE_PREFIX_PATH=${CMAKE_PREFIX_PATH}:/opt/ros/humble /usr/bin/cmake --build /home/robot_ws/build/robot_description -- -j16 -l16
[0.504s] Invoking command in '/home/robot_ws/build/robot_description': CMAKE_PREFIX_PATH=${CMAKE_PREFIX_PATH}:/opt/ros/humble /usr/bin/cmake --install /home/robot_ws/build/robot_description
[0.519s] -- Install configuration: ""
[0.520s] -- Up-to-date: /home/robot_ws/install/robot_description/share/robot_description/environment/pythonpath.sh
[0.521s] -- Up-to-date: /home/robot_ws/install/robot_description/share/robot_description/environment/pythonpath.dsv
[0.522s] -- Up-to-date: /home/robot_ws/install/robot_description/local/lib/python3.10/dist-packages/src-0.0.0-py3.10.egg-info
[0.523s] -- Installing: /home/robot_ws/install/robot_description/local/lib/python3.10/dist-packages/src-0.0.0-py3.10.egg-info/top_level.txt
[0.524s] -- Installing: /home/robot_ws/install/robot_description/local/lib/python3.10/dist-packages/src-0.0.0-py3.10.egg-info/SOURCES.txt
[0.525s] -- Installing: /home/robot_ws/install/robot_description/local/lib/python3.10/dist-packages/src-0.0.0-py3.10.egg-info/PKG-INFO
[0.526s] -- Installing: /home/robot_ws/install/robot_description/local/lib/python3.10/dist-packages/src-0.0.0-py3.10.egg-info/dependency_links.txt
[0.526s] -- Up-to-date: /home/robot_ws/install/robot_description/local/lib/python3.10/dist-packages/src
[0.526s] -- Up-to-date: /home/robot_ws/install/robot_description/local/lib/python3.10/dist-packages/src/__init__.py
[0.621s] Listing '/home/robot_ws/install/robot_description/local/lib/python3.10/dist-packages/src'...
[0.646s] -- Up-to-date: /home/robot_ws/install/robot_description/share/robot_description/config
[0.647s] -- Up-to-date: /home/robot_ws/install/robot_description/share/robot_description/launch
[0.650s] -- Up-to-date: /home/robot_ws/install/robot_description/share/robot_description/src
[0.650s] -- Up-to-date: /home/robot_ws/install/robot_description/share/robot_description/src/__init__.py
[0.651s] -- Up-to-date: /home/robot_ws/install/robot_description/share/robot_description/urdf
[0.651s] -- Up-to-date: /home/robot_ws/install/robot_description/share/robot_description/worlds
[0.652s] -- Up-to-date: /home/robot_ws/install/robot_description/share/ament_index/resource_index/package_run_dependencies/robot_description
[0.652s] -- Up-to-date: /home/robot_ws/install/robot_description/share/ament_index/resource_index/parent_prefix_path/robot_description
[0.653s] -- Up-to-date: /home/robot_ws/install/robot_description/share/robot_description/environment/ament_prefix_path.sh
[0.653s] -- Up-to-date: /home/robot_ws/install/robot_description/share/robot_description/environment/ament_prefix_path.dsv
[0.655s] -- Up-to-date: /home/robot_ws/install/robot_description/share/robot_description/environment/path.sh
[0.656s] -- Up-to-date: /home/robot_ws/install/robot_description/share/robot_description/environment/path.dsv
[0.656s] -- Up-to-date: /home/robot_ws/install/robot_description/share/robot_description/local_setup.bash
[0.656s] -- Up-to-date: /home/robot_ws/install/robot_description/share/robot_description/local_setup.sh
[0.657s] -- Up-to-date: /home/robot_ws/install/robot_description/share/robot_description/local_setup.zsh
[0.657s] -- Up-to-date: /home/robot_ws/install/robot_description/share/robot_description/local_setup.dsv
[0.658s] -- Installing: /home/robot_ws/install/robot_description/share/robot_description/package.dsv
[0.659s] -- Up-to-date: /home/robot_ws/install/robot_description/share/ament_index/resource_index/packages/robot_description
[0.659s] -- Up-to-date: /home/robot_ws/install/robot_description/share/robot_description/cmake/robot_descriptionConfig.cmake
[0.659s] -- Up-to-date: /home/robot_ws/install/robot_description/share/robot_description/cmake/robot_descriptionConfig-version.cmake
[0.659s] -- Up-to-date: /home/robot_ws/install/robot_description/share/robot_description/package.xml
[0.685s] Invoked command in '/home/robot_ws/build/robot_description' returned '0': CMAKE_PREFIX_PATH=${CMAKE_PREFIX_PATH}:/opt/ros/humble /usr/bin/cmake --install /home/robot_ws/build/robot_description
