[0.022s] Invoking command in '/home/robot_ws/build/ds4_driver': CMAKE_PREFIX_PATH=/home/robot_ws/install/ds4_driver_msgs:/home/robot_ws/install/robot_description:/home/robot_ws/install/robot_core:/home/robot_ws/install/ds4_driver:/opt/ros/humble /usr/bin/cmake --build /home/robot_ws/build/ds4_driver -- -j16 -l16
[0.139s] Built target ament_cmake_python_copy_ds4_driver
[0.726s] running egg_info
[0.728s] writing ds4_driver.egg-info/PKG-INFO
[0.729s] writing dependency_links to ds4_driver.egg-info/dependency_links.txt
[0.730s] writing top-level names to ds4_driver.egg-info/top_level.txt
[0.736s] reading manifest file 'ds4_driver.egg-info/SOURCES.txt'
[0.738s] writing manifest file 'ds4_driver.egg-info/SOURCES.txt'
[0.818s] Built target ament_cmake_python_build_ds4_driver_egg
[0.850s] Invoked command in '/home/robot_ws/build/ds4_driver' returned '0': CMAKE_PREFIX_PATH=/home/robot_ws/install/ds4_driver_msgs:/home/robot_ws/install/robot_description:/home/robot_ws/install/robot_core:/home/robot_ws/install/ds4_driver:/opt/ros/humble /usr/bin/cmake --build /home/robot_ws/build/ds4_driver -- -j16 -l16
[0.932s] Invoking command in '/home/robot_ws/build/ds4_driver': CMAKE_PREFIX_PATH=/home/robot_ws/install/ds4_driver_msgs:/home/robot_ws/install/robot_description:/home/robot_ws/install/robot_core:/home/robot_ws/install/ds4_driver:/opt/ros/humble /usr/bin/cmake --install /home/robot_ws/build/ds4_driver
[0.957s] -- Install configuration: ""
[0.957s] -- Up-to-date: /home/robot_ws/install/ds4_driver/share/ds4_driver/environment/pythonpath.sh
[0.958s] -- Up-to-date: /home/robot_ws/install/ds4_driver/share/ds4_driver/environment/pythonpath.dsv
[0.959s] -- Up-to-date: /home/robot_ws/install/ds4_driver/local/lib/python3.10/dist-packages/ds4_driver-0.2.1-py3.10.egg-info
[0.959s] -- Installing: /home/robot_ws/install/ds4_driver/local/lib/python3.10/dist-packages/ds4_driver-0.2.1-py3.10.egg-info/top_level.txt
[0.960s] -- Installing: /home/robot_ws/install/ds4_driver/local/lib/python3.10/dist-packages/ds4_driver-0.2.1-py3.10.egg-info/SOURCES.txt
[0.960s] -- Installing: /home/robot_ws/install/ds4_driver/local/lib/python3.10/dist-packages/ds4_driver-0.2.1-py3.10.egg-info/PKG-INFO
[0.960s] -- Installing: /home/robot_ws/install/ds4_driver/local/lib/python3.10/dist-packages/ds4_driver-0.2.1-py3.10.egg-info/dependency_links.txt
[0.960s] -- Up-to-date: /home/robot_ws/install/ds4_driver/local/lib/python3.10/dist-packages/ds4_driver
[0.961s] -- Up-to-date: /home/robot_ws/install/ds4_driver/local/lib/python3.10/dist-packages/ds4_driver/__init__.py
[0.961s] -- Up-to-date: /home/robot_ws/install/ds4_driver/local/lib/python3.10/dist-packages/ds4_driver/controller_ros.py
[0.961s] -- Up-to-date: /home/robot_ws/install/ds4_driver/local/lib/python3.10/dist-packages/ds4_driver/logger.py
[0.962s] -- Up-to-date: /home/robot_ws/install/ds4_driver/local/lib/python3.10/dist-packages/ds4_driver/controller.py
[1.047s] Listing '/home/robot_ws/install/ds4_driver/local/lib/python3.10/dist-packages/ds4_driver'...
[1.056s] -- Up-to-date: /home/robot_ws/install/ds4_driver/share/ds4_driver//config
[1.056s] -- Up-to-date: /home/robot_ws/install/ds4_driver/share/ds4_driver//config/twist_6dof.yaml
[1.056s] -- Up-to-date: /home/robot_ws/install/ds4_driver/share/ds4_driver//config/params.yaml
[1.056s] -- Up-to-date: /home/robot_ws/install/ds4_driver/share/ds4_driver//config/twist_2dof.yaml
[1.057s] -- Up-to-date: /home/robot_ws/install/ds4_driver/share/ds4_driver//launch
[1.057s] -- Up-to-date: /home/robot_ws/install/ds4_driver/share/ds4_driver//launch/ds4_driver.launch.xml
[1.057s] -- Up-to-date: /home/robot_ws/install/ds4_driver/share/ds4_driver//launch/demo.launch.xml
[1.057s] -- Up-to-date: /home/robot_ws/install/ds4_driver/share/ds4_driver//launch/ds4_twist.launch.xml
[1.058s] -- Up-to-date: /home/robot_ws/install/ds4_driver/lib/ds4_driver/demo.py
[1.058s] -- Up-to-date: /home/robot_ws/install/ds4_driver/lib/ds4_driver/ds4_driver_node.py
[1.058s] -- Up-to-date: /home/robot_ws/install/ds4_driver/lib/ds4_driver/ds4_twist_node.py
[1.058s] -- Up-to-date: /home/robot_ws/install/ds4_driver/share/ament_index/resource_index/package_run_dependencies/ds4_driver
[1.058s] -- Up-to-date: /home/robot_ws/install/ds4_driver/share/ament_index/resource_index/parent_prefix_path/ds4_driver
[1.058s] -- Up-to-date: /home/robot_ws/install/ds4_driver/share/ds4_driver/environment/ament_prefix_path.sh
[1.059s] -- Up-to-date: /home/robot_ws/install/ds4_driver/share/ds4_driver/environment/ament_prefix_path.dsv
[1.060s] -- Up-to-date: /home/robot_ws/install/ds4_driver/share/ds4_driver/environment/path.sh
[1.060s] -- Up-to-date: /home/robot_ws/install/ds4_driver/share/ds4_driver/environment/path.dsv
[1.060s] -- Up-to-date: /home/robot_ws/install/ds4_driver/share/ds4_driver/local_setup.bash
[1.062s] -- Up-to-date: /home/robot_ws/install/ds4_driver/share/ds4_driver/local_setup.sh
[1.063s] -- Up-to-date: /home/robot_ws/install/ds4_driver/share/ds4_driver/local_setup.zsh
[1.063s] -- Up-to-date: /home/robot_ws/install/ds4_driver/share/ds4_driver/local_setup.dsv
[1.064s] -- Installing: /home/robot_ws/install/ds4_driver/share/ds4_driver/package.dsv
[1.064s] -- Up-to-date: /home/robot_ws/install/ds4_driver/share/ament_index/resource_index/packages/ds4_driver
[1.064s] -- Up-to-date: /home/robot_ws/install/ds4_driver/share/ds4_driver/cmake/ds4_driverConfig.cmake
[1.065s] -- Up-to-date: /home/robot_ws/install/ds4_driver/share/ds4_driver/cmake/ds4_driverConfig-version.cmake
[1.065s] -- Up-to-date: /home/robot_ws/install/ds4_driver/share/ds4_driver/package.xml
[1.066s] Invoked command in '/home/robot_ws/build/ds4_driver' returned '0': CMAKE_PREFIX_PATH=/home/robot_ws/install/ds4_driver_msgs:/home/robot_ws/install/robot_description:/home/robot_ws/install/robot_core:/home/robot_ws/install/ds4_driver:/opt/ros/humble /usr/bin/cmake --install /home/robot_ws/build/ds4_driver
