[0.011s] Invoking command in '/home/robot_ws/build/ds4_driver_msgs': CMAKE_PREFIX_PATH=/opt/ros/humble /usr/bin/cmake --build /home/robot_ws/build/ds4_driver_msgs -- -j16 -l16
[0.043s] [  1%] [34m[1mGenerating C code for ROS interfaces[0m
[0.054s] [  3%] [34m[1mGenerating C++ code for ROS interfaces[0m
[0.060s] [  3%] Built target ament_cmake_python_copy_ds4_driver_msgs
[0.234s] running egg_info
[0.235s] creating ds4_driver_msgs.egg-info
[0.235s] writing ds4_driver_msgs.egg-info/PKG-INFO
[0.235s] writing dependency_links to ds4_driver_msgs.egg-info/dependency_links.txt
[0.235s] writing top-level names to ds4_driver_msgs.egg-info/top_level.txt
[0.236s] writing manifest file 'ds4_driver_msgs.egg-info/SOURCES.txt'
[0.238s] reading manifest file 'ds4_driver_msgs.egg-info/SOURCES.txt'
[0.238s] writing manifest file 'ds4_driver_msgs.egg-info/SOURCES.txt'
[0.259s] [  3%] Built target ament_cmake_python_build_ds4_driver_msgs_egg
[0.628s] [  5%] [32mBuilding C object CMakeFiles/ds4_driver_msgs__rosidl_generator_c.dir/rosidl_generator_c/ds4_driver_msgs/msg/detail/feedback__functions.c.o[0m
[0.629s] [  7%] [32mBuilding C object CMakeFiles/ds4_driver_msgs__rosidl_generator_c.dir/rosidl_generator_c/ds4_driver_msgs/msg/detail/report__functions.c.o[0m
[0.629s] [  9%] [32mBuilding C object CMakeFiles/ds4_driver_msgs__rosidl_generator_c.dir/rosidl_generator_c/ds4_driver_msgs/msg/detail/trackpad__functions.c.o[0m
[0.630s] [ 10%] [32mBuilding C object CMakeFiles/ds4_driver_msgs__rosidl_generator_c.dir/rosidl_generator_c/ds4_driver_msgs/msg/detail/status__functions.c.o[0m
[0.683s] [ 10%] Built target ds4_driver_msgs__cpp
[0.685s] [ 12%] [32m[1mLinking C shared library libds4_driver_msgs__rosidl_generator_c.so[0m
[0.690s] [ 14%] [34m[1mGenerating C++ type support dispatch for ROS interfaces[0m
[0.692s] [ 16%] [34m[1mGenerating C++ type support for eProsima Fast-RTPS[0m
[0.692s] [ 18%] [34m[1mGenerating C++ introspection for ROS interfaces[0m
[0.712s] [ 18%] Built target ds4_driver_msgs__rosidl_generator_c
[0.720s] [ 20%] [34m[1mGenerating C introspection for ROS interfaces[0m
[0.723s] [ 23%] [34m[1mGenerating C type support for eProsima Fast-RTPS[0m
[0.723s] [ 23%] [34m[1mGenerating C type support dispatch for ROS interfaces[0m
[1.211s] [ 25%] [32mBuilding CXX object CMakeFiles/ds4_driver_msgs__rosidl_typesupport_fastrtps_cpp.dir/rosidl_typesupport_fastrtps_cpp/ds4_driver_msgs/msg/detail/dds_fastrtps/status__type_support.cpp.o[0m
[1.211s] [ 27%] [32mBuilding CXX object CMakeFiles/ds4_driver_msgs__rosidl_typesupport_fastrtps_cpp.dir/rosidl_typesupport_fastrtps_cpp/ds4_driver_msgs/msg/detail/dds_fastrtps/report__type_support.cpp.o[0m
[1.212s] [ 30%] [32mBuilding CXX object CMakeFiles/ds4_driver_msgs__rosidl_typesupport_fastrtps_cpp.dir/rosidl_typesupport_fastrtps_cpp/ds4_driver_msgs/msg/detail/dds_fastrtps/trackpad__type_support.cpp.o[0m
[1.212s] [ 30%] [32mBuilding CXX object CMakeFiles/ds4_driver_msgs__rosidl_typesupport_fastrtps_cpp.dir/rosidl_typesupport_fastrtps_cpp/ds4_driver_msgs/msg/detail/dds_fastrtps/feedback__type_support.cpp.o[0m
[1.249s] [ 32%] [32mBuilding C object CMakeFiles/ds4_driver_msgs__rosidl_typesupport_introspection_c.dir/rosidl_typesupport_introspection_c/ds4_driver_msgs/msg/detail/status__type_support.c.o[0m
[1.250s] [ 34%] [32mBuilding C object CMakeFiles/ds4_driver_msgs__rosidl_typesupport_introspection_c.dir/rosidl_typesupport_introspection_c/ds4_driver_msgs/msg/detail/trackpad__type_support.c.o[0m
[1.250s] [ 36%] [32mBuilding C object CMakeFiles/ds4_driver_msgs__rosidl_typesupport_introspection_c.dir/rosidl_typesupport_introspection_c/ds4_driver_msgs/msg/detail/report__type_support.c.o[0m
[1.251s] [ 38%] [32mBuilding C object CMakeFiles/ds4_driver_msgs__rosidl_typesupport_introspection_c.dir/rosidl_typesupport_introspection_c/ds4_driver_msgs/msg/detail/feedback__type_support.c.o[0m
[1.261s] [ 41%] [32mBuilding CXX object CMakeFiles/ds4_driver_msgs__rosidl_typesupport_cpp.dir/rosidl_typesupport_cpp/ds4_driver_msgs/msg/feedback__type_support.cpp.o[0m
[1.261s] [ 41%] [32mBuilding CXX object CMakeFiles/ds4_driver_msgs__rosidl_typesupport_cpp.dir/rosidl_typesupport_cpp/ds4_driver_msgs/msg/status__type_support.cpp.o[0m
[1.262s] [ 43%] [32mBuilding CXX object CMakeFiles/ds4_driver_msgs__rosidl_typesupport_cpp.dir/rosidl_typesupport_cpp/ds4_driver_msgs/msg/trackpad__type_support.cpp.o[0m
[1.264s] [ 45%] [32mBuilding CXX object CMakeFiles/ds4_driver_msgs__rosidl_typesupport_cpp.dir/rosidl_typesupport_cpp/ds4_driver_msgs/msg/report__type_support.cpp.o[0m
[1.295s] [ 47%] [32m[1mLinking C shared library libds4_driver_msgs__rosidl_typesupport_introspection_c.so[0m
[1.342s] [ 47%] Built target ds4_driver_msgs__rosidl_typesupport_introspection_c
[1.353s] [ 49%] [32mBuilding CXX object CMakeFiles/ds4_driver_msgs__rosidl_typesupport_fastrtps_c.dir/rosidl_typesupport_fastrtps_c/ds4_driver_msgs/msg/detail/status__type_support_c.cpp.o[0m
[1.355s] [ 52%] [32mBuilding CXX object CMakeFiles/ds4_driver_msgs__rosidl_typesupport_fastrtps_c.dir/rosidl_typesupport_fastrtps_c/ds4_driver_msgs/msg/detail/report__type_support_c.cpp.o[0m
[1.356s] [ 52%] [32mBuilding CXX object CMakeFiles/ds4_driver_msgs__rosidl_typesupport_fastrtps_c.dir/rosidl_typesupport_fastrtps_c/ds4_driver_msgs/msg/detail/trackpad__type_support_c.cpp.o[0m
[1.357s] [ 54%] [32mBuilding CXX object CMakeFiles/ds4_driver_msgs__rosidl_typesupport_fastrtps_c.dir/rosidl_typesupport_fastrtps_c/ds4_driver_msgs/msg/detail/feedback__type_support_c.cpp.o[0m
[1.561s] [ 58%] [32mBuilding CXX object CMakeFiles/ds4_driver_msgs__rosidl_typesupport_c.dir/rosidl_typesupport_c/ds4_driver_msgs/msg/report__type_support.cpp.o[0m
[1.562s] [ 58%] [32mBuilding CXX object CMakeFiles/ds4_driver_msgs__rosidl_typesupport_c.dir/rosidl_typesupport_c/ds4_driver_msgs/msg/feedback__type_support.cpp.o[0m
[1.564s] [ 60%] [32mBuilding CXX object CMakeFiles/ds4_driver_msgs__rosidl_typesupport_c.dir/rosidl_typesupport_c/ds4_driver_msgs/msg/status__type_support.cpp.o[0m
[1.565s] [ 61%] [32mBuilding CXX object CMakeFiles/ds4_driver_msgs__rosidl_typesupport_introspection_cpp.dir/rosidl_typesupport_introspection_cpp/ds4_driver_msgs/msg/detail/feedback__type_support.cpp.o[0m
[1.566s] [ 63%] [32mBuilding CXX object CMakeFiles/ds4_driver_msgs__rosidl_typesupport_c.dir/rosidl_typesupport_c/ds4_driver_msgs/msg/trackpad__type_support.cpp.o[0m
[1.594s] [ 65%] [32mBuilding CXX object CMakeFiles/ds4_driver_msgs__rosidl_typesupport_introspection_cpp.dir/rosidl_typesupport_introspection_cpp/ds4_driver_msgs/msg/detail/status__type_support.cpp.o[0m
[1.604s] [ 67%] [32mBuilding CXX object CMakeFiles/ds4_driver_msgs__rosidl_typesupport_introspection_cpp.dir/rosidl_typesupport_introspection_cpp/ds4_driver_msgs/msg/detail/report__type_support.cpp.o[0m
[1.605s] [ 69%] [32mBuilding CXX object CMakeFiles/ds4_driver_msgs__rosidl_typesupport_introspection_cpp.dir/rosidl_typesupport_introspection_cpp/ds4_driver_msgs/msg/detail/trackpad__type_support.cpp.o[0m
[1.609s] [ 70%] [32m[1mLinking CXX shared library libds4_driver_msgs__rosidl_typesupport_c.so[0m
[1.626s] [ 72%] [32m[1mLinking CXX shared library libds4_driver_msgs__rosidl_typesupport_cpp.so[0m
[1.670s] [ 72%] Built target ds4_driver_msgs__rosidl_typesupport_c
[1.681s] [ 72%] Built target ds4_driver_msgs__rosidl_typesupport_cpp
[1.810s] [ 74%] [32m[1mLinking CXX shared library libds4_driver_msgs__rosidl_typesupport_fastrtps_cpp.so[0m
[1.829s] [ 76%] [32m[1mLinking CXX shared library libds4_driver_msgs__rosidl_typesupport_fastrtps_c.so[0m
[1.914s] [ 76%] Built target ds4_driver_msgs__rosidl_typesupport_fastrtps_cpp
[1.919s] [ 76%] Built target ds4_driver_msgs__rosidl_typesupport_fastrtps_c
[2.033s] [ 78%] [32m[1mLinking CXX shared library libds4_driver_msgs__rosidl_typesupport_introspection_cpp.so[0m
[2.097s] [ 78%] Built target ds4_driver_msgs__rosidl_typesupport_introspection_cpp
[2.114s] [ 78%] Built target ds4_driver_msgs
[2.133s] [ 80%] [34m[1mGenerating Python code for ROS interfaces[0m
[3.036s] [ 80%] Built target ds4_driver_msgs__py
[3.054s] [ 81%] [32mBuilding C object CMakeFiles/ds4_driver_msgs__rosidl_generator_py.dir/rosidl_generator_py/ds4_driver_msgs/msg/_report_s.c.o[0m
[3.054s] [ 87%] [32mBuilding C object CMakeFiles/ds4_driver_msgs__rosidl_generator_py.dir/rosidl_generator_py/ds4_driver_msgs/msg/_status_s.c.o[0m
[3.054s] [ 87%] [32mBuilding C object CMakeFiles/ds4_driver_msgs__rosidl_generator_py.dir/rosidl_generator_py/ds4_driver_msgs/msg/_feedback_s.c.o[0m
[3.054s] [ 87%] [32mBuilding C object CMakeFiles/ds4_driver_msgs__rosidl_generator_py.dir/rosidl_generator_py/ds4_driver_msgs/msg/_trackpad_s.c.o[0m
[3.168s] [ 89%] [32m[1mLinking C shared library rosidl_generator_py/ds4_driver_msgs/libds4_driver_msgs__rosidl_generator_py.so[0m
[3.202s] [ 89%] Built target ds4_driver_msgs__rosidl_generator_py
[3.217s] [ 90%] [32mBuilding C object CMakeFiles/ds4_driver_msgs__rosidl_typesupport_introspection_c__pyext.dir/rosidl_generator_py/ds4_driver_msgs/_ds4_driver_msgs_s.ep.rosidl_typesupport_introspection_c.c.o[0m
[3.217s] [ 92%] [32mBuilding C object CMakeFiles/ds4_driver_msgs__rosidl_typesupport_c__pyext.dir/rosidl_generator_py/ds4_driver_msgs/_ds4_driver_msgs_s.ep.rosidl_typesupport_c.c.o[0m
[3.218s] [ 94%] [32mBuilding C object CMakeFiles/ds4_driver_msgs__rosidl_typesupport_fastrtps_c__pyext.dir/rosidl_generator_py/ds4_driver_msgs/_ds4_driver_msgs_s.ep.rosidl_typesupport_fastrtps_c.c.o[0m
[3.294s] [ 96%] [32m[1mLinking C shared library rosidl_generator_py/ds4_driver_msgs/ds4_driver_msgs_s__rosidl_typesupport_introspection_c.cpython-310-x86_64-linux-gnu.so[0m
[3.294s] [100%] [32m[1mLinking C shared library rosidl_generator_py/ds4_driver_msgs/ds4_driver_msgs_s__rosidl_typesupport_fastrtps_c.cpython-310-x86_64-linux-gnu.so[0m
[3.294s] [100%] [32m[1mLinking C shared library rosidl_generator_py/ds4_driver_msgs/ds4_driver_msgs_s__rosidl_typesupport_c.cpython-310-x86_64-linux-gnu.so[0m
[3.323s] [100%] Built target ds4_driver_msgs__rosidl_typesupport_introspection_c__pyext
[3.325s] [100%] Built target ds4_driver_msgs__rosidl_typesupport_fastrtps_c__pyext
[3.327s] [100%] Built target ds4_driver_msgs__rosidl_typesupport_c__pyext
