[0.019s] Invoking command in '/home/robot_ws/build/ds4_driver': CMAKE_PREFIX_PATH=/home/robot_ws/install/ds4_driver_msgs:/home/robot_ws/install/robot_description:/home/robot_ws/install/robot_core:/home/robot_ws/install/ds4_driver:/opt/ros/humble /usr/bin/cmake --build /home/robot_ws/build/ds4_driver -- -j16 -l16
[0.129s] Built target ament_cmake_python_copy_ds4_driver
[0.545s] running egg_info
[0.547s] writing ds4_driver.egg-info/PKG-INFO
[0.547s] writing dependency_links to ds4_driver.egg-info/dependency_links.txt
[0.548s] writing top-level names to ds4_driver.egg-info/top_level.txt
[0.551s] reading manifest file 'ds4_driver.egg-info/SOURCES.txt'
[0.552s] writing manifest file 'ds4_driver.egg-info/SOURCES.txt'
[0.606s] Built target ament_cmake_python_build_ds4_driver_egg
[0.628s] Invoked command in '/home/robot_ws/build/ds4_driver' returned '0': CMAKE_PREFIX_PATH=/home/robot_ws/install/ds4_driver_msgs:/home/robot_ws/install/robot_description:/home/robot_ws/install/robot_core:/home/robot_ws/install/ds4_driver:/opt/ros/humble /usr/bin/cmake --build /home/robot_ws/build/ds4_driver -- -j16 -l16
[0.681s] Invoking command in '/home/robot_ws/build/ds4_driver': CMAKE_PREFIX_PATH=/home/robot_ws/install/ds4_driver_msgs:/home/robot_ws/install/robot_description:/home/robot_ws/install/robot_core:/home/robot_ws/install/ds4_driver:/opt/ros/humble /usr/bin/cmake --install /home/robot_ws/build/ds4_driver
[0.696s] -- Install configuration: ""
[0.697s] -- Up-to-date: /home/robot_ws/install/ds4_driver/share/ds4_driver/environment/pythonpath.sh
[0.697s] -- Up-to-date: /home/robot_ws/install/ds4_driver/share/ds4_driver/environment/pythonpath.dsv
[0.697s] -- Up-to-date: /home/robot_ws/install/ds4_driver/local/lib/python3.10/dist-packages/ds4_driver-0.2.1-py3.10.egg-info
[0.697s] -- Installing: /home/robot_ws/install/ds4_driver/local/lib/python3.10/dist-packages/ds4_driver-0.2.1-py3.10.egg-info/top_level.txt
[0.697s] -- Installing: /home/robot_ws/install/ds4_driver/local/lib/python3.10/dist-packages/ds4_driver-0.2.1-py3.10.egg-info/SOURCES.txt
[0.698s] -- Installing: /home/robot_ws/install/ds4_driver/local/lib/python3.10/dist-packages/ds4_driver-0.2.1-py3.10.egg-info/PKG-INFO
[0.698s] -- Installing: /home/robot_ws/install/ds4_driver/local/lib/python3.10/dist-packages/ds4_driver-0.2.1-py3.10.egg-info/dependency_links.txt
[0.698s] -- Up-to-date: /home/robot_ws/install/ds4_driver/local/lib/python3.10/dist-packages/ds4_driver
[0.698s] -- Up-to-date: /home/robot_ws/install/ds4_driver/local/lib/python3.10/dist-packages/ds4_driver/__init__.py
[0.698s] -- Up-to-date: /home/robot_ws/install/ds4_driver/local/lib/python3.10/dist-packages/ds4_driver/controller_ros.py
[0.698s] -- Up-to-date: /home/robot_ws/install/ds4_driver/local/lib/python3.10/dist-packages/ds4_driver/logger.py
[0.699s] -- Up-to-date: /home/robot_ws/install/ds4_driver/local/lib/python3.10/dist-packages/ds4_driver/controller.py
[0.770s] Listing '/home/robot_ws/install/ds4_driver/local/lib/python3.10/dist-packages/ds4_driver'...
[0.780s] -- Up-to-date: /home/robot_ws/install/ds4_driver/share/ds4_driver//config
[0.780s] -- Up-to-date: /home/robot_ws/install/ds4_driver/share/ds4_driver//config/twist_6dof.yaml
[0.781s] -- Up-to-date: /home/robot_ws/install/ds4_driver/share/ds4_driver//config/params.yaml
[0.781s] -- Up-to-date: /home/robot_ws/install/ds4_driver/share/ds4_driver//config/twist_2dof.yaml
[0.781s] -- Up-to-date: /home/robot_ws/install/ds4_driver/share/ds4_driver//launch
[0.781s] -- Up-to-date: /home/robot_ws/install/ds4_driver/share/ds4_driver//launch/ds4_driver.launch.xml
[0.781s] -- Up-to-date: /home/robot_ws/install/ds4_driver/share/ds4_driver//launch/demo.launch.xml
[0.782s] -- Up-to-date: /home/robot_ws/install/ds4_driver/share/ds4_driver//launch/ds4_twist.launch.xml
[0.782s] -- Up-to-date: /home/robot_ws/install/ds4_driver/lib/ds4_driver/demo.py
[0.782s] -- Up-to-date: /home/robot_ws/install/ds4_driver/lib/ds4_driver/ds4_driver_node.py
[0.782s] -- Up-to-date: /home/robot_ws/install/ds4_driver/lib/ds4_driver/ds4_twist_node.py
[0.782s] -- Up-to-date: /home/robot_ws/install/ds4_driver/share/ament_index/resource_index/package_run_dependencies/ds4_driver
[0.782s] -- Up-to-date: /home/robot_ws/install/ds4_driver/share/ament_index/resource_index/parent_prefix_path/ds4_driver
[0.783s] -- Up-to-date: /home/robot_ws/install/ds4_driver/share/ds4_driver/environment/ament_prefix_path.sh
[0.783s] -- Up-to-date: /home/robot_ws/install/ds4_driver/share/ds4_driver/environment/ament_prefix_path.dsv
[0.783s] -- Up-to-date: /home/robot_ws/install/ds4_driver/share/ds4_driver/environment/path.sh
[0.783s] -- Up-to-date: /home/robot_ws/install/ds4_driver/share/ds4_driver/environment/path.dsv
[0.784s] -- Up-to-date: /home/robot_ws/install/ds4_driver/share/ds4_driver/local_setup.bash
[0.784s] -- Up-to-date: /home/robot_ws/install/ds4_driver/share/ds4_driver/local_setup.sh
[0.785s] -- Up-to-date: /home/robot_ws/install/ds4_driver/share/ds4_driver/local_setup.zsh
[0.787s] -- Up-to-date: /home/robot_ws/install/ds4_driver/share/ds4_driver/local_setup.dsv
[0.788s] -- Installing: /home/robot_ws/install/ds4_driver/share/ds4_driver/package.dsv
[0.788s] -- Up-to-date: /home/robot_ws/install/ds4_driver/share/ament_index/resource_index/packages/ds4_driver
[0.788s] -- Up-to-date: /home/robot_ws/install/ds4_driver/share/ds4_driver/cmake/ds4_driverConfig.cmake
[0.789s] -- Up-to-date: /home/robot_ws/install/ds4_driver/share/ds4_driver/cmake/ds4_driverConfig-version.cmake
[0.789s] -- Up-to-date: /home/robot_ws/install/ds4_driver/share/ds4_driver/package.xml
[0.789s] Invoked command in '/home/robot_ws/build/ds4_driver' returned '0': CMAKE_PREFIX_PATH=/home/robot_ws/install/ds4_driver_msgs:/home/robot_ws/install/robot_description:/home/robot_ws/install/robot_core:/home/robot_ws/install/ds4_driver:/opt/ros/humble /usr/bin/cmake --install /home/robot_ws/build/ds4_driver
