[0.008s] Invoking command in '/home/robot_ws/build/robot_description': CMAKE_PREFIX_PATH=/opt/ros/humble /usr/bin/cmake --build /home/robot_ws/build/robot_description -- -j16 -l16
[0.051s] Built target ament_cmake_python_copy_src
[0.262s] running egg_info
[0.263s] writing src.egg-info/PKG-INFO
[0.263s] writing dependency_links to src.egg-info/dependency_links.txt
[0.264s] writing top-level names to src.egg-info/top_level.txt
[0.266s] reading manifest file 'src.egg-info/SOURCES.txt'
[0.266s] writing manifest file 'src.egg-info/SOURCES.txt'
[0.292s] Built target ament_cmake_python_build_src_egg
[0.311s] Invoked command in '/home/robot_ws/build/robot_description' returned '0': CMAKE_PREFIX_PATH=/opt/ros/humble /usr/bin/cmake --build /home/robot_ws/build/robot_description -- -j16 -l16
[0.338s] Invoking command in '/home/robot_ws/build/robot_description': CMAKE_PREFIX_PATH=/opt/ros/humble /usr/bin/cmake --install /home/robot_ws/build/robot_description
[0.345s] -- Install configuration: ""
[0.345s] -- Up-to-date: /home/robot_ws/install/robot_description/share/robot_description/environment/pythonpath.sh
[0.345s] -- Up-to-date: /home/robot_ws/install/robot_description/share/robot_description/environment/pythonpath.dsv
[0.345s] -- Up-to-date: /home/robot_ws/install/robot_description/local/lib/python3.10/dist-packages/src-0.0.0-py3.10.egg-info
[0.345s] -- Installing: /home/robot_ws/install/robot_description/local/lib/python3.10/dist-packages/src-0.0.0-py3.10.egg-info/top_level.txt
[0.345s] -- Installing: /home/robot_ws/install/robot_description/local/lib/python3.10/dist-packages/src-0.0.0-py3.10.egg-info/SOURCES.txt
[0.345s] -- Installing: /home/robot_ws/install/robot_description/local/lib/python3.10/dist-packages/src-0.0.0-py3.10.egg-info/PKG-INFO
[0.346s] -- Installing: /home/robot_ws/install/robot_description/local/lib/python3.10/dist-packages/src-0.0.0-py3.10.egg-info/dependency_links.txt
[0.346s] -- Up-to-date: /home/robot_ws/install/robot_description/local/lib/python3.10/dist-packages/src
[0.346s] -- Up-to-date: /home/robot_ws/install/robot_description/local/lib/python3.10/dist-packages/src/__init__.py
[0.377s] Listing '/home/robot_ws/install/robot_description/local/lib/python3.10/dist-packages/src'...
[0.380s] -- Installing: /home/robot_ws/install/robot_description/share/robot_description/config
[0.380s] [31mCMake Error at cmake_install.cmake:70 (file):
[0.380s]   file INSTALL cannot find "/home/robot_ws/src/robot_description/launch": No
[0.380s]   such file or directory.
[0.380s] 
[0.380s] [0m
[0.382s] Invoked command in '/home/robot_ws/build/robot_description' returned '1': CMAKE_PREFIX_PATH=/opt/ros/humble /usr/bin/cmake --install /home/robot_ws/build/robot_description
