[0.009s] Invoking command in '/home/robot_ws/build/robot_description': CMAKE_PREFIX_PATH=${CMAKE_PREFIX_PATH}:/opt/ros/humble /usr/bin/cmake --build /home/robot_ws/build/robot_description -- -j16 -l16
[0.048s] Built target ament_cmake_python_copy_src
[0.452s] running egg_info
[0.453s] writing src.egg-info/PKG-INFO
[0.453s] writing dependency_links to src.egg-info/dependency_links.txt
[0.454s] writing top-level names to src.egg-info/top_level.txt
[0.464s] reading manifest file 'src.egg-info/SOURCES.txt'
[0.466s] writing manifest file 'src.egg-info/SOURCES.txt'
[0.509s] Built target ament_cmake_python_build_src_egg
[0.563s] Invoked command in '/home/robot_ws/build/robot_description' returned '0': CMAKE_PREFIX_PATH=${CMAKE_PREFIX_PATH}:/opt/ros/humble /usr/bin/cmake --build /home/robot_ws/build/robot_description -- -j16 -l16
[0.625s] Invoking command in '/home/robot_ws/build/robot_description': CMAKE_PREFIX_PATH=${CMAKE_PREFIX_PATH}:/opt/ros/humble /usr/bin/cmake --install /home/robot_ws/build/robot_description
[0.653s] -- Install configuration: ""
[0.653s] -- Up-to-date: /home/robot_ws/install/robot_description/share/robot_description/environment/pythonpath.sh
[0.653s] -- Up-to-date: /home/robot_ws/install/robot_description/share/robot_description/environment/pythonpath.dsv
[0.653s] -- Up-to-date: /home/robot_ws/install/robot_description/local/lib/python3.10/dist-packages/src-0.0.0-py3.10.egg-info
[0.653s] -- Installing: /home/robot_ws/install/robot_description/local/lib/python3.10/dist-packages/src-0.0.0-py3.10.egg-info/top_level.txt
[0.653s] -- Installing: /home/robot_ws/install/robot_description/local/lib/python3.10/dist-packages/src-0.0.0-py3.10.egg-info/SOURCES.txt
[0.653s] -- Installing: /home/robot_ws/install/robot_description/local/lib/python3.10/dist-packages/src-0.0.0-py3.10.egg-info/PKG-INFO
[0.653s] -- Installing: /home/robot_ws/install/robot_description/local/lib/python3.10/dist-packages/src-0.0.0-py3.10.egg-info/dependency_links.txt
[0.654s] -- Up-to-date: /home/robot_ws/install/robot_description/local/lib/python3.10/dist-packages/src
[0.654s] -- Up-to-date: /home/robot_ws/install/robot_description/local/lib/python3.10/dist-packages/src/__init__.py
[0.790s] Listing '/home/robot_ws/install/robot_description/local/lib/python3.10/dist-packages/src'...
[0.795s] -- Up-to-date: /home/robot_ws/install/robot_description/share/robot_description/config
[0.795s] -- Up-to-date: /home/robot_ws/install/robot_description/share/robot_description/launch
[0.795s] -- Up-to-date: /home/robot_ws/install/robot_description/share/robot_description/src
[0.795s] -- Up-to-date: /home/robot_ws/install/robot_description/share/robot_description/src/__init__.py
[0.795s] -- Up-to-date: /home/robot_ws/install/robot_description/share/robot_description/urdf
[0.795s] -- Up-to-date: /home/robot_ws/install/robot_description/share/robot_description/worlds
[0.796s] -- Up-to-date: /home/robot_ws/install/robot_description/share/ament_index/resource_index/package_run_dependencies/robot_description
[0.796s] -- Up-to-date: /home/robot_ws/install/robot_description/share/ament_index/resource_index/parent_prefix_path/robot_description
[0.796s] -- Up-to-date: /home/robot_ws/install/robot_description/share/robot_description/environment/ament_prefix_path.sh
[0.796s] -- Up-to-date: /home/robot_ws/install/robot_description/share/robot_description/environment/ament_prefix_path.dsv
[0.796s] -- Up-to-date: /home/robot_ws/install/robot_description/share/robot_description/environment/path.sh
[0.796s] -- Up-to-date: /home/robot_ws/install/robot_description/share/robot_description/environment/path.dsv
[0.796s] -- Up-to-date: /home/robot_ws/install/robot_description/share/robot_description/local_setup.bash
[0.796s] -- Up-to-date: /home/robot_ws/install/robot_description/share/robot_description/local_setup.sh
[0.796s] -- Up-to-date: /home/robot_ws/install/robot_description/share/robot_description/local_setup.zsh
[0.797s] -- Up-to-date: /home/robot_ws/install/robot_description/share/robot_description/local_setup.dsv
[0.797s] -- Installing: /home/robot_ws/install/robot_description/share/robot_description/package.dsv
[0.797s] -- Up-to-date: /home/robot_ws/install/robot_description/share/ament_index/resource_index/packages/robot_description
[0.797s] -- Up-to-date: /home/robot_ws/install/robot_description/share/robot_description/cmake/robot_descriptionConfig.cmake
[0.797s] -- Up-to-date: /home/robot_ws/install/robot_description/share/robot_description/cmake/robot_descriptionConfig-version.cmake
[0.797s] -- Up-to-date: /home/robot_ws/install/robot_description/share/robot_description/package.xml
[0.807s] Invoked command in '/home/robot_ws/build/robot_description' returned '0': CMAKE_PREFIX_PATH=${CMAKE_PREFIX_PATH}:/opt/ros/humble /usr/bin/cmake --install /home/robot_ws/build/robot_description
