[0.011s] Invoking command in '/home/robot_ws/build/robot_description': CMAKE_PREFIX_PATH=/opt/ros/humble /usr/bin/cmake --build /home/robot_ws/build/robot_description -- -j16 -l16
[0.057s] Built target ament_cmake_python_copy_src
[0.224s] running egg_info
[0.224s] writing src.egg-info/PKG-INFO
[0.224s] writing dependency_links to src.egg-info/dependency_links.txt
[0.224s] writing top-level names to src.egg-info/top_level.txt
[0.226s] reading manifest file 'src.egg-info/SOURCES.txt'
[0.226s] writing manifest file 'src.egg-info/SOURCES.txt'
[0.250s] Built target ament_cmake_python_build_src_egg
[0.260s] Invoked command in '/home/robot_ws/build/robot_description' returned '0': CMAKE_PREFIX_PATH=/opt/ros/humble /usr/bin/cmake --build /home/robot_ws/build/robot_description -- -j16 -l16
[0.284s] Invoking command in '/home/robot_ws/build/robot_description': CMAKE_PREFIX_PATH=/opt/ros/humble /usr/bin/cmake --install /home/robot_ws/build/robot_description
[0.290s] -- Install configuration: ""
[0.290s] -- Up-to-date: /home/robot_ws/install/robot_description/share/robot_description/environment/pythonpath.sh
[0.290s] -- Up-to-date: /home/robot_ws/install/robot_description/share/robot_description/environment/pythonpath.dsv
[0.290s] -- Up-to-date: /home/robot_ws/install/robot_description/local/lib/python3.10/dist-packages/src-0.0.0-py3.10.egg-info
[0.290s] -- Installing: /home/robot_ws/install/robot_description/local/lib/python3.10/dist-packages/src-0.0.0-py3.10.egg-info/top_level.txt
[0.290s] -- Installing: /home/robot_ws/install/robot_description/local/lib/python3.10/dist-packages/src-0.0.0-py3.10.egg-info/SOURCES.txt
[0.290s] -- Installing: /home/robot_ws/install/robot_description/local/lib/python3.10/dist-packages/src-0.0.0-py3.10.egg-info/PKG-INFO
[0.290s] -- Installing: /home/robot_ws/install/robot_description/local/lib/python3.10/dist-packages/src-0.0.0-py3.10.egg-info/dependency_links.txt
[0.291s] -- Up-to-date: /home/robot_ws/install/robot_description/local/lib/python3.10/dist-packages/src
[0.291s] -- Up-to-date: /home/robot_ws/install/robot_description/local/lib/python3.10/dist-packages/src/__init__.py
[0.313s] Listing '/home/robot_ws/install/robot_description/local/lib/python3.10/dist-packages/src'...
[0.316s] -- Up-to-date: /home/robot_ws/install/robot_description/share/robot_description/config
[0.316s] -- Up-to-date: /home/robot_ws/install/robot_description/share/robot_description/launch
[0.316s] -- Up-to-date: /home/robot_ws/install/robot_description/share/robot_description/src
[0.316s] -- Up-to-date: /home/robot_ws/install/robot_description/share/robot_description/src/__init__.py
[0.316s] -- Installing: /home/robot_ws/install/robot_description/share/robot_description/urdf
[0.317s] [31mCMake Error at cmake_install.cmake:70 (file):
[0.317s]   file INSTALL cannot find "/home/robot_ws/src/robot_description/worlds": No
[0.317s]   such file or directory.
[0.317s] 
[0.317s] [0m
[0.318s] Invoked command in '/home/robot_ws/build/robot_description' returned '1': CMAKE_PREFIX_PATH=/opt/ros/humble /usr/bin/cmake --install /home/robot_ws/build/robot_description
