Built target ament_cmake_python_copy_src
running egg_info
writing src.egg-info/PKG-INFO
writing dependency_links to src.egg-info/dependency_links.txt
writing top-level names to src.egg-info/top_level.txt
reading manifest file 'src.egg-info/SOURCES.txt'
writing manifest file 'src.egg-info/SOURCES.txt'
Built target ament_cmake_python_build_src_egg
-- Install configuration: ""
-- Up-to-date: /home/robot_ws/install/robot_core/share/robot_core/environment/pythonpath.sh
-- Up-to-date: /home/robot_ws/install/robot_core/share/robot_core/environment/pythonpath.dsv
-- Up-to-date: /home/robot_ws/install/robot_core/local/lib/python3.10/dist-packages/src-0.0.0-py3.10.egg-info
-- Installing: /home/robot_ws/install/robot_core/local/lib/python3.10/dist-packages/src-0.0.0-py3.10.egg-info/top_level.txt
-- Installing: /home/robot_ws/install/robot_core/local/lib/python3.10/dist-packages/src-0.0.0-py3.10.egg-info/SOURCES.txt
-- Installing: /home/robot_ws/install/robot_core/local/lib/python3.10/dist-packages/src-0.0.0-py3.10.egg-info/PKG-INFO
-- Installing: /home/robot_ws/install/robot_core/local/lib/python3.10/dist-packages/src-0.0.0-py3.10.egg-info/dependency_links.txt
-- Up-to-date: /home/robot_ws/install/robot_core/local/lib/python3.10/dist-packages/src
-- Up-to-date: /home/robot_ws/install/robot_core/local/lib/python3.10/dist-packages/src/__init__.py
-- Up-to-date: /home/robot_ws/install/robot_core/local/lib/python3.10/dist-packages/src/joy copy 2.py
-- Up-to-date: /home/robot_ws/install/robot_core/local/lib/python3.10/dist-packages/src/joy.py
Listing '/home/robot_ws/install/robot_core/local/lib/python3.10/dist-packages/src'...
-- Up-to-date: /home/robot_ws/install/robot_core/share/robot_core/src
-- Up-to-date: /home/robot_ws/install/robot_core/share/robot_core/src/__init__.py
-- Up-to-date: /home/robot_ws/install/robot_core/share/robot_core/src/joy copy 2.py
-- Up-to-date: /home/robot_ws/install/robot_core/share/robot_core/src/joy.py
-- Up-to-date: /home/robot_ws/install/robot_core/share/robot_core/launch
-- Up-to-date: /home/robot_ws/install/robot_core/share/robot_core/launch/joy.launch.py
-- Up-to-date: /home/robot_ws/install/robot_core/share/robot_core/config
-- Installing: /home/robot_ws/install/robot_core/share/robot_core/config/joystick.yaml
-- Up-to-date: /home/robot_ws/install/robot_core/lib/robot_core/joy.py
-- Up-to-date: /home/robot_ws/install/robot_core/lib/robot_core/robot_core
-- Up-to-date: /home/robot_ws/install/robot_core/lib/robot_core/robot_core/__init__.py
-- Up-to-date: /home/robot_ws/install/robot_core/lib/robot_core/robot_core/ps4.py
-- Up-to-date: /home/robot_ws/install/robot_core/share/ament_index/resource_index/package_run_dependencies/robot_core
-- Up-to-date: /home/robot_ws/install/robot_core/share/ament_index/resource_index/parent_prefix_path/robot_core
-- Up-to-date: /home/robot_ws/install/robot_core/share/robot_core/environment/ament_prefix_path.sh
-- Up-to-date: /home/robot_ws/install/robot_core/share/robot_core/environment/ament_prefix_path.dsv
-- Up-to-date: /home/robot_ws/install/robot_core/share/robot_core/environment/path.sh
-- Up-to-date: /home/robot_ws/install/robot_core/share/robot_core/environment/path.dsv
-- Up-to-date: /home/robot_ws/install/robot_core/share/robot_core/local_setup.bash
-- Up-to-date: /home/robot_ws/install/robot_core/share/robot_core/local_setup.sh
-- Up-to-date: /home/robot_ws/install/robot_core/share/robot_core/local_setup.zsh
-- Up-to-date: /home/robot_ws/install/robot_core/share/robot_core/local_setup.dsv
-- Installing: /home/robot_ws/install/robot_core/share/robot_core/package.dsv
-- Up-to-date: /home/robot_ws/install/robot_core/share/ament_index/resource_index/packages/robot_core
-- Up-to-date: /home/robot_ws/install/robot_core/share/robot_core/cmake/robot_coreConfig.cmake
-- Up-to-date: /home/robot_ws/install/robot_core/share/robot_core/cmake/robot_coreConfig-version.cmake
-- Up-to-date: /home/robot_ws/install/robot_core/share/robot_core/package.xml
