[0.027s] Invoking command in '/home/robot_ws/build/robot_core': CMAKE_PREFIX_PATH=${CMAKE_PREFIX_PATH}:/opt/ros/humble /usr/bin/cmake --build /home/robot_ws/build/robot_core -- -j16 -l16
[0.138s] Built target ament_cmake_python_copy_src
[0.595s] running egg_info
[0.597s] writing src.egg-info/PKG-INFO
[0.597s] writing dependency_links to src.egg-info/dependency_links.txt
[0.597s] writing top-level names to src.egg-info/top_level.txt
[0.601s] reading manifest file 'src.egg-info/SOURCES.txt'
[0.602s] writing manifest file 'src.egg-info/SOURCES.txt'
[0.660s] Built target ament_cmake_python_build_src_egg
[0.688s] Invoked command in '/home/robot_ws/build/robot_core' returned '0': CMAKE_PREFIX_PATH=${CMAKE_PREFIX_PATH}:/opt/ros/humble /usr/bin/cmake --build /home/robot_ws/build/robot_core -- -j16 -l16
[0.760s] Invoking command in '/home/robot_ws/build/robot_core': CMAKE_PREFIX_PATH=${CMAKE_PREFIX_PATH}:/opt/ros/humble /usr/bin/cmake --install /home/robot_ws/build/robot_core
[0.774s] -- Install configuration: ""
[0.775s] -- Up-to-date: /home/robot_ws/install/robot_core/share/robot_core/environment/pythonpath.sh
[0.775s] -- Up-to-date: /home/robot_ws/install/robot_core/share/robot_core/environment/pythonpath.dsv
[0.775s] -- Up-to-date: /home/robot_ws/install/robot_core/local/lib/python3.10/dist-packages/src-0.0.0-py3.10.egg-info
[0.775s] -- Installing: /home/robot_ws/install/robot_core/local/lib/python3.10/dist-packages/src-0.0.0-py3.10.egg-info/top_level.txt
[0.776s] -- Installing: /home/robot_ws/install/robot_core/local/lib/python3.10/dist-packages/src-0.0.0-py3.10.egg-info/SOURCES.txt
[0.776s] -- Installing: /home/robot_ws/install/robot_core/local/lib/python3.10/dist-packages/src-0.0.0-py3.10.egg-info/PKG-INFO
[0.776s] -- Installing: /home/robot_ws/install/robot_core/local/lib/python3.10/dist-packages/src-0.0.0-py3.10.egg-info/dependency_links.txt
[0.776s] -- Up-to-date: /home/robot_ws/install/robot_core/local/lib/python3.10/dist-packages/src
[0.776s] -- Up-to-date: /home/robot_ws/install/robot_core/local/lib/python3.10/dist-packages/src/__init__.py
[0.776s] -- Up-to-date: /home/robot_ws/install/robot_core/local/lib/python3.10/dist-packages/src/joy.py
[0.848s] Listing '/home/robot_ws/install/robot_core/local/lib/python3.10/dist-packages/src'...
[0.854s] -- Up-to-date: /home/robot_ws/install/robot_core/share/robot_core/src
[0.854s] -- Up-to-date: /home/robot_ws/install/robot_core/share/robot_core/src/__init__.py
[0.855s] -- Up-to-date: /home/robot_ws/install/robot_core/share/robot_core/src/joy.py
[0.855s] -- Up-to-date: /home/robot_ws/install/robot_core/share/robot_core/launch
[0.855s] -- Up-to-date: /home/robot_ws/install/robot_core/share/robot_core/launch/joy.launch.py
[0.856s] -- Up-to-date: /home/robot_ws/install/robot_core/share/robot_core/config
[0.856s] -- Up-to-date: /home/robot_ws/install/robot_core/share/robot_core/config/joystick.yaml
[0.856s] -- Up-to-date: /home/robot_ws/install/robot_core/lib/robot_core/joy.py
[0.856s] -- Up-to-date: /home/robot_ws/install/robot_core/lib/robot_core/robot_core
[0.856s] -- Up-to-date: /home/robot_ws/install/robot_core/lib/robot_core/robot_core/ps4 copy.py
[0.857s] -- Up-to-date: /home/robot_ws/install/robot_core/lib/robot_core/robot_core/__init__.py
[0.857s] -- Installing: /home/robot_ws/install/robot_core/lib/robot_core/robot_core/ps4.py
[0.857s] -- Up-to-date: /home/robot_ws/install/robot_core/share/ament_index/resource_index/package_run_dependencies/robot_core
[0.857s] -- Up-to-date: /home/robot_ws/install/robot_core/share/ament_index/resource_index/parent_prefix_path/robot_core
[0.857s] -- Up-to-date: /home/robot_ws/install/robot_core/share/robot_core/environment/ament_prefix_path.sh
[0.858s] -- Up-to-date: /home/robot_ws/install/robot_core/share/robot_core/environment/ament_prefix_path.dsv
[0.858s] -- Up-to-date: /home/robot_ws/install/robot_core/share/robot_core/environment/path.sh
[0.858s] -- Up-to-date: /home/robot_ws/install/robot_core/share/robot_core/environment/path.dsv
[0.858s] -- Up-to-date: /home/robot_ws/install/robot_core/share/robot_core/local_setup.bash
[0.859s] -- Up-to-date: /home/robot_ws/install/robot_core/share/robot_core/local_setup.sh
[0.859s] -- Up-to-date: /home/robot_ws/install/robot_core/share/robot_core/local_setup.zsh
[0.860s] -- Up-to-date: /home/robot_ws/install/robot_core/share/robot_core/local_setup.dsv
[0.861s] -- Installing: /home/robot_ws/install/robot_core/share/robot_core/package.dsv
[0.861s] -- Up-to-date: /home/robot_ws/install/robot_core/share/ament_index/resource_index/packages/robot_core
[0.861s] -- Up-to-date: /home/robot_ws/install/robot_core/share/robot_core/cmake/robot_coreConfig.cmake
[0.862s] -- Up-to-date: /home/robot_ws/install/robot_core/share/robot_core/cmake/robot_coreConfig-version.cmake
[0.862s] -- Up-to-date: /home/robot_ws/install/robot_core/share/robot_core/package.xml
[0.862s] Invoked command in '/home/robot_ws/build/robot_core' returned '0': CMAKE_PREFIX_PATH=${CMAKE_PREFIX_PATH}:/opt/ros/humble /usr/bin/cmake --install /home/robot_ws/build/robot_core
