[0.009s] Invoking command in '/home/robot_ws/build/robot_description': CMAKE_PREFIX_PATH=/opt/ros/humble /usr/bin/cmake --build /home/robot_ws/build/robot_description -- -j16 -l16
[0.055s] Built target ament_cmake_python_copy_src
[0.263s] running egg_info
[0.264s] writing src.egg-info/PKG-INFO
[0.264s] writing dependency_links to src.egg-info/dependency_links.txt
[0.264s] writing top-level names to src.egg-info/top_level.txt
[0.266s] reading manifest file 'src.egg-info/SOURCES.txt'
[0.266s] writing manifest file 'src.egg-info/SOURCES.txt'
[0.289s] Built target ament_cmake_python_build_src_egg
[0.299s] Invoked command in '/home/robot_ws/build/robot_description' returned '0': CMAKE_PREFIX_PATH=/opt/ros/humble /usr/bin/cmake --build /home/robot_ws/build/robot_description -- -j16 -l16
[0.329s] Invoking command in '/home/robot_ws/build/robot_description': CMAKE_PREFIX_PATH=/opt/ros/humble /usr/bin/cmake --install /home/robot_ws/build/robot_description
[0.334s] -- Install configuration: ""
[0.334s] -- Up-to-date: /home/robot_ws/install/robot_description/share/robot_description/environment/pythonpath.sh
[0.334s] -- Up-to-date: /home/robot_ws/install/robot_description/share/robot_description/environment/pythonpath.dsv
[0.335s] -- Up-to-date: /home/robot_ws/install/robot_description/local/lib/python3.10/dist-packages/src-0.0.0-py3.10.egg-info
[0.335s] -- Installing: /home/robot_ws/install/robot_description/local/lib/python3.10/dist-packages/src-0.0.0-py3.10.egg-info/top_level.txt
[0.335s] -- Installing: /home/robot_ws/install/robot_description/local/lib/python3.10/dist-packages/src-0.0.0-py3.10.egg-info/SOURCES.txt
[0.335s] -- Installing: /home/robot_ws/install/robot_description/local/lib/python3.10/dist-packages/src-0.0.0-py3.10.egg-info/PKG-INFO
[0.335s] -- Installing: /home/robot_ws/install/robot_description/local/lib/python3.10/dist-packages/src-0.0.0-py3.10.egg-info/dependency_links.txt
[0.335s] -- Up-to-date: /home/robot_ws/install/robot_description/local/lib/python3.10/dist-packages/src
[0.335s] -- Up-to-date: /home/robot_ws/install/robot_description/local/lib/python3.10/dist-packages/src/__init__.py
[0.358s] Listing '/home/robot_ws/install/robot_description/local/lib/python3.10/dist-packages/src'...
[0.361s] -- Up-to-date: /home/robot_ws/install/robot_description/share/robot_description/config
[0.361s] -- Installing: /home/robot_ws/install/robot_description/share/robot_description/launch
[0.361s] -- Installing: /home/robot_ws/install/robot_description/share/robot_description/src
[0.361s] -- Installing: /home/robot_ws/install/robot_description/share/robot_description/src/__init__.py
[0.362s] [31mCMake Error at cmake_install.cmake:70 (file):
[0.362s]   file INSTALL cannot find "/home/robot_ws/src/robot_description/urdf": No
[0.362s]   such file or directory.
[0.362s] 
[0.362s] [0m
[0.366s] Invoked command in '/home/robot_ws/build/robot_description' returned '1': CMAKE_PREFIX_PATH=/opt/ros/humble /usr/bin/cmake --install /home/robot_ws/build/robot_description
