[0.000000] (-) TimerEvent: {}
[0.000578] (ds4_driver_msgs) JobQueued: {'identifier': 'ds4_driver_msgs', 'dependencies': OrderedDict()}
[0.000639] (robot_core) JobQueued: {'identifier': 'robot_core', 'dependencies': OrderedDict()}
[0.000679] (robot_description) JobQueued: {'identifier': 'robot_description', 'dependencies': OrderedDict()}
[0.000740] (ds4_driver) JobQueued: {'identifier': 'ds4_driver', 'dependencies': OrderedDict([('ds4_driver_msgs', '/home/robot_ws/install/ds4_driver_msgs')])}
[0.000765] (ds4_driver_msgs) JobStarted: {'identifier': 'ds4_driver_msgs'}
[0.004898] (robot_core) JobStarted: {'identifier': 'robot_core'}
[0.007243] (robot_description) JobStarted: {'identifier': 'robot_description'}
[0.010488] (ds4_driver_msgs) JobProgress: {'identifier': 'ds4_driver_msgs', 'progress': 'cmake'}
[0.011208] (ds4_driver_msgs) JobProgress: {'identifier': 'ds4_driver_msgs', 'progress': 'build'}
[0.011274] (ds4_driver_msgs) Command: {'cmd': ['/usr/bin/cmake', '--build', '/home/robot_ws/build/ds4_driver_msgs', '--', '-j16', '-l16'], 'cwd': '/home/robot_ws/build/ds4_driver_msgs', 'env': OrderedDict([('HOSTNAME', 'entity014'), ('SHLVL', '1'), ('LD_LIBRARY_PATH', '/home/robot_ws/install/ds4_driver_msgs/lib:/usr/lib/x86_64-linux-gnu/gazebo-11/plugins:/opt/ros/humble/opt/rviz_ogre_vendor/lib:/opt/ros/humble/lib/x86_64-linux-gnu:/opt/ros/humble/lib'), ('HOME', '/home'), ('ROS_PYTHON_VERSION', '3'), ('COLCON_PREFIX_PATH', '/home/robot_ws/install'), ('ROS_DISTRO', 'humble'), ('_', '/usr/bin/colcon'), ('ROS_VERSION', '2'), ('NVIDIA_DRIVER_CAPABILITIES', 'all'), ('TERM', 'xterm'), ('ROS_LOCALHOST_ONLY', '0'), ('QT_X11_NO_MITSHM', '1'), ('PATH', '/opt/ros/humble/bin:/usr/local/sbin:/usr/local/bin:/usr/sbin:/usr/bin:/sbin:/bin'), ('XDG_RUNTIME_DIR', '/tmp/runtime-root'), ('DISPLAY', ':0'), ('LANG', 'C.UTF-8'), ('RMW_IMPLEMENTATION', 'rmw_cyclonedds_cpp'), ('ROS_DOMAIN_ID', '10'), ('AMENT_PREFIX_PATH', '/home/robot_ws/install/robot_description:/home/robot_ws/install/robot_core:/home/robot_ws/install/ds4_driver:/home/robot_ws/install/ds4_driver_msgs:/opt/ros/humble'), ('NO_AT_BRIDGE', '1'), ('PWD', '/home/robot_ws/build/ds4_driver_msgs'), ('LC_ALL', 'C.UTF-8'), ('PYTHONPATH', '/home/robot_ws/install/robot_description/local/lib/python3.10/dist-packages:/home/robot_ws/install/robot_core/local/lib/python3.10/dist-packages:/home/robot_ws/install/ds4_driver/local/lib/python3.10/dist-packages:/home/robot_ws/install/ds4_driver_msgs/local/lib/python3.10/dist-packages:/opt/ros/humble/lib/python3.10/site-packages:/opt/ros/humble/local/lib/python3.10/dist-packages'), ('COLCON', '1'), ('CMAKE_PREFIX_PATH', '/home/robot_ws/install/robot_description:/home/robot_ws/install/robot_core:/home/robot_ws/install/ds4_driver:/home/robot_ws/install/ds4_driver_msgs:/opt/ros/humble')]), 'shell': False}
[0.012905] (robot_core) JobProgress: {'identifier': 'robot_core', 'progress': 'cmake'}
[0.016375] (robot_core) JobProgress: {'identifier': 'robot_core', 'progress': 'build'}
[0.018915] (robot_core) Command: {'cmd': ['/usr/bin/cmake', '--build', '/home/robot_ws/build/robot_core', '--', '-j16', '-l16'], 'cwd': '/home/robot_ws/build/robot_core', 'env': OrderedDict([('HOSTNAME', 'entity014'), ('SHLVL', '1'), ('LD_LIBRARY_PATH', '/home/robot_ws/install/ds4_driver_msgs/lib:/usr/lib/x86_64-linux-gnu/gazebo-11/plugins:/opt/ros/humble/opt/rviz_ogre_vendor/lib:/opt/ros/humble/lib/x86_64-linux-gnu:/opt/ros/humble/lib'), ('HOME', '/home'), ('ROS_PYTHON_VERSION', '3'), ('COLCON_PREFIX_PATH', '/home/robot_ws/install'), ('ROS_DISTRO', 'humble'), ('_', '/usr/bin/colcon'), ('ROS_VERSION', '2'), ('NVIDIA_DRIVER_CAPABILITIES', 'all'), ('TERM', 'xterm'), ('ROS_LOCALHOST_ONLY', '0'), ('QT_X11_NO_MITSHM', '1'), ('PATH', '/opt/ros/humble/bin:/usr/local/sbin:/usr/local/bin:/usr/sbin:/usr/bin:/sbin:/bin'), ('XDG_RUNTIME_DIR', '/tmp/runtime-root'), ('DISPLAY', ':0'), ('LANG', 'C.UTF-8'), ('RMW_IMPLEMENTATION', 'rmw_cyclonedds_cpp'), ('ROS_DOMAIN_ID', '10'), ('AMENT_PREFIX_PATH', '/home/robot_ws/install/robot_description:/home/robot_ws/install/robot_core:/home/robot_ws/install/ds4_driver:/home/robot_ws/install/ds4_driver_msgs:/opt/ros/humble'), ('NO_AT_BRIDGE', '1'), ('PWD', '/home/robot_ws/build/robot_core'), ('LC_ALL', 'C.UTF-8'), ('PYTHONPATH', '/home/robot_ws/install/robot_description/local/lib/python3.10/dist-packages:/home/robot_ws/install/robot_core/local/lib/python3.10/dist-packages:/home/robot_ws/install/ds4_driver/local/lib/python3.10/dist-packages:/home/robot_ws/install/ds4_driver_msgs/local/lib/python3.10/dist-packages:/opt/ros/humble/lib/python3.10/site-packages:/opt/ros/humble/local/lib/python3.10/dist-packages'), ('COLCON', '1'), ('CMAKE_PREFIX_PATH', '/home/robot_ws/install/robot_description:/home/robot_ws/install/robot_core:/home/robot_ws/install/ds4_driver:/home/robot_ws/install/ds4_driver_msgs:/opt/ros/humble')]), 'shell': False}
[0.028004] (robot_description) JobProgress: {'identifier': 'robot_description', 'progress': 'cmake'}
[0.028551] (robot_description) JobProgress: {'identifier': 'robot_description', 'progress': 'build'}
[0.028714] (robot_description) Command: {'cmd': ['/usr/bin/cmake', '--build', '/home/robot_ws/build/robot_description', '--', '-j16', '-l16'], 'cwd': '/home/robot_ws/build/robot_description', 'env': OrderedDict([('HOSTNAME', 'entity014'), ('SHLVL', '1'), ('LD_LIBRARY_PATH', '/home/robot_ws/install/ds4_driver_msgs/lib:/usr/lib/x86_64-linux-gnu/gazebo-11/plugins:/opt/ros/humble/opt/rviz_ogre_vendor/lib:/opt/ros/humble/lib/x86_64-linux-gnu:/opt/ros/humble/lib'), ('HOME', '/home'), ('ROS_PYTHON_VERSION', '3'), ('COLCON_PREFIX_PATH', '/home/robot_ws/install'), ('ROS_DISTRO', 'humble'), ('_', '/usr/bin/colcon'), ('ROS_VERSION', '2'), ('NVIDIA_DRIVER_CAPABILITIES', 'all'), ('TERM', 'xterm'), ('ROS_LOCALHOST_ONLY', '0'), ('QT_X11_NO_MITSHM', '1'), ('PATH', '/opt/ros/humble/bin:/usr/local/sbin:/usr/local/bin:/usr/sbin:/usr/bin:/sbin:/bin'), ('XDG_RUNTIME_DIR', '/tmp/runtime-root'), ('DISPLAY', ':0'), ('LANG', 'C.UTF-8'), ('RMW_IMPLEMENTATION', 'rmw_cyclonedds_cpp'), ('ROS_DOMAIN_ID', '10'), ('AMENT_PREFIX_PATH', '/home/robot_ws/install/robot_description:/home/robot_ws/install/robot_core:/home/robot_ws/install/ds4_driver:/home/robot_ws/install/ds4_driver_msgs:/opt/ros/humble'), ('NO_AT_BRIDGE', '1'), ('PWD', '/home/robot_ws/build/robot_description'), ('LC_ALL', 'C.UTF-8'), ('PYTHONPATH', '/home/robot_ws/install/robot_description/local/lib/python3.10/dist-packages:/home/robot_ws/install/robot_core/local/lib/python3.10/dist-packages:/home/robot_ws/install/ds4_driver/local/lib/python3.10/dist-packages:/home/robot_ws/install/ds4_driver_msgs/local/lib/python3.10/dist-packages:/opt/ros/humble/lib/python3.10/site-packages:/opt/ros/humble/local/lib/python3.10/dist-packages'), ('COLCON', '1'), ('CMAKE_PREFIX_PATH', '/home/robot_ws/install/robot_description:/home/robot_ws/install/robot_core:/home/robot_ws/install/ds4_driver:/home/robot_ws/install/ds4_driver_msgs:/opt/ros/humble')]), 'shell': False}
[0.069334] (ds4_driver_msgs) StdoutLine: {'line': b'[  1%] Built target ds4_driver_msgs__cpp\n'}
[0.070745] (robot_core) StdoutLine: {'line': b'Built target ament_cmake_python_copy_src\n'}
[0.080457] (ds4_driver_msgs) StdoutLine: {'line': b'[  1%] Built target ament_cmake_python_copy_ds4_driver_msgs\n'}
[0.083847] (ds4_driver_msgs) StdoutLine: {'line': b'[ 12%] Built target ds4_driver_msgs__rosidl_generator_c\n'}
[0.100075] (-) TimerEvent: {}
[0.109615] (robot_description) StdoutLine: {'line': b'Built target ament_cmake_python_copy_src\n'}
[0.203440] (-) TimerEvent: {}
[0.219899] (ds4_driver_msgs) StdoutLine: {'line': b'[ 29%] Built target ds4_driver_msgs__rosidl_typesupport_introspection_cpp\n'}
[0.221245] (ds4_driver_msgs) StdoutLine: {'line': b'[ 34%] Built target ds4_driver_msgs__rosidl_typesupport_cpp\n'}
[0.233522] (ds4_driver_msgs) StdoutLine: {'line': b'[ 45%] Built target ds4_driver_msgs__rosidl_typesupport_c\n'}
[0.248493] (ds4_driver_msgs) StdoutLine: {'line': b'[ 67%] Built target ds4_driver_msgs__rosidl_typesupport_introspection_c\n'}
[0.249687] (ds4_driver_msgs) StdoutLine: {'line': b'[ 67%] Built target ds4_driver_msgs__rosidl_typesupport_fastrtps_cpp\n'}
[0.254082] (ds4_driver_msgs) StdoutLine: {'line': b'[ 78%] Built target ds4_driver_msgs__rosidl_typesupport_fastrtps_c\n'}
[0.304436] (-) TimerEvent: {}
[0.406707] (-) TimerEvent: {}
[0.422400] (ds4_driver_msgs) StdoutLine: {'line': b'[ 78%] Built target ds4_driver_msgs\n'}
[0.508485] (-) TimerEvent: {}
[0.514279] (ds4_driver_msgs) StdoutLine: {'line': b'[ 80%] Built target ds4_driver_msgs__py\n'}
[0.547077] (ds4_driver_msgs) StdoutLine: {'line': b'[ 89%] Built target ds4_driver_msgs__rosidl_generator_py\n'}
[0.608521] (-) TimerEvent: {}
[0.614740] (ds4_driver_msgs) StdoutLine: {'line': b'[ 96%] Built target ds4_driver_msgs__rosidl_typesupport_introspection_c__pyext\n'}
[0.616478] (ds4_driver_msgs) StdoutLine: {'line': b'[ 96%] Built target ds4_driver_msgs__rosidl_typesupport_fastrtps_c__pyext\n'}
[0.621311] (ds4_driver_msgs) StdoutLine: {'line': b'[100%] Built target ds4_driver_msgs__rosidl_typesupport_c__pyext\n'}
[0.708732] (-) TimerEvent: {}
[0.717202] (ds4_driver_msgs) StdoutLine: {'line': b'running egg_info\n'}
[0.717744] (ds4_driver_msgs) StdoutLine: {'line': b'writing ds4_driver_msgs.egg-info/PKG-INFO\n'}
[0.717972] (ds4_driver_msgs) StdoutLine: {'line': b'writing dependency_links to ds4_driver_msgs.egg-info/dependency_links.txt\n'}
[0.718099] (ds4_driver_msgs) StdoutLine: {'line': b'writing top-level names to ds4_driver_msgs.egg-info/top_level.txt\n'}
[0.719284] (ds4_driver_msgs) StdoutLine: {'line': b"reading manifest file 'ds4_driver_msgs.egg-info/SOURCES.txt'\n"}
[0.719604] (ds4_driver_msgs) StdoutLine: {'line': b"writing manifest file 'ds4_driver_msgs.egg-info/SOURCES.txt'\n"}
[0.731417] (robot_core) StdoutLine: {'line': b'running egg_info\n'}
[0.731637] (robot_description) StdoutLine: {'line': b'running egg_info\n'}
[0.731860] (robot_core) StdoutLine: {'line': b'writing src.egg-info/PKG-INFO\n'}
[0.732106] (robot_description) StdoutLine: {'line': b'writing src.egg-info/PKG-INFO\n'}
[0.732218] (robot_core) StdoutLine: {'line': b'writing dependency_links to src.egg-info/dependency_links.txt\n'}
[0.732398] (robot_core) StdoutLine: {'line': b'writing top-level names to src.egg-info/top_level.txt\n'}
[0.732510] (robot_description) StdoutLine: {'line': b'writing dependency_links to src.egg-info/dependency_links.txt\n'}
[0.732581] (robot_description) StdoutLine: {'line': b'writing top-level names to src.egg-info/top_level.txt\n'}
[0.733523] (robot_core) StdoutLine: {'line': b"reading manifest file 'src.egg-info/SOURCES.txt'\n"}
[0.733624] (robot_description) StdoutLine: {'line': b"reading manifest file 'src.egg-info/SOURCES.txt'\n"}
[0.733794] (robot_core) StdoutLine: {'line': b"writing manifest file 'src.egg-info/SOURCES.txt'\n"}
[0.733940] (robot_description) StdoutLine: {'line': b"writing manifest file 'src.egg-info/SOURCES.txt'\n"}
[0.747806] (ds4_driver_msgs) StdoutLine: {'line': b'[100%] Built target ament_cmake_python_build_ds4_driver_msgs_egg\n'}
[0.759330] (ds4_driver_msgs) CommandEnded: {'returncode': 0}
[0.762536] (robot_description) StdoutLine: {'line': b'Built target ament_cmake_python_build_src_egg\n'}
[0.763006] (robot_core) StdoutLine: {'line': b'Built target ament_cmake_python_build_src_egg\n'}
[0.771362] (robot_description) CommandEnded: {'returncode': 0}
[0.773408] (robot_core) CommandEnded: {'returncode': 0}
[0.790839] (robot_description) JobProgress: {'identifier': 'robot_description', 'progress': 'install'}
[0.798655] (robot_description) Command: {'cmd': ['/usr/bin/cmake', '--install', '/home/robot_ws/build/robot_description'], 'cwd': '/home/robot_ws/build/robot_description', 'env': OrderedDict([('HOSTNAME', 'entity014'), ('SHLVL', '1'), ('LD_LIBRARY_PATH', '/home/robot_ws/install/ds4_driver_msgs/lib:/usr/lib/x86_64-linux-gnu/gazebo-11/plugins:/opt/ros/humble/opt/rviz_ogre_vendor/lib:/opt/ros/humble/lib/x86_64-linux-gnu:/opt/ros/humble/lib'), ('HOME', '/home'), ('ROS_PYTHON_VERSION', '3'), ('COLCON_PREFIX_PATH', '/home/robot_ws/install'), ('ROS_DISTRO', 'humble'), ('_', '/usr/bin/colcon'), ('ROS_VERSION', '2'), ('NVIDIA_DRIVER_CAPABILITIES', 'all'), ('TERM', 'xterm'), ('ROS_LOCALHOST_ONLY', '0'), ('QT_X11_NO_MITSHM', '1'), ('PATH', '/opt/ros/humble/bin:/usr/local/sbin:/usr/local/bin:/usr/sbin:/usr/bin:/sbin:/bin'), ('XDG_RUNTIME_DIR', '/tmp/runtime-root'), ('DISPLAY', ':0'), ('LANG', 'C.UTF-8'), ('RMW_IMPLEMENTATION', 'rmw_cyclonedds_cpp'), ('ROS_DOMAIN_ID', '10'), ('AMENT_PREFIX_PATH', '/home/robot_ws/install/robot_description:/home/robot_ws/install/robot_core:/home/robot_ws/install/ds4_driver:/home/robot_ws/install/ds4_driver_msgs:/opt/ros/humble'), ('NO_AT_BRIDGE', '1'), ('PWD', '/home/robot_ws/build/robot_description'), ('LC_ALL', 'C.UTF-8'), ('PYTHONPATH', '/home/robot_ws/install/robot_description/local/lib/python3.10/dist-packages:/home/robot_ws/install/robot_core/local/lib/python3.10/dist-packages:/home/robot_ws/install/ds4_driver/local/lib/python3.10/dist-packages:/home/robot_ws/install/ds4_driver_msgs/local/lib/python3.10/dist-packages:/opt/ros/humble/lib/python3.10/site-packages:/opt/ros/humble/local/lib/python3.10/dist-packages'), ('COLCON', '1'), ('CMAKE_PREFIX_PATH', '/home/robot_ws/install/robot_description:/home/robot_ws/install/robot_core:/home/robot_ws/install/ds4_driver:/home/robot_ws/install/ds4_driver_msgs:/opt/ros/humble')]), 'shell': False}
[0.799786] (robot_core) JobProgress: {'identifier': 'robot_core', 'progress': 'install'}
[0.800051] (robot_core) Command: {'cmd': ['/usr/bin/cmake', '--install', '/home/robot_ws/build/robot_core'], 'cwd': '/home/robot_ws/build/robot_core', 'env': OrderedDict([('HOSTNAME', 'entity014'), ('SHLVL', '1'), ('LD_LIBRARY_PATH', '/home/robot_ws/install/ds4_driver_msgs/lib:/usr/lib/x86_64-linux-gnu/gazebo-11/plugins:/opt/ros/humble/opt/rviz_ogre_vendor/lib:/opt/ros/humble/lib/x86_64-linux-gnu:/opt/ros/humble/lib'), ('HOME', '/home'), ('ROS_PYTHON_VERSION', '3'), ('COLCON_PREFIX_PATH', '/home/robot_ws/install'), ('ROS_DISTRO', 'humble'), ('_', '/usr/bin/colcon'), ('ROS_VERSION', '2'), ('NVIDIA_DRIVER_CAPABILITIES', 'all'), ('TERM', 'xterm'), ('ROS_LOCALHOST_ONLY', '0'), ('QT_X11_NO_MITSHM', '1'), ('PATH', '/opt/ros/humble/bin:/usr/local/sbin:/usr/local/bin:/usr/sbin:/usr/bin:/sbin:/bin'), ('XDG_RUNTIME_DIR', '/tmp/runtime-root'), ('DISPLAY', ':0'), ('LANG', 'C.UTF-8'), ('RMW_IMPLEMENTATION', 'rmw_cyclonedds_cpp'), ('ROS_DOMAIN_ID', '10'), ('AMENT_PREFIX_PATH', '/home/robot_ws/install/robot_description:/home/robot_ws/install/robot_core:/home/robot_ws/install/ds4_driver:/home/robot_ws/install/ds4_driver_msgs:/opt/ros/humble'), ('NO_AT_BRIDGE', '1'), ('PWD', '/home/robot_ws/build/robot_core'), ('LC_ALL', 'C.UTF-8'), ('PYTHONPATH', '/home/robot_ws/install/robot_description/local/lib/python3.10/dist-packages:/home/robot_ws/install/robot_core/local/lib/python3.10/dist-packages:/home/robot_ws/install/ds4_driver/local/lib/python3.10/dist-packages:/home/robot_ws/install/ds4_driver_msgs/local/lib/python3.10/dist-packages:/opt/ros/humble/lib/python3.10/site-packages:/opt/ros/humble/local/lib/python3.10/dist-packages'), ('COLCON', '1'), ('CMAKE_PREFIX_PATH', '/home/robot_ws/install/robot_description:/home/robot_ws/install/robot_core:/home/robot_ws/install/ds4_driver:/home/robot_ws/install/ds4_driver_msgs:/opt/ros/humble')]), 'shell': False}
[0.804610] (robot_description) StdoutLine: {'line': b'-- Install configuration: ""\n'}
[0.804763] (robot_description) StdoutLine: {'line': b'-- Up-to-date: /home/robot_ws/install/robot_description/share/robot_description/environment/pythonpath.sh\n'}
[0.804819] (robot_description) StdoutLine: {'line': b'-- Up-to-date: /home/robot_ws/install/robot_description/share/robot_description/environment/pythonpath.dsv\n'}
[0.804870] (robot_description) StdoutLine: {'line': b'-- Up-to-date: /home/robot_ws/install/robot_description/local/lib/python3.10/dist-packages/src-0.0.0-py3.10.egg-info\n'}
[0.804921] (robot_description) StdoutLine: {'line': b'-- Installing: /home/robot_ws/install/robot_description/local/lib/python3.10/dist-packages/src-0.0.0-py3.10.egg-info/top_level.txt\n'}
[0.805107] (robot_core) StdoutLine: {'line': b'-- Install configuration: ""\n'}
[0.805238] (robot_description) StdoutLine: {'line': b'-- Installing: /home/robot_ws/install/robot_description/local/lib/python3.10/dist-packages/src-0.0.0-py3.10.egg-info/SOURCES.txt\n'}
[0.805292] (robot_description) StdoutLine: {'line': b'-- Installing: /home/robot_ws/install/robot_description/local/lib/python3.10/dist-packages/src-0.0.0-py3.10.egg-info/PKG-INFO\n'}
[0.805337] (robot_description) StdoutLine: {'line': b'-- Installing: /home/robot_ws/install/robot_description/local/lib/python3.10/dist-packages/src-0.0.0-py3.10.egg-info/dependency_links.txt\n'}
[0.805381] (robot_description) StdoutLine: {'line': b'-- Up-to-date: /home/robot_ws/install/robot_description/local/lib/python3.10/dist-packages/src\n'}
[0.805534] (robot_description) StdoutLine: {'line': b'-- Up-to-date: /home/robot_ws/install/robot_description/local/lib/python3.10/dist-packages/src/__init__.py\n'}
[0.805730] (robot_core) StdoutLine: {'line': b'-- Up-to-date: /home/robot_ws/install/robot_core/share/robot_core/environment/pythonpath.sh\n'}
[0.805822] (robot_core) StdoutLine: {'line': b'-- Up-to-date: /home/robot_ws/install/robot_core/share/robot_core/environment/pythonpath.dsv\n'}
[0.805901] (robot_core) StdoutLine: {'line': b'-- Up-to-date: /home/robot_ws/install/robot_core/local/lib/python3.10/dist-packages/src-0.0.0-py3.10.egg-info\n'}
[0.805976] (robot_core) StdoutLine: {'line': b'-- Installing: /home/robot_ws/install/robot_core/local/lib/python3.10/dist-packages/src-0.0.0-py3.10.egg-info/top_level.txt\n'}
[0.806053] (robot_core) StdoutLine: {'line': b'-- Installing: /home/robot_ws/install/robot_core/local/lib/python3.10/dist-packages/src-0.0.0-py3.10.egg-info/SOURCES.txt\n'}
[0.806138] (robot_core) StdoutLine: {'line': b'-- Installing: /home/robot_ws/install/robot_core/local/lib/python3.10/dist-packages/src-0.0.0-py3.10.egg-info/PKG-INFO\n'}
[0.806219] (robot_core) StdoutLine: {'line': b'-- Installing: /home/robot_ws/install/robot_core/local/lib/python3.10/dist-packages/src-0.0.0-py3.10.egg-info/dependency_links.txt\n'}
[0.806406] (robot_core) StdoutLine: {'line': b'-- Up-to-date: /home/robot_ws/install/robot_core/local/lib/python3.10/dist-packages/src\n'}
[0.806501] (robot_core) StdoutLine: {'line': b'-- Up-to-date: /home/robot_ws/install/robot_core/local/lib/python3.10/dist-packages/src/__init__.py\n'}
[0.806578] (robot_core) StdoutLine: {'line': b'-- Up-to-date: /home/robot_ws/install/robot_core/local/lib/python3.10/dist-packages/src/joy.py\n'}
[0.808887] (-) TimerEvent: {}
[0.853694] (robot_core) StdoutLine: {'line': b"Listing '/home/robot_ws/install/robot_core/local/lib/python3.10/dist-packages/src'...\n"}
[0.856647] (robot_core) StdoutLine: {'line': b'-- Up-to-date: /home/robot_ws/install/robot_core/share/robot_core/src\n'}
[0.856866] (robot_core) StdoutLine: {'line': b'-- Up-to-date: /home/robot_ws/install/robot_core/share/robot_core/src/__init__.py\n'}
[0.856954] (robot_core) StdoutLine: {'line': b'-- Up-to-date: /home/robot_ws/install/robot_core/share/robot_core/src/joy.py\n'}
[0.857287] (robot_core) StdoutLine: {'line': b'-- Up-to-date: /home/robot_ws/install/robot_core/share/robot_core/launch\n'}
[0.857427] (robot_core) StdoutLine: {'line': b'-- Up-to-date: /home/robot_ws/install/robot_core/share/robot_core/launch/joy.launch.py\n'}
[0.857507] (robot_core) StdoutLine: {'line': b'-- Up-to-date: /home/robot_ws/install/robot_core/share/robot_core/config\n'}
[0.857580] (robot_core) StdoutLine: {'line': b'-- Up-to-date: /home/robot_ws/install/robot_core/share/robot_core/config/joystick.yaml\n'}
[0.857711] (robot_core) StdoutLine: {'line': b'-- Up-to-date: /home/robot_ws/install/robot_core/lib/robot_core/joy.py\n'}
[0.857789] (robot_core) StdoutLine: {'line': b'-- Up-to-date: /home/robot_ws/install/robot_core/lib/robot_core/robot_core\n'}
[0.857857] (robot_core) StdoutLine: {'line': b'-- Up-to-date: /home/robot_ws/install/robot_core/lib/robot_core/robot_core/ps4 copy.py\n'}
[0.857925] (robot_core) StdoutLine: {'line': b'-- Up-to-date: /home/robot_ws/install/robot_core/lib/robot_core/robot_core/__init__.py\n'}
[0.857991] (robot_core) StdoutLine: {'line': b'-- Installing: /home/robot_ws/install/robot_core/lib/robot_core/robot_core/ps4.py\n'}
[0.858057] (robot_description) StdoutLine: {'line': b"Listing '/home/robot_ws/install/robot_description/local/lib/python3.10/dist-packages/src'...\n"}
[0.858153] (robot_core) StdoutLine: {'line': b'-- Up-to-date: /home/robot_ws/install/robot_core/share/ament_index/resource_index/package_run_dependencies/robot_core\n'}
[0.858229] (robot_core) StdoutLine: {'line': b'-- Up-to-date: /home/robot_ws/install/robot_core/share/ament_index/resource_index/parent_prefix_path/robot_core\n'}
[0.858388] (robot_core) StdoutLine: {'line': b'-- Up-to-date: /home/robot_ws/install/robot_core/share/robot_core/environment/ament_prefix_path.sh\n'}
[0.858813] (robot_core) StdoutLine: {'line': b'-- Up-to-date: /home/robot_ws/install/robot_core/share/robot_core/environment/ament_prefix_path.dsv\n'}
[0.859366] (robot_core) StdoutLine: {'line': b'-- Up-to-date: /home/robot_ws/install/robot_core/share/robot_core/environment/path.sh\n'}
[0.859515] (robot_core) StdoutLine: {'line': b'-- Up-to-date: /home/robot_ws/install/robot_core/share/robot_core/environment/path.dsv\n'}
[0.859672] (robot_core) StdoutLine: {'line': b'-- Up-to-date: /home/robot_ws/install/robot_core/share/robot_core/local_setup.bash\n'}
[0.859764] (robot_core) StdoutLine: {'line': b'-- Up-to-date: /home/robot_ws/install/robot_core/share/robot_core/local_setup.sh\n'}
[0.859898] (robot_core) StdoutLine: {'line': b'-- Up-to-date: /home/robot_ws/install/robot_core/share/robot_core/local_setup.zsh\n'}
[0.860005] (robot_core) StdoutLine: {'line': b'-- Up-to-date: /home/robot_ws/install/robot_core/share/robot_core/local_setup.dsv\n'}
[0.860104] (robot_core) StdoutLine: {'line': b'-- Installing: /home/robot_ws/install/robot_core/share/robot_core/package.dsv\n'}
[0.862832] (robot_core) StdoutLine: {'line': b'-- Up-to-date: /home/robot_ws/install/robot_core/share/ament_index/resource_index/packages/robot_core\n'}
[0.865232] (robot_core) StdoutLine: {'line': b'-- Up-to-date: /home/robot_ws/install/robot_core/share/robot_core/cmake/robot_coreConfig.cmake\n'}
[0.865746] (robot_core) StdoutLine: {'line': b'-- Up-to-date: /home/robot_ws/install/robot_core/share/robot_core/cmake/robot_coreConfig-version.cmake\n'}
[0.866120] (robot_core) StdoutLine: {'line': b'-- Up-to-date: /home/robot_ws/install/robot_core/share/robot_core/package.xml\n'}
[0.866483] (robot_core) CommandEnded: {'returncode': 0}
[0.867647] (robot_description) StdoutLine: {'line': b'-- Up-to-date: /home/robot_ws/install/robot_description/share/robot_description/config\n'}
[0.868298] (robot_description) StdoutLine: {'line': b'-- Up-to-date: /home/robot_ws/install/robot_description/share/robot_description/launch\n'}
[0.868663] (robot_description) StdoutLine: {'line': b'-- Up-to-date: /home/robot_ws/install/robot_description/share/robot_description/src\n'}
[0.868993] (robot_description) StdoutLine: {'line': b'-- Up-to-date: /home/robot_ws/install/robot_description/share/robot_description/src/__init__.py\n'}
[0.869358] (robot_description) StdoutLine: {'line': b'-- Up-to-date: /home/robot_ws/install/robot_description/share/robot_description/urdf\n'}
[0.869665] (robot_description) StdoutLine: {'line': b'-- Up-to-date: /home/robot_ws/install/robot_description/share/robot_description/worlds\n'}
[0.869958] (robot_description) StdoutLine: {'line': b'-- Up-to-date: /home/robot_ws/install/robot_description/share/ament_index/resource_index/package_run_dependencies/robot_description\n'}
[0.870303] (robot_description) StdoutLine: {'line': b'-- Up-to-date: /home/robot_ws/install/robot_description/share/ament_index/resource_index/parent_prefix_path/robot_description\n'}
[0.870603] (robot_description) StdoutLine: {'line': b'-- Up-to-date: /home/robot_ws/install/robot_description/share/robot_description/environment/ament_prefix_path.sh\n'}
[0.870887] (robot_description) StdoutLine: {'line': b'-- Up-to-date: /home/robot_ws/install/robot_description/share/robot_description/environment/ament_prefix_path.dsv\n'}
[0.871385] (robot_description) StdoutLine: {'line': b'-- Up-to-date: /home/robot_ws/install/robot_description/share/robot_description/environment/path.sh\n'}
[0.871808] (robot_description) StdoutLine: {'line': b'-- Up-to-date: /home/robot_ws/install/robot_description/share/robot_description/environment/path.dsv\n'}
[0.872102] (robot_description) StdoutLine: {'line': b'-- Up-to-date: /home/robot_ws/install/robot_description/share/robot_description/local_setup.bash\n'}
[0.872131] (robot_description) StdoutLine: {'line': b'-- Up-to-date: /home/robot_ws/install/robot_description/share/robot_description/local_setup.sh\n'}
[0.872158] (robot_description) StdoutLine: {'line': b'-- Up-to-date: /home/robot_ws/install/robot_description/share/robot_description/local_setup.zsh\n'}
[0.872185] (robot_description) StdoutLine: {'line': b'-- Up-to-date: /home/robot_ws/install/robot_description/share/robot_description/local_setup.dsv\n'}
[0.872213] (robot_description) StdoutLine: {'line': b'-- Installing: /home/robot_ws/install/robot_description/share/robot_description/package.dsv\n'}
[0.872245] (robot_description) StdoutLine: {'line': b'-- Up-to-date: /home/robot_ws/install/robot_description/share/ament_index/resource_index/packages/robot_description\n'}
[0.872273] (robot_description) StdoutLine: {'line': b'-- Up-to-date: /home/robot_ws/install/robot_description/share/robot_description/cmake/robot_descriptionConfig.cmake\n'}
[0.872300] (robot_description) StdoutLine: {'line': b'-- Up-to-date: /home/robot_ws/install/robot_description/share/robot_description/cmake/robot_descriptionConfig-version.cmake\n'}
[0.872327] (robot_description) StdoutLine: {'line': b'-- Up-to-date: /home/robot_ws/install/robot_description/share/robot_description/package.xml\n'}
[0.891627] (robot_description) CommandEnded: {'returncode': 0}
[0.902236] (ds4_driver_msgs) JobProgress: {'identifier': 'ds4_driver_msgs', 'progress': 'install'}
[0.902418] (ds4_driver_msgs) Command: {'cmd': ['/usr/bin/cmake', '--install', '/home/robot_ws/build/ds4_driver_msgs'], 'cwd': '/home/robot_ws/build/ds4_driver_msgs', 'env': OrderedDict([('HOSTNAME', 'entity014'), ('SHLVL', '1'), ('LD_LIBRARY_PATH', '/home/robot_ws/install/ds4_driver_msgs/lib:/usr/lib/x86_64-linux-gnu/gazebo-11/plugins:/opt/ros/humble/opt/rviz_ogre_vendor/lib:/opt/ros/humble/lib/x86_64-linux-gnu:/opt/ros/humble/lib'), ('HOME', '/home'), ('ROS_PYTHON_VERSION', '3'), ('COLCON_PREFIX_PATH', '/home/robot_ws/install'), ('ROS_DISTRO', 'humble'), ('_', '/usr/bin/colcon'), ('ROS_VERSION', '2'), ('NVIDIA_DRIVER_CAPABILITIES', 'all'), ('TERM', 'xterm'), ('ROS_LOCALHOST_ONLY', '0'), ('QT_X11_NO_MITSHM', '1'), ('PATH', '/opt/ros/humble/bin:/usr/local/sbin:/usr/local/bin:/usr/sbin:/usr/bin:/sbin:/bin'), ('XDG_RUNTIME_DIR', '/tmp/runtime-root'), ('DISPLAY', ':0'), ('LANG', 'C.UTF-8'), ('RMW_IMPLEMENTATION', 'rmw_cyclonedds_cpp'), ('ROS_DOMAIN_ID', '10'), ('AMENT_PREFIX_PATH', '/home/robot_ws/install/robot_description:/home/robot_ws/install/robot_core:/home/robot_ws/install/ds4_driver:/home/robot_ws/install/ds4_driver_msgs:/opt/ros/humble'), ('NO_AT_BRIDGE', '1'), ('PWD', '/home/robot_ws/build/ds4_driver_msgs'), ('LC_ALL', 'C.UTF-8'), ('PYTHONPATH', '/home/robot_ws/install/robot_description/local/lib/python3.10/dist-packages:/home/robot_ws/install/robot_core/local/lib/python3.10/dist-packages:/home/robot_ws/install/ds4_driver/local/lib/python3.10/dist-packages:/home/robot_ws/install/ds4_driver_msgs/local/lib/python3.10/dist-packages:/opt/ros/humble/lib/python3.10/site-packages:/opt/ros/humble/local/lib/python3.10/dist-packages'), ('COLCON', '1'), ('CMAKE_PREFIX_PATH', '/home/robot_ws/install/robot_description:/home/robot_ws/install/robot_core:/home/robot_ws/install/ds4_driver:/home/robot_ws/install/ds4_driver_msgs:/opt/ros/humble')]), 'shell': False}
[0.909119] (-) TimerEvent: {}
[0.910797] (ds4_driver_msgs) StdoutLine: {'line': b'-- Install configuration: ""\n'}
[0.911102] (ds4_driver_msgs) StdoutLine: {'line': b'-- Up-to-date: /home/robot_ws/install/ds4_driver_msgs/share/ament_index/resource_index/rosidl_interfaces/ds4_driver_msgs\n'}
[0.911145] (ds4_driver_msgs) StdoutLine: {'line': b'-- Up-to-date: /home/robot_ws/install/ds4_driver_msgs/include/ds4_driver_msgs/ds4_driver_msgs\n'}
[0.911243] (ds4_driver_msgs) StdoutLine: {'line': b'-- Up-to-date: /home/robot_ws/install/ds4_driver_msgs/include/ds4_driver_msgs/ds4_driver_msgs/msg\n'}
[0.911274] (ds4_driver_msgs) StdoutLine: {'line': b'-- Up-to-date: /home/robot_ws/install/ds4_driver_msgs/include/ds4_driver_msgs/ds4_driver_msgs/msg/feedback.h\n'}
[0.911303] (ds4_driver_msgs) StdoutLine: {'line': b'-- Up-to-date: /home/robot_ws/install/ds4_driver_msgs/include/ds4_driver_msgs/ds4_driver_msgs/msg/detail\n'}
[0.911343] (ds4_driver_msgs) StdoutLine: {'line': b'-- Up-to-date: /home/robot_ws/install/ds4_driver_msgs/include/ds4_driver_msgs/ds4_driver_msgs/msg/detail/feedback__type_support.h\n'}
[0.911371] (ds4_driver_msgs) StdoutLine: {'line': b'-- Up-to-date: /home/robot_ws/install/ds4_driver_msgs/include/ds4_driver_msgs/ds4_driver_msgs/msg/detail/trackpad__type_support.h\n'}
[0.911400] (ds4_driver_msgs) StdoutLine: {'line': b'-- Up-to-date: /home/robot_ws/install/ds4_driver_msgs/include/ds4_driver_msgs/ds4_driver_msgs/msg/detail/report__struct.h\n'}
[0.911428] (ds4_driver_msgs) StdoutLine: {'line': b'-- Up-to-date: /home/robot_ws/install/ds4_driver_msgs/include/ds4_driver_msgs/ds4_driver_msgs/msg/detail/status__functions.c\n'}
[0.911457] (ds4_driver_msgs) StdoutLine: {'line': b'-- Up-to-date: /home/robot_ws/install/ds4_driver_msgs/include/ds4_driver_msgs/ds4_driver_msgs/msg/detail/report__type_support.h\n'}
[0.911484] (ds4_driver_msgs) StdoutLine: {'line': b'-- Up-to-date: /home/robot_ws/install/ds4_driver_msgs/include/ds4_driver_msgs/ds4_driver_msgs/msg/detail/report__functions.h\n'}
[0.911512] (ds4_driver_msgs) StdoutLine: {'line': b'-- Up-to-date: /home/robot_ws/install/ds4_driver_msgs/include/ds4_driver_msgs/ds4_driver_msgs/msg/detail/status__type_support.h\n'}
[0.911539] (ds4_driver_msgs) StdoutLine: {'line': b'-- Up-to-date: /home/robot_ws/install/ds4_driver_msgs/include/ds4_driver_msgs/ds4_driver_msgs/msg/detail/trackpad__struct.h\n'}
[0.911567] (ds4_driver_msgs) StdoutLine: {'line': b'-- Up-to-date: /home/robot_ws/install/ds4_driver_msgs/include/ds4_driver_msgs/ds4_driver_msgs/msg/detail/report__functions.c\n'}
[0.911594] (ds4_driver_msgs) StdoutLine: {'line': b'-- Up-to-date: /home/robot_ws/install/ds4_driver_msgs/include/ds4_driver_msgs/ds4_driver_msgs/msg/detail/feedback__functions.h\n'}
[0.911621] (ds4_driver_msgs) StdoutLine: {'line': b'-- Up-to-date: /home/robot_ws/install/ds4_driver_msgs/include/ds4_driver_msgs/ds4_driver_msgs/msg/detail/trackpad__functions.h\n'}
[0.911805] (ds4_driver_msgs) StdoutLine: {'line': b'-- Up-to-date: /home/robot_ws/install/ds4_driver_msgs/include/ds4_driver_msgs/ds4_driver_msgs/msg/detail/feedback__struct.h\n'}
[0.911839] (ds4_driver_msgs) StdoutLine: {'line': b'-- Up-to-date: /home/robot_ws/install/ds4_driver_msgs/include/ds4_driver_msgs/ds4_driver_msgs/msg/detail/status__struct.h\n'}
[0.911868] (ds4_driver_msgs) StdoutLine: {'line': b'-- Up-to-date: /home/robot_ws/install/ds4_driver_msgs/include/ds4_driver_msgs/ds4_driver_msgs/msg/detail/status__functions.h\n'}
[0.911896] (ds4_driver_msgs) StdoutLine: {'line': b'-- Up-to-date: /home/robot_ws/install/ds4_driver_msgs/include/ds4_driver_msgs/ds4_driver_msgs/msg/detail/trackpad__functions.c\n'}
[0.911923] (ds4_driver_msgs) StdoutLine: {'line': b'-- Up-to-date: /home/robot_ws/install/ds4_driver_msgs/include/ds4_driver_msgs/ds4_driver_msgs/msg/detail/feedback__functions.c\n'}
[0.911951] (ds4_driver_msgs) StdoutLine: {'line': b'-- Up-to-date: /home/robot_ws/install/ds4_driver_msgs/include/ds4_driver_msgs/ds4_driver_msgs/msg/status.h\n'}
[0.911979] (ds4_driver_msgs) StdoutLine: {'line': b'-- Up-to-date: /home/robot_ws/install/ds4_driver_msgs/include/ds4_driver_msgs/ds4_driver_msgs/msg/trackpad.h\n'}
[0.912005] (ds4_driver_msgs) StdoutLine: {'line': b'-- Up-to-date: /home/robot_ws/install/ds4_driver_msgs/include/ds4_driver_msgs/ds4_driver_msgs/msg/report.h\n'}
[0.912040] (ds4_driver_msgs) StdoutLine: {'line': b'-- Up-to-date: /home/robot_ws/install/ds4_driver_msgs/include/ds4_driver_msgs/ds4_driver_msgs/msg/rosidl_generator_c__visibility_control.h\n'}
[0.912068] (ds4_driver_msgs) StdoutLine: {'line': b'-- Up-to-date: /home/robot_ws/install/ds4_driver_msgs/share/ds4_driver_msgs/environment/library_path.sh\n'}
[0.912104] (ds4_driver_msgs) StdoutLine: {'line': b'-- Up-to-date: /home/robot_ws/install/ds4_driver_msgs/share/ds4_driver_msgs/environment/library_path.dsv\n'}
[0.912131] (ds4_driver_msgs) StdoutLine: {'line': b'-- Up-to-date: /home/robot_ws/install/ds4_driver_msgs/lib/libds4_driver_msgs__rosidl_generator_c.so\n'}
[0.912157] (ds4_driver_msgs) StdoutLine: {'line': b'-- Up-to-date: /home/robot_ws/install/ds4_driver_msgs/include/ds4_driver_msgs/ds4_driver_msgs\n'}
[0.912183] (ds4_driver_msgs) StdoutLine: {'line': b'-- Up-to-date: /home/robot_ws/install/ds4_driver_msgs/include/ds4_driver_msgs/ds4_driver_msgs/msg\n'}
[0.912210] (ds4_driver_msgs) StdoutLine: {'line': b'-- Up-to-date: /home/robot_ws/install/ds4_driver_msgs/include/ds4_driver_msgs/ds4_driver_msgs/msg/detail\n'}
[0.912236] (ds4_driver_msgs) StdoutLine: {'line': b'-- Up-to-date: /home/robot_ws/install/ds4_driver_msgs/include/ds4_driver_msgs/ds4_driver_msgs/msg/detail/feedback__rosidl_typesupport_fastrtps_c.h\n'}
[0.912263] (ds4_driver_msgs) StdoutLine: {'line': b'-- Up-to-date: /home/robot_ws/install/ds4_driver_msgs/include/ds4_driver_msgs/ds4_driver_msgs/msg/detail/report__rosidl_typesupport_fastrtps_c.h\n'}
[0.912290] (ds4_driver_msgs) StdoutLine: {'line': b'-- Up-to-date: /home/robot_ws/install/ds4_driver_msgs/include/ds4_driver_msgs/ds4_driver_msgs/msg/detail/status__rosidl_typesupport_fastrtps_c.h\n'}
[0.912316] (ds4_driver_msgs) StdoutLine: {'line': b'-- Up-to-date: /home/robot_ws/install/ds4_driver_msgs/include/ds4_driver_msgs/ds4_driver_msgs/msg/detail/trackpad__rosidl_typesupport_fastrtps_c.h\n'}
[0.912342] (ds4_driver_msgs) StdoutLine: {'line': b'-- Up-to-date: /home/robot_ws/install/ds4_driver_msgs/include/ds4_driver_msgs/ds4_driver_msgs/msg/rosidl_typesupport_fastrtps_c__visibility_control.h\n'}
[0.912414] (ds4_driver_msgs) StdoutLine: {'line': b'-- Up-to-date: /home/robot_ws/install/ds4_driver_msgs/lib/libds4_driver_msgs__rosidl_typesupport_fastrtps_c.so\n'}
[0.912654] (ds4_driver_msgs) StdoutLine: {'line': b'-- Up-to-date: /home/robot_ws/install/ds4_driver_msgs/include/ds4_driver_msgs/ds4_driver_msgs\n'}
[0.912750] (ds4_driver_msgs) StdoutLine: {'line': b'-- Up-to-date: /home/robot_ws/install/ds4_driver_msgs/include/ds4_driver_msgs/ds4_driver_msgs/msg\n'}
[0.912786] (ds4_driver_msgs) StdoutLine: {'line': b'-- Up-to-date: /home/robot_ws/install/ds4_driver_msgs/include/ds4_driver_msgs/ds4_driver_msgs/msg/detail\n'}
[0.912817] (ds4_driver_msgs) StdoutLine: {'line': b'-- Up-to-date: /home/robot_ws/install/ds4_driver_msgs/include/ds4_driver_msgs/ds4_driver_msgs/msg/detail/status__builder.hpp\n'}
[0.912846] (ds4_driver_msgs) StdoutLine: {'line': b'-- Up-to-date: /home/robot_ws/install/ds4_driver_msgs/include/ds4_driver_msgs/ds4_driver_msgs/msg/detail/status__traits.hpp\n'}
[0.912873] (ds4_driver_msgs) StdoutLine: {'line': b'-- Up-to-date: /home/robot_ws/install/ds4_driver_msgs/include/ds4_driver_msgs/ds4_driver_msgs/msg/detail/feedback__traits.hpp\n'}
[0.912899] (ds4_driver_msgs) StdoutLine: {'line': b'-- Up-to-date: /home/robot_ws/install/ds4_driver_msgs/include/ds4_driver_msgs/ds4_driver_msgs/msg/detail/status__struct.hpp\n'}
[0.912926] (ds4_driver_msgs) StdoutLine: {'line': b'-- Up-to-date: /home/robot_ws/install/ds4_driver_msgs/include/ds4_driver_msgs/ds4_driver_msgs/msg/detail/report__struct.hpp\n'}
[0.912952] (ds4_driver_msgs) StdoutLine: {'line': b'-- Up-to-date: /home/robot_ws/install/ds4_driver_msgs/include/ds4_driver_msgs/ds4_driver_msgs/msg/detail/feedback__builder.hpp\n'}
[0.913046] (ds4_driver_msgs) StdoutLine: {'line': b'-- Up-to-date: /home/robot_ws/install/ds4_driver_msgs/include/ds4_driver_msgs/ds4_driver_msgs/msg/detail/report__builder.hpp\n'}
[0.913076] (ds4_driver_msgs) StdoutLine: {'line': b'-- Up-to-date: /home/robot_ws/install/ds4_driver_msgs/include/ds4_driver_msgs/ds4_driver_msgs/msg/detail/report__traits.hpp\n'}
[0.913158] (ds4_driver_msgs) StdoutLine: {'line': b'-- Up-to-date: /home/robot_ws/install/ds4_driver_msgs/include/ds4_driver_msgs/ds4_driver_msgs/msg/detail/trackpad__struct.hpp\n'}
[0.913216] (ds4_driver_msgs) StdoutLine: {'line': b'-- Up-to-date: /home/robot_ws/install/ds4_driver_msgs/include/ds4_driver_msgs/ds4_driver_msgs/msg/detail/trackpad__builder.hpp\n'}
[0.913245] (ds4_driver_msgs) StdoutLine: {'line': b'-- Up-to-date: /home/robot_ws/install/ds4_driver_msgs/include/ds4_driver_msgs/ds4_driver_msgs/msg/detail/feedback__struct.hpp\n'}
[0.913272] (ds4_driver_msgs) StdoutLine: {'line': b'-- Up-to-date: /home/robot_ws/install/ds4_driver_msgs/include/ds4_driver_msgs/ds4_driver_msgs/msg/detail/trackpad__traits.hpp\n'}
[0.913298] (ds4_driver_msgs) StdoutLine: {'line': b'-- Up-to-date: /home/robot_ws/install/ds4_driver_msgs/include/ds4_driver_msgs/ds4_driver_msgs/msg/status.hpp\n'}
[0.913326] (ds4_driver_msgs) StdoutLine: {'line': b'-- Up-to-date: /home/robot_ws/install/ds4_driver_msgs/include/ds4_driver_msgs/ds4_driver_msgs/msg/trackpad.hpp\n'}
[0.913353] (ds4_driver_msgs) StdoutLine: {'line': b'-- Up-to-date: /home/robot_ws/install/ds4_driver_msgs/include/ds4_driver_msgs/ds4_driver_msgs/msg/report.hpp\n'}
[0.913378] (ds4_driver_msgs) StdoutLine: {'line': b'-- Up-to-date: /home/robot_ws/install/ds4_driver_msgs/include/ds4_driver_msgs/ds4_driver_msgs/msg/feedback.hpp\n'}
[0.913404] (ds4_driver_msgs) StdoutLine: {'line': b'-- Up-to-date: /home/robot_ws/install/ds4_driver_msgs/include/ds4_driver_msgs/ds4_driver_msgs\n'}
[0.913431] (ds4_driver_msgs) StdoutLine: {'line': b'-- Up-to-date: /home/robot_ws/install/ds4_driver_msgs/include/ds4_driver_msgs/ds4_driver_msgs/msg\n'}
[0.913471] (ds4_driver_msgs) StdoutLine: {'line': b'-- Up-to-date: /home/robot_ws/install/ds4_driver_msgs/include/ds4_driver_msgs/ds4_driver_msgs/msg/detail\n'}
[0.913497] (ds4_driver_msgs) StdoutLine: {'line': b'-- Up-to-date: /home/robot_ws/install/ds4_driver_msgs/include/ds4_driver_msgs/ds4_driver_msgs/msg/detail/trackpad__rosidl_typesupport_fastrtps_cpp.hpp\n'}
[0.913523] (ds4_driver_msgs) StdoutLine: {'line': b'-- Up-to-date: /home/robot_ws/install/ds4_driver_msgs/include/ds4_driver_msgs/ds4_driver_msgs/msg/detail/feedback__rosidl_typesupport_fastrtps_cpp.hpp\n'}
[0.913548] (ds4_driver_msgs) StdoutLine: {'line': b'-- Up-to-date: /home/robot_ws/install/ds4_driver_msgs/include/ds4_driver_msgs/ds4_driver_msgs/msg/detail/dds_fastrtps\n'}
[0.913573] (ds4_driver_msgs) StdoutLine: {'line': b'-- Up-to-date: /home/robot_ws/install/ds4_driver_msgs/include/ds4_driver_msgs/ds4_driver_msgs/msg/detail/report__rosidl_typesupport_fastrtps_cpp.hpp\n'}
[0.913599] (ds4_driver_msgs) StdoutLine: {'line': b'-- Up-to-date: /home/robot_ws/install/ds4_driver_msgs/include/ds4_driver_msgs/ds4_driver_msgs/msg/detail/status__rosidl_typesupport_fastrtps_cpp.hpp\n'}
[0.913624] (ds4_driver_msgs) StdoutLine: {'line': b'-- Up-to-date: /home/robot_ws/install/ds4_driver_msgs/include/ds4_driver_msgs/ds4_driver_msgs/msg/rosidl_typesupport_fastrtps_cpp__visibility_control.h\n'}
[0.913650] (ds4_driver_msgs) StdoutLine: {'line': b'-- Up-to-date: /home/robot_ws/install/ds4_driver_msgs/lib/libds4_driver_msgs__rosidl_typesupport_fastrtps_cpp.so\n'}
[0.913700] (ds4_driver_msgs) StdoutLine: {'line': b'-- Up-to-date: /home/robot_ws/install/ds4_driver_msgs/include/ds4_driver_msgs/ds4_driver_msgs\n'}
[0.913727] (ds4_driver_msgs) StdoutLine: {'line': b'-- Up-to-date: /home/robot_ws/install/ds4_driver_msgs/include/ds4_driver_msgs/ds4_driver_msgs/msg\n'}
[0.913753] (ds4_driver_msgs) StdoutLine: {'line': b'-- Up-to-date: /home/robot_ws/install/ds4_driver_msgs/include/ds4_driver_msgs/ds4_driver_msgs/msg/detail\n'}
[0.913780] (ds4_driver_msgs) StdoutLine: {'line': b'-- Up-to-date: /home/robot_ws/install/ds4_driver_msgs/include/ds4_driver_msgs/ds4_driver_msgs/msg/detail/trackpad__rosidl_typesupport_introspection_c.h\n'}
[0.913806] (ds4_driver_msgs) StdoutLine: {'line': b'-- Up-to-date: /home/robot_ws/install/ds4_driver_msgs/include/ds4_driver_msgs/ds4_driver_msgs/msg/detail/report__rosidl_typesupport_introspection_c.h\n'}
[0.913831] (ds4_driver_msgs) StdoutLine: {'line': b'-- Up-to-date: /home/robot_ws/install/ds4_driver_msgs/include/ds4_driver_msgs/ds4_driver_msgs/msg/detail/report__type_support.c\n'}
[0.913968] (ds4_driver_msgs) StdoutLine: {'line': b'-- Up-to-date: /home/robot_ws/install/ds4_driver_msgs/include/ds4_driver_msgs/ds4_driver_msgs/msg/detail/status__rosidl_typesupport_introspection_c.h\n'}
[0.913995] (ds4_driver_msgs) StdoutLine: {'line': b'-- Up-to-date: /home/robot_ws/install/ds4_driver_msgs/include/ds4_driver_msgs/ds4_driver_msgs/msg/detail/trackpad__type_support.c\n'}
[0.914022] (ds4_driver_msgs) StdoutLine: {'line': b'-- Up-to-date: /home/robot_ws/install/ds4_driver_msgs/include/ds4_driver_msgs/ds4_driver_msgs/msg/detail/feedback__rosidl_typesupport_introspection_c.h\n'}
[0.914049] (ds4_driver_msgs) StdoutLine: {'line': b'-- Up-to-date: /home/robot_ws/install/ds4_driver_msgs/include/ds4_driver_msgs/ds4_driver_msgs/msg/detail/status__type_support.c\n'}
[0.914076] (ds4_driver_msgs) StdoutLine: {'line': b'-- Up-to-date: /home/robot_ws/install/ds4_driver_msgs/include/ds4_driver_msgs/ds4_driver_msgs/msg/detail/feedback__type_support.c\n'}
[0.914110] (ds4_driver_msgs) StdoutLine: {'line': b'-- Up-to-date: /home/robot_ws/install/ds4_driver_msgs/include/ds4_driver_msgs/ds4_driver_msgs/msg/rosidl_typesupport_introspection_c__visibility_control.h\n'}
[0.914157] (ds4_driver_msgs) StdoutLine: {'line': b'-- Up-to-date: /home/robot_ws/install/ds4_driver_msgs/lib/libds4_driver_msgs__rosidl_typesupport_introspection_c.so\n'}
[0.914186] (ds4_driver_msgs) StdoutLine: {'line': b'-- Up-to-date: /home/robot_ws/install/ds4_driver_msgs/lib/libds4_driver_msgs__rosidl_typesupport_c.so\n'}
[0.914213] (ds4_driver_msgs) StdoutLine: {'line': b'-- Up-to-date: /home/robot_ws/install/ds4_driver_msgs/include/ds4_driver_msgs/ds4_driver_msgs\n'}
[0.914239] (ds4_driver_msgs) StdoutLine: {'line': b'-- Up-to-date: /home/robot_ws/install/ds4_driver_msgs/include/ds4_driver_msgs/ds4_driver_msgs/msg\n'}
[0.914284] (ds4_driver_msgs) StdoutLine: {'line': b'-- Up-to-date: /home/robot_ws/install/ds4_driver_msgs/include/ds4_driver_msgs/ds4_driver_msgs/msg/detail\n'}
[0.914310] (ds4_driver_msgs) StdoutLine: {'line': b'-- Up-to-date: /home/robot_ws/install/ds4_driver_msgs/include/ds4_driver_msgs/ds4_driver_msgs/msg/detail/status__type_support.cpp\n'}
[0.914337] (ds4_driver_msgs) StdoutLine: {'line': b'-- Up-to-date: /home/robot_ws/install/ds4_driver_msgs/include/ds4_driver_msgs/ds4_driver_msgs/msg/detail/report__type_support.cpp\n'}
[0.914363] (ds4_driver_msgs) StdoutLine: {'line': b'-- Up-to-date: /home/robot_ws/install/ds4_driver_msgs/include/ds4_driver_msgs/ds4_driver_msgs/msg/detail/trackpad__rosidl_typesupport_introspection_cpp.hpp\n'}
[0.914389] (ds4_driver_msgs) StdoutLine: {'line': b'-- Up-to-date: /home/robot_ws/install/ds4_driver_msgs/include/ds4_driver_msgs/ds4_driver_msgs/msg/detail/trackpad__type_support.cpp\n'}
[0.914415] (ds4_driver_msgs) StdoutLine: {'line': b'-- Up-to-date: /home/robot_ws/install/ds4_driver_msgs/include/ds4_driver_msgs/ds4_driver_msgs/msg/detail/status__rosidl_typesupport_introspection_cpp.hpp\n'}
[0.914441] (ds4_driver_msgs) StdoutLine: {'line': b'-- Up-to-date: /home/robot_ws/install/ds4_driver_msgs/include/ds4_driver_msgs/ds4_driver_msgs/msg/detail/feedback__rosidl_typesupport_introspection_cpp.hpp\n'}
[0.914467] (ds4_driver_msgs) StdoutLine: {'line': b'-- Up-to-date: /home/robot_ws/install/ds4_driver_msgs/include/ds4_driver_msgs/ds4_driver_msgs/msg/detail/report__rosidl_typesupport_introspection_cpp.hpp\n'}
[0.914525] (ds4_driver_msgs) StdoutLine: {'line': b'-- Up-to-date: /home/robot_ws/install/ds4_driver_msgs/include/ds4_driver_msgs/ds4_driver_msgs/msg/detail/feedback__type_support.cpp\n'}
[0.914553] (ds4_driver_msgs) StdoutLine: {'line': b'-- Up-to-date: /home/robot_ws/install/ds4_driver_msgs/lib/libds4_driver_msgs__rosidl_typesupport_introspection_cpp.so\n'}
[0.914580] (ds4_driver_msgs) StdoutLine: {'line': b'-- Up-to-date: /home/robot_ws/install/ds4_driver_msgs/lib/libds4_driver_msgs__rosidl_typesupport_cpp.so\n'}
[0.914625] (ds4_driver_msgs) StdoutLine: {'line': b'-- Up-to-date: /home/robot_ws/install/ds4_driver_msgs/share/ds4_driver_msgs/environment/pythonpath.sh\n'}
[0.914659] (ds4_driver_msgs) StdoutLine: {'line': b'-- Up-to-date: /home/robot_ws/install/ds4_driver_msgs/share/ds4_driver_msgs/environment/pythonpath.dsv\n'}
[0.914748] (ds4_driver_msgs) StdoutLine: {'line': b'-- Up-to-date: /home/robot_ws/install/ds4_driver_msgs/local/lib/python3.10/dist-packages/ds4_driver_msgs-0.0.0-py3.10.egg-info\n'}
[0.914792] (ds4_driver_msgs) StdoutLine: {'line': b'-- Installing: /home/robot_ws/install/ds4_driver_msgs/local/lib/python3.10/dist-packages/ds4_driver_msgs-0.0.0-py3.10.egg-info/top_level.txt\n'}
[0.914867] (ds4_driver_msgs) StdoutLine: {'line': b'-- Installing: /home/robot_ws/install/ds4_driver_msgs/local/lib/python3.10/dist-packages/ds4_driver_msgs-0.0.0-py3.10.egg-info/SOURCES.txt\n'}
[0.915007] (ds4_driver_msgs) StdoutLine: {'line': b'-- Installing: /home/robot_ws/install/ds4_driver_msgs/local/lib/python3.10/dist-packages/ds4_driver_msgs-0.0.0-py3.10.egg-info/PKG-INFO\n'}
[0.915120] (ds4_driver_msgs) StdoutLine: {'line': b'-- Installing: /home/robot_ws/install/ds4_driver_msgs/local/lib/python3.10/dist-packages/ds4_driver_msgs-0.0.0-py3.10.egg-info/dependency_links.txt\n'}
[0.915286] (ds4_driver_msgs) StdoutLine: {'line': b'-- Up-to-date: /home/robot_ws/install/ds4_driver_msgs/local/lib/python3.10/dist-packages/ds4_driver_msgs\n'}
[0.915351] (ds4_driver_msgs) StdoutLine: {'line': b'-- Up-to-date: /home/robot_ws/install/ds4_driver_msgs/local/lib/python3.10/dist-packages/ds4_driver_msgs/ds4_driver_msgs_s__rosidl_typesupport_introspection_c.cpython-310-x86_64-linux-gnu.so\n'}
[0.915383] (ds4_driver_msgs) StdoutLine: {'line': b'-- Up-to-date: /home/robot_ws/install/ds4_driver_msgs/local/lib/python3.10/dist-packages/ds4_driver_msgs/__init__.py\n'}
[0.915411] (ds4_driver_msgs) StdoutLine: {'line': b'-- Up-to-date: /home/robot_ws/install/ds4_driver_msgs/local/lib/python3.10/dist-packages/ds4_driver_msgs/_ds4_driver_msgs_s.ep.rosidl_typesupport_fastrtps_c.c\n'}
[0.915455] (ds4_driver_msgs) StdoutLine: {'line': b'-- Up-to-date: /home/robot_ws/install/ds4_driver_msgs/local/lib/python3.10/dist-packages/ds4_driver_msgs/ds4_driver_msgs_s__rosidl_typesupport_fastrtps_c.cpython-310-x86_64-linux-gnu.so\n'}
[0.915585] (ds4_driver_msgs) StdoutLine: {'line': b'-- Up-to-date: /home/robot_ws/install/ds4_driver_msgs/local/lib/python3.10/dist-packages/ds4_driver_msgs/_ds4_driver_msgs_s.ep.rosidl_typesupport_c.c\n'}
[0.915622] (ds4_driver_msgs) StdoutLine: {'line': b'-- Up-to-date: /home/robot_ws/install/ds4_driver_msgs/local/lib/python3.10/dist-packages/ds4_driver_msgs/_ds4_driver_msgs_s.ep.rosidl_typesupport_introspection_c.c\n'}
[0.915684] (ds4_driver_msgs) StdoutLine: {'line': b'-- Up-to-date: /home/robot_ws/install/ds4_driver_msgs/local/lib/python3.10/dist-packages/ds4_driver_msgs/ds4_driver_msgs_s__rosidl_typesupport_c.cpython-310-x86_64-linux-gnu.so\n'}
[0.915713] (ds4_driver_msgs) StdoutLine: {'line': b'-- Up-to-date: /home/robot_ws/install/ds4_driver_msgs/local/lib/python3.10/dist-packages/ds4_driver_msgs/msg\n'}
[0.915742] (ds4_driver_msgs) StdoutLine: {'line': b'-- Up-to-date: /home/robot_ws/install/ds4_driver_msgs/local/lib/python3.10/dist-packages/ds4_driver_msgs/msg/_feedback_s.c\n'}
[0.915770] (ds4_driver_msgs) StdoutLine: {'line': b'-- Up-to-date: /home/robot_ws/install/ds4_driver_msgs/local/lib/python3.10/dist-packages/ds4_driver_msgs/msg/__init__.py\n'}
[0.915797] (ds4_driver_msgs) StdoutLine: {'line': b'-- Up-to-date: /home/robot_ws/install/ds4_driver_msgs/local/lib/python3.10/dist-packages/ds4_driver_msgs/msg/_trackpad.py\n'}
[0.915825] (ds4_driver_msgs) StdoutLine: {'line': b'-- Up-to-date: /home/robot_ws/install/ds4_driver_msgs/local/lib/python3.10/dist-packages/ds4_driver_msgs/msg/_feedback.py\n'}
[0.915853] (ds4_driver_msgs) StdoutLine: {'line': b'-- Up-to-date: /home/robot_ws/install/ds4_driver_msgs/local/lib/python3.10/dist-packages/ds4_driver_msgs/msg/_trackpad_s.c\n'}
[0.915883] (ds4_driver_msgs) StdoutLine: {'line': b'-- Up-to-date: /home/robot_ws/install/ds4_driver_msgs/local/lib/python3.10/dist-packages/ds4_driver_msgs/msg/_status.py\n'}
[0.915915] (ds4_driver_msgs) StdoutLine: {'line': b'-- Up-to-date: /home/robot_ws/install/ds4_driver_msgs/local/lib/python3.10/dist-packages/ds4_driver_msgs/msg/_report.py\n'}
[0.915944] (ds4_driver_msgs) StdoutLine: {'line': b'-- Up-to-date: /home/robot_ws/install/ds4_driver_msgs/local/lib/python3.10/dist-packages/ds4_driver_msgs/msg/_report_s.c\n'}
[0.915974] (ds4_driver_msgs) StdoutLine: {'line': b'-- Up-to-date: /home/robot_ws/install/ds4_driver_msgs/local/lib/python3.10/dist-packages/ds4_driver_msgs/msg/_status_s.c\n'}
[0.916002] (ds4_driver_msgs) StdoutLine: {'line': b'-- Up-to-date: /home/robot_ws/install/ds4_driver_msgs/local/lib/python3.10/dist-packages/ds4_driver_msgs/libds4_driver_msgs__rosidl_generator_py.so\n'}
[0.916236] (robot_core) JobEnded: {'identifier': 'robot_core', 'rc': 0}
[0.921499] (robot_description) JobEnded: {'identifier': 'robot_description', 'rc': 0}
[0.937535] (ds4_driver_msgs) StdoutLine: {'line': b"Listing '/home/robot_ws/install/ds4_driver_msgs/local/lib/python3.10/dist-packages/ds4_driver_msgs'...\n"}
[0.937697] (ds4_driver_msgs) StdoutLine: {'line': b"Listing '/home/robot_ws/install/ds4_driver_msgs/local/lib/python3.10/dist-packages/ds4_driver_msgs/msg'...\n"}
[0.941205] (ds4_driver_msgs) StdoutLine: {'line': b'-- Up-to-date: /home/robot_ws/install/ds4_driver_msgs/local/lib/python3.10/dist-packages/ds4_driver_msgs/ds4_driver_msgs_s__rosidl_typesupport_fastrtps_c.cpython-310-x86_64-linux-gnu.so\n'}
[0.941417] (ds4_driver_msgs) StdoutLine: {'line': b'-- Up-to-date: /home/robot_ws/install/ds4_driver_msgs/local/lib/python3.10/dist-packages/ds4_driver_msgs/ds4_driver_msgs_s__rosidl_typesupport_introspection_c.cpython-310-x86_64-linux-gnu.so\n'}
[0.941660] (ds4_driver_msgs) StdoutLine: {'line': b'-- Up-to-date: /home/robot_ws/install/ds4_driver_msgs/local/lib/python3.10/dist-packages/ds4_driver_msgs/ds4_driver_msgs_s__rosidl_typesupport_c.cpython-310-x86_64-linux-gnu.so\n'}
[0.941901] (ds4_driver_msgs) StdoutLine: {'line': b'-- Up-to-date: /home/robot_ws/install/ds4_driver_msgs/lib/libds4_driver_msgs__rosidl_generator_py.so\n'}
[0.942116] (ds4_driver_msgs) StdoutLine: {'line': b'-- Up-to-date: /home/robot_ws/install/ds4_driver_msgs/share/ds4_driver_msgs/msg/Feedback.idl\n'}
[0.942180] (ds4_driver_msgs) StdoutLine: {'line': b'-- Up-to-date: /home/robot_ws/install/ds4_driver_msgs/share/ds4_driver_msgs/msg/Status.idl\n'}
[0.942224] (ds4_driver_msgs) StdoutLine: {'line': b'-- Up-to-date: /home/robot_ws/install/ds4_driver_msgs/share/ds4_driver_msgs/msg/Report.idl\n'}
[0.942265] (ds4_driver_msgs) StdoutLine: {'line': b'-- Up-to-date: /home/robot_ws/install/ds4_driver_msgs/share/ds4_driver_msgs/msg/Trackpad.idl\n'}
[0.942304] (ds4_driver_msgs) StdoutLine: {'line': b'-- Up-to-date: /home/robot_ws/install/ds4_driver_msgs/share/ds4_driver_msgs/msg/Feedback.msg\n'}
[0.942344] (ds4_driver_msgs) StdoutLine: {'line': b'-- Up-to-date: /home/robot_ws/install/ds4_driver_msgs/share/ds4_driver_msgs/msg/Status.msg\n'}
[0.942383] (ds4_driver_msgs) StdoutLine: {'line': b'-- Up-to-date: /home/robot_ws/install/ds4_driver_msgs/share/ds4_driver_msgs/msg/Report.msg\n'}
[0.942429] (ds4_driver_msgs) StdoutLine: {'line': b'-- Up-to-date: /home/robot_ws/install/ds4_driver_msgs/share/ds4_driver_msgs/msg/Trackpad.msg\n'}
[0.942469] (ds4_driver_msgs) StdoutLine: {'line': b'-- Up-to-date: /home/robot_ws/install/ds4_driver_msgs/share/ament_index/resource_index/package_run_dependencies/ds4_driver_msgs\n'}
[0.942509] (ds4_driver_msgs) StdoutLine: {'line': b'-- Up-to-date: /home/robot_ws/install/ds4_driver_msgs/share/ament_index/resource_index/parent_prefix_path/ds4_driver_msgs\n'}
[0.942550] (ds4_driver_msgs) StdoutLine: {'line': b'-- Up-to-date: /home/robot_ws/install/ds4_driver_msgs/share/ds4_driver_msgs/environment/ament_prefix_path.sh\n'}
[0.942595] (ds4_driver_msgs) StdoutLine: {'line': b'-- Up-to-date: /home/robot_ws/install/ds4_driver_msgs/share/ds4_driver_msgs/environment/ament_prefix_path.dsv\n'}
[0.942642] (ds4_driver_msgs) StdoutLine: {'line': b'-- Up-to-date: /home/robot_ws/install/ds4_driver_msgs/share/ds4_driver_msgs/environment/path.sh\n'}
[0.942690] (ds4_driver_msgs) StdoutLine: {'line': b'-- Up-to-date: /home/robot_ws/install/ds4_driver_msgs/share/ds4_driver_msgs/environment/path.dsv\n'}
[0.942735] (ds4_driver_msgs) StdoutLine: {'line': b'-- Up-to-date: /home/robot_ws/install/ds4_driver_msgs/share/ds4_driver_msgs/local_setup.bash\n'}
[0.942779] (ds4_driver_msgs) StdoutLine: {'line': b'-- Up-to-date: /home/robot_ws/install/ds4_driver_msgs/share/ds4_driver_msgs/local_setup.sh\n'}
[0.942821] (ds4_driver_msgs) StdoutLine: {'line': b'-- Up-to-date: /home/robot_ws/install/ds4_driver_msgs/share/ds4_driver_msgs/local_setup.zsh\n'}
[0.942864] (ds4_driver_msgs) StdoutLine: {'line': b'-- Up-to-date: /home/robot_ws/install/ds4_driver_msgs/share/ds4_driver_msgs/local_setup.dsv\n'}
[0.942909] (ds4_driver_msgs) StdoutLine: {'line': b'-- Installing: /home/robot_ws/install/ds4_driver_msgs/share/ds4_driver_msgs/package.dsv\n'}
[0.943183] (ds4_driver_msgs) StdoutLine: {'line': b'-- Up-to-date: /home/robot_ws/install/ds4_driver_msgs/share/ament_index/resource_index/packages/ds4_driver_msgs\n'}
[0.943298] (ds4_driver_msgs) StdoutLine: {'line': b'-- Up-to-date: /home/robot_ws/install/ds4_driver_msgs/share/ds4_driver_msgs/cmake/export_ds4_driver_msgs__rosidl_generator_cExport.cmake\n'}
[0.943356] (ds4_driver_msgs) StdoutLine: {'line': b'-- Up-to-date: /home/robot_ws/install/ds4_driver_msgs/share/ds4_driver_msgs/cmake/export_ds4_driver_msgs__rosidl_generator_cExport-noconfig.cmake\n'}
[0.943487] (ds4_driver_msgs) StdoutLine: {'line': b'-- Up-to-date: /home/robot_ws/install/ds4_driver_msgs/share/ds4_driver_msgs/cmake/export_ds4_driver_msgs__rosidl_typesupport_fastrtps_cExport.cmake\n'}
[0.943548] (ds4_driver_msgs) StdoutLine: {'line': b'-- Up-to-date: /home/robot_ws/install/ds4_driver_msgs/share/ds4_driver_msgs/cmake/export_ds4_driver_msgs__rosidl_typesupport_fastrtps_cExport-noconfig.cmake\n'}
[0.943665] (ds4_driver_msgs) StdoutLine: {'line': b'-- Up-to-date: /home/robot_ws/install/ds4_driver_msgs/share/ds4_driver_msgs/cmake/export_ds4_driver_msgs__rosidl_generator_cppExport.cmake\n'}
[0.943819] (ds4_driver_msgs) StdoutLine: {'line': b'-- Up-to-date: /home/robot_ws/install/ds4_driver_msgs/share/ds4_driver_msgs/cmake/export_ds4_driver_msgs__rosidl_typesupport_fastrtps_cppExport.cmake\n'}
[0.943879] (ds4_driver_msgs) StdoutLine: {'line': b'-- Up-to-date: /home/robot_ws/install/ds4_driver_msgs/share/ds4_driver_msgs/cmake/export_ds4_driver_msgs__rosidl_typesupport_fastrtps_cppExport-noconfig.cmake\n'}
[0.943972] (ds4_driver_msgs) StdoutLine: {'line': b'-- Up-to-date: /home/robot_ws/install/ds4_driver_msgs/share/ds4_driver_msgs/cmake/ds4_driver_msgs__rosidl_typesupport_introspection_cExport.cmake\n'}
[0.944103] (ds4_driver_msgs) StdoutLine: {'line': b'-- Up-to-date: /home/robot_ws/install/ds4_driver_msgs/share/ds4_driver_msgs/cmake/ds4_driver_msgs__rosidl_typesupport_introspection_cExport-noconfig.cmake\n'}
[0.945728] (ds4_driver_msgs) StdoutLine: {'line': b'-- Up-to-date: /home/robot_ws/install/ds4_driver_msgs/share/ds4_driver_msgs/cmake/ds4_driver_msgs__rosidl_typesupport_cExport.cmake\n'}
[0.946815] (ds4_driver_msgs) StdoutLine: {'line': b'-- Up-to-date: /home/robot_ws/install/ds4_driver_msgs/share/ds4_driver_msgs/cmake/ds4_driver_msgs__rosidl_typesupport_cExport-noconfig.cmake\n'}
[0.947713] (ds4_driver_msgs) StdoutLine: {'line': b'-- Up-to-date: /home/robot_ws/install/ds4_driver_msgs/share/ds4_driver_msgs/cmake/ds4_driver_msgs__rosidl_typesupport_introspection_cppExport.cmake\n'}
[0.948572] (ds4_driver_msgs) StdoutLine: {'line': b'-- Up-to-date: /home/robot_ws/install/ds4_driver_msgs/share/ds4_driver_msgs/cmake/ds4_driver_msgs__rosidl_typesupport_introspection_cppExport-noconfig.cmake\n'}
[0.949471] (ds4_driver_msgs) StdoutLine: {'line': b'-- Up-to-date: /home/robot_ws/install/ds4_driver_msgs/share/ds4_driver_msgs/cmake/ds4_driver_msgs__rosidl_typesupport_cppExport.cmake\n'}
[0.950238] (ds4_driver_msgs) StdoutLine: {'line': b'-- Up-to-date: /home/robot_ws/install/ds4_driver_msgs/share/ds4_driver_msgs/cmake/ds4_driver_msgs__rosidl_typesupport_cppExport-noconfig.cmake\n'}
[0.951163] (ds4_driver_msgs) StdoutLine: {'line': b'-- Up-to-date: /home/robot_ws/install/ds4_driver_msgs/share/ds4_driver_msgs/cmake/export_ds4_driver_msgs__rosidl_generator_pyExport.cmake\n'}
[0.951994] (ds4_driver_msgs) StdoutLine: {'line': b'-- Up-to-date: /home/robot_ws/install/ds4_driver_msgs/share/ds4_driver_msgs/cmake/export_ds4_driver_msgs__rosidl_generator_pyExport-noconfig.cmake\n'}
[0.952617] (ds4_driver_msgs) StdoutLine: {'line': b'-- Up-to-date: /home/robot_ws/install/ds4_driver_msgs/share/ds4_driver_msgs/cmake/rosidl_cmake-extras.cmake\n'}
[0.953174] (ds4_driver_msgs) StdoutLine: {'line': b'-- Up-to-date: /home/robot_ws/install/ds4_driver_msgs/share/ds4_driver_msgs/cmake/ament_cmake_export_dependencies-extras.cmake\n'}
[0.953764] (ds4_driver_msgs) StdoutLine: {'line': b'-- Up-to-date: /home/robot_ws/install/ds4_driver_msgs/share/ds4_driver_msgs/cmake/ament_cmake_export_include_directories-extras.cmake\n'}
[0.954513] (ds4_driver_msgs) StdoutLine: {'line': b'-- Up-to-date: /home/robot_ws/install/ds4_driver_msgs/share/ds4_driver_msgs/cmake/ament_cmake_export_libraries-extras.cmake\n'}
[0.955185] (ds4_driver_msgs) StdoutLine: {'line': b'-- Up-to-date: /home/robot_ws/install/ds4_driver_msgs/share/ds4_driver_msgs/cmake/ament_cmake_export_targets-extras.cmake\n'}
[0.955735] (ds4_driver_msgs) StdoutLine: {'line': b'-- Up-to-date: /home/robot_ws/install/ds4_driver_msgs/share/ds4_driver_msgs/cmake/rosidl_cmake_export_typesupport_targets-extras.cmake\n'}
[0.955805] (ds4_driver_msgs) StdoutLine: {'line': b'-- Up-to-date: /home/robot_ws/install/ds4_driver_msgs/share/ds4_driver_msgs/cmake/rosidl_cmake_export_typesupport_libraries-extras.cmake\n'}
[0.955868] (ds4_driver_msgs) StdoutLine: {'line': b'-- Up-to-date: /home/robot_ws/install/ds4_driver_msgs/share/ds4_driver_msgs/cmake/ds4_driver_msgsConfig.cmake\n'}
[0.955931] (ds4_driver_msgs) StdoutLine: {'line': b'-- Up-to-date: /home/robot_ws/install/ds4_driver_msgs/share/ds4_driver_msgs/cmake/ds4_driver_msgsConfig-version.cmake\n'}
[0.955994] (ds4_driver_msgs) StdoutLine: {'line': b'-- Up-to-date: /home/robot_ws/install/ds4_driver_msgs/share/ds4_driver_msgs/package.xml\n'}
[0.957296] (ds4_driver_msgs) CommandEnded: {'returncode': 0}
[1.009211] (-) TimerEvent: {}
[1.059948] (ds4_driver_msgs) JobEnded: {'identifier': 'ds4_driver_msgs', 'rc': 0}
[1.061083] (ds4_driver) JobStarted: {'identifier': 'ds4_driver'}
[1.068365] (ds4_driver) JobProgress: {'identifier': 'ds4_driver', 'progress': 'cmake'}
[1.068693] (ds4_driver) JobProgress: {'identifier': 'ds4_driver', 'progress': 'build'}
[1.068936] (ds4_driver) Command: {'cmd': ['/usr/bin/cmake', '--build', '/home/robot_ws/build/ds4_driver', '--', '-j16', '-l16'], 'cwd': '/home/robot_ws/build/ds4_driver', 'env': OrderedDict([('HOSTNAME', 'entity014'), ('SHLVL', '1'), ('LD_LIBRARY_PATH', '/home/robot_ws/install/ds4_driver_msgs/lib:/usr/lib/x86_64-linux-gnu/gazebo-11/plugins:/opt/ros/humble/opt/rviz_ogre_vendor/lib:/opt/ros/humble/lib/x86_64-linux-gnu:/opt/ros/humble/lib'), ('HOME', '/home'), ('ROS_PYTHON_VERSION', '3'), ('COLCON_PREFIX_PATH', '/home/robot_ws/install'), ('ROS_DISTRO', 'humble'), ('_', '/usr/bin/colcon'), ('ROS_VERSION', '2'), ('NVIDIA_DRIVER_CAPABILITIES', 'all'), ('TERM', 'xterm'), ('ROS_LOCALHOST_ONLY', '0'), ('QT_X11_NO_MITSHM', '1'), ('PATH', '/opt/ros/humble/bin:/usr/local/sbin:/usr/local/bin:/usr/sbin:/usr/bin:/sbin:/bin'), ('XDG_RUNTIME_DIR', '/tmp/runtime-root'), ('DISPLAY', ':0'), ('LANG', 'C.UTF-8'), ('RMW_IMPLEMENTATION', 'rmw_cyclonedds_cpp'), ('ROS_DOMAIN_ID', '10'), ('AMENT_PREFIX_PATH', '/home/robot_ws/install/robot_description:/home/robot_ws/install/robot_core:/home/robot_ws/install/ds4_driver:/home/robot_ws/install/ds4_driver_msgs:/opt/ros/humble'), ('NO_AT_BRIDGE', '1'), ('PWD', '/home/robot_ws/build/ds4_driver'), ('LC_ALL', 'C.UTF-8'), ('PYTHONPATH', '/home/robot_ws/install/robot_description/local/lib/python3.10/dist-packages:/home/robot_ws/install/robot_core/local/lib/python3.10/dist-packages:/home/robot_ws/install/ds4_driver/local/lib/python3.10/dist-packages:/home/robot_ws/install/ds4_driver_msgs/local/lib/python3.10/dist-packages:/opt/ros/humble/lib/python3.10/site-packages:/opt/ros/humble/local/lib/python3.10/dist-packages'), ('COLCON', '1'), ('CMAKE_PREFIX_PATH', '/home/robot_ws/install/ds4_driver_msgs:/home/robot_ws/install/robot_description:/home/robot_ws/install/robot_core:/home/robot_ws/install/ds4_driver:/opt/ros/humble')]), 'shell': False}
[1.109303] (-) TimerEvent: {}
[1.115830] (ds4_driver) StdoutLine: {'line': b'Built target ament_cmake_python_copy_ds4_driver\n'}
[1.209492] (-) TimerEvent: {}
[1.274925] (ds4_driver) StdoutLine: {'line': b'running egg_info\n'}
[1.275413] (ds4_driver) StdoutLine: {'line': b'writing ds4_driver.egg-info/PKG-INFO\n'}
[1.275792] (ds4_driver) StdoutLine: {'line': b'writing dependency_links to ds4_driver.egg-info/dependency_links.txt\n'}
[1.276034] (ds4_driver) StdoutLine: {'line': b'writing top-level names to ds4_driver.egg-info/top_level.txt\n'}
[1.279628] (ds4_driver) StdoutLine: {'line': b"reading manifest file 'ds4_driver.egg-info/SOURCES.txt'\n"}
[1.280182] (ds4_driver) StdoutLine: {'line': b"writing manifest file 'ds4_driver.egg-info/SOURCES.txt'\n"}
[1.300400] (ds4_driver) StdoutLine: {'line': b'Built target ament_cmake_python_build_ds4_driver_egg\n'}
[1.309020] (ds4_driver) CommandEnded: {'returncode': 0}
[1.310124] (-) TimerEvent: {}
[1.331212] (ds4_driver) JobProgress: {'identifier': 'ds4_driver', 'progress': 'install'}
[1.331466] (ds4_driver) Command: {'cmd': ['/usr/bin/cmake', '--install', '/home/robot_ws/build/ds4_driver'], 'cwd': '/home/robot_ws/build/ds4_driver', 'env': OrderedDict([('HOSTNAME', 'entity014'), ('SHLVL', '1'), ('LD_LIBRARY_PATH', '/home/robot_ws/install/ds4_driver_msgs/lib:/usr/lib/x86_64-linux-gnu/gazebo-11/plugins:/opt/ros/humble/opt/rviz_ogre_vendor/lib:/opt/ros/humble/lib/x86_64-linux-gnu:/opt/ros/humble/lib'), ('HOME', '/home'), ('ROS_PYTHON_VERSION', '3'), ('COLCON_PREFIX_PATH', '/home/robot_ws/install'), ('ROS_DISTRO', 'humble'), ('_', '/usr/bin/colcon'), ('ROS_VERSION', '2'), ('NVIDIA_DRIVER_CAPABILITIES', 'all'), ('TERM', 'xterm'), ('ROS_LOCALHOST_ONLY', '0'), ('QT_X11_NO_MITSHM', '1'), ('PATH', '/opt/ros/humble/bin:/usr/local/sbin:/usr/local/bin:/usr/sbin:/usr/bin:/sbin:/bin'), ('XDG_RUNTIME_DIR', '/tmp/runtime-root'), ('DISPLAY', ':0'), ('LANG', 'C.UTF-8'), ('RMW_IMPLEMENTATION', 'rmw_cyclonedds_cpp'), ('ROS_DOMAIN_ID', '10'), ('AMENT_PREFIX_PATH', '/home/robot_ws/install/robot_description:/home/robot_ws/install/robot_core:/home/robot_ws/install/ds4_driver:/home/robot_ws/install/ds4_driver_msgs:/opt/ros/humble'), ('NO_AT_BRIDGE', '1'), ('PWD', '/home/robot_ws/build/ds4_driver'), ('LC_ALL', 'C.UTF-8'), ('PYTHONPATH', '/home/robot_ws/install/robot_description/local/lib/python3.10/dist-packages:/home/robot_ws/install/robot_core/local/lib/python3.10/dist-packages:/home/robot_ws/install/ds4_driver/local/lib/python3.10/dist-packages:/home/robot_ws/install/ds4_driver_msgs/local/lib/python3.10/dist-packages:/opt/ros/humble/lib/python3.10/site-packages:/opt/ros/humble/local/lib/python3.10/dist-packages'), ('COLCON', '1'), ('CMAKE_PREFIX_PATH', '/home/robot_ws/install/ds4_driver_msgs:/home/robot_ws/install/robot_description:/home/robot_ws/install/robot_core:/home/robot_ws/install/ds4_driver:/opt/ros/humble')]), 'shell': False}
[1.336628] (ds4_driver) StdoutLine: {'line': b'-- Install configuration: ""\n'}
[1.338182] (ds4_driver) StdoutLine: {'line': b'-- Up-to-date: /home/robot_ws/install/ds4_driver/share/ds4_driver/environment/pythonpath.sh\n'}
[1.338303] (ds4_driver) StdoutLine: {'line': b'-- Up-to-date: /home/robot_ws/install/ds4_driver/share/ds4_driver/environment/pythonpath.dsv\n'}
[1.338390] (ds4_driver) StdoutLine: {'line': b'-- Up-to-date: /home/robot_ws/install/ds4_driver/local/lib/python3.10/dist-packages/ds4_driver-0.2.1-py3.10.egg-info\n'}
[1.338473] (ds4_driver) StdoutLine: {'line': b'-- Installing: /home/robot_ws/install/ds4_driver/local/lib/python3.10/dist-packages/ds4_driver-0.2.1-py3.10.egg-info/top_level.txt\n'}
[1.338547] (ds4_driver) StdoutLine: {'line': b'-- Installing: /home/robot_ws/install/ds4_driver/local/lib/python3.10/dist-packages/ds4_driver-0.2.1-py3.10.egg-info/SOURCES.txt\n'}
[1.338631] (ds4_driver) StdoutLine: {'line': b'-- Installing: /home/robot_ws/install/ds4_driver/local/lib/python3.10/dist-packages/ds4_driver-0.2.1-py3.10.egg-info/PKG-INFO\n'}
[1.338699] (ds4_driver) StdoutLine: {'line': b'-- Installing: /home/robot_ws/install/ds4_driver/local/lib/python3.10/dist-packages/ds4_driver-0.2.1-py3.10.egg-info/dependency_links.txt\n'}
[1.338772] (ds4_driver) StdoutLine: {'line': b'-- Up-to-date: /home/robot_ws/install/ds4_driver/local/lib/python3.10/dist-packages/ds4_driver\n'}
[1.338844] (ds4_driver) StdoutLine: {'line': b'-- Up-to-date: /home/robot_ws/install/ds4_driver/local/lib/python3.10/dist-packages/ds4_driver/__init__.py\n'}
[1.338920] (ds4_driver) StdoutLine: {'line': b'-- Up-to-date: /home/robot_ws/install/ds4_driver/local/lib/python3.10/dist-packages/ds4_driver/controller_ros.py\n'}
[1.338993] (ds4_driver) StdoutLine: {'line': b'-- Up-to-date: /home/robot_ws/install/ds4_driver/local/lib/python3.10/dist-packages/ds4_driver/logger.py\n'}
[1.339062] (ds4_driver) StdoutLine: {'line': b'-- Up-to-date: /home/robot_ws/install/ds4_driver/local/lib/python3.10/dist-packages/ds4_driver/controller.py\n'}
[1.362935] (ds4_driver) StdoutLine: {'line': b"Listing '/home/robot_ws/install/ds4_driver/local/lib/python3.10/dist-packages/ds4_driver'...\n"}
[1.366467] (ds4_driver) StdoutLine: {'line': b'-- Up-to-date: /home/robot_ws/install/ds4_driver/share/ds4_driver//config\n'}
[1.366685] (ds4_driver) StdoutLine: {'line': b'-- Up-to-date: /home/robot_ws/install/ds4_driver/share/ds4_driver//config/twist_6dof.yaml\n'}
[1.366780] (ds4_driver) StdoutLine: {'line': b'-- Up-to-date: /home/robot_ws/install/ds4_driver/share/ds4_driver//config/params.yaml\n'}
[1.366850] (ds4_driver) StdoutLine: {'line': b'-- Up-to-date: /home/robot_ws/install/ds4_driver/share/ds4_driver//config/twist_2dof.yaml\n'}
[1.366920] (ds4_driver) StdoutLine: {'line': b'-- Up-to-date: /home/robot_ws/install/ds4_driver/share/ds4_driver//launch\n'}
[1.366990] (ds4_driver) StdoutLine: {'line': b'-- Up-to-date: /home/robot_ws/install/ds4_driver/share/ds4_driver//launch/ds4_driver.launch.xml\n'}
[1.367060] (ds4_driver) StdoutLine: {'line': b'-- Up-to-date: /home/robot_ws/install/ds4_driver/share/ds4_driver//launch/demo.launch.xml\n'}
[1.367264] (ds4_driver) StdoutLine: {'line': b'-- Up-to-date: /home/robot_ws/install/ds4_driver/share/ds4_driver//launch/ds4_twist.launch.xml\n'}
[1.367341] (ds4_driver) StdoutLine: {'line': b'-- Up-to-date: /home/robot_ws/install/ds4_driver/lib/ds4_driver/demo.py\n'}
[1.367405] (ds4_driver) StdoutLine: {'line': b'-- Up-to-date: /home/robot_ws/install/ds4_driver/lib/ds4_driver/ds4_driver_node.py\n'}
[1.367464] (ds4_driver) StdoutLine: {'line': b'-- Up-to-date: /home/robot_ws/install/ds4_driver/lib/ds4_driver/ds4_twist_node.py\n'}
[1.367525] (ds4_driver) StdoutLine: {'line': b'-- Up-to-date: /home/robot_ws/install/ds4_driver/share/ament_index/resource_index/package_run_dependencies/ds4_driver\n'}
[1.367594] (ds4_driver) StdoutLine: {'line': b'-- Up-to-date: /home/robot_ws/install/ds4_driver/share/ament_index/resource_index/parent_prefix_path/ds4_driver\n'}
[1.367660] (ds4_driver) StdoutLine: {'line': b'-- Up-to-date: /home/robot_ws/install/ds4_driver/share/ds4_driver/environment/ament_prefix_path.sh\n'}
[1.367722] (ds4_driver) StdoutLine: {'line': b'-- Up-to-date: /home/robot_ws/install/ds4_driver/share/ds4_driver/environment/ament_prefix_path.dsv\n'}
[1.367782] (ds4_driver) StdoutLine: {'line': b'-- Up-to-date: /home/robot_ws/install/ds4_driver/share/ds4_driver/environment/path.sh\n'}
[1.367844] (ds4_driver) StdoutLine: {'line': b'-- Up-to-date: /home/robot_ws/install/ds4_driver/share/ds4_driver/environment/path.dsv\n'}
[1.367910] (ds4_driver) StdoutLine: {'line': b'-- Up-to-date: /home/robot_ws/install/ds4_driver/share/ds4_driver/local_setup.bash\n'}
[1.367978] (ds4_driver) StdoutLine: {'line': b'-- Up-to-date: /home/robot_ws/install/ds4_driver/share/ds4_driver/local_setup.sh\n'}
[1.368224] (ds4_driver) StdoutLine: {'line': b'-- Up-to-date: /home/robot_ws/install/ds4_driver/share/ds4_driver/local_setup.zsh\n'}
[1.368325] (ds4_driver) StdoutLine: {'line': b'-- Up-to-date: /home/robot_ws/install/ds4_driver/share/ds4_driver/local_setup.dsv\n'}
[1.368397] (ds4_driver) StdoutLine: {'line': b'-- Installing: /home/robot_ws/install/ds4_driver/share/ds4_driver/package.dsv\n'}
[1.368459] (ds4_driver) StdoutLine: {'line': b'-- Up-to-date: /home/robot_ws/install/ds4_driver/share/ament_index/resource_index/packages/ds4_driver\n'}
[1.368523] (ds4_driver) StdoutLine: {'line': b'-- Up-to-date: /home/robot_ws/install/ds4_driver/share/ds4_driver/cmake/ds4_driverConfig.cmake\n'}
[1.368585] (ds4_driver) StdoutLine: {'line': b'-- Up-to-date: /home/robot_ws/install/ds4_driver/share/ds4_driver/cmake/ds4_driverConfig-version.cmake\n'}
[1.368809] (ds4_driver) StdoutLine: {'line': b'-- Up-to-date: /home/robot_ws/install/ds4_driver/share/ds4_driver/package.xml\n'}
[1.369191] (ds4_driver) CommandEnded: {'returncode': 0}
[1.410295] (-) TimerEvent: {}
[1.414039] (ds4_driver) JobEnded: {'identifier': 'ds4_driver', 'rc': 0}
[1.414767] (-) EventReactorShutdown: {}
