[0.025s] Invoking command in '/home/robot_ws/build/ds4_driver': CMAKE_PREFIX_PATH=/home/robot_ws/install/ds4_driver_msgs:/home/robot_ws/install/robot_description:/home/robot_ws/install/robot_core:/home/robot_ws/install/ds4_driver:/opt/ros/humble /usr/bin/cmake --build /home/robot_ws/build/ds4_driver -- -j16 -l16
[0.157s] Built target ament_cmake_python_copy_ds4_driver
[0.944s] running egg_info
[0.949s] writing ds4_driver.egg-info/PKG-INFO
[0.951s] writing dependency_links to ds4_driver.egg-info/dependency_links.txt
[0.953s] writing top-level names to ds4_driver.egg-info/top_level.txt
[0.962s] reading manifest file 'ds4_driver.egg-info/SOURCES.txt'
[0.965s] writing manifest file 'ds4_driver.egg-info/SOURCES.txt'
[1.124s] Built target ament_cmake_python_build_ds4_driver_egg
[1.167s] Invoked command in '/home/robot_ws/build/ds4_driver' returned '0': CMAKE_PREFIX_PATH=/home/robot_ws/install/ds4_driver_msgs:/home/robot_ws/install/robot_description:/home/robot_ws/install/robot_core:/home/robot_ws/install/ds4_driver:/opt/ros/humble /usr/bin/cmake --build /home/robot_ws/build/ds4_driver -- -j16 -l16
[1.282s] Invoking command in '/home/robot_ws/build/ds4_driver': CMAKE_PREFIX_PATH=/home/robot_ws/install/ds4_driver_msgs:/home/robot_ws/install/robot_description:/home/robot_ws/install/robot_core:/home/robot_ws/install/ds4_driver:/opt/ros/humble /usr/bin/cmake --install /home/robot_ws/build/ds4_driver
[1.310s] -- Install configuration: ""
[1.310s] -- Up-to-date: /home/robot_ws/install/ds4_driver/share/ds4_driver/environment/pythonpath.sh
[1.311s] -- Up-to-date: /home/robot_ws/install/ds4_driver/share/ds4_driver/environment/pythonpath.dsv
[1.311s] -- Up-to-date: /home/robot_ws/install/ds4_driver/local/lib/python3.10/dist-packages/ds4_driver-0.2.1-py3.10.egg-info
[1.312s] -- Installing: /home/robot_ws/install/ds4_driver/local/lib/python3.10/dist-packages/ds4_driver-0.2.1-py3.10.egg-info/top_level.txt
[1.312s] -- Installing: /home/robot_ws/install/ds4_driver/local/lib/python3.10/dist-packages/ds4_driver-0.2.1-py3.10.egg-info/SOURCES.txt
[1.312s] -- Installing: /home/robot_ws/install/ds4_driver/local/lib/python3.10/dist-packages/ds4_driver-0.2.1-py3.10.egg-info/PKG-INFO
[1.313s] -- Installing: /home/robot_ws/install/ds4_driver/local/lib/python3.10/dist-packages/ds4_driver-0.2.1-py3.10.egg-info/dependency_links.txt
[1.313s] -- Up-to-date: /home/robot_ws/install/ds4_driver/local/lib/python3.10/dist-packages/ds4_driver
[1.313s] -- Up-to-date: /home/robot_ws/install/ds4_driver/local/lib/python3.10/dist-packages/ds4_driver/__init__.py
[1.314s] -- Up-to-date: /home/robot_ws/install/ds4_driver/local/lib/python3.10/dist-packages/ds4_driver/controller_ros.py
[1.314s] -- Up-to-date: /home/robot_ws/install/ds4_driver/local/lib/python3.10/dist-packages/ds4_driver/logger.py
[1.314s] -- Up-to-date: /home/robot_ws/install/ds4_driver/local/lib/python3.10/dist-packages/ds4_driver/controller.py
[1.387s] Listing '/home/robot_ws/install/ds4_driver/local/lib/python3.10/dist-packages/ds4_driver'...
[1.398s] -- Up-to-date: /home/robot_ws/install/ds4_driver/share/ds4_driver//config
[1.399s] -- Up-to-date: /home/robot_ws/install/ds4_driver/share/ds4_driver//config/twist_6dof.yaml
[1.399s] -- Up-to-date: /home/robot_ws/install/ds4_driver/share/ds4_driver//config/params.yaml
[1.399s] -- Up-to-date: /home/robot_ws/install/ds4_driver/share/ds4_driver//config/twist_2dof.yaml
[1.399s] -- Up-to-date: /home/robot_ws/install/ds4_driver/share/ds4_driver//launch
[1.402s] -- Up-to-date: /home/robot_ws/install/ds4_driver/share/ds4_driver//launch/ds4_driver.launch.xml
[1.403s] -- Up-to-date: /home/robot_ws/install/ds4_driver/share/ds4_driver//launch/demo.launch.xml
[1.403s] -- Up-to-date: /home/robot_ws/install/ds4_driver/share/ds4_driver//launch/ds4_twist.launch.xml
[1.403s] -- Up-to-date: /home/robot_ws/install/ds4_driver/lib/ds4_driver/demo.py
[1.403s] -- Up-to-date: /home/robot_ws/install/ds4_driver/lib/ds4_driver/ds4_driver_node.py
[1.403s] -- Up-to-date: /home/robot_ws/install/ds4_driver/lib/ds4_driver/ds4_twist_node.py
[1.404s] -- Up-to-date: /home/robot_ws/install/ds4_driver/share/ament_index/resource_index/package_run_dependencies/ds4_driver
[1.404s] -- Up-to-date: /home/robot_ws/install/ds4_driver/share/ament_index/resource_index/parent_prefix_path/ds4_driver
[1.405s] -- Up-to-date: /home/robot_ws/install/ds4_driver/share/ds4_driver/environment/ament_prefix_path.sh
[1.405s] -- Up-to-date: /home/robot_ws/install/ds4_driver/share/ds4_driver/environment/ament_prefix_path.dsv
[1.406s] -- Up-to-date: /home/robot_ws/install/ds4_driver/share/ds4_driver/environment/path.sh
[1.408s] -- Up-to-date: /home/robot_ws/install/ds4_driver/share/ds4_driver/environment/path.dsv
[1.408s] -- Up-to-date: /home/robot_ws/install/ds4_driver/share/ds4_driver/local_setup.bash
[1.408s] -- Up-to-date: /home/robot_ws/install/ds4_driver/share/ds4_driver/local_setup.sh
[1.409s] -- Up-to-date: /home/robot_ws/install/ds4_driver/share/ds4_driver/local_setup.zsh
[1.409s] -- Up-to-date: /home/robot_ws/install/ds4_driver/share/ds4_driver/local_setup.dsv
[1.409s] -- Installing: /home/robot_ws/install/ds4_driver/share/ds4_driver/package.dsv
[1.410s] -- Up-to-date: /home/robot_ws/install/ds4_driver/share/ament_index/resource_index/packages/ds4_driver
[1.410s] -- Up-to-date: /home/robot_ws/install/ds4_driver/share/ds4_driver/cmake/ds4_driverConfig.cmake
[1.410s] -- Up-to-date: /home/robot_ws/install/ds4_driver/share/ds4_driver/cmake/ds4_driverConfig-version.cmake
[1.411s] -- Up-to-date: /home/robot_ws/install/ds4_driver/share/ds4_driver/package.xml
[1.411s] Invoked command in '/home/robot_ws/build/ds4_driver' returned '0': CMAKE_PREFIX_PATH=/home/robot_ws/install/ds4_driver_msgs:/home/robot_ws/install/robot_description:/home/robot_ws/install/robot_core:/home/robot_ws/install/ds4_driver:/opt/ros/humble /usr/bin/cmake --install /home/robot_ws/build/ds4_driver
