Built target ament_cmake_python_copy_src
running egg_info
writing src.egg-info/PKG-INFO
writing dependency_links to src.egg-info/dependency_links.txt
writing top-level names to src.egg-info/top_level.txt
reading manifest file 'src.egg-info/SOURCES.txt'
writing manifest file 'src.egg-info/SOURCES.txt'
Built target ament_cmake_python_build_src_egg
-- Install configuration: ""
-- Up-to-date: /home/robot_ws/install/robot_description/share/robot_description/environment/pythonpath.sh
-- Up-to-date: /home/robot_ws/install/robot_description/share/robot_description/environment/pythonpath.dsv
-- Up-to-date: /home/robot_ws/install/robot_description/local/lib/python3.10/dist-packages/src-0.0.0-py3.10.egg-info
-- Installing: /home/robot_ws/install/robot_description/local/lib/python3.10/dist-packages/src-0.0.0-py3.10.egg-info/top_level.txt
-- Installing: /home/robot_ws/install/robot_description/local/lib/python3.10/dist-packages/src-0.0.0-py3.10.egg-info/SOURCES.txt
-- Installing: /home/robot_ws/install/robot_description/local/lib/python3.10/dist-packages/src-0.0.0-py3.10.egg-info/PKG-INFO
-- Installing: /home/robot_ws/install/robot_description/local/lib/python3.10/dist-packages/src-0.0.0-py3.10.egg-info/dependency_links.txt
-- Up-to-date: /home/robot_ws/install/robot_description/local/lib/python3.10/dist-packages/src
-- Up-to-date: /home/robot_ws/install/robot_description/local/lib/python3.10/dist-packages/src/__init__.py
Listing '/home/robot_ws/install/robot_description/local/lib/python3.10/dist-packages/src'...
-- Up-to-date: /home/robot_ws/install/robot_description/share/robot_description/config
-- Up-to-date: /home/robot_ws/install/robot_description/share/robot_description/launch
-- Up-to-date: /home/robot_ws/install/robot_description/share/robot_description/src
-- Up-to-date: /home/robot_ws/install/robot_description/share/robot_description/src/__init__.py
-- Up-to-date: /home/robot_ws/install/robot_description/share/robot_description/urdf
-- Installing: /home/robot_ws/install/robot_description/share/robot_description/worlds
-- Installing: /home/robot_ws/install/robot_description/share/ament_index/resource_index/package_run_dependencies/robot_description
-- Installing: /home/robot_ws/install/robot_description/share/ament_index/resource_index/parent_prefix_path/robot_description
-- Installing: /home/robot_ws/install/robot_description/share/robot_description/environment/ament_prefix_path.sh
-- Installing: /home/robot_ws/install/robot_description/share/robot_description/environment/ament_prefix_path.dsv
-- Installing: /home/robot_ws/install/robot_description/share/robot_description/environment/path.sh
-- Installing: /home/robot_ws/install/robot_description/share/robot_description/environment/path.dsv
-- Installing: /home/robot_ws/install/robot_description/share/robot_description/local_setup.bash
-- Installing: /home/robot_ws/install/robot_description/share/robot_description/local_setup.sh
-- Installing: /home/robot_ws/install/robot_description/share/robot_description/local_setup.zsh
-- Installing: /home/robot_ws/install/robot_description/share/robot_description/local_setup.dsv
-- Installing: /home/robot_ws/install/robot_description/share/robot_description/package.dsv
-- Installing: /home/robot_ws/install/robot_description/share/ament_index/resource_index/packages/robot_description
-- Installing: /home/robot_ws/install/robot_description/share/robot_description/cmake/robot_descriptionConfig.cmake
-- Installing: /home/robot_ws/install/robot_description/share/robot_description/cmake/robot_descriptionConfig-version.cmake
-- Installing: /home/robot_ws/install/robot_description/share/robot_description/package.xml
