[0.011s] Invoking command in '/home/robot_ws/build/robot_description': CMAKE_PREFIX_PATH=/opt/ros/humble /usr/bin/cmake --build /home/robot_ws/build/robot_description -- -j16 -l16
[0.059s] Built target ament_cmake_python_copy_src
[0.249s] running egg_info
[0.249s] writing src.egg-info/PKG-INFO
[0.249s] writing dependency_links to src.egg-info/dependency_links.txt
[0.250s] writing top-level names to src.egg-info/top_level.txt
[0.251s] reading manifest file 'src.egg-info/SOURCES.txt'
[0.251s] writing manifest file 'src.egg-info/SOURCES.txt'
[0.278s] Built target ament_cmake_python_build_src_egg
[0.289s] Invoked command in '/home/robot_ws/build/robot_description' returned '0': CMAKE_PREFIX_PATH=/opt/ros/humble /usr/bin/cmake --build /home/robot_ws/build/robot_description -- -j16 -l16
[0.310s] Invoking command in '/home/robot_ws/build/robot_description': CMAKE_PREFIX_PATH=/opt/ros/humble /usr/bin/cmake --install /home/robot_ws/build/robot_description
[0.316s] -- Install configuration: ""
[0.316s] -- Up-to-date: /home/robot_ws/install/robot_description/share/robot_description/environment/pythonpath.sh
[0.316s] -- Up-to-date: /home/robot_ws/install/robot_description/share/robot_description/environment/pythonpath.dsv
[0.316s] -- Up-to-date: /home/robot_ws/install/robot_description/local/lib/python3.10/dist-packages/src-0.0.0-py3.10.egg-info
[0.316s] -- Installing: /home/robot_ws/install/robot_description/local/lib/python3.10/dist-packages/src-0.0.0-py3.10.egg-info/top_level.txt
[0.316s] -- Installing: /home/robot_ws/install/robot_description/local/lib/python3.10/dist-packages/src-0.0.0-py3.10.egg-info/SOURCES.txt
[0.316s] -- Installing: /home/robot_ws/install/robot_description/local/lib/python3.10/dist-packages/src-0.0.0-py3.10.egg-info/PKG-INFO
[0.316s] -- Installing: /home/robot_ws/install/robot_description/local/lib/python3.10/dist-packages/src-0.0.0-py3.10.egg-info/dependency_links.txt
[0.316s] -- Up-to-date: /home/robot_ws/install/robot_description/local/lib/python3.10/dist-packages/src
[0.316s] -- Up-to-date: /home/robot_ws/install/robot_description/local/lib/python3.10/dist-packages/src/__init__.py
[0.338s] Listing '/home/robot_ws/install/robot_description/local/lib/python3.10/dist-packages/src'...
[0.345s] -- Up-to-date: /home/robot_ws/install/robot_description/share/robot_description/config
[0.345s] -- Up-to-date: /home/robot_ws/install/robot_description/share/robot_description/launch
[0.345s] -- Up-to-date: /home/robot_ws/install/robot_description/share/robot_description/src
[0.345s] -- Up-to-date: /home/robot_ws/install/robot_description/share/robot_description/src/__init__.py
[0.345s] -- Up-to-date: /home/robot_ws/install/robot_description/share/robot_description/urdf
[0.345s] -- Installing: /home/robot_ws/install/robot_description/share/robot_description/worlds
[0.345s] -- Installing: /home/robot_ws/install/robot_description/share/ament_index/resource_index/package_run_dependencies/robot_description
[0.345s] -- Installing: /home/robot_ws/install/robot_description/share/ament_index/resource_index/parent_prefix_path/robot_description
[0.345s] -- Installing: /home/robot_ws/install/robot_description/share/robot_description/environment/ament_prefix_path.sh
[0.346s] -- Installing: /home/robot_ws/install/robot_description/share/robot_description/environment/ament_prefix_path.dsv
[0.346s] -- Installing: /home/robot_ws/install/robot_description/share/robot_description/environment/path.sh
[0.346s] -- Installing: /home/robot_ws/install/robot_description/share/robot_description/environment/path.dsv
[0.346s] -- Installing: /home/robot_ws/install/robot_description/share/robot_description/local_setup.bash
[0.346s] -- Installing: /home/robot_ws/install/robot_description/share/robot_description/local_setup.sh
[0.346s] -- Installing: /home/robot_ws/install/robot_description/share/robot_description/local_setup.zsh
[0.346s] -- Installing: /home/robot_ws/install/robot_description/share/robot_description/local_setup.dsv
[0.346s] -- Installing: /home/robot_ws/install/robot_description/share/robot_description/package.dsv
[0.347s] -- Installing: /home/robot_ws/install/robot_description/share/ament_index/resource_index/packages/robot_description
[0.347s] -- Installing: /home/robot_ws/install/robot_description/share/robot_description/cmake/robot_descriptionConfig.cmake
[0.347s] -- Installing: /home/robot_ws/install/robot_description/share/robot_description/cmake/robot_descriptionConfig-version.cmake
[0.347s] -- Installing: /home/robot_ws/install/robot_description/share/robot_description/package.xml
[0.360s] Invoked command in '/home/robot_ws/build/robot_description' returned '0': CMAKE_PREFIX_PATH=/opt/ros/humble /usr/bin/cmake --install /home/robot_ws/build/robot_description
