[0.000000] (-) TimerEvent: {}
[0.000502] (ds4_driver_msgs) JobQueued: {'identifier': 'ds4_driver_msgs', 'dependencies': OrderedDict()}
[0.000553] (robot_core) JobQueued: {'identifier': 'robot_core', 'dependencies': OrderedDict()}
[0.000587] (robot_description) JobQueued: {'identifier': 'robot_description', 'dependencies': OrderedDict()}
[0.000632] (ds4_driver) JobQueued: {'identifier': 'ds4_driver', 'dependencies': OrderedDict([('ds4_driver_msgs', '/home/robot_ws/install/ds4_driver_msgs')])}
[0.000692] (ds4_driver_msgs) JobStarted: {'identifier': 'ds4_driver_msgs'}
[0.004524] (robot_core) JobStarted: {'identifier': 'robot_core'}
[0.006719] (robot_description) JobStarted: {'identifier': 'robot_description'}
[0.009646] (ds4_driver_msgs) JobProgress: {'identifier': 'ds4_driver_msgs', 'progress': 'cmake'}
[0.010043] (ds4_driver_msgs) JobProgress: {'identifier': 'ds4_driver_msgs', 'progress': 'build'}
[0.010547] (ds4_driver_msgs) Command: {'cmd': ['/usr/bin/cmake', '--build', '/home/robot_ws/build/ds4_driver_msgs', '--', '-j16', '-l16'], 'cwd': '/home/robot_ws/build/ds4_driver_msgs', 'env': OrderedDict([('HOSTNAME', 'entity014'), ('SHLVL', '1'), ('LD_LIBRARY_PATH', '/usr/lib/x86_64-linux-gnu/gazebo-11/plugins:/opt/ros/humble/opt/rviz_ogre_vendor/lib:/opt/ros/humble/lib/x86_64-linux-gnu:/opt/ros/humble/lib'), ('HOME', '/home'), ('ROS_PYTHON_VERSION', '3'), ('ROS_DISTRO', 'humble'), ('_', '/usr/bin/colcon'), ('ROS_VERSION', '2'), ('NVIDIA_DRIVER_CAPABILITIES', 'all'), ('TERM', 'xterm'), ('ROS_LOCALHOST_ONLY', '0'), ('QT_X11_NO_MITSHM', '1'), ('PATH', '/opt/ros/humble/bin:/usr/local/sbin:/usr/local/bin:/usr/sbin:/usr/bin:/sbin:/bin'), ('XDG_RUNTIME_DIR', '/tmp/runtime-root'), ('DISPLAY', ':0'), ('LANG', 'C.UTF-8'), ('RMW_IMPLEMENTATION', 'rmw_cyclonedds_cpp'), ('ROS_DOMAIN_ID', '10'), ('AMENT_PREFIX_PATH', '/opt/ros/humble'), ('NO_AT_BRIDGE', '1'), ('PWD', '/home/robot_ws/build/ds4_driver_msgs'), ('LC_ALL', 'C.UTF-8'), ('PYTHONPATH', '/opt/ros/humble/lib/python3.10/site-packages:/opt/ros/humble/local/lib/python3.10/dist-packages'), ('COLCON', '1'), ('CMAKE_PREFIX_PATH', '/opt/ros/humble')]), 'shell': False}
[0.012718] (robot_core) JobProgress: {'identifier': 'robot_core', 'progress': 'cmake'}
[0.013020] (robot_core) JobProgress: {'identifier': 'robot_core', 'progress': 'build'}
[0.013136] (robot_core) Command: {'cmd': ['/usr/bin/cmake', '--build', '/home/robot_ws/build/robot_core', '--', '-j16', '-l16'], 'cwd': '/home/robot_ws/build/robot_core', 'env': OrderedDict([('HOSTNAME', 'entity014'), ('SHLVL', '1'), ('LD_LIBRARY_PATH', '/usr/lib/x86_64-linux-gnu/gazebo-11/plugins:/opt/ros/humble/opt/rviz_ogre_vendor/lib:/opt/ros/humble/lib/x86_64-linux-gnu:/opt/ros/humble/lib'), ('HOME', '/home'), ('ROS_PYTHON_VERSION', '3'), ('ROS_DISTRO', 'humble'), ('_', '/usr/bin/colcon'), ('ROS_VERSION', '2'), ('NVIDIA_DRIVER_CAPABILITIES', 'all'), ('TERM', 'xterm'), ('ROS_LOCALHOST_ONLY', '0'), ('QT_X11_NO_MITSHM', '1'), ('PATH', '/opt/ros/humble/bin:/usr/local/sbin:/usr/local/bin:/usr/sbin:/usr/bin:/sbin:/bin'), ('XDG_RUNTIME_DIR', '/tmp/runtime-root'), ('DISPLAY', ':0'), ('LANG', 'C.UTF-8'), ('RMW_IMPLEMENTATION', 'rmw_cyclonedds_cpp'), ('ROS_DOMAIN_ID', '10'), ('AMENT_PREFIX_PATH', '/opt/ros/humble'), ('NO_AT_BRIDGE', '1'), ('PWD', '/home/robot_ws/build/robot_core'), ('LC_ALL', 'C.UTF-8'), ('PYTHONPATH', '/opt/ros/humble/lib/python3.10/site-packages:/opt/ros/humble/local/lib/python3.10/dist-packages'), ('COLCON', '1'), ('CMAKE_PREFIX_PATH', '/opt/ros/humble')]), 'shell': False}
[0.015679] (robot_description) JobProgress: {'identifier': 'robot_description', 'progress': 'cmake'}
[0.016010] (robot_description) JobProgress: {'identifier': 'robot_description', 'progress': 'build'}
[0.016252] (robot_description) Command: {'cmd': ['/usr/bin/cmake', '--build', '/home/robot_ws/build/robot_description', '--', '-j16', '-l16'], 'cwd': '/home/robot_ws/build/robot_description', 'env': OrderedDict([('HOSTNAME', 'entity014'), ('SHLVL', '1'), ('LD_LIBRARY_PATH', '/usr/lib/x86_64-linux-gnu/gazebo-11/plugins:/opt/ros/humble/opt/rviz_ogre_vendor/lib:/opt/ros/humble/lib/x86_64-linux-gnu:/opt/ros/humble/lib'), ('HOME', '/home'), ('ROS_PYTHON_VERSION', '3'), ('ROS_DISTRO', 'humble'), ('_', '/usr/bin/colcon'), ('ROS_VERSION', '2'), ('NVIDIA_DRIVER_CAPABILITIES', 'all'), ('TERM', 'xterm'), ('ROS_LOCALHOST_ONLY', '0'), ('QT_X11_NO_MITSHM', '1'), ('PATH', '/opt/ros/humble/bin:/usr/local/sbin:/usr/local/bin:/usr/sbin:/usr/bin:/sbin:/bin'), ('XDG_RUNTIME_DIR', '/tmp/runtime-root'), ('DISPLAY', ':0'), ('LANG', 'C.UTF-8'), ('RMW_IMPLEMENTATION', 'rmw_cyclonedds_cpp'), ('ROS_DOMAIN_ID', '10'), ('AMENT_PREFIX_PATH', '/opt/ros/humble'), ('NO_AT_BRIDGE', '1'), ('PWD', '/home/robot_ws/build/robot_description'), ('LC_ALL', 'C.UTF-8'), ('PYTHONPATH', '/opt/ros/humble/lib/python3.10/site-packages:/opt/ros/humble/local/lib/python3.10/dist-packages'), ('COLCON', '1'), ('CMAKE_PREFIX_PATH', '/opt/ros/humble')]), 'shell': False}
[0.057163] (ds4_driver_msgs) StdoutLine: {'line': b'[  1%] Built target ds4_driver_msgs__cpp\n'}
[0.057569] (robot_core) StdoutLine: {'line': b'Built target ament_cmake_python_copy_src\n'}
[0.060166] (ds4_driver_msgs) StdoutLine: {'line': b'[ 12%] Built target ds4_driver_msgs__rosidl_generator_c\n'}
[0.065483] (robot_description) StdoutLine: {'line': b'Built target ament_cmake_python_copy_src\n'}
[0.066528] (ds4_driver_msgs) StdoutLine: {'line': b'[ 12%] Built target ament_cmake_python_copy_ds4_driver_msgs\n'}
[0.076577] (ds4_driver_msgs) StdoutLine: {'line': b'[ 23%] Built target ds4_driver_msgs__rosidl_typesupport_fastrtps_cpp\n'}
[0.078692] (ds4_driver_msgs) StdoutLine: {'line': b'[ 34%] Built target ds4_driver_msgs__rosidl_typesupport_introspection_cpp\n'}
[0.081943] (ds4_driver_msgs) StdoutLine: {'line': b'[ 45%] Built target ds4_driver_msgs__rosidl_typesupport_cpp\n'}
[0.083556] (ds4_driver_msgs) StdoutLine: {'line': b'[ 61%] Built target ds4_driver_msgs__rosidl_typesupport_fastrtps_c\n'}
[0.083774] (ds4_driver_msgs) StdoutLine: {'line': b'[ 67%] Built target ds4_driver_msgs__rosidl_typesupport_c\n'}
[0.083973] (ds4_driver_msgs) StdoutLine: {'line': b'[ 78%] Built target ds4_driver_msgs__rosidl_typesupport_introspection_c\n'}
[0.099846] (-) TimerEvent: {}
[0.102572] (ds4_driver_msgs) StdoutLine: {'line': b'[ 78%] Built target ds4_driver_msgs\n'}
[0.122278] (ds4_driver_msgs) StdoutLine: {'line': b'[ 80%] Built target ds4_driver_msgs__py\n'}
[0.143026] (ds4_driver_msgs) StdoutLine: {'line': b'[ 89%] Built target ds4_driver_msgs__rosidl_generator_py\n'}
[0.164827] (ds4_driver_msgs) StdoutLine: {'line': b'[ 96%] Built target ds4_driver_msgs__rosidl_typesupport_fastrtps_c__pyext\n'}
[0.165053] (ds4_driver_msgs) StdoutLine: {'line': b'[ 96%] Built target ds4_driver_msgs__rosidl_typesupport_c__pyext\n'}
[0.167805] (ds4_driver_msgs) StdoutLine: {'line': b'[100%] Built target ds4_driver_msgs__rosidl_typesupport_introspection_c__pyext\n'}
[0.199975] (-) TimerEvent: {}
[0.243085] (ds4_driver_msgs) StdoutLine: {'line': b'running egg_info\n'}
[0.243720] (ds4_driver_msgs) StdoutLine: {'line': b'writing ds4_driver_msgs.egg-info/PKG-INFO\n'}
[0.243880] (ds4_driver_msgs) StdoutLine: {'line': b'writing dependency_links to ds4_driver_msgs.egg-info/dependency_links.txt\n'}
[0.244069] (ds4_driver_msgs) StdoutLine: {'line': b'writing top-level names to ds4_driver_msgs.egg-info/top_level.txt\n'}
[0.245881] (ds4_driver_msgs) StdoutLine: {'line': b"reading manifest file 'ds4_driver_msgs.egg-info/SOURCES.txt'\n"}
[0.246295] (ds4_driver_msgs) StdoutLine: {'line': b"writing manifest file 'ds4_driver_msgs.egg-info/SOURCES.txt'\n"}
[0.248787] (robot_core) StdoutLine: {'line': b'running egg_info\n'}
[0.249637] (robot_core) StdoutLine: {'line': b'writing src.egg-info/PKG-INFO\n'}
[0.249955] (robot_core) StdoutLine: {'line': b'writing dependency_links to src.egg-info/dependency_links.txt\n'}
[0.250147] (robot_core) StdoutLine: {'line': b'writing top-level names to src.egg-info/top_level.txt\n'}
[0.251483] (robot_core) StdoutLine: {'line': b"reading manifest file 'src.egg-info/SOURCES.txt'\n"}
[0.251873] (robot_core) StdoutLine: {'line': b"writing manifest file 'src.egg-info/SOURCES.txt'\n"}
[0.255526] (robot_description) StdoutLine: {'line': b'running egg_info\n'}
[0.256098] (robot_description) StdoutLine: {'line': b'writing src.egg-info/PKG-INFO\n'}
[0.256413] (robot_description) StdoutLine: {'line': b'writing dependency_links to src.egg-info/dependency_links.txt\n'}
[0.256619] (robot_description) StdoutLine: {'line': b'writing top-level names to src.egg-info/top_level.txt\n'}
[0.258084] (robot_description) StdoutLine: {'line': b"reading manifest file 'src.egg-info/SOURCES.txt'\n"}
[0.258331] (robot_description) StdoutLine: {'line': b"writing manifest file 'src.egg-info/SOURCES.txt'\n"}
[0.270102] (ds4_driver_msgs) StdoutLine: {'line': b'[100%] Built target ament_cmake_python_build_ds4_driver_msgs_egg\n'}
[0.277189] (robot_core) StdoutLine: {'line': b'Built target ament_cmake_python_build_src_egg\n'}
[0.279005] (ds4_driver_msgs) CommandEnded: {'returncode': 0}
[0.284531] (robot_description) StdoutLine: {'line': b'Built target ament_cmake_python_build_src_egg\n'}
[0.286299] (robot_core) CommandEnded: {'returncode': 0}
[0.295559] (robot_description) CommandEnded: {'returncode': 0}
[0.300058] (-) TimerEvent: {}
[0.307719] (robot_core) JobProgress: {'identifier': 'robot_core', 'progress': 'install'}
[0.315002] (robot_core) Command: {'cmd': ['/usr/bin/cmake', '--install', '/home/robot_ws/build/robot_core'], 'cwd': '/home/robot_ws/build/robot_core', 'env': OrderedDict([('HOSTNAME', 'entity014'), ('SHLVL', '1'), ('LD_LIBRARY_PATH', '/usr/lib/x86_64-linux-gnu/gazebo-11/plugins:/opt/ros/humble/opt/rviz_ogre_vendor/lib:/opt/ros/humble/lib/x86_64-linux-gnu:/opt/ros/humble/lib'), ('HOME', '/home'), ('ROS_PYTHON_VERSION', '3'), ('ROS_DISTRO', 'humble'), ('_', '/usr/bin/colcon'), ('ROS_VERSION', '2'), ('NVIDIA_DRIVER_CAPABILITIES', 'all'), ('TERM', 'xterm'), ('ROS_LOCALHOST_ONLY', '0'), ('QT_X11_NO_MITSHM', '1'), ('PATH', '/opt/ros/humble/bin:/usr/local/sbin:/usr/local/bin:/usr/sbin:/usr/bin:/sbin:/bin'), ('XDG_RUNTIME_DIR', '/tmp/runtime-root'), ('DISPLAY', ':0'), ('LANG', 'C.UTF-8'), ('RMW_IMPLEMENTATION', 'rmw_cyclonedds_cpp'), ('ROS_DOMAIN_ID', '10'), ('AMENT_PREFIX_PATH', '/opt/ros/humble'), ('NO_AT_BRIDGE', '1'), ('PWD', '/home/robot_ws/build/robot_core'), ('LC_ALL', 'C.UTF-8'), ('PYTHONPATH', '/opt/ros/humble/lib/python3.10/site-packages:/opt/ros/humble/local/lib/python3.10/dist-packages'), ('COLCON', '1'), ('CMAKE_PREFIX_PATH', '/opt/ros/humble')]), 'shell': False}
[0.316580] (robot_description) JobProgress: {'identifier': 'robot_description', 'progress': 'install'}
[0.317073] (robot_description) Command: {'cmd': ['/usr/bin/cmake', '--install', '/home/robot_ws/build/robot_description'], 'cwd': '/home/robot_ws/build/robot_description', 'env': OrderedDict([('HOSTNAME', 'entity014'), ('SHLVL', '1'), ('LD_LIBRARY_PATH', '/usr/lib/x86_64-linux-gnu/gazebo-11/plugins:/opt/ros/humble/opt/rviz_ogre_vendor/lib:/opt/ros/humble/lib/x86_64-linux-gnu:/opt/ros/humble/lib'), ('HOME', '/home'), ('ROS_PYTHON_VERSION', '3'), ('ROS_DISTRO', 'humble'), ('_', '/usr/bin/colcon'), ('ROS_VERSION', '2'), ('NVIDIA_DRIVER_CAPABILITIES', 'all'), ('TERM', 'xterm'), ('ROS_LOCALHOST_ONLY', '0'), ('QT_X11_NO_MITSHM', '1'), ('PATH', '/opt/ros/humble/bin:/usr/local/sbin:/usr/local/bin:/usr/sbin:/usr/bin:/sbin:/bin'), ('XDG_RUNTIME_DIR', '/tmp/runtime-root'), ('DISPLAY', ':0'), ('LANG', 'C.UTF-8'), ('RMW_IMPLEMENTATION', 'rmw_cyclonedds_cpp'), ('ROS_DOMAIN_ID', '10'), ('AMENT_PREFIX_PATH', '/opt/ros/humble'), ('NO_AT_BRIDGE', '1'), ('PWD', '/home/robot_ws/build/robot_description'), ('LC_ALL', 'C.UTF-8'), ('PYTHONPATH', '/opt/ros/humble/lib/python3.10/site-packages:/opt/ros/humble/local/lib/python3.10/dist-packages'), ('COLCON', '1'), ('CMAKE_PREFIX_PATH', '/opt/ros/humble')]), 'shell': False}
[0.321139] (robot_core) StdoutLine: {'line': b'-- Install configuration: ""\n'}
[0.321428] (robot_core) StdoutLine: {'line': b'-- Up-to-date: /home/robot_ws/install/robot_core/share/robot_core/environment/pythonpath.sh\n'}
[0.321582] (robot_core) StdoutLine: {'line': b'-- Up-to-date: /home/robot_ws/install/robot_core/share/robot_core/environment/pythonpath.dsv\n'}
[0.321660] (robot_core) StdoutLine: {'line': b'-- Up-to-date: /home/robot_ws/install/robot_core/local/lib/python3.10/dist-packages/src-0.0.0-py3.10.egg-info\n'}
[0.321747] (robot_core) StdoutLine: {'line': b'-- Installing: /home/robot_ws/install/robot_core/local/lib/python3.10/dist-packages/src-0.0.0-py3.10.egg-info/top_level.txt\n'}
[0.321856] (robot_core) StdoutLine: {'line': b'-- Installing: /home/robot_ws/install/robot_core/local/lib/python3.10/dist-packages/src-0.0.0-py3.10.egg-info/SOURCES.txt\n'}
[0.321933] (robot_core) StdoutLine: {'line': b'-- Installing: /home/robot_ws/install/robot_core/local/lib/python3.10/dist-packages/src-0.0.0-py3.10.egg-info/PKG-INFO\n'}
[0.322008] (robot_core) StdoutLine: {'line': b'-- Installing: /home/robot_ws/install/robot_core/local/lib/python3.10/dist-packages/src-0.0.0-py3.10.egg-info/dependency_links.txt\n'}
[0.322082] (robot_core) StdoutLine: {'line': b'-- Up-to-date: /home/robot_ws/install/robot_core/local/lib/python3.10/dist-packages/src\n'}
[0.322156] (robot_core) StdoutLine: {'line': b'-- Up-to-date: /home/robot_ws/install/robot_core/local/lib/python3.10/dist-packages/src/__init__.py\n'}
[0.322228] (robot_core) StdoutLine: {'line': b'-- Up-to-date: /home/robot_ws/install/robot_core/local/lib/python3.10/dist-packages/src/joy copy 2.py\n'}
[0.322301] (robot_core) StdoutLine: {'line': b'-- Up-to-date: /home/robot_ws/install/robot_core/local/lib/python3.10/dist-packages/src/joy.py\n'}
[0.322537] (robot_description) StdoutLine: {'line': b'-- Install configuration: ""\n'}
[0.322689] (robot_description) StdoutLine: {'line': b'-- Up-to-date: /home/robot_ws/install/robot_description/share/robot_description/environment/pythonpath.sh\n'}
[0.322762] (robot_description) StdoutLine: {'line': b'-- Up-to-date: /home/robot_ws/install/robot_description/share/robot_description/environment/pythonpath.dsv\n'}
[0.322831] (robot_description) StdoutLine: {'line': b'-- Up-to-date: /home/robot_ws/install/robot_description/local/lib/python3.10/dist-packages/src-0.0.0-py3.10.egg-info\n'}
[0.322959] (robot_description) StdoutLine: {'line': b'-- Installing: /home/robot_ws/install/robot_description/local/lib/python3.10/dist-packages/src-0.0.0-py3.10.egg-info/top_level.txt\n'}
[0.323032] (robot_description) StdoutLine: {'line': b'-- Installing: /home/robot_ws/install/robot_description/local/lib/python3.10/dist-packages/src-0.0.0-py3.10.egg-info/SOURCES.txt\n'}
[0.323103] (robot_description) StdoutLine: {'line': b'-- Installing: /home/robot_ws/install/robot_description/local/lib/python3.10/dist-packages/src-0.0.0-py3.10.egg-info/PKG-INFO\n'}
[0.323171] (robot_description) StdoutLine: {'line': b'-- Installing: /home/robot_ws/install/robot_description/local/lib/python3.10/dist-packages/src-0.0.0-py3.10.egg-info/dependency_links.txt\n'}
[0.323239] (robot_description) StdoutLine: {'line': b'-- Up-to-date: /home/robot_ws/install/robot_description/local/lib/python3.10/dist-packages/src\n'}
[0.323306] (robot_description) StdoutLine: {'line': b'-- Up-to-date: /home/robot_ws/install/robot_description/local/lib/python3.10/dist-packages/src/__init__.py\n'}
[0.343804] (robot_core) StdoutLine: {'line': b"Listing '/home/robot_ws/install/robot_core/local/lib/python3.10/dist-packages/src'...\n"}
[0.344592] (robot_description) StdoutLine: {'line': b"Listing '/home/robot_ws/install/robot_description/local/lib/python3.10/dist-packages/src'...\n"}
[0.347489] (robot_core) StdoutLine: {'line': b'-- Up-to-date: /home/robot_ws/install/robot_core/share/robot_core/src\n'}
[0.347710] (robot_core) StdoutLine: {'line': b'-- Up-to-date: /home/robot_ws/install/robot_core/share/robot_core/src/__init__.py\n'}
[0.347880] (robot_core) StdoutLine: {'line': b'-- Up-to-date: /home/robot_ws/install/robot_core/share/robot_core/src/joy copy 2.py\n'}
[0.348146] (robot_core) StdoutLine: {'line': b'-- Up-to-date: /home/robot_ws/install/robot_core/share/robot_core/src/joy.py\n'}
[0.348223] (robot_core) StdoutLine: {'line': b'-- Up-to-date: /home/robot_ws/install/robot_core/share/robot_core/launch\n'}
[0.348296] (robot_core) StdoutLine: {'line': b'-- Up-to-date: /home/robot_ws/install/robot_core/share/robot_core/launch/joy.launch.py\n'}
[0.348397] (robot_core) StdoutLine: {'line': b'-- Up-to-date: /home/robot_ws/install/robot_core/share/robot_core/config\n'}
[0.348543] (robot_core) StdoutLine: {'line': b'-- Up-to-date: /home/robot_ws/install/robot_core/share/robot_core/config/joystick.yaml\n'}
[0.348634] (robot_core) StdoutLine: {'line': b'-- Up-to-date: /home/robot_ws/install/robot_core/lib/robot_core/joy.py\n'}
[0.348713] (robot_core) StdoutLine: {'line': b'-- Up-to-date: /home/robot_ws/install/robot_core/lib/robot_core/robot_core\n'}
[0.348791] (robot_core) StdoutLine: {'line': b'-- Up-to-date: /home/robot_ws/install/robot_core/lib/robot_core/robot_core/__init__.py\n'}
[0.348868] (robot_core) StdoutLine: {'line': b'-- Up-to-date: /home/robot_ws/install/robot_core/lib/robot_core/robot_core/ps4.py\n'}
[0.349042] (robot_core) StdoutLine: {'line': b'-- Up-to-date: /home/robot_ws/install/robot_core/share/ament_index/resource_index/package_run_dependencies/robot_core\n'}
[0.349122] (robot_core) StdoutLine: {'line': b'-- Up-to-date: /home/robot_ws/install/robot_core/share/ament_index/resource_index/parent_prefix_path/robot_core\n'}
[0.349200] (robot_core) StdoutLine: {'line': b'-- Up-to-date: /home/robot_ws/install/robot_core/share/robot_core/environment/ament_prefix_path.sh\n'}
[0.349279] (robot_core) StdoutLine: {'line': b'-- Up-to-date: /home/robot_ws/install/robot_core/share/robot_core/environment/ament_prefix_path.dsv\n'}
[0.349363] (robot_core) StdoutLine: {'line': b'-- Up-to-date: /home/robot_ws/install/robot_core/share/robot_core/environment/path.sh\n'}
[0.349710] (robot_core) StdoutLine: {'line': b'-- Up-to-date: /home/robot_ws/install/robot_core/share/robot_core/environment/path.dsv\n'}
[0.349863] (robot_core) StdoutLine: {'line': b'-- Up-to-date: /home/robot_ws/install/robot_core/share/robot_core/local_setup.bash\n'}
[0.350230] (robot_core) StdoutLine: {'line': b'-- Up-to-date: /home/robot_ws/install/robot_core/share/robot_core/local_setup.sh\n'}
[0.350313] (robot_core) StdoutLine: {'line': b'-- Up-to-date: /home/robot_ws/install/robot_core/share/robot_core/local_setup.zsh\n'}
[0.350498] (robot_core) StdoutLine: {'line': b'-- Up-to-date: /home/robot_ws/install/robot_core/share/robot_core/local_setup.dsv\n'}
[0.350884] (robot_core) StdoutLine: {'line': b'-- Installing: /home/robot_ws/install/robot_core/share/robot_core/package.dsv\n'}
[0.350963] (robot_core) StdoutLine: {'line': b'-- Up-to-date: /home/robot_ws/install/robot_core/share/ament_index/resource_index/packages/robot_core\n'}
[0.351040] (robot_core) StdoutLine: {'line': b'-- Up-to-date: /home/robot_ws/install/robot_core/share/robot_core/cmake/robot_coreConfig.cmake\n'}
[0.351121] (robot_core) StdoutLine: {'line': b'-- Up-to-date: /home/robot_ws/install/robot_core/share/robot_core/cmake/robot_coreConfig-version.cmake\n'}
[0.351287] (robot_core) StdoutLine: {'line': b'-- Up-to-date: /home/robot_ws/install/robot_core/share/robot_core/package.xml\n'}
[0.351566] (robot_description) StdoutLine: {'line': b'-- Up-to-date: /home/robot_ws/install/robot_description/share/robot_description/config\n'}
[0.351751] (robot_description) StdoutLine: {'line': b'-- Up-to-date: /home/robot_ws/install/robot_description/share/robot_description/launch\n'}
[0.351832] (robot_description) StdoutLine: {'line': b'-- Up-to-date: /home/robot_ws/install/robot_description/share/robot_description/src\n'}
[0.351914] (robot_description) StdoutLine: {'line': b'-- Up-to-date: /home/robot_ws/install/robot_description/share/robot_description/src/__init__.py\n'}
[0.351993] (robot_description) StdoutLine: {'line': b'-- Up-to-date: /home/robot_ws/install/robot_description/share/robot_description/urdf\n'}
[0.352070] (robot_description) StdoutLine: {'line': b'-- Installing: /home/robot_ws/install/robot_description/share/robot_description/worlds\n'}
[0.352146] (robot_description) StdoutLine: {'line': b'-- Installing: /home/robot_ws/install/robot_description/share/ament_index/resource_index/package_run_dependencies/robot_description\n'}
[0.352223] (robot_description) StdoutLine: {'line': b'-- Installing: /home/robot_ws/install/robot_description/share/ament_index/resource_index/parent_prefix_path/robot_description\n'}
[0.352389] (robot_description) StdoutLine: {'line': b'-- Installing: /home/robot_ws/install/robot_description/share/robot_description/environment/ament_prefix_path.sh\n'}
[0.352518] (robot_description) StdoutLine: {'line': b'-- Installing: /home/robot_ws/install/robot_description/share/robot_description/environment/ament_prefix_path.dsv\n'}
[0.352596] (robot_description) StdoutLine: {'line': b'-- Installing: /home/robot_ws/install/robot_description/share/robot_description/environment/path.sh\n'}
[0.352672] (robot_description) StdoutLine: {'line': b'-- Installing: /home/robot_ws/install/robot_description/share/robot_description/environment/path.dsv\n'}
[0.352747] (robot_description) StdoutLine: {'line': b'-- Installing: /home/robot_ws/install/robot_description/share/robot_description/local_setup.bash\n'}
[0.352822] (robot_description) StdoutLine: {'line': b'-- Installing: /home/robot_ws/install/robot_description/share/robot_description/local_setup.sh\n'}
[0.352898] (robot_description) StdoutLine: {'line': b'-- Installing: /home/robot_ws/install/robot_description/share/robot_description/local_setup.zsh\n'}
[0.352975] (robot_description) StdoutLine: {'line': b'-- Installing: /home/robot_ws/install/robot_description/share/robot_description/local_setup.dsv\n'}
[0.353050] (robot_description) StdoutLine: {'line': b'-- Installing: /home/robot_ws/install/robot_description/share/robot_description/package.dsv\n'}
[0.353156] (robot_core) CommandEnded: {'returncode': 0}
[0.353459] (robot_description) StdoutLine: {'line': b'-- Installing: /home/robot_ws/install/robot_description/share/ament_index/resource_index/packages/robot_description\n'}
[0.353618] (robot_description) StdoutLine: {'line': b'-- Installing: /home/robot_ws/install/robot_description/share/robot_description/cmake/robot_descriptionConfig.cmake\n'}
[0.353698] (robot_description) StdoutLine: {'line': b'-- Installing: /home/robot_ws/install/robot_description/share/robot_description/cmake/robot_descriptionConfig-version.cmake\n'}
[0.353814] (robot_description) StdoutLine: {'line': b'-- Installing: /home/robot_ws/install/robot_description/share/robot_description/package.xml\n'}
[0.366290] (robot_description) CommandEnded: {'returncode': 0}
[0.377473] (ds4_driver_msgs) JobProgress: {'identifier': 'ds4_driver_msgs', 'progress': 'install'}
[0.377713] (ds4_driver_msgs) Command: {'cmd': ['/usr/bin/cmake', '--install', '/home/robot_ws/build/ds4_driver_msgs'], 'cwd': '/home/robot_ws/build/ds4_driver_msgs', 'env': OrderedDict([('HOSTNAME', 'entity014'), ('SHLVL', '1'), ('LD_LIBRARY_PATH', '/usr/lib/x86_64-linux-gnu/gazebo-11/plugins:/opt/ros/humble/opt/rviz_ogre_vendor/lib:/opt/ros/humble/lib/x86_64-linux-gnu:/opt/ros/humble/lib'), ('HOME', '/home'), ('ROS_PYTHON_VERSION', '3'), ('ROS_DISTRO', 'humble'), ('_', '/usr/bin/colcon'), ('ROS_VERSION', '2'), ('NVIDIA_DRIVER_CAPABILITIES', 'all'), ('TERM', 'xterm'), ('ROS_LOCALHOST_ONLY', '0'), ('QT_X11_NO_MITSHM', '1'), ('PATH', '/opt/ros/humble/bin:/usr/local/sbin:/usr/local/bin:/usr/sbin:/usr/bin:/sbin:/bin'), ('XDG_RUNTIME_DIR', '/tmp/runtime-root'), ('DISPLAY', ':0'), ('LANG', 'C.UTF-8'), ('RMW_IMPLEMENTATION', 'rmw_cyclonedds_cpp'), ('ROS_DOMAIN_ID', '10'), ('AMENT_PREFIX_PATH', '/opt/ros/humble'), ('NO_AT_BRIDGE', '1'), ('PWD', '/home/robot_ws/build/ds4_driver_msgs'), ('LC_ALL', 'C.UTF-8'), ('PYTHONPATH', '/opt/ros/humble/lib/python3.10/site-packages:/opt/ros/humble/local/lib/python3.10/dist-packages'), ('COLCON', '1'), ('CMAKE_PREFIX_PATH', '/opt/ros/humble')]), 'shell': False}
[0.384413] (ds4_driver_msgs) StdoutLine: {'line': b'-- Install configuration: ""\n'}
[0.384778] (ds4_driver_msgs) StdoutLine: {'line': b'-- Up-to-date: /home/robot_ws/install/ds4_driver_msgs/share/ament_index/resource_index/rosidl_interfaces/ds4_driver_msgs\n'}
[0.384865] (ds4_driver_msgs) StdoutLine: {'line': b'-- Up-to-date: /home/robot_ws/install/ds4_driver_msgs/include/ds4_driver_msgs/ds4_driver_msgs\n'}
[0.384931] (ds4_driver_msgs) StdoutLine: {'line': b'-- Up-to-date: /home/robot_ws/install/ds4_driver_msgs/include/ds4_driver_msgs/ds4_driver_msgs/msg\n'}
[0.384968] (ds4_driver_msgs) StdoutLine: {'line': b'-- Up-to-date: /home/robot_ws/install/ds4_driver_msgs/include/ds4_driver_msgs/ds4_driver_msgs/msg/feedback.h\n'}
[0.385002] (ds4_driver_msgs) StdoutLine: {'line': b'-- Up-to-date: /home/robot_ws/install/ds4_driver_msgs/include/ds4_driver_msgs/ds4_driver_msgs/msg/detail\n'}
[0.385034] (ds4_driver_msgs) StdoutLine: {'line': b'-- Up-to-date: /home/robot_ws/install/ds4_driver_msgs/include/ds4_driver_msgs/ds4_driver_msgs/msg/detail/feedback__type_support.h\n'}
[0.385067] (ds4_driver_msgs) StdoutLine: {'line': b'-- Up-to-date: /home/robot_ws/install/ds4_driver_msgs/include/ds4_driver_msgs/ds4_driver_msgs/msg/detail/trackpad__type_support.h\n'}
[0.385099] (ds4_driver_msgs) StdoutLine: {'line': b'-- Up-to-date: /home/robot_ws/install/ds4_driver_msgs/include/ds4_driver_msgs/ds4_driver_msgs/msg/detail/report__struct.h\n'}
[0.385130] (ds4_driver_msgs) StdoutLine: {'line': b'-- Up-to-date: /home/robot_ws/install/ds4_driver_msgs/include/ds4_driver_msgs/ds4_driver_msgs/msg/detail/status__functions.c\n'}
[0.385162] (ds4_driver_msgs) StdoutLine: {'line': b'-- Up-to-date: /home/robot_ws/install/ds4_driver_msgs/include/ds4_driver_msgs/ds4_driver_msgs/msg/detail/report__type_support.h\n'}
[0.385193] (ds4_driver_msgs) StdoutLine: {'line': b'-- Up-to-date: /home/robot_ws/install/ds4_driver_msgs/include/ds4_driver_msgs/ds4_driver_msgs/msg/detail/report__functions.h\n'}
[0.385223] (ds4_driver_msgs) StdoutLine: {'line': b'-- Up-to-date: /home/robot_ws/install/ds4_driver_msgs/include/ds4_driver_msgs/ds4_driver_msgs/msg/detail/status__type_support.h\n'}
[0.385254] (ds4_driver_msgs) StdoutLine: {'line': b'-- Up-to-date: /home/robot_ws/install/ds4_driver_msgs/include/ds4_driver_msgs/ds4_driver_msgs/msg/detail/trackpad__struct.h\n'}
[0.385285] (ds4_driver_msgs) StdoutLine: {'line': b'-- Up-to-date: /home/robot_ws/install/ds4_driver_msgs/include/ds4_driver_msgs/ds4_driver_msgs/msg/detail/report__functions.c\n'}
[0.385315] (ds4_driver_msgs) StdoutLine: {'line': b'-- Up-to-date: /home/robot_ws/install/ds4_driver_msgs/include/ds4_driver_msgs/ds4_driver_msgs/msg/detail/feedback__functions.h\n'}
[0.385356] (ds4_driver_msgs) StdoutLine: {'line': b'-- Up-to-date: /home/robot_ws/install/ds4_driver_msgs/include/ds4_driver_msgs/ds4_driver_msgs/msg/detail/trackpad__functions.h\n'}
[0.385626] (ds4_driver_msgs) StdoutLine: {'line': b'-- Up-to-date: /home/robot_ws/install/ds4_driver_msgs/include/ds4_driver_msgs/ds4_driver_msgs/msg/detail/feedback__struct.h\n'}
[0.385675] (ds4_driver_msgs) StdoutLine: {'line': b'-- Up-to-date: /home/robot_ws/install/ds4_driver_msgs/include/ds4_driver_msgs/ds4_driver_msgs/msg/detail/status__struct.h\n'}
[0.385712] (ds4_driver_msgs) StdoutLine: {'line': b'-- Up-to-date: /home/robot_ws/install/ds4_driver_msgs/include/ds4_driver_msgs/ds4_driver_msgs/msg/detail/status__functions.h\n'}
[0.385745] (ds4_driver_msgs) StdoutLine: {'line': b'-- Up-to-date: /home/robot_ws/install/ds4_driver_msgs/include/ds4_driver_msgs/ds4_driver_msgs/msg/detail/trackpad__functions.c\n'}
[0.385779] (ds4_driver_msgs) StdoutLine: {'line': b'-- Up-to-date: /home/robot_ws/install/ds4_driver_msgs/include/ds4_driver_msgs/ds4_driver_msgs/msg/detail/feedback__functions.c\n'}
[0.385811] (ds4_driver_msgs) StdoutLine: {'line': b'-- Up-to-date: /home/robot_ws/install/ds4_driver_msgs/include/ds4_driver_msgs/ds4_driver_msgs/msg/status.h\n'}
[0.385843] (ds4_driver_msgs) StdoutLine: {'line': b'-- Up-to-date: /home/robot_ws/install/ds4_driver_msgs/include/ds4_driver_msgs/ds4_driver_msgs/msg/trackpad.h\n'}
[0.385875] (ds4_driver_msgs) StdoutLine: {'line': b'-- Up-to-date: /home/robot_ws/install/ds4_driver_msgs/include/ds4_driver_msgs/ds4_driver_msgs/msg/report.h\n'}
[0.385971] (ds4_driver_msgs) StdoutLine: {'line': b'-- Up-to-date: /home/robot_ws/install/ds4_driver_msgs/include/ds4_driver_msgs/ds4_driver_msgs/msg/rosidl_generator_c__visibility_control.h\n'}
[0.386005] (ds4_driver_msgs) StdoutLine: {'line': b'-- Up-to-date: /home/robot_ws/install/ds4_driver_msgs/share/ds4_driver_msgs/environment/library_path.sh\n'}
[0.386093] (ds4_driver_msgs) StdoutLine: {'line': b'-- Up-to-date: /home/robot_ws/install/ds4_driver_msgs/share/ds4_driver_msgs/environment/library_path.dsv\n'}
[0.386126] (ds4_driver_msgs) StdoutLine: {'line': b'-- Up-to-date: /home/robot_ws/install/ds4_driver_msgs/lib/libds4_driver_msgs__rosidl_generator_c.so\n'}
[0.386159] (ds4_driver_msgs) StdoutLine: {'line': b'-- Up-to-date: /home/robot_ws/install/ds4_driver_msgs/include/ds4_driver_msgs/ds4_driver_msgs\n'}
[0.386190] (ds4_driver_msgs) StdoutLine: {'line': b'-- Up-to-date: /home/robot_ws/install/ds4_driver_msgs/include/ds4_driver_msgs/ds4_driver_msgs/msg\n'}
[0.386222] (ds4_driver_msgs) StdoutLine: {'line': b'-- Up-to-date: /home/robot_ws/install/ds4_driver_msgs/include/ds4_driver_msgs/ds4_driver_msgs/msg/detail\n'}
[0.386253] (ds4_driver_msgs) StdoutLine: {'line': b'-- Up-to-date: /home/robot_ws/install/ds4_driver_msgs/include/ds4_driver_msgs/ds4_driver_msgs/msg/detail/feedback__rosidl_typesupport_fastrtps_c.h\n'}
[0.386284] (ds4_driver_msgs) StdoutLine: {'line': b'-- Up-to-date: /home/robot_ws/install/ds4_driver_msgs/include/ds4_driver_msgs/ds4_driver_msgs/msg/detail/report__rosidl_typesupport_fastrtps_c.h\n'}
[0.386314] (ds4_driver_msgs) StdoutLine: {'line': b'-- Up-to-date: /home/robot_ws/install/ds4_driver_msgs/include/ds4_driver_msgs/ds4_driver_msgs/msg/detail/status__rosidl_typesupport_fastrtps_c.h\n'}
[0.386441] (ds4_driver_msgs) StdoutLine: {'line': b'-- Up-to-date: /home/robot_ws/install/ds4_driver_msgs/include/ds4_driver_msgs/ds4_driver_msgs/msg/detail/trackpad__rosidl_typesupport_fastrtps_c.h\n'}
[0.386480] (ds4_driver_msgs) StdoutLine: {'line': b'-- Up-to-date: /home/robot_ws/install/ds4_driver_msgs/include/ds4_driver_msgs/ds4_driver_msgs/msg/rosidl_typesupport_fastrtps_c__visibility_control.h\n'}
[0.386511] (ds4_driver_msgs) StdoutLine: {'line': b'-- Up-to-date: /home/robot_ws/install/ds4_driver_msgs/lib/libds4_driver_msgs__rosidl_typesupport_fastrtps_c.so\n'}
[0.386543] (ds4_driver_msgs) StdoutLine: {'line': b'-- Up-to-date: /home/robot_ws/install/ds4_driver_msgs/include/ds4_driver_msgs/ds4_driver_msgs\n'}
[0.386573] (ds4_driver_msgs) StdoutLine: {'line': b'-- Up-to-date: /home/robot_ws/install/ds4_driver_msgs/include/ds4_driver_msgs/ds4_driver_msgs/msg\n'}
[0.386604] (ds4_driver_msgs) StdoutLine: {'line': b'-- Up-to-date: /home/robot_ws/install/ds4_driver_msgs/include/ds4_driver_msgs/ds4_driver_msgs/msg/detail\n'}
[0.386634] (ds4_driver_msgs) StdoutLine: {'line': b'-- Up-to-date: /home/robot_ws/install/ds4_driver_msgs/include/ds4_driver_msgs/ds4_driver_msgs/msg/detail/status__builder.hpp\n'}
[0.386664] (ds4_driver_msgs) StdoutLine: {'line': b'-- Up-to-date: /home/robot_ws/install/ds4_driver_msgs/include/ds4_driver_msgs/ds4_driver_msgs/msg/detail/status__traits.hpp\n'}
[0.386695] (ds4_driver_msgs) StdoutLine: {'line': b'-- Up-to-date: /home/robot_ws/install/ds4_driver_msgs/include/ds4_driver_msgs/ds4_driver_msgs/msg/detail/feedback__traits.hpp\n'}
[0.386725] (ds4_driver_msgs) StdoutLine: {'line': b'-- Up-to-date: /home/robot_ws/install/ds4_driver_msgs/include/ds4_driver_msgs/ds4_driver_msgs/msg/detail/status__struct.hpp\n'}
[0.386755] (ds4_driver_msgs) StdoutLine: {'line': b'-- Up-to-date: /home/robot_ws/install/ds4_driver_msgs/include/ds4_driver_msgs/ds4_driver_msgs/msg/detail/report__struct.hpp\n'}
[0.386785] (ds4_driver_msgs) StdoutLine: {'line': b'-- Up-to-date: /home/robot_ws/install/ds4_driver_msgs/include/ds4_driver_msgs/ds4_driver_msgs/msg/detail/feedback__builder.hpp\n'}
[0.386815] (ds4_driver_msgs) StdoutLine: {'line': b'-- Up-to-date: /home/robot_ws/install/ds4_driver_msgs/include/ds4_driver_msgs/ds4_driver_msgs/msg/detail/report__builder.hpp\n'}
[0.386844] (ds4_driver_msgs) StdoutLine: {'line': b'-- Up-to-date: /home/robot_ws/install/ds4_driver_msgs/include/ds4_driver_msgs/ds4_driver_msgs/msg/detail/report__traits.hpp\n'}
[0.386905] (ds4_driver_msgs) StdoutLine: {'line': b'-- Up-to-date: /home/robot_ws/install/ds4_driver_msgs/include/ds4_driver_msgs/ds4_driver_msgs/msg/detail/trackpad__struct.hpp\n'}
[0.386973] (ds4_driver_msgs) StdoutLine: {'line': b'-- Up-to-date: /home/robot_ws/install/ds4_driver_msgs/include/ds4_driver_msgs/ds4_driver_msgs/msg/detail/trackpad__builder.hpp\n'}
[0.387005] (ds4_driver_msgs) StdoutLine: {'line': b'-- Up-to-date: /home/robot_ws/install/ds4_driver_msgs/include/ds4_driver_msgs/ds4_driver_msgs/msg/detail/feedback__struct.hpp\n'}
[0.387036] (ds4_driver_msgs) StdoutLine: {'line': b'-- Up-to-date: /home/robot_ws/install/ds4_driver_msgs/include/ds4_driver_msgs/ds4_driver_msgs/msg/detail/trackpad__traits.hpp\n'}
[0.387067] (ds4_driver_msgs) StdoutLine: {'line': b'-- Up-to-date: /home/robot_ws/install/ds4_driver_msgs/include/ds4_driver_msgs/ds4_driver_msgs/msg/status.hpp\n'}
[0.387099] (ds4_driver_msgs) StdoutLine: {'line': b'-- Up-to-date: /home/robot_ws/install/ds4_driver_msgs/include/ds4_driver_msgs/ds4_driver_msgs/msg/trackpad.hpp\n'}
[0.387129] (ds4_driver_msgs) StdoutLine: {'line': b'-- Up-to-date: /home/robot_ws/install/ds4_driver_msgs/include/ds4_driver_msgs/ds4_driver_msgs/msg/report.hpp\n'}
[0.387160] (ds4_driver_msgs) StdoutLine: {'line': b'-- Up-to-date: /home/robot_ws/install/ds4_driver_msgs/include/ds4_driver_msgs/ds4_driver_msgs/msg/feedback.hpp\n'}
[0.387192] (ds4_driver_msgs) StdoutLine: {'line': b'-- Up-to-date: /home/robot_ws/install/ds4_driver_msgs/include/ds4_driver_msgs/ds4_driver_msgs\n'}
[0.387244] (ds4_driver_msgs) StdoutLine: {'line': b'-- Up-to-date: /home/robot_ws/install/ds4_driver_msgs/include/ds4_driver_msgs/ds4_driver_msgs/msg\n'}
[0.387394] (ds4_driver_msgs) StdoutLine: {'line': b'-- Up-to-date: /home/robot_ws/install/ds4_driver_msgs/include/ds4_driver_msgs/ds4_driver_msgs/msg/detail\n'}
[0.387430] (ds4_driver_msgs) StdoutLine: {'line': b'-- Up-to-date: /home/robot_ws/install/ds4_driver_msgs/include/ds4_driver_msgs/ds4_driver_msgs/msg/detail/trackpad__rosidl_typesupport_fastrtps_cpp.hpp\n'}
[0.387464] (ds4_driver_msgs) StdoutLine: {'line': b'-- Up-to-date: /home/robot_ws/install/ds4_driver_msgs/include/ds4_driver_msgs/ds4_driver_msgs/msg/detail/feedback__rosidl_typesupport_fastrtps_cpp.hpp\n'}
[0.387495] (ds4_driver_msgs) StdoutLine: {'line': b'-- Up-to-date: /home/robot_ws/install/ds4_driver_msgs/include/ds4_driver_msgs/ds4_driver_msgs/msg/detail/dds_fastrtps\n'}
[0.387526] (ds4_driver_msgs) StdoutLine: {'line': b'-- Up-to-date: /home/robot_ws/install/ds4_driver_msgs/include/ds4_driver_msgs/ds4_driver_msgs/msg/detail/report__rosidl_typesupport_fastrtps_cpp.hpp\n'}
[0.387558] (ds4_driver_msgs) StdoutLine: {'line': b'-- Up-to-date: /home/robot_ws/install/ds4_driver_msgs/include/ds4_driver_msgs/ds4_driver_msgs/msg/detail/status__rosidl_typesupport_fastrtps_cpp.hpp\n'}
[0.387589] (ds4_driver_msgs) StdoutLine: {'line': b'-- Up-to-date: /home/robot_ws/install/ds4_driver_msgs/include/ds4_driver_msgs/ds4_driver_msgs/msg/rosidl_typesupport_fastrtps_cpp__visibility_control.h\n'}
[0.387619] (ds4_driver_msgs) StdoutLine: {'line': b'-- Up-to-date: /home/robot_ws/install/ds4_driver_msgs/lib/libds4_driver_msgs__rosidl_typesupport_fastrtps_cpp.so\n'}
[0.387649] (ds4_driver_msgs) StdoutLine: {'line': b'-- Up-to-date: /home/robot_ws/install/ds4_driver_msgs/include/ds4_driver_msgs/ds4_driver_msgs\n'}
[0.387680] (ds4_driver_msgs) StdoutLine: {'line': b'-- Up-to-date: /home/robot_ws/install/ds4_driver_msgs/include/ds4_driver_msgs/ds4_driver_msgs/msg\n'}
[0.387711] (ds4_driver_msgs) StdoutLine: {'line': b'-- Up-to-date: /home/robot_ws/install/ds4_driver_msgs/include/ds4_driver_msgs/ds4_driver_msgs/msg/detail\n'}
[0.387741] (ds4_driver_msgs) StdoutLine: {'line': b'-- Up-to-date: /home/robot_ws/install/ds4_driver_msgs/include/ds4_driver_msgs/ds4_driver_msgs/msg/detail/trackpad__rosidl_typesupport_introspection_c.h\n'}
[0.387773] (ds4_driver_msgs) StdoutLine: {'line': b'-- Up-to-date: /home/robot_ws/install/ds4_driver_msgs/include/ds4_driver_msgs/ds4_driver_msgs/msg/detail/report__rosidl_typesupport_introspection_c.h\n'}
[0.387804] (ds4_driver_msgs) StdoutLine: {'line': b'-- Up-to-date: /home/robot_ws/install/ds4_driver_msgs/include/ds4_driver_msgs/ds4_driver_msgs/msg/detail/report__type_support.c\n'}
[0.387883] (ds4_driver_msgs) StdoutLine: {'line': b'-- Up-to-date: /home/robot_ws/install/ds4_driver_msgs/include/ds4_driver_msgs/ds4_driver_msgs/msg/detail/status__rosidl_typesupport_introspection_c.h\n'}
[0.387914] (ds4_driver_msgs) StdoutLine: {'line': b'-- Up-to-date: /home/robot_ws/install/ds4_driver_msgs/include/ds4_driver_msgs/ds4_driver_msgs/msg/detail/trackpad__type_support.c\n'}
[0.387945] (ds4_driver_msgs) StdoutLine: {'line': b'-- Up-to-date: /home/robot_ws/install/ds4_driver_msgs/include/ds4_driver_msgs/ds4_driver_msgs/msg/detail/feedback__rosidl_typesupport_introspection_c.h\n'}
[0.387975] (ds4_driver_msgs) StdoutLine: {'line': b'-- Up-to-date: /home/robot_ws/install/ds4_driver_msgs/include/ds4_driver_msgs/ds4_driver_msgs/msg/detail/status__type_support.c\n'}
[0.388005] (ds4_driver_msgs) StdoutLine: {'line': b'-- Up-to-date: /home/robot_ws/install/ds4_driver_msgs/include/ds4_driver_msgs/ds4_driver_msgs/msg/detail/feedback__type_support.c\n'}
[0.388036] (ds4_driver_msgs) StdoutLine: {'line': b'-- Up-to-date: /home/robot_ws/install/ds4_driver_msgs/include/ds4_driver_msgs/ds4_driver_msgs/msg/rosidl_typesupport_introspection_c__visibility_control.h\n'}
[0.388068] (ds4_driver_msgs) StdoutLine: {'line': b'-- Up-to-date: /home/robot_ws/install/ds4_driver_msgs/lib/libds4_driver_msgs__rosidl_typesupport_introspection_c.so\n'}
[0.388100] (ds4_driver_msgs) StdoutLine: {'line': b'-- Up-to-date: /home/robot_ws/install/ds4_driver_msgs/lib/libds4_driver_msgs__rosidl_typesupport_c.so\n'}
[0.388130] (ds4_driver_msgs) StdoutLine: {'line': b'-- Up-to-date: /home/robot_ws/install/ds4_driver_msgs/include/ds4_driver_msgs/ds4_driver_msgs\n'}
[0.388161] (ds4_driver_msgs) StdoutLine: {'line': b'-- Up-to-date: /home/robot_ws/install/ds4_driver_msgs/include/ds4_driver_msgs/ds4_driver_msgs/msg\n'}
[0.388191] (ds4_driver_msgs) StdoutLine: {'line': b'-- Up-to-date: /home/robot_ws/install/ds4_driver_msgs/include/ds4_driver_msgs/ds4_driver_msgs/msg/detail\n'}
[0.388221] (ds4_driver_msgs) StdoutLine: {'line': b'-- Up-to-date: /home/robot_ws/install/ds4_driver_msgs/include/ds4_driver_msgs/ds4_driver_msgs/msg/detail/status__type_support.cpp\n'}
[0.388252] (ds4_driver_msgs) StdoutLine: {'line': b'-- Up-to-date: /home/robot_ws/install/ds4_driver_msgs/include/ds4_driver_msgs/ds4_driver_msgs/msg/detail/report__type_support.cpp\n'}
[0.388283] (ds4_driver_msgs) StdoutLine: {'line': b'-- Up-to-date: /home/robot_ws/install/ds4_driver_msgs/include/ds4_driver_msgs/ds4_driver_msgs/msg/detail/trackpad__rosidl_typesupport_introspection_cpp.hpp\n'}
[0.388313] (ds4_driver_msgs) StdoutLine: {'line': b'-- Up-to-date: /home/robot_ws/install/ds4_driver_msgs/include/ds4_driver_msgs/ds4_driver_msgs/msg/detail/trackpad__type_support.cpp\n'}
[0.388349] (ds4_driver_msgs) StdoutLine: {'line': b'-- Up-to-date: /home/robot_ws/install/ds4_driver_msgs/include/ds4_driver_msgs/ds4_driver_msgs/msg/detail/status__rosidl_typesupport_introspection_cpp.hpp\n'}
[0.388385] (ds4_driver_msgs) StdoutLine: {'line': b'-- Up-to-date: /home/robot_ws/install/ds4_driver_msgs/include/ds4_driver_msgs/ds4_driver_msgs/msg/detail/feedback__rosidl_typesupport_introspection_cpp.hpp\n'}
[0.388416] (ds4_driver_msgs) StdoutLine: {'line': b'-- Up-to-date: /home/robot_ws/install/ds4_driver_msgs/include/ds4_driver_msgs/ds4_driver_msgs/msg/detail/report__rosidl_typesupport_introspection_cpp.hpp\n'}
[0.388452] (ds4_driver_msgs) StdoutLine: {'line': b'-- Up-to-date: /home/robot_ws/install/ds4_driver_msgs/include/ds4_driver_msgs/ds4_driver_msgs/msg/detail/feedback__type_support.cpp\n'}
[0.388483] (ds4_driver_msgs) StdoutLine: {'line': b'-- Up-to-date: /home/robot_ws/install/ds4_driver_msgs/lib/libds4_driver_msgs__rosidl_typesupport_introspection_cpp.so\n'}
[0.388516] (ds4_driver_msgs) StdoutLine: {'line': b'-- Up-to-date: /home/robot_ws/install/ds4_driver_msgs/lib/libds4_driver_msgs__rosidl_typesupport_cpp.so\n'}
[0.388547] (ds4_driver_msgs) StdoutLine: {'line': b'-- Up-to-date: /home/robot_ws/install/ds4_driver_msgs/share/ds4_driver_msgs/environment/pythonpath.sh\n'}
[0.388578] (ds4_driver_msgs) StdoutLine: {'line': b'-- Up-to-date: /home/robot_ws/install/ds4_driver_msgs/share/ds4_driver_msgs/environment/pythonpath.dsv\n'}
[0.388609] (ds4_driver_msgs) StdoutLine: {'line': b'-- Up-to-date: /home/robot_ws/install/ds4_driver_msgs/local/lib/python3.10/dist-packages/ds4_driver_msgs-0.0.0-py3.10.egg-info\n'}
[0.388640] (ds4_driver_msgs) StdoutLine: {'line': b'-- Installing: /home/robot_ws/install/ds4_driver_msgs/local/lib/python3.10/dist-packages/ds4_driver_msgs-0.0.0-py3.10.egg-info/top_level.txt\n'}
[0.388670] (ds4_driver_msgs) StdoutLine: {'line': b'-- Installing: /home/robot_ws/install/ds4_driver_msgs/local/lib/python3.10/dist-packages/ds4_driver_msgs-0.0.0-py3.10.egg-info/SOURCES.txt\n'}
[0.388811] (ds4_driver_msgs) StdoutLine: {'line': b'-- Installing: /home/robot_ws/install/ds4_driver_msgs/local/lib/python3.10/dist-packages/ds4_driver_msgs-0.0.0-py3.10.egg-info/PKG-INFO\n'}
[0.388851] (ds4_driver_msgs) StdoutLine: {'line': b'-- Installing: /home/robot_ws/install/ds4_driver_msgs/local/lib/python3.10/dist-packages/ds4_driver_msgs-0.0.0-py3.10.egg-info/dependency_links.txt\n'}
[0.388885] (ds4_driver_msgs) StdoutLine: {'line': b'-- Up-to-date: /home/robot_ws/install/ds4_driver_msgs/local/lib/python3.10/dist-packages/ds4_driver_msgs\n'}
[0.388918] (ds4_driver_msgs) StdoutLine: {'line': b'-- Up-to-date: /home/robot_ws/install/ds4_driver_msgs/local/lib/python3.10/dist-packages/ds4_driver_msgs/ds4_driver_msgs_s__rosidl_typesupport_introspection_c.cpython-310-x86_64-linux-gnu.so\n'}
[0.388951] (ds4_driver_msgs) StdoutLine: {'line': b'-- Up-to-date: /home/robot_ws/install/ds4_driver_msgs/local/lib/python3.10/dist-packages/ds4_driver_msgs/__init__.py\n'}
[0.388985] (ds4_driver_msgs) StdoutLine: {'line': b'-- Up-to-date: /home/robot_ws/install/ds4_driver_msgs/local/lib/python3.10/dist-packages/ds4_driver_msgs/_ds4_driver_msgs_s.ep.rosidl_typesupport_fastrtps_c.c\n'}
[0.389018] (ds4_driver_msgs) StdoutLine: {'line': b'-- Up-to-date: /home/robot_ws/install/ds4_driver_msgs/local/lib/python3.10/dist-packages/ds4_driver_msgs/ds4_driver_msgs_s__rosidl_typesupport_fastrtps_c.cpython-310-x86_64-linux-gnu.so\n'}
[0.389050] (ds4_driver_msgs) StdoutLine: {'line': b'-- Up-to-date: /home/robot_ws/install/ds4_driver_msgs/local/lib/python3.10/dist-packages/ds4_driver_msgs/_ds4_driver_msgs_s.ep.rosidl_typesupport_c.c\n'}
[0.389081] (ds4_driver_msgs) StdoutLine: {'line': b'-- Up-to-date: /home/robot_ws/install/ds4_driver_msgs/local/lib/python3.10/dist-packages/ds4_driver_msgs/_ds4_driver_msgs_s.ep.rosidl_typesupport_introspection_c.c\n'}
[0.389135] (ds4_driver_msgs) StdoutLine: {'line': b'-- Up-to-date: /home/robot_ws/install/ds4_driver_msgs/local/lib/python3.10/dist-packages/ds4_driver_msgs/ds4_driver_msgs_s__rosidl_typesupport_c.cpython-310-x86_64-linux-gnu.so\n'}
[0.389170] (ds4_driver_msgs) StdoutLine: {'line': b'-- Up-to-date: /home/robot_ws/install/ds4_driver_msgs/local/lib/python3.10/dist-packages/ds4_driver_msgs/msg\n'}
[0.389202] (ds4_driver_msgs) StdoutLine: {'line': b'-- Up-to-date: /home/robot_ws/install/ds4_driver_msgs/local/lib/python3.10/dist-packages/ds4_driver_msgs/msg/_feedback_s.c\n'}
[0.389233] (ds4_driver_msgs) StdoutLine: {'line': b'-- Up-to-date: /home/robot_ws/install/ds4_driver_msgs/local/lib/python3.10/dist-packages/ds4_driver_msgs/msg/__init__.py\n'}
[0.389263] (ds4_driver_msgs) StdoutLine: {'line': b'-- Up-to-date: /home/robot_ws/install/ds4_driver_msgs/local/lib/python3.10/dist-packages/ds4_driver_msgs/msg/_trackpad.py\n'}
[0.389294] (ds4_driver_msgs) StdoutLine: {'line': b'-- Up-to-date: /home/robot_ws/install/ds4_driver_msgs/local/lib/python3.10/dist-packages/ds4_driver_msgs/msg/_feedback.py\n'}
[0.389324] (ds4_driver_msgs) StdoutLine: {'line': b'-- Up-to-date: /home/robot_ws/install/ds4_driver_msgs/local/lib/python3.10/dist-packages/ds4_driver_msgs/msg/_trackpad_s.c\n'}
[0.389363] (ds4_driver_msgs) StdoutLine: {'line': b'-- Up-to-date: /home/robot_ws/install/ds4_driver_msgs/local/lib/python3.10/dist-packages/ds4_driver_msgs/msg/_status.py\n'}
[0.389418] (ds4_driver_msgs) StdoutLine: {'line': b'-- Up-to-date: /home/robot_ws/install/ds4_driver_msgs/local/lib/python3.10/dist-packages/ds4_driver_msgs/msg/_report.py\n'}
[0.389450] (ds4_driver_msgs) StdoutLine: {'line': b'-- Up-to-date: /home/robot_ws/install/ds4_driver_msgs/local/lib/python3.10/dist-packages/ds4_driver_msgs/msg/_report_s.c\n'}
[0.389481] (ds4_driver_msgs) StdoutLine: {'line': b'-- Up-to-date: /home/robot_ws/install/ds4_driver_msgs/local/lib/python3.10/dist-packages/ds4_driver_msgs/msg/_status_s.c\n'}
[0.389512] (ds4_driver_msgs) StdoutLine: {'line': b'-- Up-to-date: /home/robot_ws/install/ds4_driver_msgs/local/lib/python3.10/dist-packages/ds4_driver_msgs/libds4_driver_msgs__rosidl_generator_py.so\n'}
[0.395847] (robot_core) JobEnded: {'identifier': 'robot_core', 'rc': 0}
[0.400139] (-) TimerEvent: {}
[0.402436] (robot_description) JobEnded: {'identifier': 'robot_description', 'rc': 0}
[0.421844] (ds4_driver_msgs) StdoutLine: {'line': b"Listing '/home/robot_ws/install/ds4_driver_msgs/local/lib/python3.10/dist-packages/ds4_driver_msgs'...\n"}
[0.422037] (ds4_driver_msgs) StdoutLine: {'line': b"Listing '/home/robot_ws/install/ds4_driver_msgs/local/lib/python3.10/dist-packages/ds4_driver_msgs/msg'...\n"}
[0.425300] (ds4_driver_msgs) StdoutLine: {'line': b'-- Up-to-date: /home/robot_ws/install/ds4_driver_msgs/local/lib/python3.10/dist-packages/ds4_driver_msgs/ds4_driver_msgs_s__rosidl_typesupport_fastrtps_c.cpython-310-x86_64-linux-gnu.so\n'}
[0.425455] (ds4_driver_msgs) StdoutLine: {'line': b'-- Up-to-date: /home/robot_ws/install/ds4_driver_msgs/local/lib/python3.10/dist-packages/ds4_driver_msgs/ds4_driver_msgs_s__rosidl_typesupport_introspection_c.cpython-310-x86_64-linux-gnu.so\n'}
[0.425641] (ds4_driver_msgs) StdoutLine: {'line': b'-- Up-to-date: /home/robot_ws/install/ds4_driver_msgs/local/lib/python3.10/dist-packages/ds4_driver_msgs/ds4_driver_msgs_s__rosidl_typesupport_c.cpython-310-x86_64-linux-gnu.so\n'}
[0.425850] (ds4_driver_msgs) StdoutLine: {'line': b'-- Up-to-date: /home/robot_ws/install/ds4_driver_msgs/lib/libds4_driver_msgs__rosidl_generator_py.so\n'}
[0.425957] (ds4_driver_msgs) StdoutLine: {'line': b'-- Up-to-date: /home/robot_ws/install/ds4_driver_msgs/share/ds4_driver_msgs/msg/Feedback.idl\n'}
[0.426117] (ds4_driver_msgs) StdoutLine: {'line': b'-- Up-to-date: /home/robot_ws/install/ds4_driver_msgs/share/ds4_driver_msgs/msg/Status.idl\n'}
[0.426373] (ds4_driver_msgs) StdoutLine: {'line': b'-- Up-to-date: /home/robot_ws/install/ds4_driver_msgs/share/ds4_driver_msgs/msg/Report.idl\n'}
[0.426527] (ds4_driver_msgs) StdoutLine: {'line': b'-- Up-to-date: /home/robot_ws/install/ds4_driver_msgs/share/ds4_driver_msgs/msg/Trackpad.idl\n'}
[0.426575] (ds4_driver_msgs) StdoutLine: {'line': b'-- Up-to-date: /home/robot_ws/install/ds4_driver_msgs/share/ds4_driver_msgs/msg/Feedback.msg\n'}
[0.426612] (ds4_driver_msgs) StdoutLine: {'line': b'-- Up-to-date: /home/robot_ws/install/ds4_driver_msgs/share/ds4_driver_msgs/msg/Status.msg\n'}
[0.426646] (ds4_driver_msgs) StdoutLine: {'line': b'-- Up-to-date: /home/robot_ws/install/ds4_driver_msgs/share/ds4_driver_msgs/msg/Report.msg\n'}
[0.426678] (ds4_driver_msgs) StdoutLine: {'line': b'-- Up-to-date: /home/robot_ws/install/ds4_driver_msgs/share/ds4_driver_msgs/msg/Trackpad.msg\n'}
[0.426710] (ds4_driver_msgs) StdoutLine: {'line': b'-- Up-to-date: /home/robot_ws/install/ds4_driver_msgs/share/ament_index/resource_index/package_run_dependencies/ds4_driver_msgs\n'}
[0.426744] (ds4_driver_msgs) StdoutLine: {'line': b'-- Up-to-date: /home/robot_ws/install/ds4_driver_msgs/share/ament_index/resource_index/parent_prefix_path/ds4_driver_msgs\n'}
[0.426776] (ds4_driver_msgs) StdoutLine: {'line': b'-- Up-to-date: /home/robot_ws/install/ds4_driver_msgs/share/ds4_driver_msgs/environment/ament_prefix_path.sh\n'}
[0.426808] (ds4_driver_msgs) StdoutLine: {'line': b'-- Up-to-date: /home/robot_ws/install/ds4_driver_msgs/share/ds4_driver_msgs/environment/ament_prefix_path.dsv\n'}
[0.426841] (ds4_driver_msgs) StdoutLine: {'line': b'-- Up-to-date: /home/robot_ws/install/ds4_driver_msgs/share/ds4_driver_msgs/environment/path.sh\n'}
[0.426906] (ds4_driver_msgs) StdoutLine: {'line': b'-- Up-to-date: /home/robot_ws/install/ds4_driver_msgs/share/ds4_driver_msgs/environment/path.dsv\n'}
[0.426988] (ds4_driver_msgs) StdoutLine: {'line': b'-- Up-to-date: /home/robot_ws/install/ds4_driver_msgs/share/ds4_driver_msgs/local_setup.bash\n'}
[0.427047] (ds4_driver_msgs) StdoutLine: {'line': b'-- Up-to-date: /home/robot_ws/install/ds4_driver_msgs/share/ds4_driver_msgs/local_setup.sh\n'}
[0.427080] (ds4_driver_msgs) StdoutLine: {'line': b'-- Up-to-date: /home/robot_ws/install/ds4_driver_msgs/share/ds4_driver_msgs/local_setup.zsh\n'}
[0.427110] (ds4_driver_msgs) StdoutLine: {'line': b'-- Up-to-date: /home/robot_ws/install/ds4_driver_msgs/share/ds4_driver_msgs/local_setup.dsv\n'}
[0.427142] (ds4_driver_msgs) StdoutLine: {'line': b'-- Up-to-date: /home/robot_ws/install/ds4_driver_msgs/share/ds4_driver_msgs/package.dsv\n'}
[0.427176] (ds4_driver_msgs) StdoutLine: {'line': b'-- Up-to-date: /home/robot_ws/install/ds4_driver_msgs/share/ament_index/resource_index/packages/ds4_driver_msgs\n'}
[0.427208] (ds4_driver_msgs) StdoutLine: {'line': b'-- Up-to-date: /home/robot_ws/install/ds4_driver_msgs/share/ds4_driver_msgs/cmake/export_ds4_driver_msgs__rosidl_generator_cExport.cmake\n'}
[0.427241] (ds4_driver_msgs) StdoutLine: {'line': b'-- Up-to-date: /home/robot_ws/install/ds4_driver_msgs/share/ds4_driver_msgs/cmake/export_ds4_driver_msgs__rosidl_generator_cExport-noconfig.cmake\n'}
[0.427272] (ds4_driver_msgs) StdoutLine: {'line': b'-- Up-to-date: /home/robot_ws/install/ds4_driver_msgs/share/ds4_driver_msgs/cmake/export_ds4_driver_msgs__rosidl_typesupport_fastrtps_cExport.cmake\n'}
[0.427304] (ds4_driver_msgs) StdoutLine: {'line': b'-- Up-to-date: /home/robot_ws/install/ds4_driver_msgs/share/ds4_driver_msgs/cmake/export_ds4_driver_msgs__rosidl_typesupport_fastrtps_cExport-noconfig.cmake\n'}
[0.427335] (ds4_driver_msgs) StdoutLine: {'line': b'-- Up-to-date: /home/robot_ws/install/ds4_driver_msgs/share/ds4_driver_msgs/cmake/export_ds4_driver_msgs__rosidl_generator_cppExport.cmake\n'}
[0.427397] (ds4_driver_msgs) StdoutLine: {'line': b'-- Up-to-date: /home/robot_ws/install/ds4_driver_msgs/share/ds4_driver_msgs/cmake/export_ds4_driver_msgs__rosidl_typesupport_fastrtps_cppExport.cmake\n'}
[0.427471] (ds4_driver_msgs) StdoutLine: {'line': b'-- Up-to-date: /home/robot_ws/install/ds4_driver_msgs/share/ds4_driver_msgs/cmake/export_ds4_driver_msgs__rosidl_typesupport_fastrtps_cppExport-noconfig.cmake\n'}
[0.427506] (ds4_driver_msgs) StdoutLine: {'line': b'-- Up-to-date: /home/robot_ws/install/ds4_driver_msgs/share/ds4_driver_msgs/cmake/ds4_driver_msgs__rosidl_typesupport_introspection_cExport.cmake\n'}
[0.427540] (ds4_driver_msgs) StdoutLine: {'line': b'-- Up-to-date: /home/robot_ws/install/ds4_driver_msgs/share/ds4_driver_msgs/cmake/ds4_driver_msgs__rosidl_typesupport_introspection_cExport-noconfig.cmake\n'}
[0.427573] (ds4_driver_msgs) StdoutLine: {'line': b'-- Up-to-date: /home/robot_ws/install/ds4_driver_msgs/share/ds4_driver_msgs/cmake/ds4_driver_msgs__rosidl_typesupport_cExport.cmake\n'}
[0.427623] (ds4_driver_msgs) StdoutLine: {'line': b'-- Up-to-date: /home/robot_ws/install/ds4_driver_msgs/share/ds4_driver_msgs/cmake/ds4_driver_msgs__rosidl_typesupport_cExport-noconfig.cmake\n'}
[0.427656] (ds4_driver_msgs) StdoutLine: {'line': b'-- Up-to-date: /home/robot_ws/install/ds4_driver_msgs/share/ds4_driver_msgs/cmake/ds4_driver_msgs__rosidl_typesupport_introspection_cppExport.cmake\n'}
[0.427688] (ds4_driver_msgs) StdoutLine: {'line': b'-- Up-to-date: /home/robot_ws/install/ds4_driver_msgs/share/ds4_driver_msgs/cmake/ds4_driver_msgs__rosidl_typesupport_introspection_cppExport-noconfig.cmake\n'}
[0.427720] (ds4_driver_msgs) StdoutLine: {'line': b'-- Up-to-date: /home/robot_ws/install/ds4_driver_msgs/share/ds4_driver_msgs/cmake/ds4_driver_msgs__rosidl_typesupport_cppExport.cmake\n'}
[0.427776] (ds4_driver_msgs) StdoutLine: {'line': b'-- Up-to-date: /home/robot_ws/install/ds4_driver_msgs/share/ds4_driver_msgs/cmake/ds4_driver_msgs__rosidl_typesupport_cppExport-noconfig.cmake\n'}
[0.427814] (ds4_driver_msgs) StdoutLine: {'line': b'-- Up-to-date: /home/robot_ws/install/ds4_driver_msgs/share/ds4_driver_msgs/cmake/export_ds4_driver_msgs__rosidl_generator_pyExport.cmake\n'}
[0.427876] (ds4_driver_msgs) StdoutLine: {'line': b'-- Up-to-date: /home/robot_ws/install/ds4_driver_msgs/share/ds4_driver_msgs/cmake/export_ds4_driver_msgs__rosidl_generator_pyExport-noconfig.cmake\n'}
[0.427911] (ds4_driver_msgs) StdoutLine: {'line': b'-- Up-to-date: /home/robot_ws/install/ds4_driver_msgs/share/ds4_driver_msgs/cmake/rosidl_cmake-extras.cmake\n'}
[0.427943] (ds4_driver_msgs) StdoutLine: {'line': b'-- Up-to-date: /home/robot_ws/install/ds4_driver_msgs/share/ds4_driver_msgs/cmake/ament_cmake_export_dependencies-extras.cmake\n'}
[0.427976] (ds4_driver_msgs) StdoutLine: {'line': b'-- Up-to-date: /home/robot_ws/install/ds4_driver_msgs/share/ds4_driver_msgs/cmake/ament_cmake_export_include_directories-extras.cmake\n'}
[0.428076] (ds4_driver_msgs) StdoutLine: {'line': b'-- Up-to-date: /home/robot_ws/install/ds4_driver_msgs/share/ds4_driver_msgs/cmake/ament_cmake_export_libraries-extras.cmake\n'}
[0.428199] (ds4_driver_msgs) StdoutLine: {'line': b'-- Up-to-date: /home/robot_ws/install/ds4_driver_msgs/share/ds4_driver_msgs/cmake/ament_cmake_export_targets-extras.cmake\n'}
[0.428279] (ds4_driver_msgs) StdoutLine: {'line': b'-- Up-to-date: /home/robot_ws/install/ds4_driver_msgs/share/ds4_driver_msgs/cmake/rosidl_cmake_export_typesupport_targets-extras.cmake\n'}
[0.428361] (ds4_driver_msgs) StdoutLine: {'line': b'-- Up-to-date: /home/robot_ws/install/ds4_driver_msgs/share/ds4_driver_msgs/cmake/rosidl_cmake_export_typesupport_libraries-extras.cmake\n'}
[0.428452] (ds4_driver_msgs) StdoutLine: {'line': b'-- Up-to-date: /home/robot_ws/install/ds4_driver_msgs/share/ds4_driver_msgs/cmake/ds4_driver_msgsConfig.cmake\n'}
[0.428525] (ds4_driver_msgs) StdoutLine: {'line': b'-- Up-to-date: /home/robot_ws/install/ds4_driver_msgs/share/ds4_driver_msgs/cmake/ds4_driver_msgsConfig-version.cmake\n'}
[0.428596] (ds4_driver_msgs) StdoutLine: {'line': b'-- Up-to-date: /home/robot_ws/install/ds4_driver_msgs/share/ds4_driver_msgs/package.xml\n'}
[0.430013] (ds4_driver_msgs) CommandEnded: {'returncode': 0}
[0.500245] (-) TimerEvent: {}
[0.534632] (ds4_driver_msgs) JobEnded: {'identifier': 'ds4_driver_msgs', 'rc': 0}
[0.535394] (ds4_driver) JobStarted: {'identifier': 'ds4_driver'}
[0.540542] (ds4_driver) JobProgress: {'identifier': 'ds4_driver', 'progress': 'cmake'}
[0.540921] (ds4_driver) Command: {'cmd': ['/usr/bin/cmake', '/home/robot_ws/src/ds4_driver/ds4_driver', '-DCMAKE_INSTALL_PREFIX=/home/robot_ws/install/ds4_driver'], 'cwd': '/home/robot_ws/build/ds4_driver', 'env': OrderedDict([('HOSTNAME', 'entity014'), ('SHLVL', '1'), ('LD_LIBRARY_PATH', '/home/robot_ws/install/ds4_driver_msgs/lib:/usr/lib/x86_64-linux-gnu/gazebo-11/plugins:/opt/ros/humble/opt/rviz_ogre_vendor/lib:/opt/ros/humble/lib/x86_64-linux-gnu:/opt/ros/humble/lib'), ('HOME', '/home'), ('ROS_PYTHON_VERSION', '3'), ('ROS_DISTRO', 'humble'), ('_', '/usr/bin/colcon'), ('ROS_VERSION', '2'), ('NVIDIA_DRIVER_CAPABILITIES', 'all'), ('TERM', 'xterm'), ('ROS_LOCALHOST_ONLY', '0'), ('QT_X11_NO_MITSHM', '1'), ('PATH', '/opt/ros/humble/bin:/usr/local/sbin:/usr/local/bin:/usr/sbin:/usr/bin:/sbin:/bin'), ('XDG_RUNTIME_DIR', '/tmp/runtime-root'), ('DISPLAY', ':0'), ('LANG', 'C.UTF-8'), ('RMW_IMPLEMENTATION', 'rmw_cyclonedds_cpp'), ('ROS_DOMAIN_ID', '10'), ('AMENT_PREFIX_PATH', '/home/robot_ws/install/ds4_driver_msgs:/opt/ros/humble'), ('NO_AT_BRIDGE', '1'), ('PWD', '/home/robot_ws/build/ds4_driver'), ('LC_ALL', 'C.UTF-8'), ('PYTHONPATH', '/home/robot_ws/install/ds4_driver_msgs/local/lib/python3.10/dist-packages:/opt/ros/humble/lib/python3.10/site-packages:/opt/ros/humble/local/lib/python3.10/dist-packages'), ('COLCON', '1'), ('CMAKE_PREFIX_PATH', '/home/robot_ws/install/ds4_driver_msgs:/opt/ros/humble')]), 'shell': False}
[0.586112] (ds4_driver) StdoutLine: {'line': b'-- The C compiler identification is GNU 11.4.0\n'}
[0.600465] (-) TimerEvent: {}
[0.628049] (ds4_driver) StdoutLine: {'line': b'-- The CXX compiler identification is GNU 11.4.0\n'}
[0.633118] (ds4_driver) StdoutLine: {'line': b'-- Detecting C compiler ABI info\n'}
[0.684836] (ds4_driver) StdoutLine: {'line': b'-- Detecting C compiler ABI info - done\n'}
[0.689373] (ds4_driver) StdoutLine: {'line': b'-- Check for working C compiler: /usr/bin/cc - skipped\n'}
[0.689538] (ds4_driver) StdoutLine: {'line': b'-- Detecting C compile features\n'}
[0.689705] (ds4_driver) StdoutLine: {'line': b'-- Detecting C compile features - done\n'}
[0.691803] (ds4_driver) StdoutLine: {'line': b'-- Detecting CXX compiler ABI info\n'}
[0.700570] (-) TimerEvent: {}
[0.755043] (ds4_driver) StdoutLine: {'line': b'-- Detecting CXX compiler ABI info - done\n'}
[0.759604] (ds4_driver) StdoutLine: {'line': b'-- Check for working CXX compiler: /usr/bin/c++ - skipped\n'}
[0.759836] (ds4_driver) StdoutLine: {'line': b'-- Detecting CXX compile features\n'}
[0.760169] (ds4_driver) StdoutLine: {'line': b'-- Detecting CXX compile features - done\n'}
[0.762606] (ds4_driver) StdoutLine: {'line': b'-- Found ament_cmake: 1.3.10 (/opt/ros/humble/share/ament_cmake/cmake)\n'}
[0.800656] (-) TimerEvent: {}
[0.876921] (ds4_driver) StdoutLine: {'line': b'-- Found Python3: /usr/bin/python3 (found version "3.10.12") found components: Interpreter \n'}
[0.900790] (-) TimerEvent: {}
[0.947864] (ds4_driver) StdoutLine: {'line': b'-- Found sensor_msgs: 4.2.4 (/opt/ros/humble/share/sensor_msgs/cmake)\n'}
[0.977189] (ds4_driver) StdoutLine: {'line': b'-- Found rosidl_generator_c: 3.1.5 (/opt/ros/humble/share/rosidl_generator_c/cmake)\n'}
[0.981933] (ds4_driver) StdoutLine: {'line': b'-- Found rosidl_adapter: 3.1.5 (/opt/ros/humble/share/rosidl_adapter/cmake)\n'}
[0.988843] (ds4_driver) StdoutLine: {'line': b'-- Found rosidl_generator_cpp: 3.1.5 (/opt/ros/humble/share/rosidl_generator_cpp/cmake)\n'}
[0.998147] (ds4_driver) StdoutLine: {'line': b'-- Using all available rosidl_typesupport_c: rosidl_typesupport_fastrtps_c;rosidl_typesupport_introspection_c\n'}
[1.000890] (-) TimerEvent: {}
[1.010667] (ds4_driver) StdoutLine: {'line': b'-- Using all available rosidl_typesupport_cpp: rosidl_typesupport_fastrtps_cpp;rosidl_typesupport_introspection_cpp\n'}
[1.052909] (ds4_driver) StdoutLine: {'line': b'-- Found ds4_driver_msgs: 0.0.0 (/home/robot_ws/install/ds4_driver_msgs/share/ds4_driver_msgs/cmake)\n'}
[1.065661] (ds4_driver) StdoutLine: {'line': b'-- Found ament_lint_auto: 0.12.11 (/opt/ros/humble/share/ament_lint_auto/cmake)\n'}
[1.100996] (-) TimerEvent: {}
[1.179879] (ds4_driver) StdoutLine: {'line': b"-- Added test 'copyright' to check source files copyright and LICENSE\n"}
[1.181033] (ds4_driver) StdoutLine: {'line': b"-- Added test 'flake8' to check Python code syntax and style conventions\n"}
[1.181306] (ds4_driver) StdoutLine: {'line': b"-- Added test 'lint_cmake' to check CMake code style\n"}
[1.181539] (ds4_driver) StdoutLine: {'line': b"-- Added test 'pep257' to check Python code against some of the docstring style conventions in PEP 257\n"}
[1.182158] (ds4_driver) StdoutLine: {'line': b"-- Added test 'xmllint' to check XML markup files\n"}
[1.182771] (ds4_driver) StdoutLine: {'line': b'-- Configuring done\n'}
[1.185578] (ds4_driver) StdoutLine: {'line': b'-- Generating done\n'}
[1.186395] (ds4_driver) StdoutLine: {'line': b'-- Build files have been written to: /home/robot_ws/build/ds4_driver\n'}
[1.191117] (ds4_driver) CommandEnded: {'returncode': 0}
[1.192375] (ds4_driver) JobProgress: {'identifier': 'ds4_driver', 'progress': 'build'}
[1.192414] (ds4_driver) Command: {'cmd': ['/usr/bin/cmake', '--build', '/home/robot_ws/build/ds4_driver', '--', '-j16', '-l16'], 'cwd': '/home/robot_ws/build/ds4_driver', 'env': OrderedDict([('HOSTNAME', 'entity014'), ('SHLVL', '1'), ('LD_LIBRARY_PATH', '/home/robot_ws/install/ds4_driver_msgs/lib:/usr/lib/x86_64-linux-gnu/gazebo-11/plugins:/opt/ros/humble/opt/rviz_ogre_vendor/lib:/opt/ros/humble/lib/x86_64-linux-gnu:/opt/ros/humble/lib'), ('HOME', '/home'), ('ROS_PYTHON_VERSION', '3'), ('ROS_DISTRO', 'humble'), ('_', '/usr/bin/colcon'), ('ROS_VERSION', '2'), ('NVIDIA_DRIVER_CAPABILITIES', 'all'), ('TERM', 'xterm'), ('ROS_LOCALHOST_ONLY', '0'), ('QT_X11_NO_MITSHM', '1'), ('PATH', '/opt/ros/humble/bin:/usr/local/sbin:/usr/local/bin:/usr/sbin:/usr/bin:/sbin:/bin'), ('XDG_RUNTIME_DIR', '/tmp/runtime-root'), ('DISPLAY', ':0'), ('LANG', 'C.UTF-8'), ('RMW_IMPLEMENTATION', 'rmw_cyclonedds_cpp'), ('ROS_DOMAIN_ID', '10'), ('AMENT_PREFIX_PATH', '/home/robot_ws/install/ds4_driver_msgs:/opt/ros/humble'), ('NO_AT_BRIDGE', '1'), ('PWD', '/home/robot_ws/build/ds4_driver'), ('LC_ALL', 'C.UTF-8'), ('PYTHONPATH', '/home/robot_ws/install/ds4_driver_msgs/local/lib/python3.10/dist-packages:/opt/ros/humble/lib/python3.10/site-packages:/opt/ros/humble/local/lib/python3.10/dist-packages'), ('COLCON', '1'), ('CMAKE_PREFIX_PATH', '/home/robot_ws/install/ds4_driver_msgs:/opt/ros/humble')]), 'shell': False}
[1.201132] (-) TimerEvent: {}
[1.234553] (ds4_driver) StdoutLine: {'line': b'Built target ament_cmake_python_copy_ds4_driver\n'}
[1.301291] (-) TimerEvent: {}
[1.376303] (ds4_driver) StdoutLine: {'line': b'running egg_info\n'}
[1.376898] (ds4_driver) StdoutLine: {'line': b'creating ds4_driver.egg-info\n'}
[1.377017] (ds4_driver) StdoutLine: {'line': b'writing ds4_driver.egg-info/PKG-INFO\n'}
[1.377194] (ds4_driver) StdoutLine: {'line': b'writing dependency_links to ds4_driver.egg-info/dependency_links.txt\n'}
[1.377322] (ds4_driver) StdoutLine: {'line': b'writing top-level names to ds4_driver.egg-info/top_level.txt\n'}
[1.377419] (ds4_driver) StdoutLine: {'line': b"writing manifest file 'ds4_driver.egg-info/SOURCES.txt'\n"}
[1.378879] (ds4_driver) StdoutLine: {'line': b"reading manifest file 'ds4_driver.egg-info/SOURCES.txt'\n"}
[1.379265] (ds4_driver) StdoutLine: {'line': b"writing manifest file 'ds4_driver.egg-info/SOURCES.txt'\n"}
[1.397786] (ds4_driver) StdoutLine: {'line': b'Built target ament_cmake_python_build_ds4_driver_egg\n'}
[1.401411] (-) TimerEvent: {}
[1.405963] (ds4_driver) CommandEnded: {'returncode': 0}
[1.422567] (ds4_driver) JobProgress: {'identifier': 'ds4_driver', 'progress': 'install'}
[1.422756] (ds4_driver) Command: {'cmd': ['/usr/bin/cmake', '--install', '/home/robot_ws/build/ds4_driver'], 'cwd': '/home/robot_ws/build/ds4_driver', 'env': OrderedDict([('HOSTNAME', 'entity014'), ('SHLVL', '1'), ('LD_LIBRARY_PATH', '/home/robot_ws/install/ds4_driver_msgs/lib:/usr/lib/x86_64-linux-gnu/gazebo-11/plugins:/opt/ros/humble/opt/rviz_ogre_vendor/lib:/opt/ros/humble/lib/x86_64-linux-gnu:/opt/ros/humble/lib'), ('HOME', '/home'), ('ROS_PYTHON_VERSION', '3'), ('ROS_DISTRO', 'humble'), ('_', '/usr/bin/colcon'), ('ROS_VERSION', '2'), ('NVIDIA_DRIVER_CAPABILITIES', 'all'), ('TERM', 'xterm'), ('ROS_LOCALHOST_ONLY', '0'), ('QT_X11_NO_MITSHM', '1'), ('PATH', '/opt/ros/humble/bin:/usr/local/sbin:/usr/local/bin:/usr/sbin:/usr/bin:/sbin:/bin'), ('XDG_RUNTIME_DIR', '/tmp/runtime-root'), ('DISPLAY', ':0'), ('LANG', 'C.UTF-8'), ('RMW_IMPLEMENTATION', 'rmw_cyclonedds_cpp'), ('ROS_DOMAIN_ID', '10'), ('AMENT_PREFIX_PATH', '/home/robot_ws/install/ds4_driver_msgs:/opt/ros/humble'), ('NO_AT_BRIDGE', '1'), ('PWD', '/home/robot_ws/build/ds4_driver'), ('LC_ALL', 'C.UTF-8'), ('PYTHONPATH', '/home/robot_ws/install/ds4_driver_msgs/local/lib/python3.10/dist-packages:/opt/ros/humble/lib/python3.10/site-packages:/opt/ros/humble/local/lib/python3.10/dist-packages'), ('COLCON', '1'), ('CMAKE_PREFIX_PATH', '/home/robot_ws/install/ds4_driver_msgs:/opt/ros/humble')]), 'shell': False}
[1.428360] (ds4_driver) StdoutLine: {'line': b'-- Install configuration: ""\n'}
[1.428758] (ds4_driver) StdoutLine: {'line': b'-- Installing: /home/robot_ws/install/ds4_driver/share/ds4_driver/environment/pythonpath.sh\n'}
[1.428815] (ds4_driver) StdoutLine: {'line': b'-- Installing: /home/robot_ws/install/ds4_driver/share/ds4_driver/environment/pythonpath.dsv\n'}
[1.428849] (ds4_driver) StdoutLine: {'line': b'-- Installing: /home/robot_ws/install/ds4_driver/local/lib/python3.10/dist-packages/ds4_driver-0.2.1-py3.10.egg-info\n'}
[1.428879] (ds4_driver) StdoutLine: {'line': b'-- Installing: /home/robot_ws/install/ds4_driver/local/lib/python3.10/dist-packages/ds4_driver-0.2.1-py3.10.egg-info/top_level.txt\n'}
[1.428937] (ds4_driver) StdoutLine: {'line': b'-- Installing: /home/robot_ws/install/ds4_driver/local/lib/python3.10/dist-packages/ds4_driver-0.2.1-py3.10.egg-info/SOURCES.txt\n'}
[1.428965] (ds4_driver) StdoutLine: {'line': b'-- Installing: /home/robot_ws/install/ds4_driver/local/lib/python3.10/dist-packages/ds4_driver-0.2.1-py3.10.egg-info/PKG-INFO\n'}
[1.428996] (ds4_driver) StdoutLine: {'line': b'-- Installing: /home/robot_ws/install/ds4_driver/local/lib/python3.10/dist-packages/ds4_driver-0.2.1-py3.10.egg-info/dependency_links.txt\n'}
[1.429073] (ds4_driver) StdoutLine: {'line': b'-- Installing: /home/robot_ws/install/ds4_driver/local/lib/python3.10/dist-packages/ds4_driver\n'}
[1.429106] (ds4_driver) StdoutLine: {'line': b'-- Installing: /home/robot_ws/install/ds4_driver/local/lib/python3.10/dist-packages/ds4_driver/__init__.py\n'}
[1.429134] (ds4_driver) StdoutLine: {'line': b'-- Installing: /home/robot_ws/install/ds4_driver/local/lib/python3.10/dist-packages/ds4_driver/controller_ros.py\n'}
[1.429161] (ds4_driver) StdoutLine: {'line': b'-- Installing: /home/robot_ws/install/ds4_driver/local/lib/python3.10/dist-packages/ds4_driver/logger.py\n'}
[1.429188] (ds4_driver) StdoutLine: {'line': b'-- Installing: /home/robot_ws/install/ds4_driver/local/lib/python3.10/dist-packages/ds4_driver/controller.py\n'}
[1.454856] (ds4_driver) StdoutLine: {'line': b"Listing '/home/robot_ws/install/ds4_driver/local/lib/python3.10/dist-packages/ds4_driver'...\n"}
[1.455009] (ds4_driver) StdoutLine: {'line': b"Compiling '/home/robot_ws/install/ds4_driver/local/lib/python3.10/dist-packages/ds4_driver/__init__.py'...\n"}
[1.455080] (ds4_driver) StdoutLine: {'line': b"Compiling '/home/robot_ws/install/ds4_driver/local/lib/python3.10/dist-packages/ds4_driver/controller.py'...\n"}
[1.455143] (ds4_driver) StdoutLine: {'line': b"Compiling '/home/robot_ws/install/ds4_driver/local/lib/python3.10/dist-packages/ds4_driver/controller_ros.py'...\n"}
[1.455222] (ds4_driver) StdoutLine: {'line': b"Compiling '/home/robot_ws/install/ds4_driver/local/lib/python3.10/dist-packages/ds4_driver/logger.py'...\n"}
[1.457886] (ds4_driver) StdoutLine: {'line': b'-- Installing: /home/robot_ws/install/ds4_driver/share/ds4_driver//config\n'}
[1.458083] (ds4_driver) StdoutLine: {'line': b'-- Installing: /home/robot_ws/install/ds4_driver/share/ds4_driver//config/twist_6dof.yaml\n'}
[1.458160] (ds4_driver) StdoutLine: {'line': b'-- Installing: /home/robot_ws/install/ds4_driver/share/ds4_driver//config/params.yaml\n'}
[1.458230] (ds4_driver) StdoutLine: {'line': b'-- Installing: /home/robot_ws/install/ds4_driver/share/ds4_driver//config/twist_2dof.yaml\n'}
[1.458298] (ds4_driver) StdoutLine: {'line': b'-- Installing: /home/robot_ws/install/ds4_driver/share/ds4_driver//launch\n'}
[1.458414] (ds4_driver) StdoutLine: {'line': b'-- Installing: /home/robot_ws/install/ds4_driver/share/ds4_driver//launch/ds4_driver.launch.xml\n'}
[1.458509] (ds4_driver) StdoutLine: {'line': b'-- Installing: /home/robot_ws/install/ds4_driver/share/ds4_driver//launch/demo.launch.xml\n'}
[1.458589] (ds4_driver) StdoutLine: {'line': b'-- Installing: /home/robot_ws/install/ds4_driver/share/ds4_driver//launch/ds4_twist.launch.xml\n'}
[1.458658] (ds4_driver) StdoutLine: {'line': b'-- Installing: /home/robot_ws/install/ds4_driver/lib/ds4_driver/demo.py\n'}
[1.458725] (ds4_driver) StdoutLine: {'line': b'-- Installing: /home/robot_ws/install/ds4_driver/lib/ds4_driver/ds4_driver_node.py\n'}
[1.458791] (ds4_driver) StdoutLine: {'line': b'-- Installing: /home/robot_ws/install/ds4_driver/lib/ds4_driver/ds4_twist_node.py\n'}
[1.458883] (ds4_driver) StdoutLine: {'line': b'-- Installing: /home/robot_ws/install/ds4_driver/share/ament_index/resource_index/package_run_dependencies/ds4_driver\n'}
[1.458952] (ds4_driver) StdoutLine: {'line': b'-- Installing: /home/robot_ws/install/ds4_driver/share/ament_index/resource_index/parent_prefix_path/ds4_driver\n'}
[1.459047] (ds4_driver) StdoutLine: {'line': b'-- Installing: /home/robot_ws/install/ds4_driver/share/ds4_driver/environment/ament_prefix_path.sh\n'}
[1.459109] (ds4_driver) StdoutLine: {'line': b'-- Installing: /home/robot_ws/install/ds4_driver/share/ds4_driver/environment/ament_prefix_path.dsv\n'}
[1.459172] (ds4_driver) StdoutLine: {'line': b'-- Installing: /home/robot_ws/install/ds4_driver/share/ds4_driver/environment/path.sh\n'}
[1.459234] (ds4_driver) StdoutLine: {'line': b'-- Installing: /home/robot_ws/install/ds4_driver/share/ds4_driver/environment/path.dsv\n'}
[1.459295] (ds4_driver) StdoutLine: {'line': b'-- Installing: /home/robot_ws/install/ds4_driver/share/ds4_driver/local_setup.bash\n'}
[1.459361] (ds4_driver) StdoutLine: {'line': b'-- Installing: /home/robot_ws/install/ds4_driver/share/ds4_driver/local_setup.sh\n'}
[1.459428] (ds4_driver) StdoutLine: {'line': b'-- Installing: /home/robot_ws/install/ds4_driver/share/ds4_driver/local_setup.zsh\n'}
[1.459491] (ds4_driver) StdoutLine: {'line': b'-- Installing: /home/robot_ws/install/ds4_driver/share/ds4_driver/local_setup.dsv\n'}
[1.459553] (ds4_driver) StdoutLine: {'line': b'-- Installing: /home/robot_ws/install/ds4_driver/share/ds4_driver/package.dsv\n'}
[1.459614] (ds4_driver) StdoutLine: {'line': b'-- Installing: /home/robot_ws/install/ds4_driver/share/ament_index/resource_index/packages/ds4_driver\n'}
[1.459676] (ds4_driver) StdoutLine: {'line': b'-- Installing: /home/robot_ws/install/ds4_driver/share/ds4_driver/cmake/ds4_driverConfig.cmake\n'}
[1.459738] (ds4_driver) StdoutLine: {'line': b'-- Installing: /home/robot_ws/install/ds4_driver/share/ds4_driver/cmake/ds4_driverConfig-version.cmake\n'}
[1.459799] (ds4_driver) StdoutLine: {'line': b'-- Installing: /home/robot_ws/install/ds4_driver/share/ds4_driver/package.xml\n'}
[1.460491] (ds4_driver) CommandEnded: {'returncode': 0}
[1.498697] (ds4_driver) JobEnded: {'identifier': 'ds4_driver', 'rc': 0}
[1.499342] (-) EventReactorShutdown: {}
