[0.010s] Invoking command in '/home/robot_ws/build/robot_core': CMAKE_PREFIX_PATH=${CMAKE_PREFIX_PATH}:/opt/ros/humble /usr/bin/cmake --build /home/robot_ws/build/robot_core -- -j16 -l16
[0.112s] Built target ament_cmake_python_copy_src
[0.285s] running egg_info
[0.285s] writing src.egg-info/PKG-INFO
[0.286s] writing dependency_links to src.egg-info/dependency_links.txt
[0.286s] writing top-level names to src.egg-info/top_level.txt
[0.287s] reading manifest file 'src.egg-info/SOURCES.txt'
[0.289s] writing manifest file 'src.egg-info/SOURCES.txt'
[0.311s] Built target ament_cmake_python_build_src_egg
[0.317s] Invoked command in '/home/robot_ws/build/robot_core' returned '0': CMAKE_PREFIX_PATH=${CMAKE_PREFIX_PATH}:/opt/ros/humble /usr/bin/cmake --build /home/robot_ws/build/robot_core -- -j16 -l16
[0.336s] Invoking command in '/home/robot_ws/build/robot_core': CMAKE_PREFIX_PATH=${CMAKE_PREFIX_PATH}:/opt/ros/humble /usr/bin/cmake --install /home/robot_ws/build/robot_core
[0.343s] -- Install configuration: ""
[0.343s] -- Up-to-date: /home/robot_ws/install/robot_core/share/robot_core/environment/pythonpath.sh
[0.343s] -- Up-to-date: /home/robot_ws/install/robot_core/share/robot_core/environment/pythonpath.dsv
[0.344s] -- Up-to-date: /home/robot_ws/install/robot_core/local/lib/python3.10/dist-packages/src-0.0.0-py3.10.egg-info
[0.344s] -- Installing: /home/robot_ws/install/robot_core/local/lib/python3.10/dist-packages/src-0.0.0-py3.10.egg-info/top_level.txt
[0.344s] -- Installing: /home/robot_ws/install/robot_core/local/lib/python3.10/dist-packages/src-0.0.0-py3.10.egg-info/SOURCES.txt
[0.344s] -- Installing: /home/robot_ws/install/robot_core/local/lib/python3.10/dist-packages/src-0.0.0-py3.10.egg-info/PKG-INFO
[0.344s] -- Installing: /home/robot_ws/install/robot_core/local/lib/python3.10/dist-packages/src-0.0.0-py3.10.egg-info/dependency_links.txt
[0.344s] -- Up-to-date: /home/robot_ws/install/robot_core/local/lib/python3.10/dist-packages/src
[0.344s] -- Up-to-date: /home/robot_ws/install/robot_core/local/lib/python3.10/dist-packages/src/__init__.py
[0.344s] -- Up-to-date: /home/robot_ws/install/robot_core/local/lib/python3.10/dist-packages/src/joy.py
[0.366s] Listing '/home/robot_ws/install/robot_core/local/lib/python3.10/dist-packages/src'...
[0.368s] -- Up-to-date: /home/robot_ws/install/robot_core/share/robot_core/src
[0.369s] -- Up-to-date: /home/robot_ws/install/robot_core/share/robot_core/src/__init__.py
[0.369s] -- Up-to-date: /home/robot_ws/install/robot_core/share/robot_core/src/joy.py
[0.369s] -- Up-to-date: /home/robot_ws/install/robot_core/share/robot_core/launch
[0.369s] -- Up-to-date: /home/robot_ws/install/robot_core/share/robot_core/launch/joy.launch.py
[0.369s] -- Up-to-date: /home/robot_ws/install/robot_core/share/robot_core/config
[0.369s] -- Installing: /home/robot_ws/install/robot_core/share/robot_core/config/joystick.yaml
[0.369s] -- Up-to-date: /home/robot_ws/install/robot_core/lib/robot_core/joy.py
[0.369s] -- Up-to-date: /home/robot_ws/install/robot_core/lib/robot_core/robot_core
[0.369s] -- Installing: /home/robot_ws/install/robot_core/lib/robot_core/robot_core/ps4 copy.py
[0.369s] -- Up-to-date: /home/robot_ws/install/robot_core/lib/robot_core/robot_core/__init__.py
[0.369s] -- Installing: /home/robot_ws/install/robot_core/lib/robot_core/robot_core/ps4.py
[0.369s] -- Up-to-date: /home/robot_ws/install/robot_core/share/ament_index/resource_index/package_run_dependencies/robot_core
[0.370s] -- Up-to-date: /home/robot_ws/install/robot_core/share/ament_index/resource_index/parent_prefix_path/robot_core
[0.370s] -- Up-to-date: /home/robot_ws/install/robot_core/share/robot_core/environment/ament_prefix_path.sh
[0.370s] -- Up-to-date: /home/robot_ws/install/robot_core/share/robot_core/environment/ament_prefix_path.dsv
[0.370s] -- Up-to-date: /home/robot_ws/install/robot_core/share/robot_core/environment/path.sh
[0.370s] -- Up-to-date: /home/robot_ws/install/robot_core/share/robot_core/environment/path.dsv
[0.370s] -- Up-to-date: /home/robot_ws/install/robot_core/share/robot_core/local_setup.bash
[0.370s] -- Up-to-date: /home/robot_ws/install/robot_core/share/robot_core/local_setup.sh
[0.370s] -- Up-to-date: /home/robot_ws/install/robot_core/share/robot_core/local_setup.zsh
[0.370s] -- Up-to-date: /home/robot_ws/install/robot_core/share/robot_core/local_setup.dsv
[0.370s] -- Installing: /home/robot_ws/install/robot_core/share/robot_core/package.dsv
[0.370s] -- Up-to-date: /home/robot_ws/install/robot_core/share/ament_index/resource_index/packages/robot_core
[0.370s] -- Up-to-date: /home/robot_ws/install/robot_core/share/robot_core/cmake/robot_coreConfig.cmake
[0.370s] -- Up-to-date: /home/robot_ws/install/robot_core/share/robot_core/cmake/robot_coreConfig-version.cmake
[0.370s] -- Up-to-date: /home/robot_ws/install/robot_core/share/robot_core/package.xml
[0.373s] Invoked command in '/home/robot_ws/build/robot_core' returned '0': CMAKE_PREFIX_PATH=${CMAKE_PREFIX_PATH}:/opt/ros/humble /usr/bin/cmake --install /home/robot_ws/build/robot_core
