[0.006s] Invoking command in '/home/robot_ws/build/ds4_driver': AMENT_PREFIX_PATH=/home/robot_ws/install/ds4_driver_msgs:${AMENT_PREFIX_PATH} CMAKE_PREFIX_PATH=/home/robot_ws/install/ds4_driver_msgs:/opt/ros/humble LD_LIBRARY_PATH=/home/robot_ws/install/ds4_driver_msgs/lib:${LD_LIBRARY_PATH} PYTHONPATH=/home/robot_ws/install/ds4_driver_msgs/local/lib/python3.10/dist-packages:${PYTHONPATH} /usr/bin/cmake /home/robot_ws/src/ds4_driver/ds4_driver -DCMAKE_INSTALL_PREFIX=/home/robot_ws/install/ds4_driver
[0.051s] -- The C compiler identification is GNU 11.4.0
[0.093s] -- The CXX compiler identification is GNU 11.4.0
[0.098s] -- Detecting C compiler ABI info
[0.150s] -- Detecting C compiler ABI info - done
[0.154s] -- Check for working C compiler: /usr/bin/cc - skipped
[0.154s] -- Detecting C compile features
[0.154s] -- Detecting C compile features - done
[0.157s] -- Detecting CXX compiler ABI info
[0.220s] -- Detecting CXX compiler ABI info - done
[0.224s] -- Check for working CXX compiler: /usr/bin/c++ - skipped
[0.224s] -- Detecting CXX compile features
[0.225s] -- Detecting CXX compile features - done
[0.227s] -- Found ament_cmake: 1.3.10 (/opt/ros/humble/share/ament_cmake/cmake)
[0.342s] -- Found Python3: /usr/bin/python3 (found version "3.10.12") found components: Interpreter 
[0.413s] -- Found sensor_msgs: 4.2.4 (/opt/ros/humble/share/sensor_msgs/cmake)
[0.442s] -- Found rosidl_generator_c: 3.1.5 (/opt/ros/humble/share/rosidl_generator_c/cmake)
[0.447s] -- Found rosidl_adapter: 3.1.5 (/opt/ros/humble/share/rosidl_adapter/cmake)
[0.454s] -- Found rosidl_generator_cpp: 3.1.5 (/opt/ros/humble/share/rosidl_generator_cpp/cmake)
[0.463s] -- Using all available rosidl_typesupport_c: rosidl_typesupport_fastrtps_c;rosidl_typesupport_introspection_c
[0.475s] -- Using all available rosidl_typesupport_cpp: rosidl_typesupport_fastrtps_cpp;rosidl_typesupport_introspection_cpp
[0.518s] -- Found ds4_driver_msgs: 0.0.0 (/home/robot_ws/install/ds4_driver_msgs/share/ds4_driver_msgs/cmake)
[0.530s] -- Found ament_lint_auto: 0.12.11 (/opt/ros/humble/share/ament_lint_auto/cmake)
[0.645s] -- Added test 'copyright' to check source files copyright and LICENSE
[0.646s] -- Added test 'flake8' to check Python code syntax and style conventions
[0.646s] -- Added test 'lint_cmake' to check CMake code style
[0.646s] -- Added test 'pep257' to check Python code against some of the docstring style conventions in PEP 257
[0.647s] -- Added test 'xmllint' to check XML markup files
[0.647s] -- Configuring done
[0.650s] -- Generating done
[0.651s] -- Build files have been written to: /home/robot_ws/build/ds4_driver
[0.657s] Invoked command in '/home/robot_ws/build/ds4_driver' returned '0': AMENT_PREFIX_PATH=/home/robot_ws/install/ds4_driver_msgs:${AMENT_PREFIX_PATH} CMAKE_PREFIX_PATH=/home/robot_ws/install/ds4_driver_msgs:/opt/ros/humble LD_LIBRARY_PATH=/home/robot_ws/install/ds4_driver_msgs/lib:${LD_LIBRARY_PATH} PYTHONPATH=/home/robot_ws/install/ds4_driver_msgs/local/lib/python3.10/dist-packages:${PYTHONPATH} /usr/bin/cmake /home/robot_ws/src/ds4_driver/ds4_driver -DCMAKE_INSTALL_PREFIX=/home/robot_ws/install/ds4_driver
[0.657s] Invoking command in '/home/robot_ws/build/ds4_driver': AMENT_PREFIX_PATH=/home/robot_ws/install/ds4_driver_msgs:${AMENT_PREFIX_PATH} CMAKE_PREFIX_PATH=/home/robot_ws/install/ds4_driver_msgs:/opt/ros/humble LD_LIBRARY_PATH=/home/robot_ws/install/ds4_driver_msgs/lib:${LD_LIBRARY_PATH} PYTHONPATH=/home/robot_ws/install/ds4_driver_msgs/local/lib/python3.10/dist-packages:${PYTHONPATH} /usr/bin/cmake --build /home/robot_ws/build/ds4_driver -- -j16 -l16
[0.699s] Built target ament_cmake_python_copy_ds4_driver
[0.841s] running egg_info
[0.842s] creating ds4_driver.egg-info
[0.842s] writing ds4_driver.egg-info/PKG-INFO
[0.842s] writing dependency_links to ds4_driver.egg-info/dependency_links.txt
[0.842s] writing top-level names to ds4_driver.egg-info/top_level.txt
[0.842s] writing manifest file 'ds4_driver.egg-info/SOURCES.txt'
[0.844s] reading manifest file 'ds4_driver.egg-info/SOURCES.txt'
[0.844s] writing manifest file 'ds4_driver.egg-info/SOURCES.txt'
[0.863s] Built target ament_cmake_python_build_ds4_driver_egg
[0.871s] Invoked command in '/home/robot_ws/build/ds4_driver' returned '0': AMENT_PREFIX_PATH=/home/robot_ws/install/ds4_driver_msgs:${AMENT_PREFIX_PATH} CMAKE_PREFIX_PATH=/home/robot_ws/install/ds4_driver_msgs:/opt/ros/humble LD_LIBRARY_PATH=/home/robot_ws/install/ds4_driver_msgs/lib:${LD_LIBRARY_PATH} PYTHONPATH=/home/robot_ws/install/ds4_driver_msgs/local/lib/python3.10/dist-packages:${PYTHONPATH} /usr/bin/cmake --build /home/robot_ws/build/ds4_driver -- -j16 -l16
[0.888s] Invoking command in '/home/robot_ws/build/ds4_driver': AMENT_PREFIX_PATH=/home/robot_ws/install/ds4_driver_msgs:${AMENT_PREFIX_PATH} CMAKE_PREFIX_PATH=/home/robot_ws/install/ds4_driver_msgs:/opt/ros/humble LD_LIBRARY_PATH=/home/robot_ws/install/ds4_driver_msgs/lib:${LD_LIBRARY_PATH} PYTHONPATH=/home/robot_ws/install/ds4_driver_msgs/local/lib/python3.10/dist-packages:${PYTHONPATH} /usr/bin/cmake --install /home/robot_ws/build/ds4_driver
[0.893s] -- Install configuration: ""
[0.893s] -- Installing: /home/robot_ws/install/ds4_driver/share/ds4_driver/environment/pythonpath.sh
[0.893s] -- Installing: /home/robot_ws/install/ds4_driver/share/ds4_driver/environment/pythonpath.dsv
[0.893s] -- Installing: /home/robot_ws/install/ds4_driver/local/lib/python3.10/dist-packages/ds4_driver-0.2.1-py3.10.egg-info
[0.894s] -- Installing: /home/robot_ws/install/ds4_driver/local/lib/python3.10/dist-packages/ds4_driver-0.2.1-py3.10.egg-info/top_level.txt
[0.894s] -- Installing: /home/robot_ws/install/ds4_driver/local/lib/python3.10/dist-packages/ds4_driver-0.2.1-py3.10.egg-info/SOURCES.txt
[0.894s] -- Installing: /home/robot_ws/install/ds4_driver/local/lib/python3.10/dist-packages/ds4_driver-0.2.1-py3.10.egg-info/PKG-INFO
[0.894s] -- Installing: /home/robot_ws/install/ds4_driver/local/lib/python3.10/dist-packages/ds4_driver-0.2.1-py3.10.egg-info/dependency_links.txt
[0.894s] -- Installing: /home/robot_ws/install/ds4_driver/local/lib/python3.10/dist-packages/ds4_driver
[0.894s] -- Installing: /home/robot_ws/install/ds4_driver/local/lib/python3.10/dist-packages/ds4_driver/__init__.py
[0.894s] -- Installing: /home/robot_ws/install/ds4_driver/local/lib/python3.10/dist-packages/ds4_driver/controller_ros.py
[0.894s] -- Installing: /home/robot_ws/install/ds4_driver/local/lib/python3.10/dist-packages/ds4_driver/logger.py
[0.894s] -- Installing: /home/robot_ws/install/ds4_driver/local/lib/python3.10/dist-packages/ds4_driver/controller.py
[0.920s] Listing '/home/robot_ws/install/ds4_driver/local/lib/python3.10/dist-packages/ds4_driver'...
[0.920s] Compiling '/home/robot_ws/install/ds4_driver/local/lib/python3.10/dist-packages/ds4_driver/__init__.py'...
[0.920s] Compiling '/home/robot_ws/install/ds4_driver/local/lib/python3.10/dist-packages/ds4_driver/controller.py'...
[0.920s] Compiling '/home/robot_ws/install/ds4_driver/local/lib/python3.10/dist-packages/ds4_driver/controller_ros.py'...
[0.920s] Compiling '/home/robot_ws/install/ds4_driver/local/lib/python3.10/dist-packages/ds4_driver/logger.py'...
[0.923s] -- Installing: /home/robot_ws/install/ds4_driver/share/ds4_driver//config
[0.923s] -- Installing: /home/robot_ws/install/ds4_driver/share/ds4_driver//config/twist_6dof.yaml
[0.923s] -- Installing: /home/robot_ws/install/ds4_driver/share/ds4_driver//config/params.yaml
[0.923s] -- Installing: /home/robot_ws/install/ds4_driver/share/ds4_driver//config/twist_2dof.yaml
[0.923s] -- Installing: /home/robot_ws/install/ds4_driver/share/ds4_driver//launch
[0.923s] -- Installing: /home/robot_ws/install/ds4_driver/share/ds4_driver//launch/ds4_driver.launch.xml
[0.923s] -- Installing: /home/robot_ws/install/ds4_driver/share/ds4_driver//launch/demo.launch.xml
[0.923s] -- Installing: /home/robot_ws/install/ds4_driver/share/ds4_driver//launch/ds4_twist.launch.xml
[0.923s] -- Installing: /home/robot_ws/install/ds4_driver/lib/ds4_driver/demo.py
[0.923s] -- Installing: /home/robot_ws/install/ds4_driver/lib/ds4_driver/ds4_driver_node.py
[0.923s] -- Installing: /home/robot_ws/install/ds4_driver/lib/ds4_driver/ds4_twist_node.py
[0.924s] -- Installing: /home/robot_ws/install/ds4_driver/share/ament_index/resource_index/package_run_dependencies/ds4_driver
[0.924s] -- Installing: /home/robot_ws/install/ds4_driver/share/ament_index/resource_index/parent_prefix_path/ds4_driver
[0.924s] -- Installing: /home/robot_ws/install/ds4_driver/share/ds4_driver/environment/ament_prefix_path.sh
[0.924s] -- Installing: /home/robot_ws/install/ds4_driver/share/ds4_driver/environment/ament_prefix_path.dsv
[0.924s] -- Installing: /home/robot_ws/install/ds4_driver/share/ds4_driver/environment/path.sh
[0.924s] -- Installing: /home/robot_ws/install/ds4_driver/share/ds4_driver/environment/path.dsv
[0.924s] -- Installing: /home/robot_ws/install/ds4_driver/share/ds4_driver/local_setup.bash
[0.924s] -- Installing: /home/robot_ws/install/ds4_driver/share/ds4_driver/local_setup.sh
[0.924s] -- Installing: /home/robot_ws/install/ds4_driver/share/ds4_driver/local_setup.zsh
[0.924s] -- Installing: /home/robot_ws/install/ds4_driver/share/ds4_driver/local_setup.dsv
[0.924s] -- Installing: /home/robot_ws/install/ds4_driver/share/ds4_driver/package.dsv
[0.924s] -- Installing: /home/robot_ws/install/ds4_driver/share/ament_index/resource_index/packages/ds4_driver
[0.924s] -- Installing: /home/robot_ws/install/ds4_driver/share/ds4_driver/cmake/ds4_driverConfig.cmake
[0.924s] -- Installing: /home/robot_ws/install/ds4_driver/share/ds4_driver/cmake/ds4_driverConfig-version.cmake
[0.924s] -- Installing: /home/robot_ws/install/ds4_driver/share/ds4_driver/package.xml
[0.926s] Invoked command in '/home/robot_ws/build/ds4_driver' returned '0': AMENT_PREFIX_PATH=/home/robot_ws/install/ds4_driver_msgs:${AMENT_PREFIX_PATH} CMAKE_PREFIX_PATH=/home/robot_ws/install/ds4_driver_msgs:/opt/ros/humble LD_LIBRARY_PATH=/home/robot_ws/install/ds4_driver_msgs/lib:${LD_LIBRARY_PATH} PYTHONPATH=/home/robot_ws/install/ds4_driver_msgs/local/lib/python3.10/dist-packages:${PYTHONPATH} /usr/bin/cmake --install /home/robot_ws/build/ds4_driver
