[0.000000] (-) TimerEvent: {}
[0.000435] (ds4_driver_msgs) JobQueued: {'identifier': 'ds4_driver_msgs', 'dependencies': OrderedDict()}
[0.000550] (robot_core) JobQueued: {'identifier': 'robot_core', 'dependencies': OrderedDict()}
[0.000597] (robot_description) JobQueued: {'identifier': 'robot_description', 'dependencies': OrderedDict()}
[0.000632] (ds4_driver) JobQueued: {'identifier': 'ds4_driver', 'dependencies': OrderedDict([('ds4_driver_msgs', '/home/robot_ws/install/ds4_driver_msgs')])}
[0.000689] (ds4_driver_msgs) JobStarted: {'identifier': 'ds4_driver_msgs'}
[0.004636] (robot_core) JobStarted: {'identifier': 'robot_core'}
[0.006868] (robot_description) JobStarted: {'identifier': 'robot_description'}
[0.010806] (ds4_driver_msgs) JobProgress: {'identifier': 'ds4_driver_msgs', 'progress': 'cmake'}
[0.010916] (ds4_driver_msgs) JobProgress: {'identifier': 'ds4_driver_msgs', 'progress': 'build'}
[0.010955] (ds4_driver_msgs) Command: {'cmd': ['/usr/bin/cmake', '--build', '/home/robot_ws/build/ds4_driver_msgs', '--', '-j16', '-l16'], 'cwd': '/home/robot_ws/build/ds4_driver_msgs', 'env': OrderedDict([('HOSTNAME', 'entity014'), ('SHLVL', '1'), ('LD_LIBRARY_PATH', '/home/robot_ws/install/ds4_driver_msgs/lib:/usr/lib/x86_64-linux-gnu/gazebo-11/plugins:/opt/ros/humble/opt/rviz_ogre_vendor/lib:/opt/ros/humble/lib/x86_64-linux-gnu:/opt/ros/humble/lib'), ('HOME', '/home'), ('ROS_PYTHON_VERSION', '3'), ('COLCON_PREFIX_PATH', '/home/robot_ws/install'), ('ROS_DISTRO', 'humble'), ('_', '/usr/bin/colcon'), ('ROS_VERSION', '2'), ('NVIDIA_DRIVER_CAPABILITIES', 'all'), ('TERM', 'xterm'), ('ROS_LOCALHOST_ONLY', '0'), ('QT_X11_NO_MITSHM', '1'), ('PATH', '/opt/ros/humble/bin:/usr/local/sbin:/usr/local/bin:/usr/sbin:/usr/bin:/sbin:/bin'), ('XDG_RUNTIME_DIR', '/tmp/runtime-root'), ('DISPLAY', ':0'), ('LANG', 'C.UTF-8'), ('RMW_IMPLEMENTATION', 'rmw_cyclonedds_cpp'), ('ROS_DOMAIN_ID', '10'), ('AMENT_PREFIX_PATH', '/home/robot_ws/install/robot_description:/home/robot_ws/install/robot_core:/home/robot_ws/install/ds4_driver:/home/robot_ws/install/ds4_driver_msgs:/opt/ros/humble'), ('NO_AT_BRIDGE', '1'), ('PWD', '/home/robot_ws/build/ds4_driver_msgs'), ('LC_ALL', 'C.UTF-8'), ('PYTHONPATH', '/home/robot_ws/install/robot_description/local/lib/python3.10/dist-packages:/home/robot_ws/install/robot_core/local/lib/python3.10/dist-packages:/home/robot_ws/install/ds4_driver/local/lib/python3.10/dist-packages:/home/robot_ws/install/ds4_driver_msgs/local/lib/python3.10/dist-packages:/opt/ros/humble/lib/python3.10/site-packages:/opt/ros/humble/local/lib/python3.10/dist-packages'), ('COLCON', '1'), ('CMAKE_PREFIX_PATH', '/home/robot_ws/install/robot_description:/home/robot_ws/install/robot_core:/home/robot_ws/install/ds4_driver:/home/robot_ws/install/ds4_driver_msgs:/opt/ros/humble')]), 'shell': False}
[0.013085] (robot_core) JobProgress: {'identifier': 'robot_core', 'progress': 'cmake'}
[0.013154] (robot_core) JobProgress: {'identifier': 'robot_core', 'progress': 'build'}
[0.013217] (robot_core) Command: {'cmd': ['/usr/bin/cmake', '--build', '/home/robot_ws/build/robot_core', '--', '-j16', '-l16'], 'cwd': '/home/robot_ws/build/robot_core', 'env': OrderedDict([('HOSTNAME', 'entity014'), ('SHLVL', '1'), ('LD_LIBRARY_PATH', '/home/robot_ws/install/ds4_driver_msgs/lib:/usr/lib/x86_64-linux-gnu/gazebo-11/plugins:/opt/ros/humble/opt/rviz_ogre_vendor/lib:/opt/ros/humble/lib/x86_64-linux-gnu:/opt/ros/humble/lib'), ('HOME', '/home'), ('ROS_PYTHON_VERSION', '3'), ('COLCON_PREFIX_PATH', '/home/robot_ws/install'), ('ROS_DISTRO', 'humble'), ('_', '/usr/bin/colcon'), ('ROS_VERSION', '2'), ('NVIDIA_DRIVER_CAPABILITIES', 'all'), ('TERM', 'xterm'), ('ROS_LOCALHOST_ONLY', '0'), ('QT_X11_NO_MITSHM', '1'), ('PATH', '/opt/ros/humble/bin:/usr/local/sbin:/usr/local/bin:/usr/sbin:/usr/bin:/sbin:/bin'), ('XDG_RUNTIME_DIR', '/tmp/runtime-root'), ('DISPLAY', ':0'), ('LANG', 'C.UTF-8'), ('RMW_IMPLEMENTATION', 'rmw_cyclonedds_cpp'), ('ROS_DOMAIN_ID', '10'), ('AMENT_PREFIX_PATH', '/home/robot_ws/install/robot_description:/home/robot_ws/install/robot_core:/home/robot_ws/install/ds4_driver:/home/robot_ws/install/ds4_driver_msgs:/opt/ros/humble'), ('NO_AT_BRIDGE', '1'), ('PWD', '/home/robot_ws/build/robot_core'), ('LC_ALL', 'C.UTF-8'), ('PYTHONPATH', '/home/robot_ws/install/robot_description/local/lib/python3.10/dist-packages:/home/robot_ws/install/robot_core/local/lib/python3.10/dist-packages:/home/robot_ws/install/ds4_driver/local/lib/python3.10/dist-packages:/home/robot_ws/install/ds4_driver_msgs/local/lib/python3.10/dist-packages:/opt/ros/humble/lib/python3.10/site-packages:/opt/ros/humble/local/lib/python3.10/dist-packages'), ('COLCON', '1'), ('CMAKE_PREFIX_PATH', '/home/robot_ws/install/robot_description:/home/robot_ws/install/robot_core:/home/robot_ws/install/ds4_driver:/home/robot_ws/install/ds4_driver_msgs:/opt/ros/humble')]), 'shell': False}
[0.014812] (robot_description) JobProgress: {'identifier': 'robot_description', 'progress': 'cmake'}
[0.015104] (robot_description) JobProgress: {'identifier': 'robot_description', 'progress': 'build'}
[0.015339] (robot_description) Command: {'cmd': ['/usr/bin/cmake', '--build', '/home/robot_ws/build/robot_description', '--', '-j16', '-l16'], 'cwd': '/home/robot_ws/build/robot_description', 'env': OrderedDict([('HOSTNAME', 'entity014'), ('SHLVL', '1'), ('LD_LIBRARY_PATH', '/home/robot_ws/install/ds4_driver_msgs/lib:/usr/lib/x86_64-linux-gnu/gazebo-11/plugins:/opt/ros/humble/opt/rviz_ogre_vendor/lib:/opt/ros/humble/lib/x86_64-linux-gnu:/opt/ros/humble/lib'), ('HOME', '/home'), ('ROS_PYTHON_VERSION', '3'), ('COLCON_PREFIX_PATH', '/home/robot_ws/install'), ('ROS_DISTRO', 'humble'), ('_', '/usr/bin/colcon'), ('ROS_VERSION', '2'), ('NVIDIA_DRIVER_CAPABILITIES', 'all'), ('TERM', 'xterm'), ('ROS_LOCALHOST_ONLY', '0'), ('QT_X11_NO_MITSHM', '1'), ('PATH', '/opt/ros/humble/bin:/usr/local/sbin:/usr/local/bin:/usr/sbin:/usr/bin:/sbin:/bin'), ('XDG_RUNTIME_DIR', '/tmp/runtime-root'), ('DISPLAY', ':0'), ('LANG', 'C.UTF-8'), ('RMW_IMPLEMENTATION', 'rmw_cyclonedds_cpp'), ('ROS_DOMAIN_ID', '10'), ('AMENT_PREFIX_PATH', '/home/robot_ws/install/robot_description:/home/robot_ws/install/robot_core:/home/robot_ws/install/ds4_driver:/home/robot_ws/install/ds4_driver_msgs:/opt/ros/humble'), ('NO_AT_BRIDGE', '1'), ('PWD', '/home/robot_ws/build/robot_description'), ('LC_ALL', 'C.UTF-8'), ('PYTHONPATH', '/home/robot_ws/install/robot_description/local/lib/python3.10/dist-packages:/home/robot_ws/install/robot_core/local/lib/python3.10/dist-packages:/home/robot_ws/install/ds4_driver/local/lib/python3.10/dist-packages:/home/robot_ws/install/ds4_driver_msgs/local/lib/python3.10/dist-packages:/opt/ros/humble/lib/python3.10/site-packages:/opt/ros/humble/local/lib/python3.10/dist-packages'), ('COLCON', '1'), ('CMAKE_PREFIX_PATH', '/home/robot_ws/install/robot_description:/home/robot_ws/install/robot_core:/home/robot_ws/install/ds4_driver:/home/robot_ws/install/ds4_driver_msgs:/opt/ros/humble')]), 'shell': False}
[0.057942] (ds4_driver_msgs) StdoutLine: {'line': b'[ 10%] Built target ds4_driver_msgs__rosidl_generator_c\n'}
[0.059266] (robot_core) StdoutLine: {'line': b'Built target ament_cmake_python_copy_src\n'}
[0.059514] (ds4_driver_msgs) StdoutLine: {'line': b'[ 12%] Built target ds4_driver_msgs__cpp\n'}
[0.062989] (robot_description) StdoutLine: {'line': b'Built target ament_cmake_python_copy_src\n'}
[0.065483] (ds4_driver_msgs) StdoutLine: {'line': b'[ 12%] Built target ament_cmake_python_copy_ds4_driver_msgs\n'}
[0.077177] (ds4_driver_msgs) StdoutLine: {'line': b'[ 32%] Built target ds4_driver_msgs__rosidl_typesupport_c\n'}
[0.077432] (ds4_driver_msgs) StdoutLine: {'line': b'[ 34%] Built target ds4_driver_msgs__rosidl_typesupport_introspection_cpp\n'}
[0.078195] (ds4_driver_msgs) StdoutLine: {'line': b'[ 56%] Built target ds4_driver_msgs__rosidl_typesupport_fastrtps_c\n'}
[0.078306] (ds4_driver_msgs) StdoutLine: {'line': b'[ 56%] Built target ds4_driver_msgs__rosidl_typesupport_fastrtps_cpp\n'}
[0.079664] (ds4_driver_msgs) StdoutLine: {'line': b'[ 67%] Built target ds4_driver_msgs__rosidl_typesupport_introspection_c\n'}
[0.084006] (ds4_driver_msgs) StdoutLine: {'line': b'[ 78%] Built target ds4_driver_msgs__rosidl_typesupport_cpp\n'}
[0.099886] (-) TimerEvent: {}
[0.103020] (ds4_driver_msgs) StdoutLine: {'line': b'[ 78%] Built target ds4_driver_msgs\n'}
[0.121250] (ds4_driver_msgs) StdoutLine: {'line': b'[ 80%] Built target ds4_driver_msgs__py\n'}
[0.148349] (ds4_driver_msgs) StdoutLine: {'line': b'[ 89%] Built target ds4_driver_msgs__rosidl_generator_py\n'}
[0.171350] (ds4_driver_msgs) StdoutLine: {'line': b'[100%] Built target ds4_driver_msgs__rosidl_typesupport_c__pyext\n'}
[0.171543] (ds4_driver_msgs) StdoutLine: {'line': b'[100%] Built target ds4_driver_msgs__rosidl_typesupport_introspection_c__pyext\n'}
[0.171632] (ds4_driver_msgs) StdoutLine: {'line': b'[100%] Built target ds4_driver_msgs__rosidl_typesupport_fastrtps_c__pyext\n'}
[0.198576] (robot_core) StdoutLine: {'line': b'running egg_info\n'}
[0.198818] (robot_core) StdoutLine: {'line': b'writing src.egg-info/PKG-INFO\n'}
[0.199094] (robot_core) StdoutLine: {'line': b'writing dependency_links to src.egg-info/dependency_links.txt\n'}
[0.199202] (robot_core) StdoutLine: {'line': b'writing top-level names to src.egg-info/top_level.txt\n'}
[0.199947] (-) TimerEvent: {}
[0.200281] (robot_core) StdoutLine: {'line': b"reading manifest file 'src.egg-info/SOURCES.txt'\n"}
[0.200625] (robot_core) StdoutLine: {'line': b"writing manifest file 'src.egg-info/SOURCES.txt'\n"}
[0.210795] (ds4_driver_msgs) StdoutLine: {'line': b'running egg_info\n'}
[0.211403] (ds4_driver_msgs) StdoutLine: {'line': b'writing ds4_driver_msgs.egg-info/PKG-INFO\n'}
[0.211502] (ds4_driver_msgs) StdoutLine: {'line': b'writing dependency_links to ds4_driver_msgs.egg-info/dependency_links.txt\n'}
[0.211631] (ds4_driver_msgs) StdoutLine: {'line': b'writing top-level names to ds4_driver_msgs.egg-info/top_level.txt\n'}
[0.212905] (ds4_driver_msgs) StdoutLine: {'line': b"reading manifest file 'ds4_driver_msgs.egg-info/SOURCES.txt'\n"}
[0.213302] (ds4_driver_msgs) StdoutLine: {'line': b"writing manifest file 'ds4_driver_msgs.egg-info/SOURCES.txt'\n"}
[0.218821] (robot_description) StdoutLine: {'line': b'running egg_info\n'}
[0.219226] (robot_description) StdoutLine: {'line': b'writing src.egg-info/PKG-INFO\n'}
[0.219527] (robot_description) StdoutLine: {'line': b'writing dependency_links to src.egg-info/dependency_links.txt\n'}
[0.219652] (robot_description) StdoutLine: {'line': b'writing top-level names to src.egg-info/top_level.txt\n'}
[0.220073] (robot_core) StdoutLine: {'line': b'Built target ament_cmake_python_build_src_egg\n'}
[0.220929] (robot_description) StdoutLine: {'line': b"reading manifest file 'src.egg-info/SOURCES.txt'\n"}
[0.221263] (robot_description) StdoutLine: {'line': b"writing manifest file 'src.egg-info/SOURCES.txt'\n"}
[0.230646] (robot_core) CommandEnded: {'returncode': 0}
[0.235056] (ds4_driver_msgs) StdoutLine: {'line': b'[100%] Built target ament_cmake_python_build_ds4_driver_msgs_egg\n'}
[0.245243] (robot_description) StdoutLine: {'line': b'Built target ament_cmake_python_build_src_egg\n'}
[0.245537] (ds4_driver_msgs) CommandEnded: {'returncode': 0}
[0.251867] (robot_core) JobProgress: {'identifier': 'robot_core', 'progress': 'install'}
[0.258622] (robot_core) Command: {'cmd': ['/usr/bin/cmake', '--install', '/home/robot_ws/build/robot_core'], 'cwd': '/home/robot_ws/build/robot_core', 'env': OrderedDict([('HOSTNAME', 'entity014'), ('SHLVL', '1'), ('LD_LIBRARY_PATH', '/home/robot_ws/install/ds4_driver_msgs/lib:/usr/lib/x86_64-linux-gnu/gazebo-11/plugins:/opt/ros/humble/opt/rviz_ogre_vendor/lib:/opt/ros/humble/lib/x86_64-linux-gnu:/opt/ros/humble/lib'), ('HOME', '/home'), ('ROS_PYTHON_VERSION', '3'), ('COLCON_PREFIX_PATH', '/home/robot_ws/install'), ('ROS_DISTRO', 'humble'), ('_', '/usr/bin/colcon'), ('ROS_VERSION', '2'), ('NVIDIA_DRIVER_CAPABILITIES', 'all'), ('TERM', 'xterm'), ('ROS_LOCALHOST_ONLY', '0'), ('QT_X11_NO_MITSHM', '1'), ('PATH', '/opt/ros/humble/bin:/usr/local/sbin:/usr/local/bin:/usr/sbin:/usr/bin:/sbin:/bin'), ('XDG_RUNTIME_DIR', '/tmp/runtime-root'), ('DISPLAY', ':0'), ('LANG', 'C.UTF-8'), ('RMW_IMPLEMENTATION', 'rmw_cyclonedds_cpp'), ('ROS_DOMAIN_ID', '10'), ('AMENT_PREFIX_PATH', '/home/robot_ws/install/robot_description:/home/robot_ws/install/robot_core:/home/robot_ws/install/ds4_driver:/home/robot_ws/install/ds4_driver_msgs:/opt/ros/humble'), ('NO_AT_BRIDGE', '1'), ('PWD', '/home/robot_ws/build/robot_core'), ('LC_ALL', 'C.UTF-8'), ('PYTHONPATH', '/home/robot_ws/install/robot_description/local/lib/python3.10/dist-packages:/home/robot_ws/install/robot_core/local/lib/python3.10/dist-packages:/home/robot_ws/install/ds4_driver/local/lib/python3.10/dist-packages:/home/robot_ws/install/ds4_driver_msgs/local/lib/python3.10/dist-packages:/opt/ros/humble/lib/python3.10/site-packages:/opt/ros/humble/local/lib/python3.10/dist-packages'), ('COLCON', '1'), ('CMAKE_PREFIX_PATH', '/home/robot_ws/install/robot_description:/home/robot_ws/install/robot_core:/home/robot_ws/install/ds4_driver:/home/robot_ws/install/ds4_driver_msgs:/opt/ros/humble')]), 'shell': False}
[0.259675] (robot_description) CommandEnded: {'returncode': 0}
[0.265634] (robot_core) StdoutLine: {'line': b'-- Install configuration: ""\n'}
[0.265842] (robot_core) StdoutLine: {'line': b'-- Up-to-date: /home/robot_ws/install/robot_core/share/robot_core/environment/pythonpath.sh\n'}
[0.265935] (robot_core) StdoutLine: {'line': b'-- Up-to-date: /home/robot_ws/install/robot_core/share/robot_core/environment/pythonpath.dsv\n'}
[0.266089] (robot_core) StdoutLine: {'line': b'-- Up-to-date: /home/robot_ws/install/robot_core/local/lib/python3.10/dist-packages/src-0.0.0-py3.10.egg-info\n'}
[0.266203] (robot_core) StdoutLine: {'line': b'-- Installing: /home/robot_ws/install/robot_core/local/lib/python3.10/dist-packages/src-0.0.0-py3.10.egg-info/top_level.txt\n'}
[0.266283] (robot_core) StdoutLine: {'line': b'-- Installing: /home/robot_ws/install/robot_core/local/lib/python3.10/dist-packages/src-0.0.0-py3.10.egg-info/SOURCES.txt\n'}
[0.266393] (robot_core) StdoutLine: {'line': b'-- Installing: /home/robot_ws/install/robot_core/local/lib/python3.10/dist-packages/src-0.0.0-py3.10.egg-info/PKG-INFO\n'}
[0.266496] (robot_core) StdoutLine: {'line': b'-- Installing: /home/robot_ws/install/robot_core/local/lib/python3.10/dist-packages/src-0.0.0-py3.10.egg-info/dependency_links.txt\n'}
[0.266724] (robot_core) StdoutLine: {'line': b'-- Up-to-date: /home/robot_ws/install/robot_core/local/lib/python3.10/dist-packages/src\n'}
[0.266797] (robot_core) StdoutLine: {'line': b'-- Up-to-date: /home/robot_ws/install/robot_core/local/lib/python3.10/dist-packages/src/__init__.py\n'}
[0.266866] (robot_core) StdoutLine: {'line': b'-- Up-to-date: /home/robot_ws/install/robot_core/local/lib/python3.10/dist-packages/src/joy.py\n'}
[0.277153] (robot_description) JobProgress: {'identifier': 'robot_description', 'progress': 'install'}
[0.277486] (robot_description) Command: {'cmd': ['/usr/bin/cmake', '--install', '/home/robot_ws/build/robot_description'], 'cwd': '/home/robot_ws/build/robot_description', 'env': OrderedDict([('HOSTNAME', 'entity014'), ('SHLVL', '1'), ('LD_LIBRARY_PATH', '/home/robot_ws/install/ds4_driver_msgs/lib:/usr/lib/x86_64-linux-gnu/gazebo-11/plugins:/opt/ros/humble/opt/rviz_ogre_vendor/lib:/opt/ros/humble/lib/x86_64-linux-gnu:/opt/ros/humble/lib'), ('HOME', '/home'), ('ROS_PYTHON_VERSION', '3'), ('COLCON_PREFIX_PATH', '/home/robot_ws/install'), ('ROS_DISTRO', 'humble'), ('_', '/usr/bin/colcon'), ('ROS_VERSION', '2'), ('NVIDIA_DRIVER_CAPABILITIES', 'all'), ('TERM', 'xterm'), ('ROS_LOCALHOST_ONLY', '0'), ('QT_X11_NO_MITSHM', '1'), ('PATH', '/opt/ros/humble/bin:/usr/local/sbin:/usr/local/bin:/usr/sbin:/usr/bin:/sbin:/bin'), ('XDG_RUNTIME_DIR', '/tmp/runtime-root'), ('DISPLAY', ':0'), ('LANG', 'C.UTF-8'), ('RMW_IMPLEMENTATION', 'rmw_cyclonedds_cpp'), ('ROS_DOMAIN_ID', '10'), ('AMENT_PREFIX_PATH', '/home/robot_ws/install/robot_description:/home/robot_ws/install/robot_core:/home/robot_ws/install/ds4_driver:/home/robot_ws/install/ds4_driver_msgs:/opt/ros/humble'), ('NO_AT_BRIDGE', '1'), ('PWD', '/home/robot_ws/build/robot_description'), ('LC_ALL', 'C.UTF-8'), ('PYTHONPATH', '/home/robot_ws/install/robot_description/local/lib/python3.10/dist-packages:/home/robot_ws/install/robot_core/local/lib/python3.10/dist-packages:/home/robot_ws/install/ds4_driver/local/lib/python3.10/dist-packages:/home/robot_ws/install/ds4_driver_msgs/local/lib/python3.10/dist-packages:/opt/ros/humble/lib/python3.10/site-packages:/opt/ros/humble/local/lib/python3.10/dist-packages'), ('COLCON', '1'), ('CMAKE_PREFIX_PATH', '/home/robot_ws/install/robot_description:/home/robot_ws/install/robot_core:/home/robot_ws/install/ds4_driver:/home/robot_ws/install/ds4_driver_msgs:/opt/ros/humble')]), 'shell': False}
[0.283245] (robot_description) StdoutLine: {'line': b'-- Install configuration: ""\n'}
[0.284267] (robot_description) StdoutLine: {'line': b'-- Up-to-date: /home/robot_ws/install/robot_description/share/robot_description/environment/pythonpath.sh\n'}
[0.284365] (robot_description) StdoutLine: {'line': b'-- Up-to-date: /home/robot_ws/install/robot_description/share/robot_description/environment/pythonpath.dsv\n'}
[0.284438] (robot_description) StdoutLine: {'line': b'-- Up-to-date: /home/robot_ws/install/robot_description/local/lib/python3.10/dist-packages/src-0.0.0-py3.10.egg-info\n'}
[0.284518] (robot_description) StdoutLine: {'line': b'-- Installing: /home/robot_ws/install/robot_description/local/lib/python3.10/dist-packages/src-0.0.0-py3.10.egg-info/top_level.txt\n'}
[0.284588] (robot_description) StdoutLine: {'line': b'-- Installing: /home/robot_ws/install/robot_description/local/lib/python3.10/dist-packages/src-0.0.0-py3.10.egg-info/SOURCES.txt\n'}
[0.284658] (robot_description) StdoutLine: {'line': b'-- Installing: /home/robot_ws/install/robot_description/local/lib/python3.10/dist-packages/src-0.0.0-py3.10.egg-info/PKG-INFO\n'}
[0.284841] (robot_description) StdoutLine: {'line': b'-- Installing: /home/robot_ws/install/robot_description/local/lib/python3.10/dist-packages/src-0.0.0-py3.10.egg-info/dependency_links.txt\n'}
[0.284937] (robot_description) StdoutLine: {'line': b'-- Up-to-date: /home/robot_ws/install/robot_description/local/lib/python3.10/dist-packages/src\n'}
[0.285022] (robot_description) StdoutLine: {'line': b'-- Up-to-date: /home/robot_ws/install/robot_description/local/lib/python3.10/dist-packages/src/__init__.py\n'}
[0.290654] (robot_core) StdoutLine: {'line': b"Listing '/home/robot_ws/install/robot_core/local/lib/python3.10/dist-packages/src'...\n"}
[0.293415] (robot_core) StdoutLine: {'line': b'-- Up-to-date: /home/robot_ws/install/robot_core/share/robot_core/src\n'}
[0.293624] (robot_core) StdoutLine: {'line': b'-- Up-to-date: /home/robot_ws/install/robot_core/share/robot_core/src/__init__.py\n'}
[0.293893] (robot_core) StdoutLine: {'line': b'-- Up-to-date: /home/robot_ws/install/robot_core/share/robot_core/src/joy.py\n'}
[0.294053] (robot_core) StdoutLine: {'line': b'-- Up-to-date: /home/robot_ws/install/robot_core/share/robot_core/launch\n'}
[0.294131] (robot_core) StdoutLine: {'line': b'-- Up-to-date: /home/robot_ws/install/robot_core/share/robot_core/launch/joy.launch.py\n'}
[0.294208] (robot_core) StdoutLine: {'line': b'-- Up-to-date: /home/robot_ws/install/robot_core/share/robot_core/config\n'}
[0.294284] (robot_core) StdoutLine: {'line': b'-- Up-to-date: /home/robot_ws/install/robot_core/share/robot_core/config/joystick.yaml\n'}
[0.294356] (robot_core) StdoutLine: {'line': b'-- Up-to-date: /home/robot_ws/install/robot_core/lib/robot_core/joy.py\n'}
[0.294519] (robot_core) StdoutLine: {'line': b'-- Up-to-date: /home/robot_ws/install/robot_core/lib/robot_core/robot_core\n'}
[0.294594] (robot_core) StdoutLine: {'line': b'-- Up-to-date: /home/robot_ws/install/robot_core/lib/robot_core/robot_core/ps4 copy.py\n'}
[0.294661] (robot_core) StdoutLine: {'line': b'-- Up-to-date: /home/robot_ws/install/robot_core/lib/robot_core/robot_core/__init__.py\n'}
[0.294727] (robot_core) StdoutLine: {'line': b'-- Installing: /home/robot_ws/install/robot_core/lib/robot_core/robot_core/ps4.py\n'}
[0.294794] (robot_core) StdoutLine: {'line': b'-- Up-to-date: /home/robot_ws/install/robot_core/share/ament_index/resource_index/package_run_dependencies/robot_core\n'}
[0.294860] (robot_core) StdoutLine: {'line': b'-- Up-to-date: /home/robot_ws/install/robot_core/share/ament_index/resource_index/parent_prefix_path/robot_core\n'}
[0.295076] (robot_core) StdoutLine: {'line': b'-- Up-to-date: /home/robot_ws/install/robot_core/share/robot_core/environment/ament_prefix_path.sh\n'}
[0.295266] (robot_core) StdoutLine: {'line': b'-- Up-to-date: /home/robot_ws/install/robot_core/share/robot_core/environment/ament_prefix_path.dsv\n'}
[0.295959] (robot_core) StdoutLine: {'line': b'-- Up-to-date: /home/robot_ws/install/robot_core/share/robot_core/environment/path.sh\n'}
[0.296211] (robot_core) StdoutLine: {'line': b'-- Up-to-date: /home/robot_ws/install/robot_core/share/robot_core/environment/path.dsv\n'}
[0.296346] (robot_core) StdoutLine: {'line': b'-- Up-to-date: /home/robot_ws/install/robot_core/share/robot_core/local_setup.bash\n'}
[0.296530] (robot_core) StdoutLine: {'line': b'-- Up-to-date: /home/robot_ws/install/robot_core/share/robot_core/local_setup.sh\n'}
[0.296708] (robot_core) StdoutLine: {'line': b'-- Up-to-date: /home/robot_ws/install/robot_core/share/robot_core/local_setup.zsh\n'}
[0.296791] (robot_core) StdoutLine: {'line': b'-- Up-to-date: /home/robot_ws/install/robot_core/share/robot_core/local_setup.dsv\n'}
[0.296872] (robot_core) StdoutLine: {'line': b'-- Installing: /home/robot_ws/install/robot_core/share/robot_core/package.dsv\n'}
[0.296949] (robot_core) StdoutLine: {'line': b'-- Up-to-date: /home/robot_ws/install/robot_core/share/ament_index/resource_index/packages/robot_core\n'}
[0.297052] (robot_core) StdoutLine: {'line': b'-- Up-to-date: /home/robot_ws/install/robot_core/share/robot_core/cmake/robot_coreConfig.cmake\n'}
[0.297165] (robot_core) StdoutLine: {'line': b'-- Up-to-date: /home/robot_ws/install/robot_core/share/robot_core/cmake/robot_coreConfig-version.cmake\n'}
[0.297310] (robot_core) StdoutLine: {'line': b'-- Up-to-date: /home/robot_ws/install/robot_core/share/robot_core/package.xml\n'}
[0.297399] (robot_core) CommandEnded: {'returncode': 0}
[0.300145] (-) TimerEvent: {}
[0.304370] (robot_description) StdoutLine: {'line': b"Listing '/home/robot_ws/install/robot_description/local/lib/python3.10/dist-packages/src'...\n"}
[0.307325] (robot_description) StdoutLine: {'line': b'-- Up-to-date: /home/robot_ws/install/robot_description/share/robot_description/config\n'}
[0.307594] (robot_description) StdoutLine: {'line': b'-- Up-to-date: /home/robot_ws/install/robot_description/share/robot_description/launch\n'}
[0.307784] (robot_description) StdoutLine: {'line': b'-- Up-to-date: /home/robot_ws/install/robot_description/share/robot_description/src\n'}
[0.307873] (robot_description) StdoutLine: {'line': b'-- Up-to-date: /home/robot_ws/install/robot_description/share/robot_description/src/__init__.py\n'}
[0.307952] (robot_description) StdoutLine: {'line': b'-- Up-to-date: /home/robot_ws/install/robot_description/share/robot_description/urdf\n'}
[0.308028] (robot_description) StdoutLine: {'line': b'-- Up-to-date: /home/robot_ws/install/robot_description/share/robot_description/worlds\n'}
[0.308101] (robot_description) StdoutLine: {'line': b'-- Up-to-date: /home/robot_ws/install/robot_description/share/ament_index/resource_index/package_run_dependencies/robot_description\n'}
[0.308174] (robot_description) StdoutLine: {'line': b'-- Up-to-date: /home/robot_ws/install/robot_description/share/ament_index/resource_index/parent_prefix_path/robot_description\n'}
[0.308246] (robot_description) StdoutLine: {'line': b'-- Up-to-date: /home/robot_ws/install/robot_description/share/robot_description/environment/ament_prefix_path.sh\n'}
[0.308351] (robot_description) StdoutLine: {'line': b'-- Up-to-date: /home/robot_ws/install/robot_description/share/robot_description/environment/ament_prefix_path.dsv\n'}
[0.308427] (robot_description) StdoutLine: {'line': b'-- Up-to-date: /home/robot_ws/install/robot_description/share/robot_description/environment/path.sh\n'}
[0.308512] (robot_description) StdoutLine: {'line': b'-- Up-to-date: /home/robot_ws/install/robot_description/share/robot_description/environment/path.dsv\n'}
[0.308660] (robot_description) StdoutLine: {'line': b'-- Up-to-date: /home/robot_ws/install/robot_description/share/robot_description/local_setup.bash\n'}
[0.308964] (robot_description) StdoutLine: {'line': b'-- Up-to-date: /home/robot_ws/install/robot_description/share/robot_description/local_setup.sh\n'}
[0.309493] (robot_description) StdoutLine: {'line': b'-- Up-to-date: /home/robot_ws/install/robot_description/share/robot_description/local_setup.zsh\n'}
[0.309609] (robot_description) StdoutLine: {'line': b'-- Up-to-date: /home/robot_ws/install/robot_description/share/robot_description/local_setup.dsv\n'}
[0.309705] (robot_description) StdoutLine: {'line': b'-- Installing: /home/robot_ws/install/robot_description/share/robot_description/package.dsv\n'}
[0.309883] (robot_description) StdoutLine: {'line': b'-- Up-to-date: /home/robot_ws/install/robot_description/share/ament_index/resource_index/packages/robot_description\n'}
[0.310142] (robot_description) StdoutLine: {'line': b'-- Up-to-date: /home/robot_ws/install/robot_description/share/robot_description/cmake/robot_descriptionConfig.cmake\n'}
[0.310221] (robot_description) StdoutLine: {'line': b'-- Up-to-date: /home/robot_ws/install/robot_description/share/robot_description/cmake/robot_descriptionConfig-version.cmake\n'}
[0.310319] (robot_description) StdoutLine: {'line': b'-- Up-to-date: /home/robot_ws/install/robot_description/share/robot_description/package.xml\n'}
[0.310596] (robot_description) CommandEnded: {'returncode': 0}
[0.329128] (robot_core) JobEnded: {'identifier': 'robot_core', 'rc': 0}
[0.336967] (robot_description) JobEnded: {'identifier': 'robot_description', 'rc': 0}
[0.341572] (ds4_driver_msgs) JobProgress: {'identifier': 'ds4_driver_msgs', 'progress': 'install'}
[0.341865] (ds4_driver_msgs) Command: {'cmd': ['/usr/bin/cmake', '--install', '/home/robot_ws/build/ds4_driver_msgs'], 'cwd': '/home/robot_ws/build/ds4_driver_msgs', 'env': OrderedDict([('HOSTNAME', 'entity014'), ('SHLVL', '1'), ('LD_LIBRARY_PATH', '/home/robot_ws/install/ds4_driver_msgs/lib:/usr/lib/x86_64-linux-gnu/gazebo-11/plugins:/opt/ros/humble/opt/rviz_ogre_vendor/lib:/opt/ros/humble/lib/x86_64-linux-gnu:/opt/ros/humble/lib'), ('HOME', '/home'), ('ROS_PYTHON_VERSION', '3'), ('COLCON_PREFIX_PATH', '/home/robot_ws/install'), ('ROS_DISTRO', 'humble'), ('_', '/usr/bin/colcon'), ('ROS_VERSION', '2'), ('NVIDIA_DRIVER_CAPABILITIES', 'all'), ('TERM', 'xterm'), ('ROS_LOCALHOST_ONLY', '0'), ('QT_X11_NO_MITSHM', '1'), ('PATH', '/opt/ros/humble/bin:/usr/local/sbin:/usr/local/bin:/usr/sbin:/usr/bin:/sbin:/bin'), ('XDG_RUNTIME_DIR', '/tmp/runtime-root'), ('DISPLAY', ':0'), ('LANG', 'C.UTF-8'), ('RMW_IMPLEMENTATION', 'rmw_cyclonedds_cpp'), ('ROS_DOMAIN_ID', '10'), ('AMENT_PREFIX_PATH', '/home/robot_ws/install/robot_description:/home/robot_ws/install/robot_core:/home/robot_ws/install/ds4_driver:/home/robot_ws/install/ds4_driver_msgs:/opt/ros/humble'), ('NO_AT_BRIDGE', '1'), ('PWD', '/home/robot_ws/build/ds4_driver_msgs'), ('LC_ALL', 'C.UTF-8'), ('PYTHONPATH', '/home/robot_ws/install/robot_description/local/lib/python3.10/dist-packages:/home/robot_ws/install/robot_core/local/lib/python3.10/dist-packages:/home/robot_ws/install/ds4_driver/local/lib/python3.10/dist-packages:/home/robot_ws/install/ds4_driver_msgs/local/lib/python3.10/dist-packages:/opt/ros/humble/lib/python3.10/site-packages:/opt/ros/humble/local/lib/python3.10/dist-packages'), ('COLCON', '1'), ('CMAKE_PREFIX_PATH', '/home/robot_ws/install/robot_description:/home/robot_ws/install/robot_core:/home/robot_ws/install/ds4_driver:/home/robot_ws/install/ds4_driver_msgs:/opt/ros/humble')]), 'shell': False}
[0.347645] (ds4_driver_msgs) StdoutLine: {'line': b'-- Install configuration: ""\n'}
[0.347944] (ds4_driver_msgs) StdoutLine: {'line': b'-- Up-to-date: /home/robot_ws/install/ds4_driver_msgs/share/ament_index/resource_index/rosidl_interfaces/ds4_driver_msgs\n'}
[0.348046] (ds4_driver_msgs) StdoutLine: {'line': b'-- Up-to-date: /home/robot_ws/install/ds4_driver_msgs/include/ds4_driver_msgs/ds4_driver_msgs\n'}
[0.348153] (ds4_driver_msgs) StdoutLine: {'line': b'-- Up-to-date: /home/robot_ws/install/ds4_driver_msgs/include/ds4_driver_msgs/ds4_driver_msgs/msg\n'}
[0.348273] (ds4_driver_msgs) StdoutLine: {'line': b'-- Up-to-date: /home/robot_ws/install/ds4_driver_msgs/include/ds4_driver_msgs/ds4_driver_msgs/msg/feedback.h\n'}
[0.348366] (ds4_driver_msgs) StdoutLine: {'line': b'-- Up-to-date: /home/robot_ws/install/ds4_driver_msgs/include/ds4_driver_msgs/ds4_driver_msgs/msg/detail\n'}
[0.348483] (ds4_driver_msgs) StdoutLine: {'line': b'-- Up-to-date: /home/robot_ws/install/ds4_driver_msgs/include/ds4_driver_msgs/ds4_driver_msgs/msg/detail/feedback__type_support.h\n'}
[0.348608] (ds4_driver_msgs) StdoutLine: {'line': b'-- Up-to-date: /home/robot_ws/install/ds4_driver_msgs/include/ds4_driver_msgs/ds4_driver_msgs/msg/detail/trackpad__type_support.h\n'}
[0.348707] (ds4_driver_msgs) StdoutLine: {'line': b'-- Up-to-date: /home/robot_ws/install/ds4_driver_msgs/include/ds4_driver_msgs/ds4_driver_msgs/msg/detail/report__struct.h\n'}
[0.348788] (ds4_driver_msgs) StdoutLine: {'line': b'-- Up-to-date: /home/robot_ws/install/ds4_driver_msgs/include/ds4_driver_msgs/ds4_driver_msgs/msg/detail/status__functions.c\n'}
[0.348903] (ds4_driver_msgs) StdoutLine: {'line': b'-- Up-to-date: /home/robot_ws/install/ds4_driver_msgs/include/ds4_driver_msgs/ds4_driver_msgs/msg/detail/report__type_support.h\n'}
[0.348996] (ds4_driver_msgs) StdoutLine: {'line': b'-- Up-to-date: /home/robot_ws/install/ds4_driver_msgs/include/ds4_driver_msgs/ds4_driver_msgs/msg/detail/report__functions.h\n'}
[0.349065] (ds4_driver_msgs) StdoutLine: {'line': b'-- Up-to-date: /home/robot_ws/install/ds4_driver_msgs/include/ds4_driver_msgs/ds4_driver_msgs/msg/detail/status__type_support.h\n'}
[0.349143] (ds4_driver_msgs) StdoutLine: {'line': b'-- Up-to-date: /home/robot_ws/install/ds4_driver_msgs/include/ds4_driver_msgs/ds4_driver_msgs/msg/detail/trackpad__struct.h\n'}
[0.349250] (ds4_driver_msgs) StdoutLine: {'line': b'-- Up-to-date: /home/robot_ws/install/ds4_driver_msgs/include/ds4_driver_msgs/ds4_driver_msgs/msg/detail/report__functions.c\n'}
[0.349342] (ds4_driver_msgs) StdoutLine: {'line': b'-- Up-to-date: /home/robot_ws/install/ds4_driver_msgs/include/ds4_driver_msgs/ds4_driver_msgs/msg/detail/feedback__functions.h\n'}
[0.349410] (ds4_driver_msgs) StdoutLine: {'line': b'-- Up-to-date: /home/robot_ws/install/ds4_driver_msgs/include/ds4_driver_msgs/ds4_driver_msgs/msg/detail/trackpad__functions.h\n'}
[0.349513] (ds4_driver_msgs) StdoutLine: {'line': b'-- Up-to-date: /home/robot_ws/install/ds4_driver_msgs/include/ds4_driver_msgs/ds4_driver_msgs/msg/detail/feedback__struct.h\n'}
[0.349604] (ds4_driver_msgs) StdoutLine: {'line': b'-- Up-to-date: /home/robot_ws/install/ds4_driver_msgs/include/ds4_driver_msgs/ds4_driver_msgs/msg/detail/status__struct.h\n'}
[0.349680] (ds4_driver_msgs) StdoutLine: {'line': b'-- Up-to-date: /home/robot_ws/install/ds4_driver_msgs/include/ds4_driver_msgs/ds4_driver_msgs/msg/detail/status__functions.h\n'}
[0.349770] (ds4_driver_msgs) StdoutLine: {'line': b'-- Up-to-date: /home/robot_ws/install/ds4_driver_msgs/include/ds4_driver_msgs/ds4_driver_msgs/msg/detail/trackpad__functions.c\n'}
[0.349869] (ds4_driver_msgs) StdoutLine: {'line': b'-- Up-to-date: /home/robot_ws/install/ds4_driver_msgs/include/ds4_driver_msgs/ds4_driver_msgs/msg/detail/feedback__functions.c\n'}
[0.349994] (ds4_driver_msgs) StdoutLine: {'line': b'-- Up-to-date: /home/robot_ws/install/ds4_driver_msgs/include/ds4_driver_msgs/ds4_driver_msgs/msg/status.h\n'}
[0.350062] (ds4_driver_msgs) StdoutLine: {'line': b'-- Up-to-date: /home/robot_ws/install/ds4_driver_msgs/include/ds4_driver_msgs/ds4_driver_msgs/msg/trackpad.h\n'}
[0.350128] (ds4_driver_msgs) StdoutLine: {'line': b'-- Up-to-date: /home/robot_ws/install/ds4_driver_msgs/include/ds4_driver_msgs/ds4_driver_msgs/msg/report.h\n'}
[0.350204] (ds4_driver_msgs) StdoutLine: {'line': b'-- Up-to-date: /home/robot_ws/install/ds4_driver_msgs/include/ds4_driver_msgs/ds4_driver_msgs/msg/rosidl_generator_c__visibility_control.h\n'}
[0.350267] (ds4_driver_msgs) StdoutLine: {'line': b'-- Up-to-date: /home/robot_ws/install/ds4_driver_msgs/share/ds4_driver_msgs/environment/library_path.sh\n'}
[0.350335] (ds4_driver_msgs) StdoutLine: {'line': b'-- Up-to-date: /home/robot_ws/install/ds4_driver_msgs/share/ds4_driver_msgs/environment/library_path.dsv\n'}
[0.350398] (ds4_driver_msgs) StdoutLine: {'line': b'-- Up-to-date: /home/robot_ws/install/ds4_driver_msgs/lib/libds4_driver_msgs__rosidl_generator_c.so\n'}
[0.350470] (ds4_driver_msgs) StdoutLine: {'line': b'-- Up-to-date: /home/robot_ws/install/ds4_driver_msgs/include/ds4_driver_msgs/ds4_driver_msgs\n'}
[0.350538] (ds4_driver_msgs) StdoutLine: {'line': b'-- Up-to-date: /home/robot_ws/install/ds4_driver_msgs/include/ds4_driver_msgs/ds4_driver_msgs/msg\n'}
[0.350600] (ds4_driver_msgs) StdoutLine: {'line': b'-- Up-to-date: /home/robot_ws/install/ds4_driver_msgs/include/ds4_driver_msgs/ds4_driver_msgs/msg/detail\n'}
[0.350661] (ds4_driver_msgs) StdoutLine: {'line': b'-- Up-to-date: /home/robot_ws/install/ds4_driver_msgs/include/ds4_driver_msgs/ds4_driver_msgs/msg/detail/feedback__rosidl_typesupport_fastrtps_c.h\n'}
[0.350724] (ds4_driver_msgs) StdoutLine: {'line': b'-- Up-to-date: /home/robot_ws/install/ds4_driver_msgs/include/ds4_driver_msgs/ds4_driver_msgs/msg/detail/report__rosidl_typesupport_fastrtps_c.h\n'}
[0.350796] (ds4_driver_msgs) StdoutLine: {'line': b'-- Up-to-date: /home/robot_ws/install/ds4_driver_msgs/include/ds4_driver_msgs/ds4_driver_msgs/msg/detail/status__rosidl_typesupport_fastrtps_c.h\n'}
[0.350861] (ds4_driver_msgs) StdoutLine: {'line': b'-- Up-to-date: /home/robot_ws/install/ds4_driver_msgs/include/ds4_driver_msgs/ds4_driver_msgs/msg/detail/trackpad__rosidl_typesupport_fastrtps_c.h\n'}
[0.350923] (ds4_driver_msgs) StdoutLine: {'line': b'-- Up-to-date: /home/robot_ws/install/ds4_driver_msgs/include/ds4_driver_msgs/ds4_driver_msgs/msg/rosidl_typesupport_fastrtps_c__visibility_control.h\n'}
[0.350985] (ds4_driver_msgs) StdoutLine: {'line': b'-- Up-to-date: /home/robot_ws/install/ds4_driver_msgs/lib/libds4_driver_msgs__rosidl_typesupport_fastrtps_c.so\n'}
[0.351046] (ds4_driver_msgs) StdoutLine: {'line': b'-- Up-to-date: /home/robot_ws/install/ds4_driver_msgs/include/ds4_driver_msgs/ds4_driver_msgs\n'}
[0.351107] (ds4_driver_msgs) StdoutLine: {'line': b'-- Up-to-date: /home/robot_ws/install/ds4_driver_msgs/include/ds4_driver_msgs/ds4_driver_msgs/msg\n'}
[0.351168] (ds4_driver_msgs) StdoutLine: {'line': b'-- Up-to-date: /home/robot_ws/install/ds4_driver_msgs/include/ds4_driver_msgs/ds4_driver_msgs/msg/detail\n'}
[0.351231] (ds4_driver_msgs) StdoutLine: {'line': b'-- Up-to-date: /home/robot_ws/install/ds4_driver_msgs/include/ds4_driver_msgs/ds4_driver_msgs/msg/detail/status__builder.hpp\n'}
[0.351295] (ds4_driver_msgs) StdoutLine: {'line': b'-- Up-to-date: /home/robot_ws/install/ds4_driver_msgs/include/ds4_driver_msgs/ds4_driver_msgs/msg/detail/status__traits.hpp\n'}
[0.351357] (ds4_driver_msgs) StdoutLine: {'line': b'-- Up-to-date: /home/robot_ws/install/ds4_driver_msgs/include/ds4_driver_msgs/ds4_driver_msgs/msg/detail/feedback__traits.hpp\n'}
[0.351419] (ds4_driver_msgs) StdoutLine: {'line': b'-- Up-to-date: /home/robot_ws/install/ds4_driver_msgs/include/ds4_driver_msgs/ds4_driver_msgs/msg/detail/status__struct.hpp\n'}
[0.351496] (ds4_driver_msgs) StdoutLine: {'line': b'-- Up-to-date: /home/robot_ws/install/ds4_driver_msgs/include/ds4_driver_msgs/ds4_driver_msgs/msg/detail/report__struct.hpp\n'}
[0.351559] (ds4_driver_msgs) StdoutLine: {'line': b'-- Up-to-date: /home/robot_ws/install/ds4_driver_msgs/include/ds4_driver_msgs/ds4_driver_msgs/msg/detail/feedback__builder.hpp\n'}
[0.351621] (ds4_driver_msgs) StdoutLine: {'line': b'-- Up-to-date: /home/robot_ws/install/ds4_driver_msgs/include/ds4_driver_msgs/ds4_driver_msgs/msg/detail/report__builder.hpp\n'}
[0.351682] (ds4_driver_msgs) StdoutLine: {'line': b'-- Up-to-date: /home/robot_ws/install/ds4_driver_msgs/include/ds4_driver_msgs/ds4_driver_msgs/msg/detail/report__traits.hpp\n'}
[0.351750] (ds4_driver_msgs) StdoutLine: {'line': b'-- Up-to-date: /home/robot_ws/install/ds4_driver_msgs/include/ds4_driver_msgs/ds4_driver_msgs/msg/detail/trackpad__struct.hpp\n'}
[0.351819] (ds4_driver_msgs) StdoutLine: {'line': b'-- Up-to-date: /home/robot_ws/install/ds4_driver_msgs/include/ds4_driver_msgs/ds4_driver_msgs/msg/detail/trackpad__builder.hpp\n'}
[0.351881] (ds4_driver_msgs) StdoutLine: {'line': b'-- Up-to-date: /home/robot_ws/install/ds4_driver_msgs/include/ds4_driver_msgs/ds4_driver_msgs/msg/detail/feedback__struct.hpp\n'}
[0.351943] (ds4_driver_msgs) StdoutLine: {'line': b'-- Up-to-date: /home/robot_ws/install/ds4_driver_msgs/include/ds4_driver_msgs/ds4_driver_msgs/msg/detail/trackpad__traits.hpp\n'}
[0.352004] (ds4_driver_msgs) StdoutLine: {'line': b'-- Up-to-date: /home/robot_ws/install/ds4_driver_msgs/include/ds4_driver_msgs/ds4_driver_msgs/msg/status.hpp\n'}
[0.352066] (ds4_driver_msgs) StdoutLine: {'line': b'-- Up-to-date: /home/robot_ws/install/ds4_driver_msgs/include/ds4_driver_msgs/ds4_driver_msgs/msg/trackpad.hpp\n'}
[0.352127] (ds4_driver_msgs) StdoutLine: {'line': b'-- Up-to-date: /home/robot_ws/install/ds4_driver_msgs/include/ds4_driver_msgs/ds4_driver_msgs/msg/report.hpp\n'}
[0.352189] (ds4_driver_msgs) StdoutLine: {'line': b'-- Up-to-date: /home/robot_ws/install/ds4_driver_msgs/include/ds4_driver_msgs/ds4_driver_msgs/msg/feedback.hpp\n'}
[0.352250] (ds4_driver_msgs) StdoutLine: {'line': b'-- Up-to-date: /home/robot_ws/install/ds4_driver_msgs/include/ds4_driver_msgs/ds4_driver_msgs\n'}
[0.352311] (ds4_driver_msgs) StdoutLine: {'line': b'-- Up-to-date: /home/robot_ws/install/ds4_driver_msgs/include/ds4_driver_msgs/ds4_driver_msgs/msg\n'}
[0.352381] (ds4_driver_msgs) StdoutLine: {'line': b'-- Up-to-date: /home/robot_ws/install/ds4_driver_msgs/include/ds4_driver_msgs/ds4_driver_msgs/msg/detail\n'}
[0.352448] (ds4_driver_msgs) StdoutLine: {'line': b'-- Up-to-date: /home/robot_ws/install/ds4_driver_msgs/include/ds4_driver_msgs/ds4_driver_msgs/msg/detail/trackpad__rosidl_typesupport_fastrtps_cpp.hpp\n'}
[0.352525] (ds4_driver_msgs) StdoutLine: {'line': b'-- Up-to-date: /home/robot_ws/install/ds4_driver_msgs/include/ds4_driver_msgs/ds4_driver_msgs/msg/detail/feedback__rosidl_typesupport_fastrtps_cpp.hpp\n'}
[0.352594] (ds4_driver_msgs) StdoutLine: {'line': b'-- Up-to-date: /home/robot_ws/install/ds4_driver_msgs/include/ds4_driver_msgs/ds4_driver_msgs/msg/detail/dds_fastrtps\n'}
[0.352656] (ds4_driver_msgs) StdoutLine: {'line': b'-- Up-to-date: /home/robot_ws/install/ds4_driver_msgs/include/ds4_driver_msgs/ds4_driver_msgs/msg/detail/report__rosidl_typesupport_fastrtps_cpp.hpp\n'}
[0.352718] (ds4_driver_msgs) StdoutLine: {'line': b'-- Up-to-date: /home/robot_ws/install/ds4_driver_msgs/include/ds4_driver_msgs/ds4_driver_msgs/msg/detail/status__rosidl_typesupport_fastrtps_cpp.hpp\n'}
[0.352780] (ds4_driver_msgs) StdoutLine: {'line': b'-- Up-to-date: /home/robot_ws/install/ds4_driver_msgs/include/ds4_driver_msgs/ds4_driver_msgs/msg/rosidl_typesupport_fastrtps_cpp__visibility_control.h\n'}
[0.352843] (ds4_driver_msgs) StdoutLine: {'line': b'-- Up-to-date: /home/robot_ws/install/ds4_driver_msgs/lib/libds4_driver_msgs__rosidl_typesupport_fastrtps_cpp.so\n'}
[0.352906] (ds4_driver_msgs) StdoutLine: {'line': b'-- Up-to-date: /home/robot_ws/install/ds4_driver_msgs/include/ds4_driver_msgs/ds4_driver_msgs\n'}
[0.352967] (ds4_driver_msgs) StdoutLine: {'line': b'-- Up-to-date: /home/robot_ws/install/ds4_driver_msgs/include/ds4_driver_msgs/ds4_driver_msgs/msg\n'}
[0.353028] (ds4_driver_msgs) StdoutLine: {'line': b'-- Up-to-date: /home/robot_ws/install/ds4_driver_msgs/include/ds4_driver_msgs/ds4_driver_msgs/msg/detail\n'}
[0.353090] (ds4_driver_msgs) StdoutLine: {'line': b'-- Up-to-date: /home/robot_ws/install/ds4_driver_msgs/include/ds4_driver_msgs/ds4_driver_msgs/msg/detail/trackpad__rosidl_typesupport_introspection_c.h\n'}
[0.353152] (ds4_driver_msgs) StdoutLine: {'line': b'-- Up-to-date: /home/robot_ws/install/ds4_driver_msgs/include/ds4_driver_msgs/ds4_driver_msgs/msg/detail/report__rosidl_typesupport_introspection_c.h\n'}
[0.353213] (ds4_driver_msgs) StdoutLine: {'line': b'-- Up-to-date: /home/robot_ws/install/ds4_driver_msgs/include/ds4_driver_msgs/ds4_driver_msgs/msg/detail/report__type_support.c\n'}
[0.353282] (ds4_driver_msgs) StdoutLine: {'line': b'-- Up-to-date: /home/robot_ws/install/ds4_driver_msgs/include/ds4_driver_msgs/ds4_driver_msgs/msg/detail/status__rosidl_typesupport_introspection_c.h\n'}
[0.353345] (ds4_driver_msgs) StdoutLine: {'line': b'-- Up-to-date: /home/robot_ws/install/ds4_driver_msgs/include/ds4_driver_msgs/ds4_driver_msgs/msg/detail/trackpad__type_support.c\n'}
[0.353407] (ds4_driver_msgs) StdoutLine: {'line': b'-- Up-to-date: /home/robot_ws/install/ds4_driver_msgs/include/ds4_driver_msgs/ds4_driver_msgs/msg/detail/feedback__rosidl_typesupport_introspection_c.h\n'}
[0.353480] (ds4_driver_msgs) StdoutLine: {'line': b'-- Up-to-date: /home/robot_ws/install/ds4_driver_msgs/include/ds4_driver_msgs/ds4_driver_msgs/msg/detail/status__type_support.c\n'}
[0.353546] (ds4_driver_msgs) StdoutLine: {'line': b'-- Up-to-date: /home/robot_ws/install/ds4_driver_msgs/include/ds4_driver_msgs/ds4_driver_msgs/msg/detail/feedback__type_support.c\n'}
[0.353608] (ds4_driver_msgs) StdoutLine: {'line': b'-- Up-to-date: /home/robot_ws/install/ds4_driver_msgs/include/ds4_driver_msgs/ds4_driver_msgs/msg/rosidl_typesupport_introspection_c__visibility_control.h\n'}
[0.353675] (ds4_driver_msgs) StdoutLine: {'line': b'-- Up-to-date: /home/robot_ws/install/ds4_driver_msgs/lib/libds4_driver_msgs__rosidl_typesupport_introspection_c.so\n'}
[0.353738] (ds4_driver_msgs) StdoutLine: {'line': b'-- Up-to-date: /home/robot_ws/install/ds4_driver_msgs/lib/libds4_driver_msgs__rosidl_typesupport_c.so\n'}
[0.353800] (ds4_driver_msgs) StdoutLine: {'line': b'-- Up-to-date: /home/robot_ws/install/ds4_driver_msgs/include/ds4_driver_msgs/ds4_driver_msgs\n'}
[0.353863] (ds4_driver_msgs) StdoutLine: {'line': b'-- Up-to-date: /home/robot_ws/install/ds4_driver_msgs/include/ds4_driver_msgs/ds4_driver_msgs/msg\n'}
[0.353925] (ds4_driver_msgs) StdoutLine: {'line': b'-- Up-to-date: /home/robot_ws/install/ds4_driver_msgs/include/ds4_driver_msgs/ds4_driver_msgs/msg/detail\n'}
[0.353987] (ds4_driver_msgs) StdoutLine: {'line': b'-- Up-to-date: /home/robot_ws/install/ds4_driver_msgs/include/ds4_driver_msgs/ds4_driver_msgs/msg/detail/status__type_support.cpp\n'}
[0.354049] (ds4_driver_msgs) StdoutLine: {'line': b'-- Up-to-date: /home/robot_ws/install/ds4_driver_msgs/include/ds4_driver_msgs/ds4_driver_msgs/msg/detail/report__type_support.cpp\n'}
[0.354110] (ds4_driver_msgs) StdoutLine: {'line': b'-- Up-to-date: /home/robot_ws/install/ds4_driver_msgs/include/ds4_driver_msgs/ds4_driver_msgs/msg/detail/trackpad__rosidl_typesupport_introspection_cpp.hpp\n'}
[0.354172] (ds4_driver_msgs) StdoutLine: {'line': b'-- Up-to-date: /home/robot_ws/install/ds4_driver_msgs/include/ds4_driver_msgs/ds4_driver_msgs/msg/detail/trackpad__type_support.cpp\n'}
[0.354234] (ds4_driver_msgs) StdoutLine: {'line': b'-- Up-to-date: /home/robot_ws/install/ds4_driver_msgs/include/ds4_driver_msgs/ds4_driver_msgs/msg/detail/status__rosidl_typesupport_introspection_cpp.hpp\n'}
[0.354295] (ds4_driver_msgs) StdoutLine: {'line': b'-- Up-to-date: /home/robot_ws/install/ds4_driver_msgs/include/ds4_driver_msgs/ds4_driver_msgs/msg/detail/feedback__rosidl_typesupport_introspection_cpp.hpp\n'}
[0.354357] (ds4_driver_msgs) StdoutLine: {'line': b'-- Up-to-date: /home/robot_ws/install/ds4_driver_msgs/include/ds4_driver_msgs/ds4_driver_msgs/msg/detail/report__rosidl_typesupport_introspection_cpp.hpp\n'}
[0.354427] (ds4_driver_msgs) StdoutLine: {'line': b'-- Up-to-date: /home/robot_ws/install/ds4_driver_msgs/include/ds4_driver_msgs/ds4_driver_msgs/msg/detail/feedback__type_support.cpp\n'}
[0.354501] (ds4_driver_msgs) StdoutLine: {'line': b'-- Up-to-date: /home/robot_ws/install/ds4_driver_msgs/lib/libds4_driver_msgs__rosidl_typesupport_introspection_cpp.so\n'}
[0.354565] (ds4_driver_msgs) StdoutLine: {'line': b'-- Up-to-date: /home/robot_ws/install/ds4_driver_msgs/lib/libds4_driver_msgs__rosidl_typesupport_cpp.so\n'}
[0.354626] (ds4_driver_msgs) StdoutLine: {'line': b'-- Up-to-date: /home/robot_ws/install/ds4_driver_msgs/share/ds4_driver_msgs/environment/pythonpath.sh\n'}
[0.354692] (ds4_driver_msgs) StdoutLine: {'line': b'-- Up-to-date: /home/robot_ws/install/ds4_driver_msgs/share/ds4_driver_msgs/environment/pythonpath.dsv\n'}
[0.354754] (ds4_driver_msgs) StdoutLine: {'line': b'-- Up-to-date: /home/robot_ws/install/ds4_driver_msgs/local/lib/python3.10/dist-packages/ds4_driver_msgs-0.0.0-py3.10.egg-info\n'}
[0.354815] (ds4_driver_msgs) StdoutLine: {'line': b'-- Installing: /home/robot_ws/install/ds4_driver_msgs/local/lib/python3.10/dist-packages/ds4_driver_msgs-0.0.0-py3.10.egg-info/top_level.txt\n'}
[0.354879] (ds4_driver_msgs) StdoutLine: {'line': b'-- Installing: /home/robot_ws/install/ds4_driver_msgs/local/lib/python3.10/dist-packages/ds4_driver_msgs-0.0.0-py3.10.egg-info/SOURCES.txt\n'}
[0.354940] (ds4_driver_msgs) StdoutLine: {'line': b'-- Installing: /home/robot_ws/install/ds4_driver_msgs/local/lib/python3.10/dist-packages/ds4_driver_msgs-0.0.0-py3.10.egg-info/PKG-INFO\n'}
[0.355002] (ds4_driver_msgs) StdoutLine: {'line': b'-- Installing: /home/robot_ws/install/ds4_driver_msgs/local/lib/python3.10/dist-packages/ds4_driver_msgs-0.0.0-py3.10.egg-info/dependency_links.txt\n'}
[0.355063] (ds4_driver_msgs) StdoutLine: {'line': b'-- Up-to-date: /home/robot_ws/install/ds4_driver_msgs/local/lib/python3.10/dist-packages/ds4_driver_msgs\n'}
[0.355125] (ds4_driver_msgs) StdoutLine: {'line': b'-- Up-to-date: /home/robot_ws/install/ds4_driver_msgs/local/lib/python3.10/dist-packages/ds4_driver_msgs/ds4_driver_msgs_s__rosidl_typesupport_introspection_c.cpython-310-x86_64-linux-gnu.so\n'}
[0.355188] (ds4_driver_msgs) StdoutLine: {'line': b'-- Up-to-date: /home/robot_ws/install/ds4_driver_msgs/local/lib/python3.10/dist-packages/ds4_driver_msgs/__init__.py\n'}
[0.355249] (ds4_driver_msgs) StdoutLine: {'line': b'-- Up-to-date: /home/robot_ws/install/ds4_driver_msgs/local/lib/python3.10/dist-packages/ds4_driver_msgs/_ds4_driver_msgs_s.ep.rosidl_typesupport_fastrtps_c.c\n'}
[0.355311] (ds4_driver_msgs) StdoutLine: {'line': b'-- Up-to-date: /home/robot_ws/install/ds4_driver_msgs/local/lib/python3.10/dist-packages/ds4_driver_msgs/ds4_driver_msgs_s__rosidl_typesupport_fastrtps_c.cpython-310-x86_64-linux-gnu.so\n'}
[0.355373] (ds4_driver_msgs) StdoutLine: {'line': b'-- Up-to-date: /home/robot_ws/install/ds4_driver_msgs/local/lib/python3.10/dist-packages/ds4_driver_msgs/_ds4_driver_msgs_s.ep.rosidl_typesupport_c.c\n'}
[0.355435] (ds4_driver_msgs) StdoutLine: {'line': b'-- Up-to-date: /home/robot_ws/install/ds4_driver_msgs/local/lib/python3.10/dist-packages/ds4_driver_msgs/_ds4_driver_msgs_s.ep.rosidl_typesupport_introspection_c.c\n'}
[0.355512] (ds4_driver_msgs) StdoutLine: {'line': b'-- Up-to-date: /home/robot_ws/install/ds4_driver_msgs/local/lib/python3.10/dist-packages/ds4_driver_msgs/ds4_driver_msgs_s__rosidl_typesupport_c.cpython-310-x86_64-linux-gnu.so\n'}
[0.355576] (ds4_driver_msgs) StdoutLine: {'line': b'-- Up-to-date: /home/robot_ws/install/ds4_driver_msgs/local/lib/python3.10/dist-packages/ds4_driver_msgs/msg\n'}
[0.355638] (ds4_driver_msgs) StdoutLine: {'line': b'-- Up-to-date: /home/robot_ws/install/ds4_driver_msgs/local/lib/python3.10/dist-packages/ds4_driver_msgs/msg/_feedback_s.c\n'}
[0.355700] (ds4_driver_msgs) StdoutLine: {'line': b'-- Up-to-date: /home/robot_ws/install/ds4_driver_msgs/local/lib/python3.10/dist-packages/ds4_driver_msgs/msg/__init__.py\n'}
[0.355761] (ds4_driver_msgs) StdoutLine: {'line': b'-- Up-to-date: /home/robot_ws/install/ds4_driver_msgs/local/lib/python3.10/dist-packages/ds4_driver_msgs/msg/_trackpad.py\n'}
[0.355822] (ds4_driver_msgs) StdoutLine: {'line': b'-- Up-to-date: /home/robot_ws/install/ds4_driver_msgs/local/lib/python3.10/dist-packages/ds4_driver_msgs/msg/_feedback.py\n'}
[0.355885] (ds4_driver_msgs) StdoutLine: {'line': b'-- Up-to-date: /home/robot_ws/install/ds4_driver_msgs/local/lib/python3.10/dist-packages/ds4_driver_msgs/msg/_trackpad_s.c\n'}
[0.355946] (ds4_driver_msgs) StdoutLine: {'line': b'-- Up-to-date: /home/robot_ws/install/ds4_driver_msgs/local/lib/python3.10/dist-packages/ds4_driver_msgs/msg/_status.py\n'}
[0.356013] (ds4_driver_msgs) StdoutLine: {'line': b'-- Up-to-date: /home/robot_ws/install/ds4_driver_msgs/local/lib/python3.10/dist-packages/ds4_driver_msgs/msg/_report.py\n'}
[0.356074] (ds4_driver_msgs) StdoutLine: {'line': b'-- Up-to-date: /home/robot_ws/install/ds4_driver_msgs/local/lib/python3.10/dist-packages/ds4_driver_msgs/msg/_report_s.c\n'}
[0.356136] (ds4_driver_msgs) StdoutLine: {'line': b'-- Up-to-date: /home/robot_ws/install/ds4_driver_msgs/local/lib/python3.10/dist-packages/ds4_driver_msgs/msg/_status_s.c\n'}
[0.356198] (ds4_driver_msgs) StdoutLine: {'line': b'-- Up-to-date: /home/robot_ws/install/ds4_driver_msgs/local/lib/python3.10/dist-packages/ds4_driver_msgs/libds4_driver_msgs__rosidl_generator_py.so\n'}
[0.371414] (ds4_driver_msgs) StdoutLine: {'line': b"Listing '/home/robot_ws/install/ds4_driver_msgs/local/lib/python3.10/dist-packages/ds4_driver_msgs'...\n"}
[0.371550] (ds4_driver_msgs) StdoutLine: {'line': b"Listing '/home/robot_ws/install/ds4_driver_msgs/local/lib/python3.10/dist-packages/ds4_driver_msgs/msg'...\n"}
[0.374138] (ds4_driver_msgs) StdoutLine: {'line': b'-- Up-to-date: /home/robot_ws/install/ds4_driver_msgs/local/lib/python3.10/dist-packages/ds4_driver_msgs/ds4_driver_msgs_s__rosidl_typesupport_fastrtps_c.cpython-310-x86_64-linux-gnu.so\n'}
[0.374376] (ds4_driver_msgs) StdoutLine: {'line': b'-- Up-to-date: /home/robot_ws/install/ds4_driver_msgs/local/lib/python3.10/dist-packages/ds4_driver_msgs/ds4_driver_msgs_s__rosidl_typesupport_introspection_c.cpython-310-x86_64-linux-gnu.so\n'}
[0.374693] (ds4_driver_msgs) StdoutLine: {'line': b'-- Up-to-date: /home/robot_ws/install/ds4_driver_msgs/local/lib/python3.10/dist-packages/ds4_driver_msgs/ds4_driver_msgs_s__rosidl_typesupport_c.cpython-310-x86_64-linux-gnu.so\n'}
[0.374862] (ds4_driver_msgs) StdoutLine: {'line': b'-- Up-to-date: /home/robot_ws/install/ds4_driver_msgs/lib/libds4_driver_msgs__rosidl_generator_py.so\n'}
[0.375024] (ds4_driver_msgs) StdoutLine: {'line': b'-- Up-to-date: /home/robot_ws/install/ds4_driver_msgs/share/ds4_driver_msgs/msg/Feedback.idl\n'}
[0.375075] (ds4_driver_msgs) StdoutLine: {'line': b'-- Up-to-date: /home/robot_ws/install/ds4_driver_msgs/share/ds4_driver_msgs/msg/Status.idl\n'}
[0.375105] (ds4_driver_msgs) StdoutLine: {'line': b'-- Up-to-date: /home/robot_ws/install/ds4_driver_msgs/share/ds4_driver_msgs/msg/Report.idl\n'}
[0.375133] (ds4_driver_msgs) StdoutLine: {'line': b'-- Up-to-date: /home/robot_ws/install/ds4_driver_msgs/share/ds4_driver_msgs/msg/Trackpad.idl\n'}
[0.375161] (ds4_driver_msgs) StdoutLine: {'line': b'-- Up-to-date: /home/robot_ws/install/ds4_driver_msgs/share/ds4_driver_msgs/msg/Feedback.msg\n'}
[0.375188] (ds4_driver_msgs) StdoutLine: {'line': b'-- Up-to-date: /home/robot_ws/install/ds4_driver_msgs/share/ds4_driver_msgs/msg/Status.msg\n'}
[0.375306] (ds4_driver_msgs) StdoutLine: {'line': b'-- Up-to-date: /home/robot_ws/install/ds4_driver_msgs/share/ds4_driver_msgs/msg/Report.msg\n'}
[0.375407] (ds4_driver_msgs) StdoutLine: {'line': b'-- Up-to-date: /home/robot_ws/install/ds4_driver_msgs/share/ds4_driver_msgs/msg/Trackpad.msg\n'}
[0.375451] (ds4_driver_msgs) StdoutLine: {'line': b'-- Up-to-date: /home/robot_ws/install/ds4_driver_msgs/share/ament_index/resource_index/package_run_dependencies/ds4_driver_msgs\n'}
[0.375485] (ds4_driver_msgs) StdoutLine: {'line': b'-- Up-to-date: /home/robot_ws/install/ds4_driver_msgs/share/ament_index/resource_index/parent_prefix_path/ds4_driver_msgs\n'}
[0.375516] (ds4_driver_msgs) StdoutLine: {'line': b'-- Up-to-date: /home/robot_ws/install/ds4_driver_msgs/share/ds4_driver_msgs/environment/ament_prefix_path.sh\n'}
[0.375545] (ds4_driver_msgs) StdoutLine: {'line': b'-- Up-to-date: /home/robot_ws/install/ds4_driver_msgs/share/ds4_driver_msgs/environment/ament_prefix_path.dsv\n'}
[0.375573] (ds4_driver_msgs) StdoutLine: {'line': b'-- Up-to-date: /home/robot_ws/install/ds4_driver_msgs/share/ds4_driver_msgs/environment/path.sh\n'}
[0.375601] (ds4_driver_msgs) StdoutLine: {'line': b'-- Up-to-date: /home/robot_ws/install/ds4_driver_msgs/share/ds4_driver_msgs/environment/path.dsv\n'}
[0.375666] (ds4_driver_msgs) StdoutLine: {'line': b'-- Up-to-date: /home/robot_ws/install/ds4_driver_msgs/share/ds4_driver_msgs/local_setup.bash\n'}
[0.375696] (ds4_driver_msgs) StdoutLine: {'line': b'-- Up-to-date: /home/robot_ws/install/ds4_driver_msgs/share/ds4_driver_msgs/local_setup.sh\n'}
[0.375722] (ds4_driver_msgs) StdoutLine: {'line': b'-- Up-to-date: /home/robot_ws/install/ds4_driver_msgs/share/ds4_driver_msgs/local_setup.zsh\n'}
[0.375748] (ds4_driver_msgs) StdoutLine: {'line': b'-- Up-to-date: /home/robot_ws/install/ds4_driver_msgs/share/ds4_driver_msgs/local_setup.dsv\n'}
[0.375775] (ds4_driver_msgs) StdoutLine: {'line': b'-- Installing: /home/robot_ws/install/ds4_driver_msgs/share/ds4_driver_msgs/package.dsv\n'}
[0.375801] (ds4_driver_msgs) StdoutLine: {'line': b'-- Up-to-date: /home/robot_ws/install/ds4_driver_msgs/share/ament_index/resource_index/packages/ds4_driver_msgs\n'}
[0.375828] (ds4_driver_msgs) StdoutLine: {'line': b'-- Up-to-date: /home/robot_ws/install/ds4_driver_msgs/share/ds4_driver_msgs/cmake/export_ds4_driver_msgs__rosidl_generator_cExport.cmake\n'}
[0.375854] (ds4_driver_msgs) StdoutLine: {'line': b'-- Up-to-date: /home/robot_ws/install/ds4_driver_msgs/share/ds4_driver_msgs/cmake/export_ds4_driver_msgs__rosidl_generator_cExport-noconfig.cmake\n'}
[0.375881] (ds4_driver_msgs) StdoutLine: {'line': b'-- Up-to-date: /home/robot_ws/install/ds4_driver_msgs/share/ds4_driver_msgs/cmake/export_ds4_driver_msgs__rosidl_typesupport_fastrtps_cExport.cmake\n'}
[0.375907] (ds4_driver_msgs) StdoutLine: {'line': b'-- Up-to-date: /home/robot_ws/install/ds4_driver_msgs/share/ds4_driver_msgs/cmake/export_ds4_driver_msgs__rosidl_typesupport_fastrtps_cExport-noconfig.cmake\n'}
[0.375934] (ds4_driver_msgs) StdoutLine: {'line': b'-- Up-to-date: /home/robot_ws/install/ds4_driver_msgs/share/ds4_driver_msgs/cmake/export_ds4_driver_msgs__rosidl_generator_cppExport.cmake\n'}
[0.375962] (ds4_driver_msgs) StdoutLine: {'line': b'-- Up-to-date: /home/robot_ws/install/ds4_driver_msgs/share/ds4_driver_msgs/cmake/export_ds4_driver_msgs__rosidl_typesupport_fastrtps_cppExport.cmake\n'}
[0.375989] (ds4_driver_msgs) StdoutLine: {'line': b'-- Up-to-date: /home/robot_ws/install/ds4_driver_msgs/share/ds4_driver_msgs/cmake/export_ds4_driver_msgs__rosidl_typesupport_fastrtps_cppExport-noconfig.cmake\n'}
[0.376014] (ds4_driver_msgs) StdoutLine: {'line': b'-- Up-to-date: /home/robot_ws/install/ds4_driver_msgs/share/ds4_driver_msgs/cmake/ds4_driver_msgs__rosidl_typesupport_introspection_cExport.cmake\n'}
[0.376041] (ds4_driver_msgs) StdoutLine: {'line': b'-- Up-to-date: /home/robot_ws/install/ds4_driver_msgs/share/ds4_driver_msgs/cmake/ds4_driver_msgs__rosidl_typesupport_introspection_cExport-noconfig.cmake\n'}
[0.376068] (ds4_driver_msgs) StdoutLine: {'line': b'-- Up-to-date: /home/robot_ws/install/ds4_driver_msgs/share/ds4_driver_msgs/cmake/ds4_driver_msgs__rosidl_typesupport_cExport.cmake\n'}
[0.376144] (ds4_driver_msgs) StdoutLine: {'line': b'-- Up-to-date: /home/robot_ws/install/ds4_driver_msgs/share/ds4_driver_msgs/cmake/ds4_driver_msgs__rosidl_typesupport_cExport-noconfig.cmake\n'}
[0.376207] (ds4_driver_msgs) StdoutLine: {'line': b'-- Up-to-date: /home/robot_ws/install/ds4_driver_msgs/share/ds4_driver_msgs/cmake/ds4_driver_msgs__rosidl_typesupport_introspection_cppExport.cmake\n'}
[0.376232] (ds4_driver_msgs) StdoutLine: {'line': b'-- Up-to-date: /home/robot_ws/install/ds4_driver_msgs/share/ds4_driver_msgs/cmake/ds4_driver_msgs__rosidl_typesupport_introspection_cppExport-noconfig.cmake\n'}
[0.376256] (ds4_driver_msgs) StdoutLine: {'line': b'-- Up-to-date: /home/robot_ws/install/ds4_driver_msgs/share/ds4_driver_msgs/cmake/ds4_driver_msgs__rosidl_typesupport_cppExport.cmake\n'}
[0.376280] (ds4_driver_msgs) StdoutLine: {'line': b'-- Up-to-date: /home/robot_ws/install/ds4_driver_msgs/share/ds4_driver_msgs/cmake/ds4_driver_msgs__rosidl_typesupport_cppExport-noconfig.cmake\n'}
[0.376304] (ds4_driver_msgs) StdoutLine: {'line': b'-- Up-to-date: /home/robot_ws/install/ds4_driver_msgs/share/ds4_driver_msgs/cmake/export_ds4_driver_msgs__rosidl_generator_pyExport.cmake\n'}
[0.376329] (ds4_driver_msgs) StdoutLine: {'line': b'-- Up-to-date: /home/robot_ws/install/ds4_driver_msgs/share/ds4_driver_msgs/cmake/export_ds4_driver_msgs__rosidl_generator_pyExport-noconfig.cmake\n'}
[0.376353] (ds4_driver_msgs) StdoutLine: {'line': b'-- Up-to-date: /home/robot_ws/install/ds4_driver_msgs/share/ds4_driver_msgs/cmake/rosidl_cmake-extras.cmake\n'}
[0.376377] (ds4_driver_msgs) StdoutLine: {'line': b'-- Up-to-date: /home/robot_ws/install/ds4_driver_msgs/share/ds4_driver_msgs/cmake/ament_cmake_export_dependencies-extras.cmake\n'}
[0.376401] (ds4_driver_msgs) StdoutLine: {'line': b'-- Up-to-date: /home/robot_ws/install/ds4_driver_msgs/share/ds4_driver_msgs/cmake/ament_cmake_export_include_directories-extras.cmake\n'}
[0.376424] (ds4_driver_msgs) StdoutLine: {'line': b'-- Up-to-date: /home/robot_ws/install/ds4_driver_msgs/share/ds4_driver_msgs/cmake/ament_cmake_export_libraries-extras.cmake\n'}
[0.376449] (ds4_driver_msgs) StdoutLine: {'line': b'-- Up-to-date: /home/robot_ws/install/ds4_driver_msgs/share/ds4_driver_msgs/cmake/ament_cmake_export_targets-extras.cmake\n'}
[0.376473] (ds4_driver_msgs) StdoutLine: {'line': b'-- Up-to-date: /home/robot_ws/install/ds4_driver_msgs/share/ds4_driver_msgs/cmake/rosidl_cmake_export_typesupport_targets-extras.cmake\n'}
[0.376499] (ds4_driver_msgs) StdoutLine: {'line': b'-- Up-to-date: /home/robot_ws/install/ds4_driver_msgs/share/ds4_driver_msgs/cmake/rosidl_cmake_export_typesupport_libraries-extras.cmake\n'}
[0.376524] (ds4_driver_msgs) StdoutLine: {'line': b'-- Up-to-date: /home/robot_ws/install/ds4_driver_msgs/share/ds4_driver_msgs/cmake/ds4_driver_msgsConfig.cmake\n'}
[0.376546] (ds4_driver_msgs) StdoutLine: {'line': b'-- Up-to-date: /home/robot_ws/install/ds4_driver_msgs/share/ds4_driver_msgs/cmake/ds4_driver_msgsConfig-version.cmake\n'}
[0.376569] (ds4_driver_msgs) StdoutLine: {'line': b'-- Up-to-date: /home/robot_ws/install/ds4_driver_msgs/share/ds4_driver_msgs/package.xml\n'}
[0.377571] (ds4_driver_msgs) CommandEnded: {'returncode': 0}
[0.400274] (-) TimerEvent: {}
[0.486182] (ds4_driver_msgs) JobEnded: {'identifier': 'ds4_driver_msgs', 'rc': 0}
[0.486883] (ds4_driver) JobStarted: {'identifier': 'ds4_driver'}
[0.492664] (ds4_driver) JobProgress: {'identifier': 'ds4_driver', 'progress': 'cmake'}
[0.492989] (ds4_driver) JobProgress: {'identifier': 'ds4_driver', 'progress': 'build'}
[0.493142] (ds4_driver) Command: {'cmd': ['/usr/bin/cmake', '--build', '/home/robot_ws/build/ds4_driver', '--', '-j16', '-l16'], 'cwd': '/home/robot_ws/build/ds4_driver', 'env': OrderedDict([('HOSTNAME', 'entity014'), ('SHLVL', '1'), ('LD_LIBRARY_PATH', '/home/robot_ws/install/ds4_driver_msgs/lib:/usr/lib/x86_64-linux-gnu/gazebo-11/plugins:/opt/ros/humble/opt/rviz_ogre_vendor/lib:/opt/ros/humble/lib/x86_64-linux-gnu:/opt/ros/humble/lib'), ('HOME', '/home'), ('ROS_PYTHON_VERSION', '3'), ('COLCON_PREFIX_PATH', '/home/robot_ws/install'), ('ROS_DISTRO', 'humble'), ('_', '/usr/bin/colcon'), ('ROS_VERSION', '2'), ('NVIDIA_DRIVER_CAPABILITIES', 'all'), ('TERM', 'xterm'), ('ROS_LOCALHOST_ONLY', '0'), ('QT_X11_NO_MITSHM', '1'), ('PATH', '/opt/ros/humble/bin:/usr/local/sbin:/usr/local/bin:/usr/sbin:/usr/bin:/sbin:/bin'), ('XDG_RUNTIME_DIR', '/tmp/runtime-root'), ('DISPLAY', ':0'), ('LANG', 'C.UTF-8'), ('RMW_IMPLEMENTATION', 'rmw_cyclonedds_cpp'), ('ROS_DOMAIN_ID', '10'), ('AMENT_PREFIX_PATH', '/home/robot_ws/install/robot_description:/home/robot_ws/install/robot_core:/home/robot_ws/install/ds4_driver:/home/robot_ws/install/ds4_driver_msgs:/opt/ros/humble'), ('NO_AT_BRIDGE', '1'), ('PWD', '/home/robot_ws/build/ds4_driver'), ('LC_ALL', 'C.UTF-8'), ('PYTHONPATH', '/home/robot_ws/install/robot_description/local/lib/python3.10/dist-packages:/home/robot_ws/install/robot_core/local/lib/python3.10/dist-packages:/home/robot_ws/install/ds4_driver/local/lib/python3.10/dist-packages:/home/robot_ws/install/ds4_driver_msgs/local/lib/python3.10/dist-packages:/opt/ros/humble/lib/python3.10/site-packages:/opt/ros/humble/local/lib/python3.10/dist-packages'), ('COLCON', '1'), ('CMAKE_PREFIX_PATH', '/home/robot_ws/install/ds4_driver_msgs:/home/robot_ws/install/robot_description:/home/robot_ws/install/robot_core:/home/robot_ws/install/ds4_driver:/opt/ros/humble')]), 'shell': False}
[0.500398] (-) TimerEvent: {}
[0.562524] (ds4_driver) StdoutLine: {'line': b'Built target ament_cmake_python_copy_ds4_driver\n'}
[0.600635] (-) TimerEvent: {}
[0.701023] (-) TimerEvent: {}
[0.718394] (ds4_driver) StdoutLine: {'line': b'running egg_info\n'}
[0.718805] (ds4_driver) StdoutLine: {'line': b'writing ds4_driver.egg-info/PKG-INFO\n'}
[0.718982] (ds4_driver) StdoutLine: {'line': b'writing dependency_links to ds4_driver.egg-info/dependency_links.txt\n'}
[0.719104] (ds4_driver) StdoutLine: {'line': b'writing top-level names to ds4_driver.egg-info/top_level.txt\n'}
[0.720131] (ds4_driver) StdoutLine: {'line': b"reading manifest file 'ds4_driver.egg-info/SOURCES.txt'\n"}
[0.720354] (ds4_driver) StdoutLine: {'line': b"writing manifest file 'ds4_driver.egg-info/SOURCES.txt'\n"}
[0.741952] (ds4_driver) StdoutLine: {'line': b'Built target ament_cmake_python_build_ds4_driver_egg\n'}
[0.750625] (ds4_driver) CommandEnded: {'returncode': 0}
[0.771373] (ds4_driver) JobProgress: {'identifier': 'ds4_driver', 'progress': 'install'}
[0.771623] (ds4_driver) Command: {'cmd': ['/usr/bin/cmake', '--install', '/home/robot_ws/build/ds4_driver'], 'cwd': '/home/robot_ws/build/ds4_driver', 'env': OrderedDict([('HOSTNAME', 'entity014'), ('SHLVL', '1'), ('LD_LIBRARY_PATH', '/home/robot_ws/install/ds4_driver_msgs/lib:/usr/lib/x86_64-linux-gnu/gazebo-11/plugins:/opt/ros/humble/opt/rviz_ogre_vendor/lib:/opt/ros/humble/lib/x86_64-linux-gnu:/opt/ros/humble/lib'), ('HOME', '/home'), ('ROS_PYTHON_VERSION', '3'), ('COLCON_PREFIX_PATH', '/home/robot_ws/install'), ('ROS_DISTRO', 'humble'), ('_', '/usr/bin/colcon'), ('ROS_VERSION', '2'), ('NVIDIA_DRIVER_CAPABILITIES', 'all'), ('TERM', 'xterm'), ('ROS_LOCALHOST_ONLY', '0'), ('QT_X11_NO_MITSHM', '1'), ('PATH', '/opt/ros/humble/bin:/usr/local/sbin:/usr/local/bin:/usr/sbin:/usr/bin:/sbin:/bin'), ('XDG_RUNTIME_DIR', '/tmp/runtime-root'), ('DISPLAY', ':0'), ('LANG', 'C.UTF-8'), ('RMW_IMPLEMENTATION', 'rmw_cyclonedds_cpp'), ('ROS_DOMAIN_ID', '10'), ('AMENT_PREFIX_PATH', '/home/robot_ws/install/robot_description:/home/robot_ws/install/robot_core:/home/robot_ws/install/ds4_driver:/home/robot_ws/install/ds4_driver_msgs:/opt/ros/humble'), ('NO_AT_BRIDGE', '1'), ('PWD', '/home/robot_ws/build/ds4_driver'), ('LC_ALL', 'C.UTF-8'), ('PYTHONPATH', '/home/robot_ws/install/robot_description/local/lib/python3.10/dist-packages:/home/robot_ws/install/robot_core/local/lib/python3.10/dist-packages:/home/robot_ws/install/ds4_driver/local/lib/python3.10/dist-packages:/home/robot_ws/install/ds4_driver_msgs/local/lib/python3.10/dist-packages:/opt/ros/humble/lib/python3.10/site-packages:/opt/ros/humble/local/lib/python3.10/dist-packages'), ('COLCON', '1'), ('CMAKE_PREFIX_PATH', '/home/robot_ws/install/ds4_driver_msgs:/home/robot_ws/install/robot_description:/home/robot_ws/install/robot_core:/home/robot_ws/install/ds4_driver:/opt/ros/humble')]), 'shell': False}
[0.779075] (ds4_driver) StdoutLine: {'line': b'-- Install configuration: ""\n'}
[0.779251] (ds4_driver) StdoutLine: {'line': b'-- Up-to-date: /home/robot_ws/install/ds4_driver/share/ds4_driver/environment/pythonpath.sh\n'}
[0.779332] (ds4_driver) StdoutLine: {'line': b'-- Up-to-date: /home/robot_ws/install/ds4_driver/share/ds4_driver/environment/pythonpath.dsv\n'}
[0.779404] (ds4_driver) StdoutLine: {'line': b'-- Up-to-date: /home/robot_ws/install/ds4_driver/local/lib/python3.10/dist-packages/ds4_driver-0.2.1-py3.10.egg-info\n'}
[0.779512] (ds4_driver) StdoutLine: {'line': b'-- Installing: /home/robot_ws/install/ds4_driver/local/lib/python3.10/dist-packages/ds4_driver-0.2.1-py3.10.egg-info/top_level.txt\n'}
[0.779595] (ds4_driver) StdoutLine: {'line': b'-- Installing: /home/robot_ws/install/ds4_driver/local/lib/python3.10/dist-packages/ds4_driver-0.2.1-py3.10.egg-info/SOURCES.txt\n'}
[0.779661] (ds4_driver) StdoutLine: {'line': b'-- Installing: /home/robot_ws/install/ds4_driver/local/lib/python3.10/dist-packages/ds4_driver-0.2.1-py3.10.egg-info/PKG-INFO\n'}
[0.779738] (ds4_driver) StdoutLine: {'line': b'-- Installing: /home/robot_ws/install/ds4_driver/local/lib/python3.10/dist-packages/ds4_driver-0.2.1-py3.10.egg-info/dependency_links.txt\n'}
[0.779852] (ds4_driver) StdoutLine: {'line': b'-- Up-to-date: /home/robot_ws/install/ds4_driver/local/lib/python3.10/dist-packages/ds4_driver\n'}
[0.779921] (ds4_driver) StdoutLine: {'line': b'-- Up-to-date: /home/robot_ws/install/ds4_driver/local/lib/python3.10/dist-packages/ds4_driver/__init__.py\n'}
[0.779985] (ds4_driver) StdoutLine: {'line': b'-- Up-to-date: /home/robot_ws/install/ds4_driver/local/lib/python3.10/dist-packages/ds4_driver/controller_ros.py\n'}
[0.780048] (ds4_driver) StdoutLine: {'line': b'-- Up-to-date: /home/robot_ws/install/ds4_driver/local/lib/python3.10/dist-packages/ds4_driver/logger.py\n'}
[0.780110] (ds4_driver) StdoutLine: {'line': b'-- Up-to-date: /home/robot_ws/install/ds4_driver/local/lib/python3.10/dist-packages/ds4_driver/controller.py\n'}
[0.799195] (ds4_driver) StdoutLine: {'line': b"Listing '/home/robot_ws/install/ds4_driver/local/lib/python3.10/dist-packages/ds4_driver'...\n"}
[0.801141] (-) TimerEvent: {}
[0.801715] (ds4_driver) StdoutLine: {'line': b'-- Up-to-date: /home/robot_ws/install/ds4_driver/share/ds4_driver//config\n'}
[0.802061] (ds4_driver) StdoutLine: {'line': b'-- Up-to-date: /home/robot_ws/install/ds4_driver/share/ds4_driver//config/twist_6dof.yaml\n'}
[0.802246] (ds4_driver) StdoutLine: {'line': b'-- Up-to-date: /home/robot_ws/install/ds4_driver/share/ds4_driver//config/params.yaml\n'}
[0.802316] (ds4_driver) StdoutLine: {'line': b'-- Up-to-date: /home/robot_ws/install/ds4_driver/share/ds4_driver//config/twist_2dof.yaml\n'}
[0.802383] (ds4_driver) StdoutLine: {'line': b'-- Up-to-date: /home/robot_ws/install/ds4_driver/share/ds4_driver//launch\n'}
[0.802457] (ds4_driver) StdoutLine: {'line': b'-- Up-to-date: /home/robot_ws/install/ds4_driver/share/ds4_driver//launch/ds4_driver.launch.xml\n'}
[0.802530] (ds4_driver) StdoutLine: {'line': b'-- Up-to-date: /home/robot_ws/install/ds4_driver/share/ds4_driver//launch/demo.launch.xml\n'}
[0.802639] (ds4_driver) StdoutLine: {'line': b'-- Up-to-date: /home/robot_ws/install/ds4_driver/share/ds4_driver//launch/ds4_twist.launch.xml\n'}
[0.802685] (ds4_driver) StdoutLine: {'line': b'-- Up-to-date: /home/robot_ws/install/ds4_driver/lib/ds4_driver/demo.py\n'}
[0.802714] (ds4_driver) StdoutLine: {'line': b'-- Up-to-date: /home/robot_ws/install/ds4_driver/lib/ds4_driver/ds4_driver_node.py\n'}
[0.802740] (ds4_driver) StdoutLine: {'line': b'-- Up-to-date: /home/robot_ws/install/ds4_driver/lib/ds4_driver/ds4_twist_node.py\n'}
[0.802767] (ds4_driver) StdoutLine: {'line': b'-- Up-to-date: /home/robot_ws/install/ds4_driver/share/ament_index/resource_index/package_run_dependencies/ds4_driver\n'}
[0.802800] (ds4_driver) StdoutLine: {'line': b'-- Up-to-date: /home/robot_ws/install/ds4_driver/share/ament_index/resource_index/parent_prefix_path/ds4_driver\n'}
[0.802825] (ds4_driver) StdoutLine: {'line': b'-- Up-to-date: /home/robot_ws/install/ds4_driver/share/ds4_driver/environment/ament_prefix_path.sh\n'}
[0.802851] (ds4_driver) StdoutLine: {'line': b'-- Up-to-date: /home/robot_ws/install/ds4_driver/share/ds4_driver/environment/ament_prefix_path.dsv\n'}
[0.802875] (ds4_driver) StdoutLine: {'line': b'-- Up-to-date: /home/robot_ws/install/ds4_driver/share/ds4_driver/environment/path.sh\n'}
[0.802899] (ds4_driver) StdoutLine: {'line': b'-- Up-to-date: /home/robot_ws/install/ds4_driver/share/ds4_driver/environment/path.dsv\n'}
[0.802922] (ds4_driver) StdoutLine: {'line': b'-- Up-to-date: /home/robot_ws/install/ds4_driver/share/ds4_driver/local_setup.bash\n'}
[0.802945] (ds4_driver) StdoutLine: {'line': b'-- Up-to-date: /home/robot_ws/install/ds4_driver/share/ds4_driver/local_setup.sh\n'}
[0.802972] (ds4_driver) StdoutLine: {'line': b'-- Up-to-date: /home/robot_ws/install/ds4_driver/share/ds4_driver/local_setup.zsh\n'}
[0.802999] (ds4_driver) StdoutLine: {'line': b'-- Up-to-date: /home/robot_ws/install/ds4_driver/share/ds4_driver/local_setup.dsv\n'}
[0.803056] (ds4_driver) StdoutLine: {'line': b'-- Installing: /home/robot_ws/install/ds4_driver/share/ds4_driver/package.dsv\n'}
[0.803208] (ds4_driver) StdoutLine: {'line': b'-- Up-to-date: /home/robot_ws/install/ds4_driver/share/ament_index/resource_index/packages/ds4_driver\n'}
[0.803644] (ds4_driver) StdoutLine: {'line': b'-- Up-to-date: /home/robot_ws/install/ds4_driver/share/ds4_driver/cmake/ds4_driverConfig.cmake\n'}
[0.803697] (ds4_driver) StdoutLine: {'line': b'-- Up-to-date: /home/robot_ws/install/ds4_driver/share/ds4_driver/cmake/ds4_driverConfig-version.cmake\n'}
[0.803892] (ds4_driver) StdoutLine: {'line': b'-- Up-to-date: /home/robot_ws/install/ds4_driver/share/ds4_driver/package.xml\n'}
[0.804517] (ds4_driver) CommandEnded: {'returncode': 0}
[0.838915] (ds4_driver) JobEnded: {'identifier': 'ds4_driver', 'rc': 0}
[0.839702] (-) EventReactorShutdown: {}
