[0.020s] Invoking command in '/home/robot_ws/build/robot_core': CMAKE_PREFIX_PATH=${CMAKE_PREFIX_PATH}:/opt/ros/humble /usr/bin/cmake --build /home/robot_ws/build/robot_core -- -j16 -l16
[0.063s] Built target ament_cmake_python_copy_src
[0.238s] running egg_info
[0.239s] writing src.egg-info/PKG-INFO
[0.239s] writing dependency_links to src.egg-info/dependency_links.txt
[0.239s] writing top-level names to src.egg-info/top_level.txt
[0.240s] reading manifest file 'src.egg-info/SOURCES.txt'
[0.240s] writing manifest file 'src.egg-info/SOURCES.txt'
[0.259s] Built target ament_cmake_python_build_src_egg
[0.269s] Invoked command in '/home/robot_ws/build/robot_core' returned '0': CMAKE_PREFIX_PATH=${CMAKE_PREFIX_PATH}:/opt/ros/humble /usr/bin/cmake --build /home/robot_ws/build/robot_core -- -j16 -l16
[0.294s] Invoking command in '/home/robot_ws/build/robot_core': CMAKE_PREFIX_PATH=${CMAKE_PREFIX_PATH}:/opt/ros/humble /usr/bin/cmake --install /home/robot_ws/build/robot_core
[0.298s] -- Install configuration: ""
[0.299s] -- Up-to-date: /home/robot_ws/install/robot_core/share/robot_core/environment/pythonpath.sh
[0.300s] -- Up-to-date: /home/robot_ws/install/robot_core/share/robot_core/environment/pythonpath.dsv
[0.301s] -- Up-to-date: /home/robot_ws/install/robot_core/local/lib/python3.10/dist-packages/src-0.0.0-py3.10.egg-info
[0.301s] -- Installing: /home/robot_ws/install/robot_core/local/lib/python3.10/dist-packages/src-0.0.0-py3.10.egg-info/top_level.txt
[0.302s] -- Installing: /home/robot_ws/install/robot_core/local/lib/python3.10/dist-packages/src-0.0.0-py3.10.egg-info/SOURCES.txt
[0.303s] -- Installing: /home/robot_ws/install/robot_core/local/lib/python3.10/dist-packages/src-0.0.0-py3.10.egg-info/PKG-INFO
[0.303s] -- Installing: /home/robot_ws/install/robot_core/local/lib/python3.10/dist-packages/src-0.0.0-py3.10.egg-info/dependency_links.txt
[0.304s] -- Up-to-date: /home/robot_ws/install/robot_core/local/lib/python3.10/dist-packages/src
[0.304s] -- Up-to-date: /home/robot_ws/install/robot_core/local/lib/python3.10/dist-packages/src/__init__.py
[0.305s] -- Up-to-date: /home/robot_ws/install/robot_core/local/lib/python3.10/dist-packages/src/joy.py
[0.333s] Listing '/home/robot_ws/install/robot_core/local/lib/python3.10/dist-packages/src'...
[0.343s] -- Up-to-date: /home/robot_ws/install/robot_core/share/robot_core/src
[0.344s] -- Up-to-date: /home/robot_ws/install/robot_core/share/robot_core/src/__init__.py
[0.346s] -- Up-to-date: /home/robot_ws/install/robot_core/share/robot_core/src/joy.py
[0.347s] -- Up-to-date: /home/robot_ws/install/robot_core/share/robot_core/launch
[0.348s] -- Up-to-date: /home/robot_ws/install/robot_core/share/robot_core/launch/joy.launch.py
[0.349s] -- Up-to-date: /home/robot_ws/install/robot_core/share/robot_core/config
[0.350s] -- Up-to-date: /home/robot_ws/install/robot_core/share/robot_core/config/joystick.yaml
[0.351s] -- Up-to-date: /home/robot_ws/install/robot_core/lib/robot_core/joy.py
[0.351s] -- Up-to-date: /home/robot_ws/install/robot_core/lib/robot_core/robot_core
[0.352s] -- Up-to-date: /home/robot_ws/install/robot_core/lib/robot_core/robot_core/ps4 copy.py
[0.352s] -- Up-to-date: /home/robot_ws/install/robot_core/lib/robot_core/robot_core/__init__.py
[0.353s] -- Installing: /home/robot_ws/install/robot_core/lib/robot_core/robot_core/ps4.py
[0.354s] -- Up-to-date: /home/robot_ws/install/robot_core/share/ament_index/resource_index/package_run_dependencies/robot_core
[0.355s] -- Up-to-date: /home/robot_ws/install/robot_core/share/ament_index/resource_index/parent_prefix_path/robot_core
[0.356s] -- Up-to-date: /home/robot_ws/install/robot_core/share/robot_core/environment/ament_prefix_path.sh
[0.356s] -- Up-to-date: /home/robot_ws/install/robot_core/share/robot_core/environment/ament_prefix_path.dsv
[0.356s] -- Up-to-date: /home/robot_ws/install/robot_core/share/robot_core/environment/path.sh
[0.356s] -- Up-to-date: /home/robot_ws/install/robot_core/share/robot_core/environment/path.dsv
[0.356s] -- Up-to-date: /home/robot_ws/install/robot_core/share/robot_core/local_setup.bash
[0.356s] -- Up-to-date: /home/robot_ws/install/robot_core/share/robot_core/local_setup.sh
[0.356s] -- Up-to-date: /home/robot_ws/install/robot_core/share/robot_core/local_setup.zsh
[0.357s] -- Up-to-date: /home/robot_ws/install/robot_core/share/robot_core/local_setup.dsv
[0.357s] -- Installing: /home/robot_ws/install/robot_core/share/robot_core/package.dsv
[0.357s] -- Up-to-date: /home/robot_ws/install/robot_core/share/ament_index/resource_index/packages/robot_core
[0.357s] -- Up-to-date: /home/robot_ws/install/robot_core/share/robot_core/cmake/robot_coreConfig.cmake
[0.357s] -- Up-to-date: /home/robot_ws/install/robot_core/share/robot_core/cmake/robot_coreConfig-version.cmake
[0.357s] -- Up-to-date: /home/robot_ws/install/robot_core/share/robot_core/package.xml
[0.357s] Invoked command in '/home/robot_ws/build/robot_core' returned '0': CMAKE_PREFIX_PATH=${CMAKE_PREFIX_PATH}:/opt/ros/humble /usr/bin/cmake --install /home/robot_ws/build/robot_core
